[INFO] [launch]: All log files can be found below /home/robot/.ros/log/2026-06-12-17-38-58-631159-robot-3354
[INFO] [launch]: Default logging verbosity is set to INFO
[INFO] [mavros_node-1]: process started with pid [3355]
[INFO] [fastlio_odometry_guard-2]: process started with pid [3357]
[INFO] [fastlio_mavros_vision_bridge-3]: process started with pid [3359]
[INFO] [static_transform_publisher-4]: process started with pid [3361]
[INFO] [static_transform_publisher-5]: process started with pid [3363]
[INFO] [static_transform_publisher-6]: process started with pid [3365]
[INFO] [static_transform_publisher-7]: process started with pid [3367]
[fastlio_odometry_guard-2] [INFO] [1781257139.066234711] [fastlio_odometry_guard]: Guarding odometry /Odometry -> /Odometry/guarded (jump=0.60m, xy=0.45m, z=0.25m, speed=3.00m/s)
[fastlio_mavros_vision_bridge-3] [INFO] [1781257139.067972387] [fastlio_mavros_vision_bridge]: Bridging /Odometry/guarded -> /mavros/vision_pose/pose_cov for MAVROS vision input
[mavros_node-1] [INFO] [1781257139.068556168] [mavros.mavros_node]: Starting mavros_node container
[mavros_node-1] [INFO] [1781257139.068673246] [mavros.mavros_node]: FCU URL: serial:///dev/ttyUSB0:921600?ids=255,190
[mavros_node-1] [INFO] [1781257139.068686849] [mavros.mavros_node]: GCS URL: 
[mavros_node-1] [INFO] [1781257139.068696074] [mavros.mavros_node]: UAS Prefix: /uas1
[mavros_node-1] [INFO] [1781257139.068704493] [mavros.mavros_node]: Starting mavros router node
[static_transform_publisher-5] [INFO] [1781257139.069706357] [base_link_to_body]: Spinning until stopped - publishing transform
[static_transform_publisher-5] translation: ('0.000000', '0.000000', '0.000000')
[static_transform_publisher-5] rotation: ('0.000000', '0.000000', '0.000000', '1.000000')
[static_transform_publisher-5] from 'base_link' to 'body'
[static_transform_publisher-7] [INFO] [1781257139.070269343] [body_to_body_frd]: Spinning until stopped - publishing transform
[static_transform_publisher-7] translation: ('0.000000', '0.000000', '0.000000')
[static_transform_publisher-7] rotation: ('1.000000', '0.000000', '0.000000', '0.000000')
[static_transform_publisher-7] from 'body' to 'body_frd'
[static_transform_publisher-4] [INFO] [1781257139.072632466] [odom_to_camera_init]: Spinning until stopped - publishing transform
[static_transform_publisher-4] translation: ('0.000000', '0.000000', '0.000000')
[static_transform_publisher-4] rotation: ('0.000000', '0.000000', '0.000000', '1.000000')
[static_transform_publisher-4] from 'odom' to 'camera_init'
[static_transform_publisher-6] [INFO] [1781257139.072889689] [camera_init_to_camera_init_ned]: Spinning until stopped - publishing transform
[static_transform_publisher-6] translation: ('0.000000', '0.000000', '0.000000')
[static_transform_publisher-6] rotation: ('1.000000', '0.000000', '0.000000', '0.000000')
[static_transform_publisher-6] from 'camera_init' to 'camera_init_ned'
[mavros_node-1] [INFO] [1781257139.077225419] [mavros.mavros_router]: Built-in SIMD instructions: SSE, SSE2
[mavros_node-1] [INFO] [1781257139.077245015] [mavros.mavros_router]: Built-in MAVLink package version: 2026.3.3
[mavros_node-1] [INFO] [1781257139.077252088] [mavros.mavros_router]: Known MAVLink dialects: common ardupilotmega ASLUAV AVSSUAS all csAirLink cubepilot development icarous loweheiser marsh matrixpilot paparazzi standard stemstudios storm32 uAvionix ualberta
[mavros_node-1] [INFO] [1781257139.077254974] [mavros.mavros_router]: MAVROS Router started
[mavros_node-1] [INFO] [1781257139.077320131] [mavros.mavros_node]: Starting mavros uas node
[mavros_node-1] [INFO] [1781257139.106922773] [mavros.mavros_router]: Requested to add endpoint: type: 0, url: serial:///dev/ttyUSB0:921600?ids=255,190
[mavros_node-1] [INFO] [1781257139.106961404] [mavros.mavros_router]: Endpoint link[1000] created
[mavros_node-1] [INFO] [1781257139.107843088] [mavros.mavros_router]: link[1000] opened successfully
[mavros_node-1] [INFO] [1781257139.107853544] [mavros.mavros_router]: Requested to add endpoint: type: 2, url: /uas1
[mavros_node-1] [INFO] [1781257139.107862353] [mavros.mavros_router]: Endpoint link[1001] created
[mavros_node-1] [INFO] [1781257139.110578993] [mavros.mavros_router]: link[1001] opened successfully
[mavros_node-1] [INFO] [1781257139.117013482] [mavros.mavros_router]: link[1000] detected remote address 0.228
[mavros_node-1] [INFO] [1781257139.117052962] [mavros.mavros]: UAS Executor started, threads: 16
[mavros_node-1] [INFO] [1781257139.117695209] [mavros.mavros_router]: link[1000] detected remote address 1.1
[mavros_node-1] [INFO] [1781257139.132406647] [mavros.mavros]: Plugin actuator_control created
[mavros_node-1] [INFO] [1781257139.132449616] [mavros.mavros]: Plugin actuator_control initialized
[mavros_node-1] [INFO] [1781257139.150743642] [mavros.mavros]: Plugin adsb created
[mavros_node-1] [INFO] [1781257139.150791739] [mavros.mavros]: Plugin adsb initialized
[mavros_node-1] [INFO] [1781257139.154368632] [mavros.mavros]: Plugin altitude created
[mavros_node-1] [INFO] [1781257139.154417286] [mavros.mavros]: Plugin altitude initialized
[mavros_node-1] [INFO] [1781257139.159049284] [mavros.mavros]: Plugin cam_imu_sync created
[mavros_node-1] [INFO] [1781257139.159108592] [mavros.mavros]: Plugin cam_imu_sync initialized
[mavros_node-1] [INFO] [1781257139.163948518] [mavros.mavros]: Plugin camera created
[mavros_node-1] [INFO] [1781257139.163996776] [mavros.mavros]: Plugin camera initialized
[mavros_node-1] [INFO] [1781257139.167994490] [mavros.mavros]: Plugin cellular_status created
[mavros_node-1] [INFO] [1781257139.168024374] [mavros.mavros]: Plugin cellular_status initialized
[mavros_node-1] [INFO] [1781257139.173908525] [mavros.mavros]: Plugin command created
[mavros_node-1] [INFO] [1781257139.173942930] [mavros.mavros]: Plugin command initialized
[mavros_node-1] [INFO] [1781257139.177327239] [mavros.mavros]: Plugin companion_process_status created
[mavros_node-1] [INFO] [1781257139.177356701] [mavros.mavros]: Plugin companion_process_status initialized
[mavros_node-1] [INFO] [1781257139.181664432] [mavros.mavros]: Plugin debug_value created
[mavros_node-1] [INFO] [1781257139.181700237] [mavros.mavros]: Plugin debug_value initialized
[mavros_node-1] [INFO] [1781257139.181705447] [mavros.mavros]: Plugin distance_sensor ignored
[mavros_node-1] [INFO] [1781257139.185966574] [mavros.mavros]: Plugin esc_status created
[mavros_node-1] [INFO] [1781257139.186001641] [mavros.mavros]: Plugin esc_status initialized
[mavros_node-1] [INFO] [1781257139.189629761] [mavros.mavros]: Plugin esc_telemetry created
[mavros_node-1] [INFO] [1781257139.189666741] [mavros.mavros]: Plugin esc_telemetry initialized
[mavros_node-1] [INFO] [1781257139.195006068] [mavros.mavros]: Plugin fake_gps created
[mavros_node-1] [INFO] [1781257139.195036259] [mavros.mavros]: Plugin fake_gps initialized
[mavros_node-1] [INFO] [1781257139.203000138] [mavros.mavros]: Plugin ftp created
[mavros_node-1] [INFO] [1781257139.203039994] [mavros.mavros]: Plugin ftp initialized
[mavros_node-1] [INFO] [1781257139.208507005] [mavros.mavros]: Plugin geofence created
[mavros_node-1] [INFO] [1781257139.208551516] [mavros.mavros]: Plugin geofence initialized
[mavros_node-1] [INFO] [1781257139.216619002] [mavros.mavros]: Plugin gimbal_control created
[mavros_node-1] [INFO] [1781257139.216660855] [mavros.mavros]: Plugin gimbal_control initialized
[mavros_node-1] [INFO] [1781257139.225389553] [mavros.mavros]: Plugin global_position created
[mavros_node-1] [INFO] [1781257139.225431402] [mavros.mavros]: Plugin global_position initialized
[mavros_node-1] [INFO] [1781257139.230267589] [mavros.mavros]: Plugin gps_input created
[mavros_node-1] [INFO] [1781257139.230303727] [mavros.mavros]: Plugin gps_input initialized
[mavros_node-1] [INFO] [1781257139.235780446] [mavros.mavros]: Plugin gps_rtk created
[mavros_node-1] [INFO] [1781257139.235822733] [mavros.mavros]: Plugin gps_rtk initialized
[mavros_node-1] [INFO] [1781257139.241437846] [mavros.mavros]: Plugin gps_status created
[mavros_node-1] [INFO] [1781257139.241479527] [mavros.mavros]: Plugin gps_status initialized
[mavros_node-1] [INFO] [1781257139.248160972] [mavros.mavros]: Plugin guided_target created
[mavros_node-1] [INFO] [1781257139.248207866] [mavros.mavros]: Plugin guided_target initialized
[mavros_node-1] [INFO] [1781257139.259174832] [mavros.mavros]: Plugin hil created
[mavros_node-1] [INFO] [1781257139.259218994] [mavros.mavros]: Plugin hil initialized
[mavros_node-1] [INFO] [1781257139.265147356] [mavros.mavros]: Plugin home_position created
[mavros_node-1] [INFO] [1781257139.265184545] [mavros.mavros]: Plugin home_position initialized
[mavros_node-1] [INFO] [1781257139.272322973] [mavros.mavros]: Plugin imu created
[mavros_node-1] [INFO] [1781257139.272373028] [mavros.mavros]: Plugin imu initialized
[mavros_node-1] [INFO] [1781257139.279833326] [mavros.mavros]: Plugin landing_target created
[mavros_node-1] [INFO] [1781257139.279897084] [mavros.mavros]: Plugin landing_target initialized
[mavros_node-1] [INFO] [1781257139.287837890] [mavros.mavros]: Plugin local_position created
[mavros_node-1] [INFO] [1781257139.287880050] [mavros.mavros]: Plugin local_position initialized
[mavros_node-1] [INFO] [1781257139.295892825] [mavros.mavros]: Plugin log_transfer created
[mavros_node-1] [INFO] [1781257139.295934939] [mavros.mavros]: Plugin log_transfer initialized
[mavros_node-1] [INFO] [1781257139.301904204] [mavros.mavros]: Plugin mag_calibration_status created
[mavros_node-1] [INFO] [1781257139.301953609] [mavros.mavros]: Plugin mag_calibration_status initialized
[mavros_node-1] [INFO] [1781257139.308374264] [mavros.mavros]: Plugin manual_control created
[mavros_node-1] [INFO] [1781257139.308421340] [mavros.mavros]: Plugin manual_control initialized
[mavros_node-1] [INFO] [1781257139.314715077] [mavros.mavros]: Plugin mocap_pose_estimate created
[mavros_node-1] [INFO] [1781257139.314761123] [mavros.mavros]: Plugin mocap_pose_estimate initialized
[mavros_node-1] [INFO] [1781257139.322692588] [mavros.mavros]: Plugin mount_control created
[mavros_node-1] [INFO] [1781257139.322735991] [mavros.mavros]: Plugin mount_control initialized
[mavros_node-1] [INFO] [1781257139.329574152] [mavros.mavros]: Plugin nav_controller_output created
[mavros_node-1] [INFO] [1781257139.329623839] [mavros.mavros]: Plugin nav_controller_output initialized
[mavros_node-1] [INFO] [1781257139.337291336] [mavros.mavros]: Plugin obstacle_distance created
[mavros_node-1] [INFO] [1781257139.337331922] [mavros.mavros]: Plugin obstacle_distance initialized
[mavros_node-1] [INFO] [1781257139.344710056] [mavros.mavros]: Plugin obstacle_distance_3d created
[mavros_node-1] [INFO] [1781257139.344754440] [mavros.mavros]: Plugin obstacle_distance_3d initialized
[mavros_node-1] [INFO] [1781257139.353705798] [mavros.mavros]: Plugin odometry created
[mavros_node-1] [INFO] [1781257139.353753505] [mavros.mavros]: Plugin odometry initialized
[mavros_node-1] [INFO] [1781257139.362033023] [mavros.mavros]: Plugin onboard_computer_status created
[mavros_node-1] [INFO] [1781257139.362087280] [mavros.mavros]: Plugin onboard_computer_status initialized
[mavros_node-1] [INFO] [1781257139.372132053] [mavros.mavros]: Plugin open_drone_id created
[mavros_node-1] [INFO] [1781257139.372165270] [mavros.mavros]: Plugin open_drone_id initialized
[mavros_node-1] [INFO] [1781257139.381171254] [mavros.mavros]: Plugin optical_flow created
[mavros_node-1] [INFO] [1781257139.381221585] [mavros.mavros]: Plugin optical_flow initialized
[mavros_node-1] [INFO] [1781257139.389615340] [mavros.mavros]: Plugin param created
[mavros_node-1] [INFO] [1781257139.389655581] [mavros.mavros]: Plugin param initialized
[mavros_node-1] [INFO] [1781257139.397118718] [mavros.mavros]: Plugin play_tune created
[mavros_node-1] [INFO] [1781257139.397171188] [mavros.mavros]: Plugin play_tune initialized
[mavros_node-1] [INFO] [1781257139.407234799] [mavros.mavros]: Plugin px4flow created
[mavros_node-1] [INFO] [1781257139.407275314] [mavros.mavros]: Plugin px4flow initialized
[mavros_node-1] [INFO] [1781257139.418536523] [mavros.mavros]: Plugin rallypoint created
[mavros_node-1] [INFO] [1781257139.418591482] [mavros.mavros]: Plugin rallypoint initialized
[mavros_node-1] [INFO] [1781257139.418621741] [mavros.mavros]: Plugin rangefinder ignored
[mavros_node-1] [INFO] [1781257139.428474284] [mavros.mavros]: Plugin rc_io created
[mavros_node-1] [INFO] [1781257139.428546702] [mavros.mavros]: Plugin rc_io initialized
[mavros_node-1] [INFO] [1781257139.438478656] [mavros.mavros]: Plugin setpoint_accel created
[mavros_node-1] [INFO] [1781257139.438537336] [mavros.mavros]: Plugin setpoint_accel initialized
[mavros_node-1] [INFO] [1781257139.449140549] [mavros.mavros]: Plugin setpoint_attitude created
[mavros_node-1] [INFO] [1781257139.449190339] [mavros.mavros]: Plugin setpoint_attitude initialized
[mavros_node-1] [INFO] [1781257139.461110456] [mavros.mavros]: Plugin setpoint_position created
[mavros_node-1] [INFO] [1781257139.461174327] [mavros.mavros]: Plugin setpoint_position initialized
[mavros_node-1] [INFO] [1781257139.473977568] [mavros.mavros]: Plugin setpoint_raw created
[mavros_node-1] [INFO] [1781257139.474041468] [mavros.mavros]: Plugin setpoint_raw initialized
[mavros_node-1] [INFO] [1781257139.486185137] [mavros.mavros]: Plugin setpoint_trajectory created
[mavros_node-1] [INFO] [1781257139.486228604] [mavros.mavros]: Plugin setpoint_trajectory initialized
[mavros_node-1] [INFO] [1781257139.496451543] [mavros.mavros]: Plugin setpoint_velocity created
[mavros_node-1] [INFO] [1781257139.496500384] [mavros.mavros]: Plugin setpoint_velocity initialized
[mavros_node-1] [INFO] [1781257139.508604047] [mavros.mavros]: Plugin sim_state created
[mavros_node-1] [INFO] [1781257139.508662237] [mavros.mavros]: Plugin sim_state initialized
[mavros_node-1] [INFO] [1781257139.527330363] [mavros.mavros]: Plugin sys_status created
[mavros_node-1] [INFO] [1781257139.527393906] [mavros.mavros]: Plugin sys_status initialized
[mavros_node-1] [INFO] [1781257139.538463023] [mavros.time]: TM: Timesync mode: MAVLINK
[mavros_node-1] [INFO] [1781257139.541822102] [mavros.mavros]: Plugin sys_time created
[mavros_node-1] [INFO] [1781257139.541880356] [mavros.mavros]: Plugin sys_time initialized
[mavros_node-1] [INFO] [1781257139.554030454] [mavros.mavros]: Plugin tdr_radio created
[mavros_node-1] [INFO] [1781257139.554098644] [mavros.mavros]: Plugin tdr_radio initialized
[mavros_node-1] [INFO] [1781257139.566642792] [mavros.mavros]: Plugin terrain created
[mavros_node-1] [INFO] [1781257139.566714712] [mavros.mavros]: Plugin terrain initialized
[mavros_node-1] [INFO] [1781257139.580927023] [mavros.mavros]: Plugin trajectory created
[mavros_node-1] [INFO] [1781257139.580983390] [mavros.mavros]: Plugin trajectory initialized
[mavros_node-1] [INFO] [1781257139.593389456] [mavros.mavros]: Plugin tunnel created
[mavros_node-1] [INFO] [1781257139.593438689] [mavros.mavros]: Plugin tunnel initialized
[mavros_node-1] [INFO] [1781257139.605035789] [mavros.mavros]: Plugin vfr_hud created
[mavros_node-1] [INFO] [1781257139.605219967] [mavros.mavros]: Plugin vfr_hud initialized
[mavros_node-1] [INFO] [1781257139.605226003] [mavros.mavros]: Plugin vibration ignored
[mavros_node-1] [INFO] [1781257139.618720000] [mavros.mavros]: Plugin vision_pose created
[mavros_node-1] [INFO] [1781257139.618779578] [mavros.mavros]: Plugin vision_pose initialized
[mavros_node-1] [INFO] [1781257139.633631695] [mavros.mavros]: Plugin vision_speed created
[mavros_node-1] [INFO] [1781257139.633691946] [mavros.mavros]: Plugin vision_speed initialized
[mavros_node-1] [INFO] [1781257139.658847630] [mavros.mavros]: Plugin waypoint created
[mavros_node-1] [INFO] [1781257139.658926222] [mavros.mavros]: Plugin waypoint initialized
[mavros_node-1] [INFO] [1781257139.658933224] [mavros.mavros]: Plugin wheel_odometry ignored
[mavros_node-1] [INFO] [1781257139.672130082] [mavros.mavros]: Plugin wind_estimation created
[mavros_node-1] [INFO] [1781257139.672200612] [mavros.mavros]: Plugin wind_estimation initialized
[mavros_node-1] [INFO] [1781257139.673776753] [mavros.mavros]: Built-in SIMD instructions: SSE, SSE2
[mavros_node-1] [INFO] [1781257139.673808385] [mavros.mavros]: Built-in MAVLink package version: 2026.3.3
[mavros_node-1] [INFO] [1781257139.673813421] [mavros.mavros]: Known MAVLink dialects: common ardupilotmega ASLUAV AVSSUAS all csAirLink cubepilot development icarous loweheiser marsh matrixpilot paparazzi standard stemstudios storm32 uAvionix ualberta
[mavros_node-1] [INFO] [1781257139.673816883] [mavros.mavros]: MAVROS UAS via /uas1 started. MY ID 255.190, TARGET ID 1.1
[mavros_node-1] [INFO] [1781257139.675429032] [mavros.rc]: RC_CHANNELS message detected!
[mavros_node-1] [INFO] [1781257139.676071861] [mavros.imu]: IMU: High resolution IMU detected!
[mavros_node-1] [INFO] [1781257139.678915640] [mavros.imu]: IMU: Attitude quaternion IMU detected!
[mavros_node-1] [INFO] [1781257139.721635960] [mavros.mavros_router]: link[1001] detected remote address 255.190
[mavros_node-1] [INFO] [1781257139.819637479] [mavros.mavros]: CON: Got HEARTBEAT, connected. FCU: PX4 Autopilot
[mavros_node-1] [INFO] [1781257139.819737986] [mavros.mission]: WP: detected enable_partial_push: 0
[mavros_node-1] [INFO] [1781257139.824621882] [mavros.rc]: RC_CHANNELS message detected!
[mavros_node-1] [INFO] [1781257139.836291368] [mavros.imu]: IMU: High resolution IMU detected!
[mavros_node-1] [INFO] [1781257139.841925223] [mavros.imu]: IMU: Attitude quaternion IMU detected!
[mavros_node-1] [WARN] [1781257140.194327743] [mavros.sys]: FCU: UNK(8): EVENT 11047904 with args -0-0-0-18-1-0-0-0-0-131-191-1-128-131-191-1-128-0-0-0-0-0-0-0-0-0-0-0-0-0-0-0-0-0-0-0-0-0-0-0-
[mavros_node-1] [ERROR] [1781257140.194717152] [mavros.sys]: FCU: EVENT 16642797 with args -124-0-126-0-17-0-0-0-0-0-0-0-0-0-0-0-0-0-0-0-0-0-0-0-0-0-0-0-0-0-0-0-0-0-0-0-0-0-0-0-
[mavros_node-1] [ERROR] [1781257140.195031600] [mavros.sys]: FCU: EVENT 11464574 with args -0-64-0-0-20-0-0-0-0-0-0-0-0-0-0-0-0-0-0-0-0-0-0-0-0-0-0-0-0-0-0-0-0-0-0-0-0-0-0-0-
[mavros_node-1] [ERROR] [1781257140.195372324] [mavros.sys]: FCU: EVENT 13835193 with args -124-0-126-0-17-0-0-0-0-0-0-0-0-0-0-0-0-0-0-0-0-0-0-0-0-0-0-0-0-0-0-0-0-0-0-0-0-0-0-0-
[mavros_node-1] [ERROR] [1781257140.195714284] [mavros.sys]: FCU: EVENT 10011251 with args -56-0-0-0-24-0-0-0-0-0-0-0-0-0-0-0-0-0-0-0-0-0-0-0-0-0-0-0-0-0-0-0-0-0-0-0-0-0-0-0-
[mavros_node-1] [INFO] [1781257140.195729555] [mavros.sys]: FCU: EVENT 377561 with args -8-0-0-0-20-0-0-0-0-0-0-0-0-0-0-0-0-0-0-0-0-0-0-0-0-0-0-0-0-0-0-0-0-0-0-0-0-0-0-0-
[mavros_node-1] [INFO] [1781257140.196108079] [mavros.sys]: FCU: EVENT 79408 with args -32-0-0-0-20-0-0-0-0-0-0-0-0-0-0-0-0-0-0-0-0-0-0-0-0-0-0-0-0-0-0-0-0-0-0-0-0-0-0-0-
[mavros_node-1] [INFO] [1781257140.196406141] [mavros.sys]: FCU: EVENT 6801787 with args -255-255-255-255-12-0-0-0-0-0-0-0-0-0-0-0-0-0-0-0-0-0-0-0-0-0-0-0-0-0-0-0-0-0-0-0-0-0-0-0-
[mavros_node-1] [WARN] [1781257140.196756502] [mavros.sys]: FCU: UNK(8): EVENT 1914663 with args -0-130-0-2-48-0-0-0-0-0-0-0-0-0-0-0-0-0-0-0-0-0-0-0-0-0-0-0-0-0-0-0-0-0-0-0-0-0-0-0-
[mavros_node-1] [WARN] [1781257140.831970890] [mavros.cmd]: CMD: Unexpected command 520, result 3
[mavros_node-1] [WARN] [1781257141.827059679] [mavros.sys]: VER: broadcast request timeout, retries left 4
[mavros_node-1] [WARN] [1781257142.239160184] [mavros.sys]: FCU: UNK(8): EVENT 11047904 with args -0-0-0-16-1-0-0-0-0-199-191-127-128-199-191-127-128-0-0-0-0-0-0-0-0-0-0-0-0-0-0-0-0-0-0-0-0-0-0-0-
[mavros_node-1] [ERROR] [1781257142.239528573] [mavros.sys]: FCU: EVENT 11464574 with args -0-64-0-0-20-0-0-0-0-0-0-0-0-0-0-0-0-0-0-0-0-0-0-0-0-0-0-0-0-0-0-0-0-0-0-0-0-0-0-0-
[mavros_node-1] [ERROR] [1781257142.239883884] [mavros.sys]: FCU: EVENT 10011251 with args -56-0-0-0-24-0-0-0-0-0-0-0-0-0-0-0-0-0-0-0-0-0-0-0-0-0-0-0-0-0-0-0-0-0-0-0-0-0-0-0-
[mavros_node-1] [INFO] [1781257142.240220314] [mavros.sys]: FCU: EVENT 377561 with args -8-0-0-0-20-0-0-0-0-0-0-0-0-0-0-0-0-0-0-0-0-0-0-0-0-0-0-0-0-0-0-0-0-0-0-0-0-0-0-0-
[mavros_node-1] [INFO] [1781257142.240550293] [mavros.sys]: FCU: EVENT 79408 with args -32-0-0-0-20-0-0-0-0-0-0-0-0-0-0-0-0-0-0-0-0-0-0-0-0-0-0-0-0-0-0-0-0-0-0-0-0-0-0-0-
[mavros_node-1] [INFO] [1781257142.240912514] [mavros.sys]: FCU: EVENT 6801787 with args -255-255-255-255-12-0-0-0-0-0-0-0-0-0-0-0-0-0-0-0-0-0-0-0-0-0-0-0-0-0-0-0-0-0-0-0-0-0-0-0-
[mavros_node-1] [WARN] [1781257142.241233307] [mavros.sys]: FCU: UNK(8): EVENT 1914663 with args -0-130-0-2-48-0-0-0-0-0-0-0-0-0-0-0-0-0-0-0-0-0-0-0-0-0-0-0-0-0-0-0-0-0-0-0-0-0-0-0-
[mavros_node-1] [WARN] [1781257142.825982031] [mavros.sys]: VER: broadcast request timeout, retries left 3
[mavros_node-1] [ERROR] [1781257143.835949646] [mavros.sys]: VER: command plugin service call failed!
[mavros_node-1] [WARN] [1781257143.836008866] [mavros.sys]: VER: unicast request timeout, retries left 2
[mavros_node-1] [ERROR] [1781257144.836138542] [mavros.sys]: VER: command plugin service call failed!
[mavros_node-1] [WARN] [1781257144.836212247] [mavros.sys]: VER: unicast request timeout, retries left 1
[mavros_node-1] [ERROR] [1781257145.838661918] [mavros.sys]: VER: command plugin service call failed!
[mavros_node-1] [WARN] [1781257145.838708553] [mavros.sys]: VER: unicast request timeout, retries left 0
[mavros_node-1] [WARN] [1781257145.968235859] [mavros.sys]: FCU: UNK(8): EVENT 11047904 with args -0-0-0-0-1-0-0-0-0-199-255-127-128-199-255-127-128-0-0-0-0-0-0-0-0-0-0-0-0-0-0-0-0-0-0-0-0-0-0-0-
[mavros_node-1] [ERROR] [1781257145.968522273] [mavros.sys]: FCU: EVENT 10011251 with args -56-0-0-0-24-0-0-0-0-0-0-0-0-0-0-0-0-0-0-0-0-0-0-0-0-0-0-0-0-0-0-0-0-0-0-0-0-0-0-0-
[mavros_node-1] [INFO] [1781257145.968938380] [mavros.sys]: FCU: EVENT 377561 with args -8-0-0-0-20-0-0-0-0-0-0-0-0-0-0-0-0-0-0-0-0-0-0-0-0-0-0-0-0-0-0-0-0-0-0-0-0-0-0-0-
[mavros_node-1] [INFO] [1781257145.969211595] [mavros.sys]: FCU: EVENT 79408 with args -32-0-0-0-20-0-0-0-0-0-0-0-0-0-0-0-0-0-0-0-0-0-0-0-0-0-0-0-0-0-0-0-0-0-0-0-0-0-0-0-
[mavros_node-1] [INFO] [1781257145.969614413] [mavros.sys]: FCU: EVENT 6801787 with args -255-255-255-255-12-0-0-0-0-0-0-0-0-0-0-0-0-0-0-0-0-0-0-0-0-0-0-0-0-0-0-0-0-0-0-0-0-0-0-0-
[mavros_node-1] [WARN] [1781257145.969692218] [mavros.sys]: FCU: UNK(8): EVENT 1914663 with args -0-130-0-2-48-0-0-0-0-0-0-0-0-0-0-0-0-0-0-0-0-0-0-0-0-0-0-0-0-0-0-0-0-0-0-0-0-0-0-0-
[mavros_node-1] [ERROR] [1781257146.830396996] [mavros.sys]: VER: command plugin service call failed!
[mavros_node-1] [WARN] [1781257146.830468234] [mavros.sys]: VER: your FCU don't support AUTOPILOT_VERSION, switched to default capabilities
[mavros_node-1] [INFO] [1781257149.820256544] [mavros.home_position]: HP: requesting home position
[mavros_node-1] [INFO] [1781257154.875367027] [mavros.mission]: WP: mission received
[mavros_node-1] [INFO] [1781257159.930937760] [mavros.rallypoint]: RP: mission received
[mavros_node-1] [INFO] [1781257164.959198349] [mavros.geofence]: GF: mission received
[mavros_node-1] [INFO] [1781257171.065538089] [mavros.sys]: FCU: EVENT 9489139 with args -4-0-0-0-0-0-0-0-0-0-0-0-0-0-0-0-0-0-0-0-0-0-0-0-0-0-0-0-0-0-0-0-0-0-0-0-0-0-0-0-
[mavros_node-1] [INFO] [1781257171.178766092] [mavros.sys]: FCU: EVENT 4535132 with args -1-0-100-0-0-0-0-0-0-0-0-0-0-0-0-0-0-0-0-0-0-0-0-0-0-0-0-0-0-0-0-0-0-0-0-0-0-0-0-0-
[mavros_node-1] [WARN] [1781257171.396750345] [mavros.sys]: FCU: UNK(8): EVENT 11047904 with args -0-0-0-0-1-0-0-0-0-199-255-127-128-199-255-127-128-0-0-0-0-0-0-0-0-0-0-0-0-0-0-0-0-0-0-0-0-0-0-0-
[mavros_node-1] [ERROR] [1781257171.397060617] [mavros.sys]: FCU: EVENT 10011251 with args -56-0-0-0-24-0-0-0-0-0-0-0-0-0-0-0-0-0-0-0-0-0-0-0-0-0-0-0-0-0-0-0-0-0-0-0-0-0-0-0-
[mavros_node-1] [INFO] [1781257171.397396109] [mavros.sys]: FCU: EVENT 377561 with args -8-0-0-0-20-0-0-0-0-0-0-0-0-0-0-0-0-0-0-0-0-0-0-0-0-0-0-0-0-0-0-0-0-0-0-0-0-0-0-0-
[mavros_node-1] [INFO] [1781257171.397489846] [mavros.sys]: FCU: EVENT 79408 with args -32-0-0-0-20-0-0-0-0-0-0-0-0-0-0-0-0-0-0-0-0-0-0-0-0-0-0-0-0-0-0-0-0-0-0-0-0-0-0-0-
[mavros_node-1] [INFO] [1781257171.397778092] [mavros.sys]: FCU: EVENT 6801787 with args -255-255-255-255-12-0-0-0-0-0-0-0-0-0-0-0-0-0-0-0-0-0-0-0-0-0-0-0-0-0-0-0-0-0-0-0-0-0-0-0-
[mavros_node-1] [WARN] [1781257171.398090475] [mavros.sys]: FCU: UNK(8): EVENT 1914663 with args -0-130-4-2-48-0-0-0-0-0-0-0-0-0-0-0-0-0-0-0-0-0-0-0-0-0-0-0-0-0-0-0-0-0-0-0-0-0-0-0-
[mavros_node-1] [INFO] [1781257172.952467552] [mavros.sys]: FCU: EVENT 4277609 with args -0-0-0-0-0-0-0-0-0-0-0-0-0-0-0-0-0-0-0-0-0-0-0-0-0-0-0-0-0-0-0-0-0-0-0-0-0-0-0-0-
[mavros_node-1] [ERROR] [1781257178.347652133] [mavros.sys]: FCU: EVENT 11290563 with args -0-0-0-0-0-0-0-0-0-0-0-0-0-0-0-0-0-0-0-0-0-0-0-0-0-0-0-0-0-0-0-0-0-0-0-0-0-0-0-0-
[mavros_node-1] [WARN] [1781257178.371780912] [mavros.sys]: FCU: UNK(8): EVENT 11047904 with args -0-0-0-16-1-0-0-0-0-0-0-0-0-199-255-127-128-0-0-0-0-0-0-0-0-0-0-0-0-0-0-0-0-0-0-0-0-0-0-0-
[mavros_node-1] [ERROR] [1781257178.372367639] [mavros.sys]: FCU: EVENT 10011251 with args -56-0-0-0-24-0-0-0-0-0-0-0-0-0-0-0-0-0-0-0-0-0-0-0-0-0-0-0-0-0-0-0-0-0-0-0-0-0-0-0-
[mavros_node-1] [INFO] [1781257178.372948185] [mavros.sys]: FCU: EVENT 377561 with args -8-0-0-0-20-0-0-0-0-0-0-0-0-0-0-0-0-0-0-0-0-0-0-0-0-0-0-0-0-0-0-0-0-0-0-0-0-0-0-0-
[mavros_node-1] [INFO] [1781257178.373430220] [mavros.sys]: FCU: EVENT 79408 with args -32-0-0-0-20-0-0-0-0-0-0-0-0-0-0-0-0-0-0-0-0-0-0-0-0-0-0-0-0-0-0-0-0-0-0-0-0-0-0-0-
[mavros_node-1] [ERROR] [1781257178.373949947] [mavros.sys]: FCU: EVENT 12754954 with args -255-255-255-255-20-0-0-0-0-0-0-0-0-0-0-0-0-0-0-0-0-0-0-0-0-0-0-0-0-0-0-0-0-0-0-0-0-0-0-0-
[mavros_node-1] [INFO] [1781257178.374090937] [mavros.sys]: FCU: EVENT 6801787 with args -255-255-255-255-12-0-0-0-0-0-0-0-0-0-0-0-0-0-0-0-0-0-0-0-0-0-0-0-0-0-0-0-0-0-0-0-0-0-0-0-
[mavros_node-1] [WARN] [1781257178.374623651] [mavros.sys]: FCU: UNK(8): EVENT 1914663 with args -0-130-4-2-48-0-0-0-0-0-0-0-0-0-0-0-0-0-0-0-0-0-0-0-0-0-0-0-0-0-0-0-0-0-0-0-0-0-0-0-
[fastlio_odometry_guard-2] [WARN] [1781257178.636884214] [fastlio_odometry_guard]: Rejected FAST-LIO odometry: computed z speed 1.50516 m/s (accepted=395 rejected=1)
[mavros_node-1] [INFO] [1781257183.373882192] [mavros.sys]: FCU: EVENT 16017271 with args -8-0-0-0-0-0-0-0-0-0-0-0-0-0-0-0-0-0-0-0-0-0-0-0-0-0-0-0-0-0-0-0-0-0-0-0-0-0-0-0-
[mavros_node-1] [WARN] [1781257183.374594581] [mavros.sys]: FCU: UNK(8): EVENT 11047904 with args -0-128-0-16-1-0-0-0-0-0-0-0-0-199-255-127-128-0-0-0-0-0-0-0-0-0-0-0-0-0-0-0-0-0-0-0-0-0-0-0-
[mavros_node-1] [ERROR] [1781257183.374924131] [mavros.sys]: FCU: EVENT 9077977 with args -255-255-255-255-7-0-0-0-0-0-0-0-0-0-0-0-0-0-0-0-0-0-0-0-0-0-0-0-0-0-0-0-0-0-0-0-0-0-0-0-
[mavros_node-1] [ERROR] [1781257183.375234306] [mavros.sys]: FCU: EVENT 10011251 with args -56-0-0-0-24-0-0-0-0-0-0-0-0-0-0-0-0-0-0-0-0-0-0-0-0-0-0-0-0-0-0-0-0-0-0-0-0-0-0-0-
[mavros_node-1] [INFO] [1781257183.375270471] [mavros.sys]: FCU: EVENT 377561 with args -8-0-0-0-20-0-0-0-0-0-0-0-0-0-0-0-0-0-0-0-0-0-0-0-0-0-0-0-0-0-0-0-0-0-0-0-0-0-0-0-
[mavros_node-1] [INFO] [1781257183.375655592] [mavros.sys]: FCU: EVENT 79408 with args -32-0-0-0-20-0-0-0-0-0-0-0-0-0-0-0-0-0-0-0-0-0-0-0-0-0-0-0-0-0-0-0-0-0-0-0-0-0-0-0-
[mavros_node-1] [ERROR] [1781257183.375917573] [mavros.sys]: FCU: EVENT 12754954 with args -255-255-255-255-20-0-0-0-0-0-0-0-0-0-0-0-0-0-0-0-0-0-0-0-0-0-0-0-0-0-0-0-0-0-0-0-0-0-0-0-
[mavros_node-1] [INFO] [1781257183.376278407] [mavros.sys]: FCU: EVENT 6801787 with args -255-255-255-255-12-0-0-0-0-0-0-0-0-0-0-0-0-0-0-0-0-0-0-0-0-0-0-0-0-0-0-0-0-0-0-0-0-0-0-0-
[mavros_node-1] [WARN] [1781257183.376643505] [mavros.sys]: FCU: UNK(8): EVENT 1914663 with args -0-130-4-2-48-0-0-0-0-0-0-0-0-0-0-0-0-0-0-0-0-0-0-0-0-0-0-0-0-0-0-0-0-0-0-0-0-0-0-0-
[mavros_node-1] [WARN] [1781257187.365639527] [mavros.sys]: FCU: UNK(8): EVENT 11047904 with args -0-128-0-16-1-0-0-0-0-0-0-0-0-199-255-127-128-0-0-0-0-0-0-0-0-0-0-0-0-0-0-0-0-0-0-0-0-0-0-0-
[mavros_node-1] [ERROR] [1781257187.365933793] [mavros.sys]: FCU: EVENT 9077977 with args -255-255-255-255-7-0-0-0-0-0-0-0-0-0-0-0-0-0-0-0-0-0-0-0-0-0-0-0-0-0-0-0-0-0-0-0-0-0-0-0-
[mavros_node-1] [ERROR] [1781257187.366094233] [mavros.sys]: FCU: EVENT 10011251 with args -56-0-0-0-24-0-0-0-0-0-0-0-0-0-0-0-0-0-0-0-0-0-0-0-0-0-0-0-0-0-0-0-0-0-0-0-0-0-0-0-
[mavros_node-1] [INFO] [1781257187.366297175] [mavros.sys]: FCU: EVENT 377561 with args -8-0-0-0-20-0-0-0-0-0-0-0-0-0-0-0-0-0-0-0-0-0-0-0-0-0-0-0-0-0-0-0-0-0-0-0-0-0-0-0-
[mavros_node-1] [INFO] [1781257187.366601884] [mavros.sys]: FCU: EVENT 79408 with args -32-0-0-0-20-0-0-0-0-0-0-0-0-0-0-0-0-0-0-0-0-0-0-0-0-0-0-0-0-0-0-0-0-0-0-0-0-0-0-0-
[mavros_node-1] [ERROR] [1781257187.366923005] [mavros.sys]: FCU: EVENT 12754954 with args -255-255-255-255-20-0-0-0-0-0-0-0-0-0-0-0-0-0-0-0-0-0-0-0-0-0-0-0-0-0-0-0-0-0-0-0-0-0-0-0-
[mavros_node-1] [INFO] [1781257187.367311272] [mavros.sys]: FCU: EVENT 6801787 with args -255-255-255-255-12-0-0-0-0-0-0-0-0-0-0-0-0-0-0-0-0-0-0-0-0-0-0-0-0-0-0-0-0-0-0-0-0-0-0-0-
[mavros_node-1] [WARN] [1781257187.367618277] [mavros.sys]: FCU: UNK(8): EVENT 1914663 with args -0-130-0-2-48-0-0-0-0-0-0-0-0-0-0-0-0-0-0-0-0-0-0-0-0-0-0-0-0-0-0-0-0-0-0-0-0-0-0-0-
[mavros_node-1] [WARN] [1781257199.997200284] [mavros.sys]: FCU: UNK(8): EVENT 11047904 with args -0-128-0-18-1-0-0-0-0-0-0-0-0-131-191-1-128-0-0-0-0-0-0-0-0-0-0-0-0-0-0-0-0-0-0-0-0-0-0-0-
[mavros_node-1] [ERROR] [1781257199.997557216] [mavros.sys]: FCU: EVENT 9697819 with args -126-209-126-0-17-0-0-0-0-0-0-0-0-0-0-0-0-0-0-0-0-0-0-0-0-0-0-0-0-0-0-0-0-0-0-0-0-0-0-0-
[mavros_node-1] [ERROR] [1781257199.997917687] [mavros.sys]: FCU: EVENT 9077977 with args -255-255-255-255-7-0-0-0-0-0-0-0-0-0-0-0-0-0-0-0-0-0-0-0-0-0-0-0-0-0-0-0-0-0-0-0-0-0-0-0-
[mavros_node-1] [ERROR] [1781257199.998242295] [mavros.sys]: FCU: EVENT 13679014 with args -0-64-0-0-20-0-0-0-0-0-0-0-0-0-0-0-0-0-0-0-0-0-0-0-0-0-0-0-0-0-0-0-0-0-0-0-0-0-0-0-
[mavros_node-1] [ERROR] [1781257199.998591169] [mavros.sys]: FCU: EVENT 13835193 with args -124-0-126-0-17-0-0-0-0-0-0-0-0-0-0-0-0-0-0-0-0-0-0-0-0-0-0-0-0-0-0-0-0-0-0-0-0-0-0-0-
[mavros_node-1] [ERROR] [1781257199.998926920] [mavros.sys]: FCU: EVENT 10011251 with args -56-0-0-0-24-0-0-0-0-0-0-0-0-0-0-0-0-0-0-0-0-0-0-0-0-0-0-0-0-0-0-0-0-0-0-0-0-0-0-0-
[mavros_node-1] [INFO] [1781257199.999298255] [mavros.sys]: FCU: EVENT 377561 with args -8-0-0-0-20-0-0-0-0-0-0-0-0-0-0-0-0-0-0-0-0-0-0-0-0-0-0-0-0-0-0-0-0-0-0-0-0-0-0-0-
[mavros_node-1] [INFO] [1781257199.999633739] [mavros.sys]: FCU: EVENT 79408 with args -32-0-0-0-20-0-0-0-0-0-0-0-0-0-0-0-0-0-0-0-0-0-0-0-0-0-0-0-0-0-0-0-0-0-0-0-0-0-0-0-
[mavros_node-1] [ERROR] [1781257199.999967321] [mavros.sys]: FCU: EVENT 12754954 with args -255-255-255-255-20-0-0-0-0-0-0-0-0-0-0-0-0-0-0-0-0-0-0-0-0-0-0-0-0-0-0-0-0-0-0-0-0-0-0-0-
[mavros_node-1] [INFO] [1781257200.000291144] [mavros.sys]: FCU: EVENT 6801787 with args -255-255-255-255-12-0-0-0-0-0-0-0-0-0-0-0-0-0-0-0-0-0-0-0-0-0-0-0-0-0-0-0-0-0-0-0-0-0-0-0-
[mavros_node-1] [WARN] [1781257200.000660712] [mavros.sys]: FCU: UNK(8): EVENT 1914663 with args -0-130-0-2-48-0-0-0-0-0-0-0-0-0-0-0-0-0-0-0-0-0-0-0-0-0-0-0-0-0-0-0-0-0-0-0-0-0-0-0-
[mavros_node-1] [WARN] [1781257202.171164668] [mavros.sys]: FCU: UNK(8): EVENT 11047904 with args -0-128-0-18-1-0-0-0-0-0-0-0-0-131-191-1-128-0-0-0-0-0-0-0-0-0-0-0-0-0-0-0-0-0-0-0-0-0-0-0-
[mavros_node-1] [ERROR] [1781257202.171654175] [mavros.sys]: FCU: EVENT 9077977 with args -255-255-255-255-7-0-0-0-0-0-0-0-0-0-0-0-0-0-0-0-0-0-0-0-0-0-0-0-0-0-0-0-0-0-0-0-0-0-0-0-
[mavros_node-1] [ERROR] [1781257202.171907673] [mavros.sys]: FCU: EVENT 13679014 with args -0-64-0-0-20-0-0-0-0-0-0-0-0-0-0-0-0-0-0-0-0-0-0-0-0-0-0-0-0-0-0-0-0-0-0-0-0-0-0-0-
[mavros_node-1] [ERROR] [1781257202.172304997] [mavros.sys]: FCU: EVENT 13835193 with args -124-0-126-0-17-0-0-0-0-0-0-0-0-0-0-0-0-0-0-0-0-0-0-0-0-0-0-0-0-0-0-0-0-0-0-0-0-0-0-0-
[mavros_node-1] [ERROR] [1781257202.172627588] [mavros.sys]: FCU: EVENT 10011251 with args -56-0-0-0-24-0-0-0-0-0-0-0-0-0-0-0-0-0-0-0-0-0-0-0-0-0-0-0-0-0-0-0-0-0-0-0-0-0-0-0-
[mavros_node-1] [INFO] [1781257202.172920814] [mavros.sys]: FCU: EVENT 377561 with args -8-0-0-0-20-0-0-0-0-0-0-0-0-0-0-0-0-0-0-0-0-0-0-0-0-0-0-0-0-0-0-0-0-0-0-0-0-0-0-0-
[mavros_node-1] [INFO] [1781257202.173331198] [mavros.sys]: FCU: EVENT 79408 with args -32-0-0-0-20-0-0-0-0-0-0-0-0-0-0-0-0-0-0-0-0-0-0-0-0-0-0-0-0-0-0-0-0-0-0-0-0-0-0-0-
[mavros_node-1] [ERROR] [1781257202.173587997] [mavros.sys]: FCU: EVENT 12754954 with args -255-255-255-255-20-0-0-0-0-0-0-0-0-0-0-0-0-0-0-0-0-0-0-0-0-0-0-0-0-0-0-0-0-0-0-0-0-0-0-0-
[mavros_node-1] [INFO] [1781257202.174025697] [mavros.sys]: FCU: EVENT 6801787 with args -255-255-255-255-12-0-0-0-0-0-0-0-0-0-0-0-0-0-0-0-0-0-0-0-0-0-0-0-0-0-0-0-0-0-0-0-0-0-0-0-
[mavros_node-1] [WARN] [1781257202.174153553] [mavros.sys]: FCU: UNK(8): EVENT 1914663 with args -0-130-0-2-48-0-0-0-0-0-0-0-0-0-0-0-0-0-0-0-0-0-0-0-0-0-0-0-0-0-0-0-0-0-0-0-0-0-0-0-
[mavros_node-1] [WARN] [1781257204.219656038] [mavros.sys]: FCU: UNK(8): EVENT 11047904 with args -0-128-0-18-1-0-0-0-0-0-0-0-0-131-191-1-128-0-0-0-0-0-0-0-0-0-0-0-0-0-0-0-0-0-0-0-0-0-0-0-
[mavros_node-1] [ERROR] [1781257204.219958171] [mavros.sys]: FCU: EVENT 9697819 with args -126-209-126-0-17-0-0-0-0-0-0-0-0-0-0-0-0-0-0-0-0-0-0-0-0-0-0-0-0-0-0-0-0-0-0-0-0-0-0-0-
[mavros_node-1] [ERROR] [1781257204.220301611] [mavros.sys]: FCU: EVENT 9077977 with args -255-255-255-255-7-0-0-0-0-0-0-0-0-0-0-0-0-0-0-0-0-0-0-0-0-0-0-0-0-0-0-0-0-0-0-0-0-0-0-0-
[mavros_node-1] [ERROR] [1781257204.220651223] [mavros.sys]: FCU: EVENT 13679014 with args -0-64-0-0-20-0-0-0-0-0-0-0-0-0-0-0-0-0-0-0-0-0-0-0-0-0-0-0-0-0-0-0-0-0-0-0-0-0-0-0-
[mavros_node-1] [ERROR] [1781257204.220936719] [mavros.sys]: FCU: EVENT 13835193 with args -124-0-126-0-17-0-0-0-0-0-0-0-0-0-0-0-0-0-0-0-0-0-0-0-0-0-0-0-0-0-0-0-0-0-0-0-0-0-0-0-
[mavros_node-1] [ERROR] [1781257204.221321871] [mavros.sys]: FCU: EVENT 10011251 with args -56-0-0-0-24-0-0-0-0-0-0-0-0-0-0-0-0-0-0-0-0-0-0-0-0-0-0-0-0-0-0-0-0-0-0-0-0-0-0-0-
[mavros_node-1] [INFO] [1781257204.221670523] [mavros.sys]: FCU: EVENT 377561 with args -8-0-0-0-20-0-0-0-0-0-0-0-0-0-0-0-0-0-0-0-0-0-0-0-0-0-0-0-0-0-0-0-0-0-0-0-0-0-0-0-
[mavros_node-1] [INFO] [1781257204.222013401] [mavros.sys]: FCU: EVENT 79408 with args -32-0-0-0-20-0-0-0-0-0-0-0-0-0-0-0-0-0-0-0-0-0-0-0-0-0-0-0-0-0-0-0-0-0-0-0-0-0-0-0-
[mavros_node-1] [ERROR] [1781257204.222323188] [mavros.sys]: FCU: EVENT 12754954 with args -255-255-255-255-20-0-0-0-0-0-0-0-0-0-0-0-0-0-0-0-0-0-0-0-0-0-0-0-0-0-0-0-0-0-0-0-0-0-0-0-
[mavros_node-1] [INFO] [1781257204.222426674] [mavros.sys]: FCU: EVENT 6801787 with args -255-255-255-255-12-0-0-0-0-0-0-0-0-0-0-0-0-0-0-0-0-0-0-0-0-0-0-0-0-0-0-0-0-0-0-0-0-0-0-0-
[mavros_node-1] [WARN] [1781257204.224707348] [mavros.sys]: FCU: UNK(8): EVENT 1914663 with args -0-130-0-2-48-0-0-0-0-0-0-0-0-0-0-0-0-0-0-0-0-0-0-0-0-0-0-0-0-0-0-0-0-0-0-0-0-0-0-0-
[mavros_node-1] [WARN] [1781257207.369810786] [mavros.sys]: FCU: UNK(8): EVENT 11047904 with args -0-128-0-18-1-0-0-0-0-0-0-0-0-131-191-1-128-0-0-0-0-0-0-0-0-0-0-0-0-0-0-0-0-0-0-0-0-0-0-0-
[mavros_node-1] [ERROR] [1781257207.370148262] [mavros.sys]: FCU: EVENT 9077977 with args -255-255-255-255-7-0-0-0-0-0-0-0-0-0-0-0-0-0-0-0-0-0-0-0-0-0-0-0-0-0-0-0-0-0-0-0-0-0-0-0-
[mavros_node-1] [ERROR] [1781257207.370522865] [mavros.sys]: FCU: EVENT 13679014 with args -0-64-0-0-20-0-0-0-0-0-0-0-0-0-0-0-0-0-0-0-0-0-0-0-0-0-0-0-0-0-0-0-0-0-0-0-0-0-0-0-
[mavros_node-1] [ERROR] [1781257207.370879977] [mavros.sys]: FCU: EVENT 13835193 with args -124-0-126-0-17-0-0-0-0-0-0-0-0-0-0-0-0-0-0-0-0-0-0-0-0-0-0-0-0-0-0-0-0-0-0-0-0-0-0-0-
[mavros_node-1] [ERROR] [1781257207.371222564] [mavros.sys]: FCU: EVENT 10011251 with args -56-0-0-0-24-0-0-0-0-0-0-0-0-0-0-0-0-0-0-0-0-0-0-0-0-0-0-0-0-0-0-0-0-0-0-0-0-0-0-0-
[mavros_node-1] [INFO] [1781257207.371583332] [mavros.sys]: FCU: EVENT 377561 with args -8-0-0-0-20-0-0-0-0-0-0-0-0-0-0-0-0-0-0-0-0-0-0-0-0-0-0-0-0-0-0-0-0-0-0-0-0-0-0-0-
[mavros_node-1] [INFO] [1781257207.371897698] [mavros.sys]: FCU: EVENT 79408 with args -32-0-0-0-20-0-0-0-0-0-0-0-0-0-0-0-0-0-0-0-0-0-0-0-0-0-0-0-0-0-0-0-0-0-0-0-0-0-0-0-
[mavros_node-1] [ERROR] [1781257207.372265059] [mavros.sys]: FCU: EVENT 12754954 with args -255-255-255-255-20-0-0-0-0-0-0-0-0-0-0-0-0-0-0-0-0-0-0-0-0-0-0-0-0-0-0-0-0-0-0-0-0-0-0-0-
[mavros_node-1] [INFO] [1781257207.372595978] [mavros.sys]: FCU: EVENT 6801787 with args -255-255-255-255-12-0-0-0-0-0-0-0-0-0-0-0-0-0-0-0-0-0-0-0-0-0-0-0-0-0-0-0-0-0-0-0-0-0-0-0-
[mavros_node-1] [WARN] [1781257207.372917776] [mavros.sys]: FCU: UNK(8): EVENT 1914663 with args -0-130-0-2-48-0-0-0-0-0-0-0-0-0-0-0-0-0-0-0-0-0-0-0-0-0-0-0-0-0-0-0-0-0-0-0-0-0-0-0-
[mavros_node-1] [WARN] [1781257209.410607210] [mavros.sys]: FCU: UNK(8): EVENT 11047904 with args -0-128-0-16-1-0-0-0-0-0-0-0-0-199-255-127-128-0-0-0-0-0-0-0-0-0-0-0-0-0-0-0-0-0-0-0-0-0-0-0-
[mavros_node-1] [ERROR] [1781257209.410994572] [mavros.sys]: FCU: EVENT 9077977 with args -255-255-255-255-7-0-0-0-0-0-0-0-0-0-0-0-0-0-0-0-0-0-0-0-0-0-0-0-0-0-0-0-0-0-0-0-0-0-0-0-
[mavros_node-1] [ERROR] [1781257209.411333437] [mavros.sys]: FCU: EVENT 10011251 with args -56-0-0-0-24-0-0-0-0-0-0-0-0-0-0-0-0-0-0-0-0-0-0-0-0-0-0-0-0-0-0-0-0-0-0-0-0-0-0-0-
[mavros_node-1] [INFO] [1781257209.411658400] [mavros.sys]: FCU: EVENT 377561 with args -8-0-0-0-20-0-0-0-0-0-0-0-0-0-0-0-0-0-0-0-0-0-0-0-0-0-0-0-0-0-0-0-0-0-0-0-0-0-0-0-
[mavros_node-1] [INFO] [1781257209.412135378] [mavros.sys]: FCU: EVENT 79408 with args -32-0-0-0-20-0-0-0-0-0-0-0-0-0-0-0-0-0-0-0-0-0-0-0-0-0-0-0-0-0-0-0-0-0-0-0-0-0-0-0-
[mavros_node-1] [ERROR] [1781257209.412210774] [mavros.sys]: FCU: EVENT 12754954 with args -255-255-255-255-20-0-0-0-0-0-0-0-0-0-0-0-0-0-0-0-0-0-0-0-0-0-0-0-0-0-0-0-0-0-0-0-0-0-0-0-
[mavros_node-1] [INFO] [1781257209.412350349] [mavros.sys]: FCU: EVENT 6801787 with args -255-255-255-255-12-0-0-0-0-0-0-0-0-0-0-0-0-0-0-0-0-0-0-0-0-0-0-0-0-0-0-0-0-0-0-0-0-0-0-0-
[mavros_node-1] [WARN] [1781257209.412675485] [mavros.sys]: FCU: UNK(8): EVENT 1914663 with args -0-130-0-2-48-0-0-0-0-0-0-0-0-0-0-0-0-0-0-0-0-0-0-0-0-0-0-0-0-0-0-0-0-0-0-0-0-0-0-0-
[mavros_node-1] [WARN] [1781257232.505664236] [mavros.sys]: FCU: UNK(8): EVENT 11047904 with args -0-128-0-18-1-0-0-0-0-0-0-0-0-199-191-5-128-0-0-0-0-0-0-0-0-0-0-0-0-0-0-0-0-0-0-0-0-0-0-0-
[mavros_node-1] [ERROR] [1781257232.505983168] [mavros.sys]: FCU: EVENT 9077977 with args -255-255-255-255-7-0-0-0-0-0-0-0-0-0-0-0-0-0-0-0-0-0-0-0-0-0-0-0-0-0-0-0-0-0-0-0-0-0-0-0-
[mavros_node-1] [ERROR] [1781257232.506325238] [mavros.sys]: FCU: EVENT 13679014 with args -0-64-0-0-20-0-0-0-0-0-0-0-0-0-0-0-0-0-0-0-0-0-0-0-0-0-0-0-0-0-0-0-0-0-0-0-0-0-0-0-
[mavros_node-1] [ERROR] [1781257232.506690183] [mavros.sys]: FCU: EVENT 13835193 with args -56-0-122-0-17-0-0-0-0-0-0-0-0-0-0-0-0-0-0-0-0-0-0-0-0-0-0-0-0-0-0-0-0-0-0-0-0-0-0-0-
[mavros_node-1] [ERROR] [1781257232.507089518] [mavros.sys]: FCU: EVENT 10011251 with args -56-0-0-0-24-0-0-0-0-0-0-0-0-0-0-0-0-0-0-0-0-0-0-0-0-0-0-0-0-0-0-0-0-0-0-0-0-0-0-0-
[mavros_node-1] [INFO] [1781257232.507364301] [mavros.sys]: FCU: EVENT 377561 with args -8-0-0-0-20-0-0-0-0-0-0-0-0-0-0-0-0-0-0-0-0-0-0-0-0-0-0-0-0-0-0-0-0-0-0-0-0-0-0-0-
[mavros_node-1] [INFO] [1781257232.507688846] [mavros.sys]: FCU: EVENT 79408 with args -32-0-0-0-20-0-0-0-0-0-0-0-0-0-0-0-0-0-0-0-0-0-0-0-0-0-0-0-0-0-0-0-0-0-0-0-0-0-0-0-
[mavros_node-1] [ERROR] [1781257232.508063359] [mavros.sys]: FCU: EVENT 12754954 with args -255-255-255-255-20-0-0-0-0-0-0-0-0-0-0-0-0-0-0-0-0-0-0-0-0-0-0-0-0-0-0-0-0-0-0-0-0-0-0-0-
[mavros_node-1] [INFO] [1781257232.508411467] [mavros.sys]: FCU: EVENT 6801787 with args -255-255-255-255-12-0-0-0-0-0-0-0-0-0-0-0-0-0-0-0-0-0-0-0-0-0-0-0-0-0-0-0-0-0-0-0-0-0-0-0-
[mavros_node-1] [WARN] [1781257232.510525662] [mavros.sys]: FCU: UNK(8): EVENT 1914663 with args -0-130-0-2-48-0-0-0-0-0-0-0-0-0-0-0-0-0-0-0-0-0-0-0-0-0-0-0-0-0-0-0-0-0-0-0-0-0-0-0-
