[INFO] [1781688252.192328859] [minipc_mavros_offboard]: Started minipc_mavros_offboard with arm_only=False, takeoff_height_m=0.8, hover_seconds=10.0, offboard_stabilize_seconds=20.0, use_rc_offboard=True, hold_after_arm_reject=True, ignore_z_in_arm_only=True, debug_hold_after_mode_drop=True, recent_pose_samples=30, require_vision_pose=True, vision_freshness_s=1.0, lift_only_seconds=2.5, z_ramp_seconds=2.0, target_xyz=(0.0, 0.0, -0.5), yaw_deg=0.0, auto_land=False, drift_guard_enabled=True, drift_warning_m=0.2, drift_land_m=0.3, drift_emergency_m=0.5, legacy_max_horizontal_drift_m=0.5
[INFO] [1781688252.230498244] [minipc_mavros_offboard]: Waiting for MAVROS connection
[INFO] [1781688254.630106487] [minipc_mavros_offboard]: Waiting for MAVROS local odometry before arming
[INFO] [1781688254.630684300] [minipc_mavros_offboard]: Averaged MAVROS local odometry at lock x=-0.01, y=0.01, z=-0.02
[INFO] [1781688254.630965944] [minipc_mavros_offboard]: Target setpoint locked to ENU for MAVROS local setpoint x=-0.01, y=0.01, z_start=-0.02, z_final=0.48
[INFO] [1781688254.681712705] [minipc_mavros_offboard]: Streaming pre-arm MAVROS setpoints
[INFO] [1781688260.032411772] [minipc_mavros_offboard]: Streaming setpoints and waiting for RC to switch OFFBOARD
[INFO] [1781688264.030682773] [minipc_mavros_offboard]: OFFBOARD reported by MAVROS state
[INFO] [1781688284.084029786] [minipc_mavros_offboard]: Arming vehicle
[INFO] [1781688284.086072492] [minipc_mavros_offboard]: Requested arming
[INFO] [1781688284.180273693] [minipc_mavros_offboard]: Holding MAVROS setpoint
[INFO] [1781688284.181091289] [minipc_mavros_offboard]: Vehicle left armed/OFFBOARD state; continuing debug hold
[INFO] [1781688284.181509264] [minipc_mavros_offboard]: Debug hold after OFFBOARD/armed drop: connected=True, armed=False, guided=False, manual_input=False, mode=OFFBOARD
[INFO] [1781688284.230568551] [minipc_mavros_offboard]: Holding MAVROS setpoint
[INFO] [1781688284.231470416] [minipc_mavros_offboard]: Vehicle left armed/OFFBOARD state; continuing debug hold
[INFO] [1781688284.231717169] [minipc_mavros_offboard]: Debug hold after OFFBOARD/armed drop: connected=True, armed=False, guided=False, manual_input=False, mode=OFFBOARD
[INFO] [1781688284.279936611] [minipc_mavros_offboard]: Holding MAVROS setpoint
[INFO] [1781688284.280984513] [minipc_mavros_offboard]: Vehicle left armed/OFFBOARD state; continuing debug hold
[INFO] [1781688284.281620920] [minipc_mavros_offboard]: Debug hold after OFFBOARD/armed drop: connected=True, armed=False, guided=False, manual_input=False, mode=OFFBOARD
[INFO] [1781688284.330609902] [minipc_mavros_offboard]: Holding MAVROS setpoint
[INFO] [1781688284.331641025] [minipc_mavros_offboard]: Vehicle left armed/OFFBOARD state; continuing debug hold
[INFO] [1781688284.332087436] [minipc_mavros_offboard]: Debug hold after OFFBOARD/armed drop: connected=True, armed=False, guided=False, manual_input=False, mode=OFFBOARD
[INFO] [1781688284.380354728] [minipc_mavros_offboard]: Holding MAVROS setpoint
[INFO] [1781688284.381362702] [minipc_mavros_offboard]: Vehicle left armed/OFFBOARD state; continuing debug hold
[INFO] [1781688284.381845974] [minipc_mavros_offboard]: Debug hold after OFFBOARD/armed drop: connected=True, armed=False, guided=False, manual_input=False, mode=OFFBOARD
[INFO] [1781688284.431475868] [minipc_mavros_offboard]: Holding MAVROS setpoint
[INFO] [1781688284.434103068] [minipc_mavros_offboard]: Vehicle left armed/OFFBOARD state; continuing debug hold
[INFO] [1781688284.434716480] [minipc_mavros_offboard]: Debug hold after OFFBOARD/armed drop: connected=True, armed=False, guided=False, manual_input=False, mode=OFFBOARD
[INFO] [1781688284.480758340] [minipc_mavros_offboard]: Holding MAVROS setpoint
[INFO] [1781688284.481613281] [minipc_mavros_offboard]: Vehicle left armed/OFFBOARD state; continuing debug hold
[INFO] [1781688284.482211867] [minipc_mavros_offboard]: Debug hold after OFFBOARD/armed drop: connected=True, armed=False, guided=False, manual_input=False, mode=OFFBOARD
[INFO] [1781688284.530015587] [minipc_mavros_offboard]: Holding MAVROS setpoint
[INFO] [1781688284.530557082] [minipc_mavros_offboard]: Vehicle left armed/OFFBOARD state; continuing debug hold
[INFO] [1781688284.530738500] [minipc_mavros_offboard]: Debug hold after OFFBOARD/armed drop: connected=True, armed=False, guided=False, manual_input=False, mode=OFFBOARD
[INFO] [1781688284.580728403] [minipc_mavros_offboard]: Holding MAVROS setpoint
[INFO] [1781688284.581337665] [minipc_mavros_offboard]: Vehicle left armed/OFFBOARD state; continuing debug hold
[INFO] [1781688284.581534345] [minipc_mavros_offboard]: Debug hold after OFFBOARD/armed drop: connected=True, armed=False, guided=False, manual_input=False, mode=OFFBOARD
[INFO] [1781688284.632170828] [minipc_mavros_offboard]: Holding MAVROS setpoint
[INFO] [1781688284.634254602] [minipc_mavros_offboard]: Vehicle left armed/OFFBOARD state; continuing debug hold
[INFO] [1781688284.634903314] [minipc_mavros_offboard]: Debug hold after OFFBOARD/armed drop: connected=True, armed=False, guided=False, manual_input=False, mode=OFFBOARD
[INFO] [1781688284.680484110] [minipc_mavros_offboard]: Holding MAVROS setpoint
[INFO] [1781688284.681543243] [minipc_mavros_offboard]: Vehicle left armed/OFFBOARD state; continuing debug hold
[INFO] [1781688284.681960954] [minipc_mavros_offboard]: Debug hold after OFFBOARD/armed drop: connected=True, armed=False, guided=False, manual_input=False, mode=OFFBOARD
[INFO] [1781688284.730120025] [minipc_mavros_offboard]: Holding MAVROS setpoint
[INFO] [1781688284.730725579] [minipc_mavros_offboard]: Vehicle left armed/OFFBOARD state; continuing debug hold
[INFO] [1781688284.730916601] [minipc_mavros_offboard]: Debug hold after OFFBOARD/armed drop: connected=True, armed=False, guided=False, manual_input=False, mode=OFFBOARD
[INFO] [1781688284.780244332] [minipc_mavros_offboard]: Holding MAVROS setpoint
[INFO] [1781688284.780861448] [minipc_mavros_offboard]: Vehicle left armed/OFFBOARD state; continuing debug hold
[INFO] [1781688284.781202634] [minipc_mavros_offboard]: Debug hold after OFFBOARD/armed drop: connected=True, armed=False, guided=False, manual_input=False, mode=OFFBOARD
[INFO] [1781688284.830976277] [minipc_mavros_offboard]: Holding MAVROS setpoint
[INFO] [1781688284.833973121] [minipc_mavros_offboard]: Vehicle left armed/OFFBOARD state; continuing debug hold
[INFO] [1781688284.835149125] [minipc_mavros_offboard]: Debug hold after OFFBOARD/armed drop: connected=True, armed=False, guided=False, manual_input=False, mode=OFFBOARD
[INFO] [1781688284.880038060] [minipc_mavros_offboard]: Holding MAVROS setpoint
[INFO] [1781688284.880641704] [minipc_mavros_offboard]: Vehicle left armed/OFFBOARD state; continuing debug hold
[INFO] [1781688284.880823406] [minipc_mavros_offboard]: Debug hold after OFFBOARD/armed drop: connected=True, armed=False, guided=False, manual_input=False, mode=OFFBOARD
[INFO] [1781688284.930694019] [minipc_mavros_offboard]: Holding MAVROS setpoint
[INFO] [1781688284.932365611] [minipc_mavros_offboard]: Vehicle left armed/OFFBOARD state; continuing debug hold
[INFO] [1781688284.932658795] [minipc_mavros_offboard]: Debug hold after OFFBOARD/armed drop: connected=True, armed=False, guided=False, manual_input=False, mode=OFFBOARD
[INFO] [1781688284.980334907] [minipc_mavros_offboard]: Holding MAVROS setpoint
[INFO] [1781688284.981304686] [minipc_mavros_offboard]: Vehicle left armed/OFFBOARD state; continuing debug hold
[INFO] [1781688284.981770899] [minipc_mavros_offboard]: Debug hold after OFFBOARD/armed drop: connected=True, armed=False, guided=False, manual_input=False, mode=OFFBOARD
[INFO] [1781688285.030142467] [minipc_mavros_offboard]: Holding MAVROS setpoint
[INFO] [1781688294.182531220] [minipc_mavros_offboard]: Hover timeout reached; continuing to hold setpoint until OFFBOARD/armed state changes or node is interrupted
[WARN] [1781688315.630358778] [minipc_mavros_offboard]: Horizontal error warning: error=0.21 m >= warning=0.20 m
[ERROR] [1781688315.880454344] [minipc_mavros_offboard]: Horizontal drift guard triggered: error=0.31 m >= limit=0.30 m. Automatic landing on drift is disabled; continuing to publish setpoints.
[FATAL] [1781688317.830564963] [minipc_mavros_offboard]: Horizontal error emergency threshold exceeded: error=0.50 m >= emergency=0.50 m. Manual takeover recommended immediately.
[INFO] [1781688320.031127636] [minipc_mavros_offboard]: Vehicle left armed/OFFBOARD state; continuing debug hold
[INFO] [1781688320.031627807] [minipc_mavros_offboard]: Debug hold after OFFBOARD/armed drop: connected=True, armed=True, guided=False, manual_input=True, mode=ALTCTL
[INFO] [1781688320.079952817] [minipc_mavros_offboard]: Holding MAVROS setpoint
[INFO] [1781688320.081047864] [minipc_mavros_offboard]: Vehicle left armed/OFFBOARD state; continuing debug hold
[INFO] [1781688320.081567398] [minipc_mavros_offboard]: Debug hold after OFFBOARD/armed drop: connected=True, armed=True, guided=False, manual_input=True, mode=ALTCTL
[INFO] [1781688320.131757746] [minipc_mavros_offboard]: Holding MAVROS setpoint
[INFO] [1781688320.134282634] [minipc_mavros_offboard]: Vehicle left armed/OFFBOARD state; continuing debug hold
[INFO] [1781688320.134692195] [minipc_mavros_offboard]: Debug hold after OFFBOARD/armed drop: connected=True, armed=True, guided=False, manual_input=True, mode=ALTCTL
[INFO] [1781688320.180206709] [minipc_mavros_offboard]: Holding MAVROS setpoint
[INFO] [1781688320.180908636] [minipc_mavros_offboard]: Vehicle left armed/OFFBOARD state; continuing debug hold
[INFO] [1781688320.181333156] [minipc_mavros_offboard]: Debug hold after OFFBOARD/armed drop: connected=True, armed=True, guided=False, manual_input=True, mode=ALTCTL
[INFO] [1781688320.231141672] [minipc_mavros_offboard]: Holding MAVROS setpoint
[INFO] [1781688320.233214922] [minipc_mavros_offboard]: Vehicle left armed/OFFBOARD state; continuing debug hold
[INFO] [1781688320.233739959] [minipc_mavros_offboard]: Debug hold after OFFBOARD/armed drop: connected=True, armed=True, guided=False, manual_input=True, mode=ALTCTL
[INFO] [1781688320.280503145] [minipc_mavros_offboard]: Holding MAVROS setpoint
[INFO] [1781688320.281407086] [minipc_mavros_offboard]: Vehicle left armed/OFFBOARD state; continuing debug hold
[INFO] [1781688320.281874221] [minipc_mavros_offboard]: Debug hold after OFFBOARD/armed drop: connected=True, armed=True, guided=False, manual_input=True, mode=ALTCTL
[INFO] [1781688320.330325195] [minipc_mavros_offboard]: Holding MAVROS setpoint
[INFO] [1781688320.331597164] [minipc_mavros_offboard]: Vehicle left armed/OFFBOARD state; continuing debug hold
[INFO] [1781688320.332133603] [minipc_mavros_offboard]: Debug hold after OFFBOARD/armed drop: connected=True, armed=True, guided=False, manual_input=True, mode=ALTCTL
[INFO] [1781688320.381010702] [minipc_mavros_offboard]: Holding MAVROS setpoint
[INFO] [1781688320.383713570] [minipc_mavros_offboard]: Vehicle left armed/OFFBOARD state; continuing debug hold
[INFO] [1781688320.384133198] [minipc_mavros_offboard]: Debug hold after OFFBOARD/armed drop: connected=True, armed=True, guided=False, manual_input=True, mode=ALTCTL
[INFO] [1781688320.430351376] [minipc_mavros_offboard]: Holding MAVROS setpoint
[INFO] [1781688320.431293371] [minipc_mavros_offboard]: Vehicle left armed/OFFBOARD state; continuing debug hold
[INFO] [1781688320.431688145] [minipc_mavros_offboard]: Debug hold after OFFBOARD/armed drop: connected=True, armed=True, guided=False, manual_input=True, mode=ALTCTL
[INFO] [1781688320.480402932] [minipc_mavros_offboard]: Holding MAVROS setpoint
[INFO] [1781688320.481327615] [minipc_mavros_offboard]: Vehicle left armed/OFFBOARD state; continuing debug hold
[INFO] [1781688320.481763650] [minipc_mavros_offboard]: Debug hold after OFFBOARD/armed drop: connected=True, armed=True, guided=False, manual_input=True, mode=ALTCTL
[INFO] [1781688320.530509592] [minipc_mavros_offboard]: Holding MAVROS setpoint
[INFO] [1781688320.531571048] [minipc_mavros_offboard]: Vehicle left armed/OFFBOARD state; continuing debug hold
[INFO] [1781688320.532096874] [minipc_mavros_offboard]: Debug hold after OFFBOARD/armed drop: connected=True, armed=True, guided=False, manual_input=True, mode=ALTCTL
[INFO] [1781688320.580433942] [minipc_mavros_offboard]: Holding MAVROS setpoint
[INFO] [1781688320.581333041] [minipc_mavros_offboard]: Vehicle left armed/OFFBOARD state; continuing debug hold
[INFO] [1781688320.581741154] [minipc_mavros_offboard]: Debug hold after OFFBOARD/armed drop: connected=True, armed=True, guided=False, manual_input=True, mode=ALTCTL
[INFO] [1781688320.630304960] [minipc_mavros_offboard]: Holding MAVROS setpoint
[INFO] [1781688320.631050074] [minipc_mavros_offboard]: Vehicle left armed/OFFBOARD state; continuing debug hold
[INFO] [1781688320.631448521] [minipc_mavros_offboard]: Debug hold after OFFBOARD/armed drop: connected=True, armed=True, guided=False, manual_input=True, mode=ALTCTL
[INFO] [1781688320.681646974] [minipc_mavros_offboard]: Holding MAVROS setpoint
[INFO] [1781688320.684626825] [minipc_mavros_offboard]: Vehicle left armed/OFFBOARD state; continuing debug hold
[INFO] [1781688320.685264762] [minipc_mavros_offboard]: Debug hold after OFFBOARD/armed drop: connected=True, armed=True, guided=False, manual_input=True, mode=ALTCTL
[INFO] [1781688320.730607646] [minipc_mavros_offboard]: Holding MAVROS setpoint
[INFO] [1781688320.731794500] [minipc_mavros_offboard]: Vehicle left armed/OFFBOARD state; continuing debug hold
[INFO] [1781688320.732333346] [minipc_mavros_offboard]: Debug hold after OFFBOARD/armed drop: connected=True, armed=True, guided=False, manual_input=True, mode=ALTCTL
[INFO] [1781688320.780211157] [minipc_mavros_offboard]: Holding MAVROS setpoint
[INFO] [1781688320.781128289] [minipc_mavros_offboard]: Vehicle left armed/OFFBOARD state; continuing debug hold
[INFO] [1781688320.781578301] [minipc_mavros_offboard]: Debug hold after OFFBOARD/armed drop: connected=True, armed=True, guided=False, manual_input=True, mode=ALTCTL
[INFO] [1781688320.830268925] [minipc_mavros_offboard]: Holding MAVROS setpoint
[INFO] [1781688320.831069005] [minipc_mavros_offboard]: Vehicle left armed/OFFBOARD state; continuing debug hold
[INFO] [1781688320.831478415] [minipc_mavros_offboard]: Debug hold after OFFBOARD/armed drop: connected=True, armed=True, guided=False, manual_input=True, mode=ALTCTL
[INFO] [1781688320.881243698] [minipc_mavros_offboard]: Holding MAVROS setpoint
[INFO] [1781688320.882691491] [minipc_mavros_offboard]: Vehicle left armed/OFFBOARD state; continuing debug hold
[INFO] [1781688320.883185084] [minipc_mavros_offboard]: Debug hold after OFFBOARD/armed drop: connected=True, armed=True, guided=False, manual_input=True, mode=ALTCTL
[INFO] [1781688320.929929437] [minipc_mavros_offboard]: Holding MAVROS setpoint
[INFO] [1781688320.930696132] [minipc_mavros_offboard]: Vehicle left armed/OFFBOARD state; continuing debug hold
[INFO] [1781688320.930903660] [minipc_mavros_offboard]: Debug hold after OFFBOARD/armed drop: connected=True, armed=True, guided=False, manual_input=True, mode=ALTCTL
[INFO] [1781688320.980033372] [minipc_mavros_offboard]: Holding MAVROS setpoint
[INFO] [1781688320.980799317] [minipc_mavros_offboard]: Vehicle left armed/OFFBOARD state; continuing debug hold
[INFO] [1781688320.981040921] [minipc_mavros_offboard]: Debug hold after OFFBOARD/armed drop: connected=True, armed=True, guided=False, manual_input=True, mode=ALTCTL
[INFO] [1781688321.030430274] [minipc_mavros_offboard]: Holding MAVROS setpoint
[INFO] [1781688321.031502528] [minipc_mavros_offboard]: Vehicle left armed/OFFBOARD state; continuing debug hold
[INFO] [1781688321.032128641] [minipc_mavros_offboard]: Debug hold after OFFBOARD/armed drop: connected=True, armed=False, guided=False, manual_input=False, mode=OFFBOARD
[INFO] [1781688321.080071807] [minipc_mavros_offboard]: Holding MAVROS setpoint
[INFO] [1781688321.080885400] [minipc_mavros_offboard]: Vehicle left armed/OFFBOARD state; continuing debug hold
[INFO] [1781688321.081221300] [minipc_mavros_offboard]: Debug hold after OFFBOARD/armed drop: connected=True, armed=False, guided=False, manual_input=False, mode=OFFBOARD
[INFO] [1781688321.130175005] [minipc_mavros_offboard]: Holding MAVROS setpoint
[INFO] [1781688321.130844440] [minipc_mavros_offboard]: Vehicle left armed/OFFBOARD state; continuing debug hold
[INFO] [1781688321.131054354] [minipc_mavros_offboard]: Debug hold after OFFBOARD/armed drop: connected=True, armed=False, guided=False, manual_input=False, mode=OFFBOARD
[INFO] [1781688321.180000156] [minipc_mavros_offboard]: Holding MAVROS setpoint
[INFO] [1781688321.180651023] [minipc_mavros_offboard]: Vehicle left armed/OFFBOARD state; continuing debug hold
[INFO] [1781688321.180839191] [minipc_mavros_offboard]: Debug hold after OFFBOARD/armed drop: connected=True, armed=False, guided=False, manual_input=False, mode=OFFBOARD
[INFO] [1781688321.231485092] [minipc_mavros_offboard]: Holding MAVROS setpoint
[INFO] [1781688321.234235240] [minipc_mavros_offboard]: Vehicle left armed/OFFBOARD state; continuing debug hold
[INFO] [1781688321.234906850] [minipc_mavros_offboard]: Debug hold after OFFBOARD/armed drop: connected=True, armed=False, guided=False, manual_input=False, mode=OFFBOARD
[INFO] [1781688321.280192815] [minipc_mavros_offboard]: Holding MAVROS setpoint
[INFO] [1781688321.280737200] [minipc_mavros_offboard]: Vehicle left armed/OFFBOARD state; continuing debug hold
[INFO] [1781688321.280942077] [minipc_mavros_offboard]: Debug hold after OFFBOARD/armed drop: connected=True, armed=False, guided=False, manual_input=False, mode=OFFBOARD
[INFO] [1781688321.330140543] [minipc_mavros_offboard]: Holding MAVROS setpoint
[INFO] [1781688321.330862826] [minipc_mavros_offboard]: Vehicle left armed/OFFBOARD state; continuing debug hold
[INFO] [1781688321.331090116] [minipc_mavros_offboard]: Debug hold after OFFBOARD/armed drop: connected=True, armed=False, guided=False, manual_input=False, mode=OFFBOARD
[INFO] [1781688321.381466376] [minipc_mavros_offboard]: Holding MAVROS setpoint
[INFO] [1781688321.382452557] [minipc_mavros_offboard]: Vehicle left armed/OFFBOARD state; continuing debug hold
[INFO] [1781688321.382945825] [minipc_mavros_offboard]: Debug hold after OFFBOARD/armed drop: connected=True, armed=False, guided=False, manual_input=False, mode=OFFBOARD
[INFO] [1781688321.431169575] [minipc_mavros_offboard]: Holding MAVROS setpoint
[INFO] [1781688321.432440811] [minipc_mavros_offboard]: Vehicle left armed/OFFBOARD state; continuing debug hold
[INFO] [1781688321.432954672] [minipc_mavros_offboard]: Debug hold after OFFBOARD/armed drop: connected=True, armed=False, guided=False, manual_input=False, mode=OFFBOARD
[INFO] [1781688321.480459595] [minipc_mavros_offboard]: Holding MAVROS setpoint
[INFO] [1781688321.481426188] [minipc_mavros_offboard]: Vehicle left armed/OFFBOARD state; continuing debug hold
[INFO] [1781688321.481952738] [minipc_mavros_offboard]: Debug hold after OFFBOARD/armed drop: connected=True, armed=False, guided=False, manual_input=False, mode=OFFBOARD
[INFO] [1781688321.530467859] [minipc_mavros_offboard]: Holding MAVROS setpoint
[INFO] [1781688321.531005006] [minipc_mavros_offboard]: Vehicle left armed/OFFBOARD state; continuing debug hold
[INFO] [1781688321.531218876] [minipc_mavros_offboard]: Debug hold after OFFBOARD/armed drop: connected=True, armed=False, guided=False, manual_input=False, mode=OFFBOARD
[INFO] [1781688321.582118051] [minipc_mavros_offboard]: Holding MAVROS setpoint
[INFO] [1781688321.584486086] [minipc_mavros_offboard]: Vehicle left armed/OFFBOARD state; continuing debug hold
[INFO] [1781688321.585223664] [minipc_mavros_offboard]: Debug hold after OFFBOARD/armed drop: connected=True, armed=False, guided=False, manual_input=False, mode=OFFBOARD
[INFO] [1781688321.630228656] [minipc_mavros_offboard]: Holding MAVROS setpoint
[INFO] [1781688321.631029633] [minipc_mavros_offboard]: Vehicle left armed/OFFBOARD state; continuing debug hold
[INFO] [1781688321.631235241] [minipc_mavros_offboard]: Debug hold after OFFBOARD/armed drop: connected=True, armed=False, guided=False, manual_input=False, mode=OFFBOARD
[INFO] [1781688321.680160771] [minipc_mavros_offboard]: Holding MAVROS setpoint
[INFO] [1781688321.680942367] [minipc_mavros_offboard]: Vehicle left armed/OFFBOARD state; continuing debug hold
[INFO] [1781688321.681161208] [minipc_mavros_offboard]: Debug hold after OFFBOARD/armed drop: connected=True, armed=False, guided=False, manual_input=False, mode=OFFBOARD
[INFO] [1781688321.730284320] [minipc_mavros_offboard]: Holding MAVROS setpoint
[INFO] [1781688321.731753544] [minipc_mavros_offboard]: Vehicle left armed/OFFBOARD state; continuing debug hold
[INFO] [1781688321.731988763] [minipc_mavros_offboard]: Debug hold after OFFBOARD/armed drop: connected=True, armed=False, guided=False, manual_input=False, mode=OFFBOARD
[INFO] [1781688321.780315235] [minipc_mavros_offboard]: Holding MAVROS setpoint
[INFO] [1781688321.781309438] [minipc_mavros_offboard]: Vehicle left armed/OFFBOARD state; continuing debug hold
[INFO] [1781688321.781772154] [minipc_mavros_offboard]: Debug hold after OFFBOARD/armed drop: connected=True, armed=False, guided=False, manual_input=False, mode=OFFBOARD
[INFO] [1781688321.829965218] [minipc_mavros_offboard]: Holding MAVROS setpoint
[INFO] [1781688321.830602608] [minipc_mavros_offboard]: Vehicle left armed/OFFBOARD state; continuing debug hold
[INFO] [1781688321.830787093] [minipc_mavros_offboard]: Debug hold after OFFBOARD/armed drop: connected=True, armed=False, guided=False, manual_input=False, mode=OFFBOARD
[INFO] [1781688321.881692450] [minipc_mavros_offboard]: Holding MAVROS setpoint
[INFO] [1781688321.884017867] [minipc_mavros_offboard]: Vehicle left armed/OFFBOARD state; continuing debug hold
[INFO] [1781688321.884740225] [minipc_mavros_offboard]: Debug hold after OFFBOARD/armed drop: connected=True, armed=False, guided=False, manual_input=False, mode=OFFBOARD
[INFO] [1781688321.930119753] [minipc_mavros_offboard]: Holding MAVROS setpoint
[INFO] [1781688321.930932523] [minipc_mavros_offboard]: Vehicle left armed/OFFBOARD state; continuing debug hold
[INFO] [1781688321.931262394] [minipc_mavros_offboard]: Debug hold after OFFBOARD/armed drop: connected=True, armed=False, guided=False, manual_input=False, mode=OFFBOARD
[INFO] [1781688321.979799656] [minipc_mavros_offboard]: Holding MAVROS setpoint
[INFO] [1781688321.980373520] [minipc_mavros_offboard]: Vehicle left armed/OFFBOARD state; continuing debug hold
[INFO] [1781688321.980555673] [minipc_mavros_offboard]: Debug hold after OFFBOARD/armed drop: connected=True, armed=False, guided=False, manual_input=False, mode=OFFBOARD
[INFO] [1781688322.030974893] [minipc_mavros_offboard]: Holding MAVROS setpoint
[INFO] [1781688322.031625046] [minipc_mavros_offboard]: Vehicle left armed/OFFBOARD state; continuing debug hold
[INFO] [1781688322.031824772] [minipc_mavros_offboard]: Debug hold after OFFBOARD/armed drop: connected=True, armed=False, guided=False, manual_input=False, mode=OFFBOARD
[INFO] [1781688322.080101060] [minipc_mavros_offboard]: Holding MAVROS setpoint
[INFO] [1781688322.080901304] [minipc_mavros_offboard]: Vehicle left armed/OFFBOARD state; continuing debug hold
[INFO] [1781688322.081160142] [minipc_mavros_offboard]: Debug hold after OFFBOARD/armed drop: connected=True, armed=False, guided=False, manual_input=False, mode=OFFBOARD
[INFO] [1781688322.130255404] [minipc_mavros_offboard]: Holding MAVROS setpoint
[INFO] [1781688322.130894124] [minipc_mavros_offboard]: Vehicle left armed/OFFBOARD state; continuing debug hold
[INFO] [1781688322.131152885] [minipc_mavros_offboard]: Debug hold after OFFBOARD/armed drop: connected=True, armed=False, guided=False, manual_input=False, mode=OFFBOARD
[INFO] [1781688322.179930792] [minipc_mavros_offboard]: Holding MAVROS setpoint
[INFO] [1781688322.180601861] [minipc_mavros_offboard]: Vehicle left armed/OFFBOARD state; continuing debug hold
[INFO] [1781688322.180817131] [minipc_mavros_offboard]: Debug hold after OFFBOARD/armed drop: connected=True, armed=False, guided=False, manual_input=False, mode=OFFBOARD
[INFO] [1781688322.230438694] [minipc_mavros_offboard]: Holding MAVROS setpoint
[INFO] [1781688322.231259770] [minipc_mavros_offboard]: Vehicle left armed/OFFBOARD state; continuing debug hold
[INFO] [1781688322.231573159] [minipc_mavros_offboard]: Debug hold after OFFBOARD/armed drop: connected=True, armed=False, guided=False, manual_input=False, mode=OFFBOARD
[INFO] [1781688322.279840889] [minipc_mavros_offboard]: Holding MAVROS setpoint
[INFO] [1781688322.280392014] [minipc_mavros_offboard]: Vehicle left armed/OFFBOARD state; continuing debug hold
[INFO] [1781688322.280557158] [minipc_mavros_offboard]: Debug hold after OFFBOARD/armed drop: connected=True, armed=False, guided=False, manual_input=False, mode=OFFBOARD
[INFO] [1781688322.330031296] [minipc_mavros_offboard]: Holding MAVROS setpoint
[INFO] [1781688322.330969773] [minipc_mavros_offboard]: Vehicle left armed/OFFBOARD state; continuing debug hold
[INFO] [1781688322.331243421] [minipc_mavros_offboard]: Debug hold after OFFBOARD/armed drop: connected=True, armed=False, guided=False, manual_input=False, mode=OFFBOARD
[INFO] [1781688322.380286227] [minipc_mavros_offboard]: Holding MAVROS setpoint
[INFO] [1781688322.381110412] [minipc_mavros_offboard]: Vehicle left armed/OFFBOARD state; continuing debug hold
[INFO] [1781688322.381527415] [minipc_mavros_offboard]: Debug hold after OFFBOARD/armed drop: connected=True, armed=False, guided=False, manual_input=False, mode=OFFBOARD
[INFO] [1781688322.430027151] [minipc_mavros_offboard]: Holding MAVROS setpoint
[INFO] [1781688322.430684576] [minipc_mavros_offboard]: Vehicle left armed/OFFBOARD state; continuing debug hold
[INFO] [1781688322.430862946] [minipc_mavros_offboard]: Debug hold after OFFBOARD/armed drop: connected=True, armed=False, guided=False, manual_input=False, mode=OFFBOARD
[INFO] [1781688322.480785334] [minipc_mavros_offboard]: Holding MAVROS setpoint
[INFO] [1781688322.482484238] [minipc_mavros_offboard]: Vehicle left armed/OFFBOARD state; continuing debug hold
[INFO] [1781688322.482837510] [minipc_mavros_offboard]: Debug hold after OFFBOARD/armed drop: connected=True, armed=False, guided=False, manual_input=False, mode=OFFBOARD
[INFO] [1781688322.530542553] [minipc_mavros_offboard]: Holding MAVROS setpoint
[INFO] [1781688322.531856453] [minipc_mavros_offboard]: Vehicle left armed/OFFBOARD state; continuing debug hold
[INFO] [1781688322.532518611] [minipc_mavros_offboard]: Debug hold after OFFBOARD/armed drop: connected=True, armed=False, guided=False, manual_input=False, mode=OFFBOARD
[INFO] [1781688322.580498307] [minipc_mavros_offboard]: Holding MAVROS setpoint
[INFO] [1781688322.581450381] [minipc_mavros_offboard]: Vehicle left armed/OFFBOARD state; continuing debug hold
[INFO] [1781688322.581894164] [minipc_mavros_offboard]: Debug hold after OFFBOARD/armed drop: connected=True, armed=False, guided=False, manual_input=False, mode=OFFBOARD
[INFO] [1781688322.630176596] [minipc_mavros_offboard]: Holding MAVROS setpoint
[INFO] [1781688322.630910690] [minipc_mavros_offboard]: Vehicle left armed/OFFBOARD state; continuing debug hold
[INFO] [1781688322.631369970] [minipc_mavros_offboard]: Debug hold after OFFBOARD/armed drop: connected=True, armed=False, guided=False, manual_input=False, mode=OFFBOARD
[INFO] [1781688322.680461060] [minipc_mavros_offboard]: Holding MAVROS setpoint
[INFO] [1781688322.681302366] [minipc_mavros_offboard]: Vehicle left armed/OFFBOARD state; continuing debug hold
[INFO] [1781688322.681749672] [minipc_mavros_offboard]: Debug hold after OFFBOARD/armed drop: connected=True, armed=False, guided=False, manual_input=False, mode=OFFBOARD
[INFO] [1781688322.732215656] [minipc_mavros_offboard]: Holding MAVROS setpoint
[INFO] [1781688322.734962374] [minipc_mavros_offboard]: Vehicle left armed/OFFBOARD state; continuing debug hold
[INFO] [1781688322.735667947] [minipc_mavros_offboard]: Debug hold after OFFBOARD/armed drop: connected=True, armed=False, guided=False, manual_input=False, mode=OFFBOARD
[INFO] [1781688322.780503569] [minipc_mavros_offboard]: Holding MAVROS setpoint
[INFO] [1781688322.781368789] [minipc_mavros_offboard]: Vehicle left armed/OFFBOARD state; continuing debug hold
[INFO] [1781688322.781696644] [minipc_mavros_offboard]: Debug hold after OFFBOARD/armed drop: connected=True, armed=False, guided=False, manual_input=False, mode=OFFBOARD
[INFO] [1781688322.830031515] [minipc_mavros_offboard]: Holding MAVROS setpoint
[INFO] [1781688322.830604345] [minipc_mavros_offboard]: Vehicle left armed/OFFBOARD state; continuing debug hold
[INFO] [1781688322.830795965] [minipc_mavros_offboard]: Debug hold after OFFBOARD/armed drop: connected=True, armed=False, guided=False, manual_input=False, mode=OFFBOARD
[INFO] [1781688322.881892066] [minipc_mavros_offboard]: Holding MAVROS setpoint
[INFO] [1781688322.884882001] [minipc_mavros_offboard]: Vehicle left armed/OFFBOARD state; continuing debug hold
[INFO] [1781688322.885724149] [minipc_mavros_offboard]: Debug hold after OFFBOARD/armed drop: connected=True, armed=False, guided=False, manual_input=False, mode=OFFBOARD
[INFO] [1781688322.930454266] [minipc_mavros_offboard]: Holding MAVROS setpoint
[INFO] [1781688322.931488343] [minipc_mavros_offboard]: Vehicle left armed/OFFBOARD state; continuing debug hold
[INFO] [1781688322.931741104] [minipc_mavros_offboard]: Debug hold after OFFBOARD/armed drop: connected=True, armed=False, guided=False, manual_input=False, mode=OFFBOARD
[INFO] [1781688322.980375490] [minipc_mavros_offboard]: Holding MAVROS setpoint
[INFO] [1781688322.981451355] [minipc_mavros_offboard]: Vehicle left armed/OFFBOARD state; continuing debug hold
[INFO] [1781688322.981683828] [minipc_mavros_offboard]: Debug hold after OFFBOARD/armed drop: connected=True, armed=False, guided=False, manual_input=False, mode=OFFBOARD
[INFO] [1781688323.030740018] [minipc_mavros_offboard]: Holding MAVROS setpoint
[INFO] [1781688323.031898562] [minipc_mavros_offboard]: Vehicle left armed/OFFBOARD state; continuing debug hold
[INFO] [1781688323.032399111] [minipc_mavros_offboard]: Debug hold after OFFBOARD/armed drop: connected=True, armed=False, guided=False, manual_input=False, mode=OFFBOARD
[INFO] [1781688323.080272810] [minipc_mavros_offboard]: Holding MAVROS setpoint
[INFO] [1781688323.081178968] [minipc_mavros_offboard]: Vehicle left armed/OFFBOARD state; continuing debug hold
[INFO] [1781688323.081686881] [minipc_mavros_offboard]: Debug hold after OFFBOARD/armed drop: connected=True, armed=False, guided=False, manual_input=False, mode=OFFBOARD
[INFO] [1781688323.131892837] [minipc_mavros_offboard]: Holding MAVROS setpoint
[INFO] [1781688323.134327668] [minipc_mavros_offboard]: Vehicle left armed/OFFBOARD state; continuing debug hold
[INFO] [1781688323.135223298] [minipc_mavros_offboard]: Debug hold after OFFBOARD/armed drop: connected=True, armed=False, guided=False, manual_input=False, mode=OFFBOARD
[INFO] [1781688323.180645944] [minipc_mavros_offboard]: Holding MAVROS setpoint
[INFO] [1781688323.181932250] [minipc_mavros_offboard]: Vehicle left armed/OFFBOARD state; continuing debug hold
[INFO] [1781688323.182520134] [minipc_mavros_offboard]: Debug hold after OFFBOARD/armed drop: connected=True, armed=False, guided=False, manual_input=False, mode=OFFBOARD
[INFO] [1781688323.230305243] [minipc_mavros_offboard]: Holding MAVROS setpoint
[INFO] [1781688323.231145454] [minipc_mavros_offboard]: Vehicle left armed/OFFBOARD state; continuing debug hold
[INFO] [1781688323.231601308] [minipc_mavros_offboard]: Debug hold after OFFBOARD/armed drop: connected=True, armed=False, guided=False, manual_input=False, mode=OFFBOARD
[INFO] [1781688323.280148081] [minipc_mavros_offboard]: Holding MAVROS setpoint
[INFO] [1781688323.280666684] [minipc_mavros_offboard]: Vehicle left armed/OFFBOARD state; continuing debug hold
[INFO] [1781688323.281004899] [minipc_mavros_offboard]: Debug hold after OFFBOARD/armed drop: connected=True, armed=False, guided=False, manual_input=False, mode=OFFBOARD
[INFO] [1781688323.340104833] [minipc_mavros_offboard]: Holding MAVROS setpoint
[INFO] [1781688323.343531342] [minipc_mavros_offboard]: Vehicle left armed/OFFBOARD state; continuing debug hold
[INFO] [1781688323.344146447] [minipc_mavros_offboard]: Debug hold after OFFBOARD/armed drop: connected=True, armed=False, guided=False, manual_input=False, mode=OFFBOARD
[INFO] [1781688323.380633431] [minipc_mavros_offboard]: Holding MAVROS setpoint
[INFO] [1781688323.381911283] [minipc_mavros_offboard]: Vehicle left armed/OFFBOARD state; continuing debug hold
[INFO] [1781688323.382469046] [minipc_mavros_offboard]: Debug hold after OFFBOARD/armed drop: connected=True, armed=False, guided=False, manual_input=False, mode=OFFBOARD
[INFO] [1781688323.430531029] [minipc_mavros_offboard]: Holding MAVROS setpoint
[INFO] [1781688323.431285988] [minipc_mavros_offboard]: Vehicle left armed/OFFBOARD state; continuing debug hold
[INFO] [1781688323.431493043] [minipc_mavros_offboard]: Debug hold after OFFBOARD/armed drop: connected=True, armed=False, guided=False, manual_input=False, mode=OFFBOARD
[INFO] [1781688323.479835396] [minipc_mavros_offboard]: Holding MAVROS setpoint
[INFO] [1781688323.480686116] [minipc_mavros_offboard]: Vehicle left armed/OFFBOARD state; continuing debug hold
[INFO] [1781688323.480879916] [minipc_mavros_offboard]: Debug hold after OFFBOARD/armed drop: connected=True, armed=False, guided=False, manual_input=False, mode=OFFBOARD
[INFO] [1781688323.531540586] [minipc_mavros_offboard]: Holding MAVROS setpoint
[INFO] [1781688323.533714896] [minipc_mavros_offboard]: Vehicle left armed/OFFBOARD state; continuing debug hold
[INFO] [1781688323.534627927] [minipc_mavros_offboard]: Debug hold after OFFBOARD/armed drop: connected=True, armed=False, guided=False, manual_input=False, mode=OFFBOARD
[INFO] [1781688323.580278765] [minipc_mavros_offboard]: Holding MAVROS setpoint
[INFO] [1781688323.581244122] [minipc_mavros_offboard]: Vehicle left armed/OFFBOARD state; continuing debug hold
[INFO] [1781688323.581484896] [minipc_mavros_offboard]: Debug hold after OFFBOARD/armed drop: connected=True, armed=False, guided=False, manual_input=False, mode=OFFBOARD
[INFO] [1781688323.630143370] [minipc_mavros_offboard]: Holding MAVROS setpoint
[INFO] [1781688323.630877446] [minipc_mavros_offboard]: Vehicle left armed/OFFBOARD state; continuing debug hold
[INFO] [1781688323.631100933] [minipc_mavros_offboard]: Debug hold after OFFBOARD/armed drop: connected=True, armed=False, guided=False, manual_input=False, mode=OFFBOARD
[INFO] [1781688323.680404894] [minipc_mavros_offboard]: Holding MAVROS setpoint
[INFO] [1781688323.681398497] [minipc_mavros_offboard]: Vehicle left armed/OFFBOARD state; continuing debug hold
[INFO] [1781688323.681887229] [minipc_mavros_offboard]: Debug hold after OFFBOARD/armed drop: connected=True, armed=False, guided=False, manual_input=False, mode=OFFBOARD
[INFO] [1781688323.730668799] [minipc_mavros_offboard]: Holding MAVROS setpoint
[INFO] [1781688323.731853664] [minipc_mavros_offboard]: Vehicle left armed/OFFBOARD state; continuing debug hold
[INFO] [1781688323.732248142] [minipc_mavros_offboard]: Debug hold after OFFBOARD/armed drop: connected=True, armed=False, guided=False, manual_input=False, mode=OFFBOARD
[INFO] [1781688323.780117637] [minipc_mavros_offboard]: Holding MAVROS setpoint
[INFO] [1781688323.780535214] [minipc_mavros_offboard]: Vehicle left armed/OFFBOARD state; continuing debug hold
[INFO] [1781688323.780715338] [minipc_mavros_offboard]: Debug hold after OFFBOARD/armed drop: connected=True, armed=False, guided=False, manual_input=False, mode=OFFBOARD
[INFO] [1781688323.830604091] [minipc_mavros_offboard]: Holding MAVROS setpoint
[INFO] [1781688323.831183083] [minipc_mavros_offboard]: Vehicle left armed/OFFBOARD state; continuing debug hold
[INFO] [1781688323.831362992] [minipc_mavros_offboard]: Debug hold after OFFBOARD/armed drop: connected=True, armed=False, guided=False, manual_input=False, mode=OFFBOARD
[INFO] [1781688323.881123540] [minipc_mavros_offboard]: Holding MAVROS setpoint
[INFO] [1781688323.882562403] [minipc_mavros_offboard]: Vehicle left armed/OFFBOARD state; continuing debug hold
[INFO] [1781688323.883076134] [minipc_mavros_offboard]: Debug hold after OFFBOARD/armed drop: connected=True, armed=False, guided=False, manual_input=False, mode=OFFBOARD
[INFO] [1781688323.930209715] [minipc_mavros_offboard]: Holding MAVROS setpoint
[INFO] [1781688323.930916212] [minipc_mavros_offboard]: Vehicle left armed/OFFBOARD state; continuing debug hold
[INFO] [1781688323.931174945] [minipc_mavros_offboard]: Debug hold after OFFBOARD/armed drop: connected=True, armed=False, guided=False, manual_input=False, mode=OFFBOARD
[INFO] [1781688323.980007383] [minipc_mavros_offboard]: Holding MAVROS setpoint
[INFO] [1781688323.980569668] [minipc_mavros_offboard]: Vehicle left armed/OFFBOARD state; continuing debug hold
[INFO] [1781688323.980755650] [minipc_mavros_offboard]: Debug hold after OFFBOARD/armed drop: connected=True, armed=False, guided=False, manual_input=False, mode=OFFBOARD
[INFO] [1781688324.031914463] [minipc_mavros_offboard]: Holding MAVROS setpoint
[INFO] [1781688324.033850950] [minipc_mavros_offboard]: Vehicle left armed/OFFBOARD state; continuing debug hold
[INFO] [1781688324.034467866] [minipc_mavros_offboard]: Debug hold after OFFBOARD/armed drop: connected=True, armed=False, guided=False, manual_input=False, mode=OFFBOARD
[INFO] [1781688324.080425919] [minipc_mavros_offboard]: Holding MAVROS setpoint
[INFO] [1781688324.081423680] [minipc_mavros_offboard]: Vehicle left armed/OFFBOARD state; continuing debug hold
[INFO] [1781688324.081680889] [minipc_mavros_offboard]: Debug hold after OFFBOARD/armed drop: connected=True, armed=False, guided=False, manual_input=False, mode=OFFBOARD
[INFO] [1781688324.131380213] [minipc_mavros_offboard]: Holding MAVROS setpoint
[INFO] [1781688324.132341020] [minipc_mavros_offboard]: Vehicle left armed/OFFBOARD state; continuing debug hold
[INFO] [1781688324.132788646] [minipc_mavros_offboard]: Debug hold after OFFBOARD/armed drop: connected=True, armed=False, guided=False, manual_input=False, mode=OFFBOARD
[INFO] [1781688324.180673139] [minipc_mavros_offboard]: Holding MAVROS setpoint
[INFO] [1781688324.182852768] [minipc_mavros_offboard]: Vehicle left armed/OFFBOARD state; continuing debug hold
[INFO] [1781688324.183644187] [minipc_mavros_offboard]: Debug hold after OFFBOARD/armed drop: connected=True, armed=False, guided=False, manual_input=False, mode=OFFBOARD
[INFO] [1781688324.230423099] [minipc_mavros_offboard]: Holding MAVROS setpoint
[INFO] [1781688324.231082466] [minipc_mavros_offboard]: Vehicle left armed/OFFBOARD state; continuing debug hold
[INFO] [1781688324.231300078] [minipc_mavros_offboard]: Debug hold after OFFBOARD/armed drop: connected=True, armed=False, guided=False, manual_input=False, mode=OFFBOARD
[INFO] [1781688324.281653763] [minipc_mavros_offboard]: Holding MAVROS setpoint
[INFO] [1781688324.283505165] [minipc_mavros_offboard]: Vehicle left armed/OFFBOARD state; continuing debug hold
[INFO] [1781688324.283921262] [minipc_mavros_offboard]: Debug hold after OFFBOARD/armed drop: connected=True, armed=False, guided=False, manual_input=False, mode=OFFBOARD
[INFO] [1781688324.330209014] [minipc_mavros_offboard]: Holding MAVROS setpoint
[INFO] [1781688324.330984818] [minipc_mavros_offboard]: Vehicle left armed/OFFBOARD state; continuing debug hold
[INFO] [1781688324.331295659] [minipc_mavros_offboard]: Debug hold after OFFBOARD/armed drop: connected=True, armed=False, guided=False, manual_input=False, mode=OFFBOARD
[INFO] [1781688324.379896914] [minipc_mavros_offboard]: Holding MAVROS setpoint
[INFO] [1781688324.380461435] [minipc_mavros_offboard]: Vehicle left armed/OFFBOARD state; continuing debug hold
[INFO] [1781688324.380644955] [minipc_mavros_offboard]: Debug hold after OFFBOARD/armed drop: connected=True, armed=False, guided=False, manual_input=False, mode=OFFBOARD
[INFO] [1781688324.430426408] [minipc_mavros_offboard]: Holding MAVROS setpoint
[INFO] [1781688324.431306123] [minipc_mavros_offboard]: Vehicle left armed/OFFBOARD state; continuing debug hold
[INFO] [1781688324.431775429] [minipc_mavros_offboard]: Debug hold after OFFBOARD/armed drop: connected=True, armed=False, guided=False, manual_input=False, mode=OFFBOARD
[INFO] [1781688324.481667012] [minipc_mavros_offboard]: Holding MAVROS setpoint
[INFO] [1781688324.484057572] [minipc_mavros_offboard]: Vehicle left armed/OFFBOARD state; continuing debug hold
[INFO] [1781688324.484683071] [minipc_mavros_offboard]: Debug hold after OFFBOARD/armed drop: connected=True, armed=False, guided=False, manual_input=False, mode=OFFBOARD
[INFO] [1781688324.530595196] [minipc_mavros_offboard]: Holding MAVROS setpoint
[INFO] [1781688324.531963154] [minipc_mavros_offboard]: Vehicle left armed/OFFBOARD state; continuing debug hold
[INFO] [1781688324.532214912] [minipc_mavros_offboard]: Debug hold after OFFBOARD/armed drop: connected=True, armed=False, guided=False, manual_input=False, mode=OFFBOARD
[INFO] [1781688324.580290088] [minipc_mavros_offboard]: Holding MAVROS setpoint
[INFO] [1781688324.581071045] [minipc_mavros_offboard]: Vehicle left armed/OFFBOARD state; continuing debug hold
[INFO] [1781688324.581503812] [minipc_mavros_offboard]: Debug hold after OFFBOARD/armed drop: connected=True, armed=False, guided=False, manual_input=False, mode=OFFBOARD
[INFO] [1781688324.632242856] [minipc_mavros_offboard]: Holding MAVROS setpoint
[INFO] [1781688324.634296014] [minipc_mavros_offboard]: Vehicle left armed/OFFBOARD state; continuing debug hold
[INFO] [1781688324.634659703] [minipc_mavros_offboard]: Debug hold after OFFBOARD/armed drop: connected=True, armed=False, guided=False, manual_input=False, mode=OFFBOARD
[INFO] [1781688324.680284534] [minipc_mavros_offboard]: Holding MAVROS setpoint
[INFO] [1781688324.681048123] [minipc_mavros_offboard]: Vehicle left armed/OFFBOARD state; continuing debug hold
[INFO] [1781688324.681277952] [minipc_mavros_offboard]: Debug hold after OFFBOARD/armed drop: connected=True, armed=False, guided=False, manual_input=False, mode=OFFBOARD
[INFO] [1781688324.730411380] [minipc_mavros_offboard]: Holding MAVROS setpoint
[INFO] [1781688324.731126153] [minipc_mavros_offboard]: Vehicle left armed/OFFBOARD state; continuing debug hold
[INFO] [1781688324.731421046] [minipc_mavros_offboard]: Debug hold after OFFBOARD/armed drop: connected=True, armed=False, guided=False, manual_input=False, mode=OFFBOARD
[INFO] [1781688324.780106693] [minipc_mavros_offboard]: Holding MAVROS setpoint
[INFO] [1781688324.780929979] [minipc_mavros_offboard]: Vehicle left armed/OFFBOARD state; continuing debug hold
[INFO] [1781688324.781193640] [minipc_mavros_offboard]: Debug hold after OFFBOARD/armed drop: connected=True, armed=False, guided=False, manual_input=False, mode=OFFBOARD
[INFO] [1781688324.831691510] [minipc_mavros_offboard]: Holding MAVROS setpoint
[INFO] [1781688324.833802218] [minipc_mavros_offboard]: Vehicle left armed/OFFBOARD state; continuing debug hold
[INFO] [1781688324.834468600] [minipc_mavros_offboard]: Debug hold after OFFBOARD/armed drop: connected=True, armed=False, guided=False, manual_input=False, mode=OFFBOARD
[INFO] [1781688324.880565192] [minipc_mavros_offboard]: Holding MAVROS setpoint
[INFO] [1781688324.881713220] [minipc_mavros_offboard]: Vehicle left armed/OFFBOARD state; continuing debug hold
[INFO] [1781688324.882170241] [minipc_mavros_offboard]: Debug hold after OFFBOARD/armed drop: connected=True, armed=False, guided=False, manual_input=False, mode=OFFBOARD
[INFO] [1781688324.929981224] [minipc_mavros_offboard]: Holding MAVROS setpoint
[INFO] [1781688324.930481735] [minipc_mavros_offboard]: Vehicle left armed/OFFBOARD state; continuing debug hold
[INFO] [1781688324.930653683] [minipc_mavros_offboard]: Debug hold after OFFBOARD/armed drop: connected=True, armed=False, guided=False, manual_input=False, mode=OFFBOARD
[INFO] [1781688324.981925943] [minipc_mavros_offboard]: Holding MAVROS setpoint
[INFO] [1781688324.984025400] [minipc_mavros_offboard]: Vehicle left armed/OFFBOARD state; continuing debug hold
[INFO] [1781688324.984663905] [minipc_mavros_offboard]: Debug hold after OFFBOARD/armed drop: connected=True, armed=False, guided=False, manual_input=False, mode=OFFBOARD
[INFO] [1781688325.030499089] [minipc_mavros_offboard]: Holding MAVROS setpoint
[INFO] [1781688325.031472806] [minipc_mavros_offboard]: Vehicle left armed/OFFBOARD state; continuing debug hold
[INFO] [1781688325.032046597] [minipc_mavros_offboard]: Debug hold after OFFBOARD/armed drop: connected=True, armed=False, guided=False, manual_input=False, mode=OFFBOARD
[INFO] [1781688325.080095792] [minipc_mavros_offboard]: Holding MAVROS setpoint
[INFO] [1781688325.080557664] [minipc_mavros_offboard]: Vehicle left armed/OFFBOARD state; continuing debug hold
[INFO] [1781688325.080753967] [minipc_mavros_offboard]: Debug hold after OFFBOARD/armed drop: connected=True, armed=False, guided=False, manual_input=False, mode=OFFBOARD
[INFO] [1781688325.130184844] [minipc_mavros_offboard]: Holding MAVROS setpoint
[INFO] [1781688325.130955640] [minipc_mavros_offboard]: Vehicle left armed/OFFBOARD state; continuing debug hold
[INFO] [1781688325.131258009] [minipc_mavros_offboard]: Debug hold after OFFBOARD/armed drop: connected=True, armed=False, guided=False, manual_input=False, mode=OFFBOARD
[INFO] [1781688325.180579442] [minipc_mavros_offboard]: Holding MAVROS setpoint
[INFO] [1781688325.181662928] [minipc_mavros_offboard]: Vehicle left armed/OFFBOARD state; continuing debug hold
[INFO] [1781688325.181885569] [minipc_mavros_offboard]: Debug hold after OFFBOARD/armed drop: connected=True, armed=False, guided=False, manual_input=False, mode=OFFBOARD
[INFO] [1781688325.230137969] [minipc_mavros_offboard]: Holding MAVROS setpoint
[INFO] [1781688325.230808605] [minipc_mavros_offboard]: Vehicle left armed/OFFBOARD state; continuing debug hold
[INFO] [1781688325.231025533] [minipc_mavros_offboard]: Debug hold after OFFBOARD/armed drop: connected=True, armed=False, guided=False, manual_input=False, mode=OFFBOARD
[INFO] [1781688325.279928884] [minipc_mavros_offboard]: Holding MAVROS setpoint
[INFO] [1781688325.280465979] [minipc_mavros_offboard]: Vehicle left armed/OFFBOARD state; continuing debug hold
[INFO] [1781688325.280636658] [minipc_mavros_offboard]: Debug hold after OFFBOARD/armed drop: connected=True, armed=False, guided=False, manual_input=False, mode=OFFBOARD
[INFO] [1781688325.330353277] [minipc_mavros_offboard]: Holding MAVROS setpoint
[INFO] [1781688325.331414853] [minipc_mavros_offboard]: Vehicle left armed/OFFBOARD state; continuing debug hold
[INFO] [1781688325.331958627] [minipc_mavros_offboard]: Debug hold after OFFBOARD/armed drop: connected=True, armed=False, guided=False, manual_input=False, mode=OFFBOARD
[INFO] [1781688325.380482674] [minipc_mavros_offboard]: Holding MAVROS setpoint
[INFO] [1781688325.381428143] [minipc_mavros_offboard]: Vehicle left armed/OFFBOARD state; continuing debug hold
[INFO] [1781688325.381875819] [minipc_mavros_offboard]: Debug hold after OFFBOARD/armed drop: connected=True, armed=False, guided=False, manual_input=False, mode=OFFBOARD
[INFO] [1781688325.430569413] [minipc_mavros_offboard]: Holding MAVROS setpoint
[INFO] [1781688325.431501196] [minipc_mavros_offboard]: Vehicle left armed/OFFBOARD state; continuing debug hold
[INFO] [1781688325.431953475] [minipc_mavros_offboard]: Debug hold after OFFBOARD/armed drop: connected=True, armed=False, guided=False, manual_input=False, mode=OFFBOARD
[INFO] [1781688325.480305599] [minipc_mavros_offboard]: Holding MAVROS setpoint
[INFO] [1781688325.481049636] [minipc_mavros_offboard]: Vehicle left armed/OFFBOARD state; continuing debug hold
[INFO] [1781688325.481462658] [minipc_mavros_offboard]: Debug hold after OFFBOARD/armed drop: connected=True, armed=False, guided=False, manual_input=False, mode=OFFBOARD
[INFO] [1781688325.531118764] [minipc_mavros_offboard]: Holding MAVROS setpoint
[INFO] [1781688325.533428576] [minipc_mavros_offboard]: Vehicle left armed/OFFBOARD state; continuing debug hold
[INFO] [1781688325.533936710] [minipc_mavros_offboard]: Debug hold after OFFBOARD/armed drop: connected=True, armed=False, guided=False, manual_input=False, mode=OFFBOARD
[INFO] [1781688325.580870190] [minipc_mavros_offboard]: Holding MAVROS setpoint
[INFO] [1781688325.581522067] [minipc_mavros_offboard]: Vehicle left armed/OFFBOARD state; continuing debug hold
[INFO] [1781688325.581787624] [minipc_mavros_offboard]: Debug hold after OFFBOARD/armed drop: connected=True, armed=False, guided=False, manual_input=False, mode=OFFBOARD
[INFO] [1781688325.631122655] [minipc_mavros_offboard]: Holding MAVROS setpoint
[INFO] [1781688325.633733877] [minipc_mavros_offboard]: Vehicle left armed/OFFBOARD state; continuing debug hold
[INFO] [1781688325.634584492] [minipc_mavros_offboard]: Debug hold after OFFBOARD/armed drop: connected=True, armed=False, guided=False, manual_input=False, mode=OFFBOARD
[INFO] [1781688325.680683046] [minipc_mavros_offboard]: Holding MAVROS setpoint
[INFO] [1781688325.681789799] [minipc_mavros_offboard]: Vehicle left armed/OFFBOARD state; continuing debug hold
[INFO] [1781688325.682229278] [minipc_mavros_offboard]: Debug hold after OFFBOARD/armed drop: connected=True, armed=False, guided=False, manual_input=False, mode=OFFBOARD
[INFO] [1781688325.730102838] [minipc_mavros_offboard]: Holding MAVROS setpoint
[INFO] [1781688325.730821472] [minipc_mavros_offboard]: Vehicle left armed/OFFBOARD state; continuing debug hold
[INFO] [1781688325.731101719] [minipc_mavros_offboard]: Debug hold after OFFBOARD/armed drop: connected=True, armed=False, guided=False, manual_input=False, mode=OFFBOARD
[INFO] [1781688325.780128988] [minipc_mavros_offboard]: Holding MAVROS setpoint
[INFO] [1781688325.780559521] [minipc_mavros_offboard]: Vehicle left armed/OFFBOARD state; continuing debug hold
[INFO] [1781688325.780736958] [minipc_mavros_offboard]: Debug hold after OFFBOARD/armed drop: connected=True, armed=False, guided=False, manual_input=False, mode=OFFBOARD
[INFO] [1781688325.830052699] [minipc_mavros_offboard]: Holding MAVROS setpoint
[INFO] [1781688325.830595705] [minipc_mavros_offboard]: Vehicle left armed/OFFBOARD state; continuing debug hold
[INFO] [1781688325.830787504] [minipc_mavros_offboard]: Debug hold after OFFBOARD/armed drop: connected=True, armed=False, guided=False, manual_input=False, mode=OFFBOARD
[INFO] [1781688325.881109966] [minipc_mavros_offboard]: Holding MAVROS setpoint
[INFO] [1781688325.882651094] [minipc_mavros_offboard]: Vehicle left armed/OFFBOARD state; continuing debug hold
[INFO] [1781688325.883243109] [minipc_mavros_offboard]: Debug hold after OFFBOARD/armed drop: connected=True, armed=False, guided=False, manual_input=False, mode=OFFBOARD
[INFO] [1781688325.930115304] [minipc_mavros_offboard]: Holding MAVROS setpoint
[INFO] [1781688325.930616056] [minipc_mavros_offboard]: Vehicle left armed/OFFBOARD state; continuing debug hold
[INFO] [1781688325.930790467] [minipc_mavros_offboard]: Debug hold after OFFBOARD/armed drop: connected=True, armed=False, guided=False, manual_input=False, mode=OFFBOARD
[INFO] [1781688325.990549542] [minipc_mavros_offboard]: Holding MAVROS setpoint
[INFO] [1781688325.991242329] [minipc_mavros_offboard]: Vehicle left armed/OFFBOARD state; continuing debug hold
[INFO] [1781688325.991578612] [minipc_mavros_offboard]: Debug hold after OFFBOARD/armed drop: connected=True, armed=False, guided=False, manual_input=False, mode=OFFBOARD
[INFO] [1781688326.030514304] [minipc_mavros_offboard]: Holding MAVROS setpoint
[INFO] [1781688326.031459571] [minipc_mavros_offboard]: Vehicle left armed/OFFBOARD state; continuing debug hold
[INFO] [1781688326.031706919] [minipc_mavros_offboard]: Debug hold after OFFBOARD/armed drop: connected=True, armed=False, guided=False, manual_input=False, mode=OFFBOARD
[INFO] [1781688326.080091458] [minipc_mavros_offboard]: Holding MAVROS setpoint
[INFO] [1781688326.080810149] [minipc_mavros_offboard]: Vehicle left armed/OFFBOARD state; continuing debug hold
[INFO] [1781688326.081090618] [minipc_mavros_offboard]: Debug hold after OFFBOARD/armed drop: connected=True, armed=False, guided=False, manual_input=False, mode=OFFBOARD
[INFO] [1781688326.131810661] [minipc_mavros_offboard]: Holding MAVROS setpoint
[INFO] [1781688326.133153343] [minipc_mavros_offboard]: Vehicle left armed/OFFBOARD state; continuing debug hold
[INFO] [1781688326.133590913] [minipc_mavros_offboard]: Debug hold after OFFBOARD/armed drop: connected=True, armed=False, guided=False, manual_input=False, mode=OFFBOARD
[INFO] [1781688326.180428049] [minipc_mavros_offboard]: Holding MAVROS setpoint
[INFO] [1781688326.181577107] [minipc_mavros_offboard]: Vehicle left armed/OFFBOARD state; continuing debug hold
[INFO] [1781688326.182148369] [minipc_mavros_offboard]: Debug hold after OFFBOARD/armed drop: connected=True, armed=False, guided=False, manual_input=False, mode=OFFBOARD
[INFO] [1781688326.231748107] [minipc_mavros_offboard]: Holding MAVROS setpoint
[INFO] [1781688326.232572194] [minipc_mavros_offboard]: Vehicle left armed/OFFBOARD state; continuing debug hold
[INFO] [1781688326.232779862] [minipc_mavros_offboard]: Debug hold after OFFBOARD/armed drop: connected=True, armed=False, guided=False, manual_input=False, mode=OFFBOARD
[INFO] [1781688326.280155635] [minipc_mavros_offboard]: Holding MAVROS setpoint
[INFO] [1781688326.280633475] [minipc_mavros_offboard]: Vehicle left armed/OFFBOARD state; continuing debug hold
[INFO] [1781688326.280845679] [minipc_mavros_offboard]: Debug hold after OFFBOARD/armed drop: connected=True, armed=False, guided=False, manual_input=False, mode=OFFBOARD
[INFO] [1781688326.331412347] [minipc_mavros_offboard]: Holding MAVROS setpoint
[INFO] [1781688326.333223126] [minipc_mavros_offboard]: Vehicle left armed/OFFBOARD state; continuing debug hold
[INFO] [1781688326.333623319] [minipc_mavros_offboard]: Debug hold after OFFBOARD/armed drop: connected=True, armed=False, guided=False, manual_input=False, mode=OFFBOARD
[INFO] [1781688326.380485373] [minipc_mavros_offboard]: Holding MAVROS setpoint
[INFO] [1781688326.381518673] [minipc_mavros_offboard]: Vehicle left armed/OFFBOARD state; continuing debug hold
[INFO] [1781688326.381794654] [minipc_mavros_offboard]: Debug hold after OFFBOARD/armed drop: connected=True, armed=False, guided=False, manual_input=False, mode=OFFBOARD
[INFO] [1781688326.430394406] [minipc_mavros_offboard]: Holding MAVROS setpoint
[INFO] [1781688326.431209433] [minipc_mavros_offboard]: Vehicle left armed/OFFBOARD state; continuing debug hold
[INFO] [1781688326.431451853] [minipc_mavros_offboard]: Debug hold after OFFBOARD/armed drop: connected=True, armed=False, guided=False, manual_input=False, mode=OFFBOARD
[INFO] [1781688326.482817400] [minipc_mavros_offboard]: Holding MAVROS setpoint
[INFO] [1781688326.483703168] [minipc_mavros_offboard]: Vehicle left armed/OFFBOARD state; continuing debug hold
[INFO] [1781688326.483938981] [minipc_mavros_offboard]: Debug hold after OFFBOARD/armed drop: connected=True, armed=False, guided=False, manual_input=False, mode=OFFBOARD
[INFO] [1781688326.530232366] [minipc_mavros_offboard]: Holding MAVROS setpoint
[INFO] [1781688326.531024130] [minipc_mavros_offboard]: Vehicle left armed/OFFBOARD state; continuing debug hold
[INFO] [1781688326.531230594] [minipc_mavros_offboard]: Debug hold after OFFBOARD/armed drop: connected=True, armed=False, guided=False, manual_input=False, mode=OFFBOARD
[INFO] [1781688326.581838761] [minipc_mavros_offboard]: Holding MAVROS setpoint
[INFO] [1781688326.582811580] [minipc_mavros_offboard]: Vehicle left armed/OFFBOARD state; continuing debug hold
[INFO] [1781688326.583121833] [minipc_mavros_offboard]: Debug hold after OFFBOARD/armed drop: connected=True, armed=False, guided=False, manual_input=False, mode=OFFBOARD
[INFO] [1781688326.629957104] [minipc_mavros_offboard]: Holding MAVROS setpoint
[INFO] [1781688326.630434605] [minipc_mavros_offboard]: Vehicle left armed/OFFBOARD state; continuing debug hold
[INFO] [1781688326.630622535] [minipc_mavros_offboard]: Debug hold after OFFBOARD/armed drop: connected=True, armed=False, guided=False, manual_input=False, mode=OFFBOARD
[INFO] [1781688326.682491692] [minipc_mavros_offboard]: Holding MAVROS setpoint
[INFO] [1781688326.684453404] [minipc_mavros_offboard]: Vehicle left armed/OFFBOARD state; continuing debug hold
[INFO] [1781688326.684864346] [minipc_mavros_offboard]: Debug hold after OFFBOARD/armed drop: connected=True, armed=False, guided=False, manual_input=False, mode=OFFBOARD
[INFO] [1781688326.730310085] [minipc_mavros_offboard]: Holding MAVROS setpoint
[INFO] [1781688326.731340476] [minipc_mavros_offboard]: Vehicle left armed/OFFBOARD state; continuing debug hold
[INFO] [1781688326.731573510] [minipc_mavros_offboard]: Debug hold after OFFBOARD/armed drop: connected=True, armed=False, guided=False, manual_input=False, mode=OFFBOARD
[INFO] [1781688326.780943185] [minipc_mavros_offboard]: Holding MAVROS setpoint
[INFO] [1781688326.782244830] [minipc_mavros_offboard]: Vehicle left armed/OFFBOARD state; continuing debug hold
[INFO] [1781688326.782482710] [minipc_mavros_offboard]: Debug hold after OFFBOARD/armed drop: connected=True, armed=False, guided=False, manual_input=False, mode=OFFBOARD
[INFO] [1781688326.830320323] [minipc_mavros_offboard]: Holding MAVROS setpoint
[INFO] [1781688326.830901753] [minipc_mavros_offboard]: Vehicle left armed/OFFBOARD state; continuing debug hold
[INFO] [1781688326.831107878] [minipc_mavros_offboard]: Debug hold after OFFBOARD/armed drop: connected=True, armed=False, guided=False, manual_input=False, mode=OFFBOARD
[INFO] [1781688326.881392993] [minipc_mavros_offboard]: Holding MAVROS setpoint
[INFO] [1781688326.882445542] [minipc_mavros_offboard]: Vehicle left armed/OFFBOARD state; continuing debug hold
[INFO] [1781688326.883010436] [minipc_mavros_offboard]: Debug hold after OFFBOARD/armed drop: connected=True, armed=False, guided=False, manual_input=False, mode=OFFBOARD
[INFO] [1781688326.930478579] [minipc_mavros_offboard]: Holding MAVROS setpoint
[INFO] [1781688326.931378214] [minipc_mavros_offboard]: Vehicle left armed/OFFBOARD state; continuing debug hold
[INFO] [1781688326.931634286] [minipc_mavros_offboard]: Debug hold after OFFBOARD/armed drop: connected=True, armed=False, guided=False, manual_input=False, mode=OFFBOARD
[INFO] [1781688326.980491154] [minipc_mavros_offboard]: Holding MAVROS setpoint
[INFO] [1781688326.981779356] [minipc_mavros_offboard]: Vehicle left armed/OFFBOARD state; continuing debug hold
[INFO] [1781688326.982071291] [minipc_mavros_offboard]: Debug hold after OFFBOARD/armed drop: connected=True, armed=False, guided=False, manual_input=False, mode=OFFBOARD
[INFO] [1781688327.030590760] [minipc_mavros_offboard]: Holding MAVROS setpoint
[INFO] [1781688327.031529374] [minipc_mavros_offboard]: Vehicle left armed/OFFBOARD state; continuing debug hold
[INFO] [1781688327.031941390] [minipc_mavros_offboard]: Debug hold after OFFBOARD/armed drop: connected=True, armed=False, guided=False, manual_input=False, mode=OFFBOARD
[INFO] [1781688327.080520511] [minipc_mavros_offboard]: Holding MAVROS setpoint
[INFO] [1781688327.081126961] [minipc_mavros_offboard]: Vehicle left armed/OFFBOARD state; continuing debug hold
[INFO] [1781688327.081402930] [minipc_mavros_offboard]: Debug hold after OFFBOARD/armed drop: connected=True, armed=False, guided=False, manual_input=False, mode=OFFBOARD
[INFO] [1781688327.130941694] [minipc_mavros_offboard]: Holding MAVROS setpoint
[INFO] [1781688327.132648769] [minipc_mavros_offboard]: Vehicle left armed/OFFBOARD state; continuing debug hold
[INFO] [1781688327.133046897] [minipc_mavros_offboard]: Debug hold after OFFBOARD/armed drop: connected=True, armed=False, guided=False, manual_input=False, mode=OFFBOARD
[INFO] [1781688327.180646876] [minipc_mavros_offboard]: Holding MAVROS setpoint
[INFO] [1781688327.181595363] [minipc_mavros_offboard]: Vehicle left armed/OFFBOARD state; continuing debug hold
[INFO] [1781688327.181819554] [minipc_mavros_offboard]: Debug hold after OFFBOARD/armed drop: connected=True, armed=False, guided=False, manual_input=False, mode=OFFBOARD
[INFO] [1781688327.230320291] [minipc_mavros_offboard]: Holding MAVROS setpoint
[INFO] [1781688327.231019240] [minipc_mavros_offboard]: Vehicle left armed/OFFBOARD state; continuing debug hold
[INFO] [1781688327.231240541] [minipc_mavros_offboard]: Debug hold after OFFBOARD/armed drop: connected=True, armed=False, guided=False, manual_input=False, mode=OFFBOARD
[INFO] [1781688327.279998019] [minipc_mavros_offboard]: Holding MAVROS setpoint
[INFO] [1781688327.280611331] [minipc_mavros_offboard]: Vehicle left armed/OFFBOARD state; continuing debug hold
[INFO] [1781688327.280891891] [minipc_mavros_offboard]: Debug hold after OFFBOARD/armed drop: connected=True, armed=False, guided=False, manual_input=False, mode=OFFBOARD
[INFO] [1781688327.332344558] [minipc_mavros_offboard]: Holding MAVROS setpoint
[INFO] [1781688327.334427464] [minipc_mavros_offboard]: Vehicle left armed/OFFBOARD state; continuing debug hold
[INFO] [1781688327.334957649] [minipc_mavros_offboard]: Debug hold after OFFBOARD/armed drop: connected=True, armed=False, guided=False, manual_input=False, mode=OFFBOARD
[INFO] [1781688327.380196960] [minipc_mavros_offboard]: Holding MAVROS setpoint
[INFO] [1781688327.381077875] [minipc_mavros_offboard]: Vehicle left armed/OFFBOARD state; continuing debug hold
[INFO] [1781688327.381320771] [minipc_mavros_offboard]: Debug hold after OFFBOARD/armed drop: connected=True, armed=False, guided=False, manual_input=False, mode=OFFBOARD
[INFO] [1781688327.430402402] [minipc_mavros_offboard]: Holding MAVROS setpoint
[INFO] [1781688327.431139257] [minipc_mavros_offboard]: Vehicle left armed/OFFBOARD state; continuing debug hold
[INFO] [1781688327.431338828] [minipc_mavros_offboard]: Debug hold after OFFBOARD/armed drop: connected=True, armed=False, guided=False, manual_input=False, mode=OFFBOARD
[INFO] [1781688327.480406149] [minipc_mavros_offboard]: Holding MAVROS setpoint
[INFO] [1781688327.480981948] [minipc_mavros_offboard]: Vehicle left armed/OFFBOARD state; continuing debug hold
[INFO] [1781688327.481279263] [minipc_mavros_offboard]: Debug hold after OFFBOARD/armed drop: connected=True, armed=False, guided=False, manual_input=False, mode=OFFBOARD
[INFO] [1781688327.530205409] [minipc_mavros_offboard]: Holding MAVROS setpoint
[INFO] [1781688327.530803158] [minipc_mavros_offboard]: Vehicle left armed/OFFBOARD state; continuing debug hold
[INFO] [1781688327.531196569] [minipc_mavros_offboard]: Debug hold after OFFBOARD/armed drop: connected=True, armed=False, guided=False, manual_input=False, mode=OFFBOARD
[INFO] [1781688327.579826446] [minipc_mavros_offboard]: Holding MAVROS setpoint
[INFO] [1781688327.580367925] [minipc_mavros_offboard]: Vehicle left armed/OFFBOARD state; continuing debug hold
[INFO] [1781688327.580540630] [minipc_mavros_offboard]: Debug hold after OFFBOARD/armed drop: connected=True, armed=False, guided=False, manual_input=False, mode=OFFBOARD
[INFO] [1781688327.630108367] [minipc_mavros_offboard]: Holding MAVROS setpoint
[INFO] [1781688327.631126279] [minipc_mavros_offboard]: Vehicle left armed/OFFBOARD state; continuing debug hold
[INFO] [1781688327.631717920] [minipc_mavros_offboard]: Debug hold after OFFBOARD/armed drop: connected=True, armed=False, guided=False, manual_input=False, mode=OFFBOARD
[INFO] [1781688327.680520574] [minipc_mavros_offboard]: Holding MAVROS setpoint
[INFO] [1781688327.681516543] [minipc_mavros_offboard]: Vehicle left armed/OFFBOARD state; continuing debug hold
[INFO] [1781688327.681780176] [minipc_mavros_offboard]: Debug hold after OFFBOARD/armed drop: connected=True, armed=False, guided=False, manual_input=False, mode=OFFBOARD
[INFO] [1781688327.730364561] [minipc_mavros_offboard]: Holding MAVROS setpoint
[INFO] [1781688327.731213482] [minipc_mavros_offboard]: Vehicle left armed/OFFBOARD state; continuing debug hold
[INFO] [1781688327.731454436] [minipc_mavros_offboard]: Debug hold after OFFBOARD/armed drop: connected=True, armed=False, guided=False, manual_input=False, mode=OFFBOARD
[INFO] [1781688327.780384550] [minipc_mavros_offboard]: Holding MAVROS setpoint
[INFO] [1781688327.781262847] [minipc_mavros_offboard]: Vehicle left armed/OFFBOARD state; continuing debug hold
[INFO] [1781688327.781726103] [minipc_mavros_offboard]: Debug hold after OFFBOARD/armed drop: connected=True, armed=False, guided=False, manual_input=False, mode=OFFBOARD
[INFO] [1781688327.830289117] [minipc_mavros_offboard]: Holding MAVROS setpoint
[INFO] [1781688327.830968352] [minipc_mavros_offboard]: Vehicle left armed/OFFBOARD state; continuing debug hold
[INFO] [1781688327.831191473] [minipc_mavros_offboard]: Debug hold after OFFBOARD/armed drop: connected=True, armed=False, guided=False, manual_input=False, mode=OFFBOARD
[INFO] [1781688327.880490204] [minipc_mavros_offboard]: Holding MAVROS setpoint
[INFO] [1781688327.882386501] [minipc_mavros_offboard]: Vehicle left armed/OFFBOARD state; continuing debug hold
[INFO] [1781688327.882715861] [minipc_mavros_offboard]: Debug hold after OFFBOARD/armed drop: connected=True, armed=False, guided=False, manual_input=False, mode=OFFBOARD
[INFO] [1781688327.930249722] [minipc_mavros_offboard]: Holding MAVROS setpoint
[INFO] [1781688327.931183902] [minipc_mavros_offboard]: Vehicle left armed/OFFBOARD state; continuing debug hold
[INFO] [1781688327.931494135] [minipc_mavros_offboard]: Debug hold after OFFBOARD/armed drop: connected=True, armed=False, guided=False, manual_input=False, mode=OFFBOARD
[INFO] [1781688327.980454076] [minipc_mavros_offboard]: Holding MAVROS setpoint
[INFO] [1781688327.981351045] [minipc_mavros_offboard]: Vehicle left armed/OFFBOARD state; continuing debug hold
[INFO] [1781688327.981847177] [minipc_mavros_offboard]: Debug hold after OFFBOARD/armed drop: connected=True, armed=False, guided=False, manual_input=False, mode=OFFBOARD
[INFO] [1781688328.030011401] [minipc_mavros_offboard]: Holding MAVROS setpoint
[INFO] [1781688328.030492991] [minipc_mavros_offboard]: Vehicle left armed/OFFBOARD state; continuing debug hold
[INFO] [1781688328.030682116] [minipc_mavros_offboard]: Debug hold after OFFBOARD/armed drop: connected=True, armed=False, guided=False, manual_input=False, mode=OFFBOARD
[INFO] [1781688328.080165077] [minipc_mavros_offboard]: Holding MAVROS setpoint
[INFO] [1781688328.080866754] [minipc_mavros_offboard]: Vehicle left armed/OFFBOARD state; continuing debug hold
[INFO] [1781688328.081106370] [minipc_mavros_offboard]: Debug hold after OFFBOARD/armed drop: connected=True, armed=False, guided=False, manual_input=False, mode=OFFBOARD
[INFO] [1781688328.130364197] [minipc_mavros_offboard]: Holding MAVROS setpoint
[INFO] [1781688328.131138046] [minipc_mavros_offboard]: Vehicle left armed/OFFBOARD state; continuing debug hold
[INFO] [1781688328.131341821] [minipc_mavros_offboard]: Debug hold after OFFBOARD/armed drop: connected=True, armed=False, guided=False, manual_input=False, mode=OFFBOARD
[INFO] [1781688328.180777276] [minipc_mavros_offboard]: Holding MAVROS setpoint
[INFO] [1781688328.181713248] [minipc_mavros_offboard]: Vehicle left armed/OFFBOARD state; continuing debug hold
[INFO] [1781688328.181936302] [minipc_mavros_offboard]: Debug hold after OFFBOARD/armed drop: connected=True, armed=False, guided=False, manual_input=False, mode=OFFBOARD
[INFO] [1781688328.230196293] [minipc_mavros_offboard]: Holding MAVROS setpoint
[INFO] [1781688328.230886573] [minipc_mavros_offboard]: Vehicle left armed/OFFBOARD state; continuing debug hold
[INFO] [1781688328.231103072] [minipc_mavros_offboard]: Debug hold after OFFBOARD/armed drop: connected=True, armed=False, guided=False, manual_input=False, mode=OFFBOARD
[INFO] [1781688328.280067372] [minipc_mavros_offboard]: Holding MAVROS setpoint
[INFO] [1781688328.280676559] [minipc_mavros_offboard]: Vehicle left armed/OFFBOARD state; continuing debug hold
[INFO] [1781688328.280908853] [minipc_mavros_offboard]: Debug hold after OFFBOARD/armed drop: connected=True, armed=False, guided=False, manual_input=False, mode=OFFBOARD
[INFO] [1781688328.331957605] [minipc_mavros_offboard]: Holding MAVROS setpoint
[INFO] [1781688328.335052433] [minipc_mavros_offboard]: Vehicle left armed/OFFBOARD state; continuing debug hold
[INFO] [1781688328.335889188] [minipc_mavros_offboard]: Debug hold after OFFBOARD/armed drop: connected=True, armed=False, guided=False, manual_input=False, mode=OFFBOARD
[INFO] [1781688328.380312032] [minipc_mavros_offboard]: Holding MAVROS setpoint
[INFO] [1781688328.381107192] [minipc_mavros_offboard]: Vehicle left armed/OFFBOARD state; continuing debug hold
[INFO] [1781688328.381302870] [minipc_mavros_offboard]: Debug hold after OFFBOARD/armed drop: connected=True, armed=False, guided=False, manual_input=False, mode=OFFBOARD
[INFO] [1781688328.430084721] [minipc_mavros_offboard]: Holding MAVROS setpoint
[INFO] [1781688328.430637942] [minipc_mavros_offboard]: Vehicle left armed/OFFBOARD state; continuing debug hold
[INFO] [1781688328.430825649] [minipc_mavros_offboard]: Debug hold after OFFBOARD/armed drop: connected=True, armed=False, guided=False, manual_input=False, mode=OFFBOARD
[INFO] [1781688328.480853126] [minipc_mavros_offboard]: Holding MAVROS setpoint
[INFO] [1781688328.482503129] [minipc_mavros_offboard]: Vehicle left armed/OFFBOARD state; continuing debug hold
[INFO] [1781688328.482965876] [minipc_mavros_offboard]: Debug hold after OFFBOARD/armed drop: connected=True, armed=False, guided=False, manual_input=False, mode=OFFBOARD
[INFO] [1781688328.530672036] [minipc_mavros_offboard]: Holding MAVROS setpoint
[INFO] [1781688328.531450230] [minipc_mavros_offboard]: Vehicle left armed/OFFBOARD state; continuing debug hold
[INFO] [1781688328.531754683] [minipc_mavros_offboard]: Debug hold after OFFBOARD/armed drop: connected=True, armed=False, guided=False, manual_input=False, mode=OFFBOARD
[INFO] [1781688328.590100011] [minipc_mavros_offboard]: Holding MAVROS setpoint
[INFO] [1781688328.592637350] [minipc_mavros_offboard]: Vehicle left armed/OFFBOARD state; continuing debug hold
[INFO] [1781688328.592891768] [minipc_mavros_offboard]: Debug hold after OFFBOARD/armed drop: connected=True, armed=False, guided=False, manual_input=False, mode=OFFBOARD
[INFO] [1781688328.630130560] [minipc_mavros_offboard]: Holding MAVROS setpoint
[INFO] [1781688328.630741178] [minipc_mavros_offboard]: Vehicle left armed/OFFBOARD state; continuing debug hold
[INFO] [1781688328.630923150] [minipc_mavros_offboard]: Debug hold after OFFBOARD/armed drop: connected=True, armed=False, guided=False, manual_input=False, mode=OFFBOARD
[INFO] [1781688328.680371346] [minipc_mavros_offboard]: Holding MAVROS setpoint
[INFO] [1781688328.681215185] [minipc_mavros_offboard]: Vehicle left armed/OFFBOARD state; continuing debug hold
[INFO] [1781688328.681673285] [minipc_mavros_offboard]: Debug hold after OFFBOARD/armed drop: connected=True, armed=False, guided=False, manual_input=False, mode=OFFBOARD
[INFO] [1781688328.730347270] [minipc_mavros_offboard]: Holding MAVROS setpoint
[INFO] [1781688328.731066388] [minipc_mavros_offboard]: Vehicle left armed/OFFBOARD state; continuing debug hold
[INFO] [1781688328.731484078] [minipc_mavros_offboard]: Debug hold after OFFBOARD/armed drop: connected=True, armed=False, guided=False, manual_input=False, mode=OFFBOARD
[INFO] [1781688328.781001179] [minipc_mavros_offboard]: Holding MAVROS setpoint
[INFO] [1781688328.781962245] [minipc_mavros_offboard]: Vehicle left armed/OFFBOARD state; continuing debug hold
[INFO] [1781688328.782405512] [minipc_mavros_offboard]: Debug hold after OFFBOARD/armed drop: connected=True, armed=False, guided=False, manual_input=False, mode=OFFBOARD
[INFO] [1781688328.830264791] [minipc_mavros_offboard]: Holding MAVROS setpoint
[INFO] [1781688328.830930372] [minipc_mavros_offboard]: Vehicle left armed/OFFBOARD state; continuing debug hold
[INFO] [1781688328.831221302] [minipc_mavros_offboard]: Debug hold after OFFBOARD/armed drop: connected=True, armed=False, guided=False, manual_input=False, mode=OFFBOARD
[INFO] [1781688328.881212808] [minipc_mavros_offboard]: Holding MAVROS setpoint
[INFO] [1781688328.882645839] [minipc_mavros_offboard]: Vehicle left armed/OFFBOARD state; continuing debug hold
[INFO] [1781688328.883053031] [minipc_mavros_offboard]: Debug hold after OFFBOARD/armed drop: connected=True, armed=False, guided=False, manual_input=False, mode=OFFBOARD
[INFO] [1781688328.930368051] [minipc_mavros_offboard]: Holding MAVROS setpoint
[INFO] [1781688328.930870754] [minipc_mavros_offboard]: Vehicle left armed/OFFBOARD state; continuing debug hold
[INFO] [1781688328.931079866] [minipc_mavros_offboard]: Debug hold after OFFBOARD/armed drop: connected=True, armed=False, guided=False, manual_input=False, mode=OFFBOARD
[INFO] [1781688328.980911242] [minipc_mavros_offboard]: Holding MAVROS setpoint
[INFO] [1781688328.981878915] [minipc_mavros_offboard]: Vehicle left armed/OFFBOARD state; continuing debug hold
[INFO] [1781688328.982382300] [minipc_mavros_offboard]: Debug hold after OFFBOARD/armed drop: connected=True, armed=False, guided=False, manual_input=False, mode=OFFBOARD
[INFO] [1781688329.031481986] [minipc_mavros_offboard]: Holding MAVROS setpoint
[INFO] [1781688329.035853859] [minipc_mavros_offboard]: Vehicle left armed/OFFBOARD state; continuing debug hold
[INFO] [1781688329.036686795] [minipc_mavros_offboard]: Debug hold after OFFBOARD/armed drop: connected=True, armed=False, guided=False, manual_input=False, mode=OFFBOARD
[INFO] [1781688329.080430412] [minipc_mavros_offboard]: Holding MAVROS setpoint
[INFO] [1781688329.081419255] [minipc_mavros_offboard]: Vehicle left armed/OFFBOARD state; continuing debug hold
[INFO] [1781688329.081950612] [minipc_mavros_offboard]: Debug hold after OFFBOARD/armed drop: connected=True, armed=False, guided=False, manual_input=False, mode=OFFBOARD
[INFO] [1781688329.130097019] [minipc_mavros_offboard]: Holding MAVROS setpoint
[INFO] [1781688329.130660047] [minipc_mavros_offboard]: Vehicle left armed/OFFBOARD state; continuing debug hold
[INFO] [1781688329.130871556] [minipc_mavros_offboard]: Debug hold after OFFBOARD/armed drop: connected=True, armed=False, guided=False, manual_input=False, mode=OFFBOARD
[INFO] [1781688329.180353466] [minipc_mavros_offboard]: Holding MAVROS setpoint
[INFO] [1781688329.181249957] [minipc_mavros_offboard]: Vehicle left armed/OFFBOARD state; continuing debug hold
[INFO] [1781688329.181481494] [minipc_mavros_offboard]: Debug hold after OFFBOARD/armed drop: connected=True, armed=False, guided=False, manual_input=False, mode=OFFBOARD
[INFO] [1781688329.230116735] [minipc_mavros_offboard]: Holding MAVROS setpoint
[INFO] [1781688329.230696874] [minipc_mavros_offboard]: Vehicle left armed/OFFBOARD state; continuing debug hold
[INFO] [1781688329.230876817] [minipc_mavros_offboard]: Debug hold after OFFBOARD/armed drop: connected=True, armed=False, guided=False, manual_input=False, mode=OFFBOARD
[INFO] [1781688329.280444609] [minipc_mavros_offboard]: Holding MAVROS setpoint
[INFO] [1781688329.281244605] [minipc_mavros_offboard]: Vehicle left armed/OFFBOARD state; continuing debug hold
[INFO] [1781688329.281729659] [minipc_mavros_offboard]: Debug hold after OFFBOARD/armed drop: connected=True, armed=False, guided=False, manual_input=False, mode=OFFBOARD
[INFO] [1781688329.330419386] [minipc_mavros_offboard]: Holding MAVROS setpoint
[INFO] [1781688329.331353987] [minipc_mavros_offboard]: Vehicle left armed/OFFBOARD state; continuing debug hold
[INFO] [1781688329.331897711] [minipc_mavros_offboard]: Debug hold after OFFBOARD/armed drop: connected=True, armed=False, guided=False, manual_input=False, mode=OFFBOARD
[INFO] [1781688329.380210249] [minipc_mavros_offboard]: Holding MAVROS setpoint
[INFO] [1781688329.380866591] [minipc_mavros_offboard]: Vehicle left armed/OFFBOARD state; continuing debug hold
[INFO] [1781688329.381292763] [minipc_mavros_offboard]: Debug hold after OFFBOARD/armed drop: connected=True, armed=False, guided=False, manual_input=False, mode=OFFBOARD
[INFO] [1781688329.430326303] [minipc_mavros_offboard]: Holding MAVROS setpoint
[INFO] [1781688329.430896145] [minipc_mavros_offboard]: Vehicle left armed/OFFBOARD state; continuing debug hold
[INFO] [1781688329.431155624] [minipc_mavros_offboard]: Debug hold after OFFBOARD/armed drop: connected=True, armed=False, guided=False, manual_input=False, mode=OFFBOARD
[INFO] [1781688329.480015996] [minipc_mavros_offboard]: Holding MAVROS setpoint
[INFO] [1781688329.480679544] [minipc_mavros_offboard]: Vehicle left armed/OFFBOARD state; continuing debug hold
[INFO] [1781688329.480876340] [minipc_mavros_offboard]: Debug hold after OFFBOARD/armed drop: connected=True, armed=False, guided=False, manual_input=False, mode=OFFBOARD
[INFO] [1781688329.530298479] [minipc_mavros_offboard]: Holding MAVROS setpoint
[INFO] [1781688329.531004000] [minipc_mavros_offboard]: Vehicle left armed/OFFBOARD state; continuing debug hold
[INFO] [1781688329.531193835] [minipc_mavros_offboard]: Debug hold after OFFBOARD/armed drop: connected=True, armed=False, guided=False, manual_input=False, mode=OFFBOARD
[INFO] [1781688329.580246681] [minipc_mavros_offboard]: Holding MAVROS setpoint
[INFO] [1781688329.580803404] [minipc_mavros_offboard]: Vehicle left armed/OFFBOARD state; continuing debug hold
[INFO] [1781688329.581008001] [minipc_mavros_offboard]: Debug hold after OFFBOARD/armed drop: connected=True, armed=False, guided=False, manual_input=False, mode=OFFBOARD
[INFO] [1781688329.631842175] [minipc_mavros_offboard]: Holding MAVROS setpoint
[INFO] [1781688329.633702822] [minipc_mavros_offboard]: Vehicle left armed/OFFBOARD state; continuing debug hold
[INFO] [1781688329.633940717] [minipc_mavros_offboard]: Debug hold after OFFBOARD/armed drop: connected=True, armed=False, guided=False, manual_input=False, mode=OFFBOARD
[INFO] [1781688329.680329945] [minipc_mavros_offboard]: Holding MAVROS setpoint
[INFO] [1781688329.681161743] [minipc_mavros_offboard]: Vehicle left armed/OFFBOARD state; continuing debug hold
[INFO] [1781688329.681584034] [minipc_mavros_offboard]: Debug hold after OFFBOARD/armed drop: connected=True, armed=False, guided=False, manual_input=False, mode=OFFBOARD
[INFO] [1781688329.730898545] [minipc_mavros_offboard]: Holding MAVROS setpoint
[INFO] [1781688329.732093210] [minipc_mavros_offboard]: Vehicle left armed/OFFBOARD state; continuing debug hold
[INFO] [1781688329.732530442] [minipc_mavros_offboard]: Debug hold after OFFBOARD/armed drop: connected=True, armed=False, guided=False, manual_input=False, mode=OFFBOARD
[INFO] [1781688329.780538783] [minipc_mavros_offboard]: Holding MAVROS setpoint
[INFO] [1781688329.781260197] [minipc_mavros_offboard]: Vehicle left armed/OFFBOARD state; continuing debug hold
[INFO] [1781688329.781615126] [minipc_mavros_offboard]: Debug hold after OFFBOARD/armed drop: connected=True, armed=False, guided=False, manual_input=False, mode=OFFBOARD
[INFO] [1781688329.830211077] [minipc_mavros_offboard]: Holding MAVROS setpoint
[INFO] [1781688329.830883755] [minipc_mavros_offboard]: Vehicle left armed/OFFBOARD state; continuing debug hold
[INFO] [1781688329.831105647] [minipc_mavros_offboard]: Debug hold after OFFBOARD/armed drop: connected=True, armed=False, guided=False, manual_input=False, mode=OFFBOARD
[INFO] [1781688329.880447713] [minipc_mavros_offboard]: Holding MAVROS setpoint
[INFO] [1781688329.881193113] [minipc_mavros_offboard]: Vehicle left armed/OFFBOARD state; continuing debug hold
[INFO] [1781688329.881399356] [minipc_mavros_offboard]: Debug hold after OFFBOARD/armed drop: connected=True, armed=False, guided=False, manual_input=False, mode=OFFBOARD
[INFO] [1781688329.931845459] [minipc_mavros_offboard]: Holding MAVROS setpoint
[INFO] [1781688329.934700522] [minipc_mavros_offboard]: Vehicle left armed/OFFBOARD state; continuing debug hold
[INFO] [1781688329.935387569] [minipc_mavros_offboard]: Debug hold after OFFBOARD/armed drop: connected=True, armed=False, guided=False, manual_input=False, mode=OFFBOARD
[INFO] [1781688329.980603233] [minipc_mavros_offboard]: Holding MAVROS setpoint
[INFO] [1781688329.981704644] [minipc_mavros_offboard]: Vehicle left armed/OFFBOARD state; continuing debug hold
[INFO] [1781688329.982181501] [minipc_mavros_offboard]: Debug hold after OFFBOARD/armed drop: connected=True, armed=False, guided=False, manual_input=False, mode=OFFBOARD
[INFO] [1781688330.032363097] [minipc_mavros_offboard]: Holding MAVROS setpoint
[INFO] [1781688330.033310150] [minipc_mavros_offboard]: Vehicle left armed/OFFBOARD state; continuing debug hold
[INFO] [1781688330.033772909] [minipc_mavros_offboard]: Debug hold after OFFBOARD/armed drop: connected=True, armed=False, guided=False, manual_input=False, mode=OFFBOARD
[INFO] [1781688330.082130975] [minipc_mavros_offboard]: Holding MAVROS setpoint
[INFO] [1781688330.085189732] [minipc_mavros_offboard]: Vehicle left armed/OFFBOARD state; continuing debug hold
[INFO] [1781688330.086396158] [minipc_mavros_offboard]: Debug hold after OFFBOARD/armed drop: connected=True, armed=False, guided=False, manual_input=False, mode=OFFBOARD
[INFO] [1781688330.130733185] [minipc_mavros_offboard]: Holding MAVROS setpoint
[INFO] [1781688330.132035244] [minipc_mavros_offboard]: Vehicle left armed/OFFBOARD state; continuing debug hold
[INFO] [1781688330.132572213] [minipc_mavros_offboard]: Debug hold after OFFBOARD/armed drop: connected=True, armed=False, guided=False, manual_input=False, mode=OFFBOARD
[INFO] [1781688330.181637110] [minipc_mavros_offboard]: Holding MAVROS setpoint
[INFO] [1781688330.182469520] [minipc_mavros_offboard]: Vehicle left armed/OFFBOARD state; continuing debug hold
[INFO] [1781688330.182658199] [minipc_mavros_offboard]: Debug hold after OFFBOARD/armed drop: connected=True, armed=False, guided=False, manual_input=False, mode=OFFBOARD
[INFO] [1781688330.230463991] [minipc_mavros_offboard]: Holding MAVROS setpoint
[INFO] [1781688330.231332242] [minipc_mavros_offboard]: Vehicle left armed/OFFBOARD state; continuing debug hold
[INFO] [1781688330.231793091] [minipc_mavros_offboard]: Debug hold after OFFBOARD/armed drop: connected=True, armed=False, guided=False, manual_input=False, mode=OFFBOARD
[INFO] [1781688330.280590588] [minipc_mavros_offboard]: Holding MAVROS setpoint
[INFO] [1781688330.281583765] [minipc_mavros_offboard]: Vehicle left armed/OFFBOARD state; continuing debug hold
[INFO] [1781688330.281826067] [minipc_mavros_offboard]: Debug hold after OFFBOARD/armed drop: connected=True, armed=False, guided=False, manual_input=False, mode=OFFBOARD
[INFO] [1781688330.330460070] [minipc_mavros_offboard]: Holding MAVROS setpoint
[INFO] [1781688330.331237894] [minipc_mavros_offboard]: Vehicle left armed/OFFBOARD state; continuing debug hold
[INFO] [1781688330.331626609] [minipc_mavros_offboard]: Debug hold after OFFBOARD/armed drop: connected=True, armed=False, guided=False, manual_input=False, mode=OFFBOARD
[INFO] [1781688330.380348441] [minipc_mavros_offboard]: Holding MAVROS setpoint
[INFO] [1781688330.381060942] [minipc_mavros_offboard]: Vehicle left armed/OFFBOARD state; continuing debug hold
[INFO] [1781688330.381257912] [minipc_mavros_offboard]: Debug hold after OFFBOARD/armed drop: connected=True, armed=False, guided=False, manual_input=False, mode=OFFBOARD
[INFO] [1781688330.431653801] [minipc_mavros_offboard]: Holding MAVROS setpoint
[INFO] [1781688330.434104617] [minipc_mavros_offboard]: Vehicle left armed/OFFBOARD state; continuing debug hold
[INFO] [1781688330.434747259] [minipc_mavros_offboard]: Debug hold after OFFBOARD/armed drop: connected=True, armed=False, guided=False, manual_input=False, mode=OFFBOARD
[INFO] [1781688330.479984561] [minipc_mavros_offboard]: Holding MAVROS setpoint
[INFO] [1781688330.480517436] [minipc_mavros_offboard]: Vehicle left armed/OFFBOARD state; continuing debug hold
[INFO] [1781688330.480699179] [minipc_mavros_offboard]: Debug hold after OFFBOARD/armed drop: connected=True, armed=False, guided=False, manual_input=False, mode=OFFBOARD
[INFO] [1781688330.530311945] [minipc_mavros_offboard]: Holding MAVROS setpoint
[INFO] [1781688330.530956143] [minipc_mavros_offboard]: Vehicle left armed/OFFBOARD state; continuing debug hold
[INFO] [1781688330.531371160] [minipc_mavros_offboard]: Debug hold after OFFBOARD/armed drop: connected=True, armed=False, guided=False, manual_input=False, mode=OFFBOARD
[INFO] [1781688330.581133341] [minipc_mavros_offboard]: Holding MAVROS setpoint
[INFO] [1781688330.582609945] [minipc_mavros_offboard]: Vehicle left armed/OFFBOARD state; continuing debug hold
[INFO] [1781688330.583118463] [minipc_mavros_offboard]: Debug hold after OFFBOARD/armed drop: connected=True, armed=False, guided=False, manual_input=False, mode=OFFBOARD
