[INFO] [launch]: All log files can be found below /home/robot/.ros/log/2026-06-17-20-09-21-381503-robot-5131
[INFO] [launch]: Default logging verbosity is set to INFO
[INFO] [mavros_node-1]: process started with pid [5179]
[INFO] [fastlio_odometry_guard-2]: process started with pid [5181]
[INFO] [fastlio_mavros_vision_bridge-3]: process started with pid [5183]
[INFO] [static_transform_publisher-4]: process started with pid [5185]
[INFO] [static_transform_publisher-5]: process started with pid [5187]
[INFO] [static_transform_publisher-6]: process started with pid [5189]
[INFO] [static_transform_publisher-7]: process started with pid [5191]
[fastlio_odometry_guard-2] [INFO] [1781698161.566583330] [fastlio_odometry_guard]: Guarding odometry /Odometry -> /Odometry/guarded (jump=0.30m, xy=0.20m, z=0.10m, speed=1.20m/s)
[static_transform_publisher-4] [INFO] [1781698161.559704272] [odom_to_camera_init]: Spinning until stopped - publishing transform
[static_transform_publisher-4] translation: ('0.000000', '0.000000', '0.000000')
[static_transform_publisher-4] rotation: ('0.000000', '0.000000', '0.000000', '1.000000')
[static_transform_publisher-4] from 'odom' to 'camera_init'
[static_transform_publisher-5] [INFO] [1781698161.555116627] [base_link_to_body]: Spinning until stopped - publishing transform
[static_transform_publisher-5] translation: ('0.000000', '0.000000', '0.000000')
[static_transform_publisher-5] rotation: ('0.000000', '0.000000', '0.000000', '1.000000')
[static_transform_publisher-5] from 'base_link' to 'body'
[static_transform_publisher-7] [INFO] [1781698161.568670224] [body_to_body_frd]: Spinning until stopped - publishing transform
[static_transform_publisher-7] translation: ('0.000000', '0.000000', '0.000000')
[static_transform_publisher-7] rotation: ('1.000000', '0.000000', '0.000000', '0.000000')
[static_transform_publisher-7] from 'body' to 'body_frd'
[fastlio_mavros_vision_bridge-3] [INFO] [1781698161.569755987] [fastlio_mavros_vision_bridge]: Bridging /Odometry/guarded -> /mavros/vision_pose/pose_cov for MAVROS vision input
[mavros_node-1] [INFO] [1781698161.570808023] [mavros.mavros_node]: Starting mavros_node container
[mavros_node-1] [INFO] [1781698161.570987291] [mavros.mavros_node]: FCU URL: serial:///dev/ttyUSB0:921600?ids=255,190
[mavros_node-1] [INFO] [1781698161.571001809] [mavros.mavros_node]: GCS URL: 
[mavros_node-1] [INFO] [1781698161.571007076] [mavros.mavros_node]: UAS Prefix: /uas1
[mavros_node-1] [INFO] [1781698161.571011831] [mavros.mavros_node]: Starting mavros router node
[static_transform_publisher-6] [INFO] [1781698161.573116186] [camera_init_to_camera_init_ned]: Spinning until stopped - publishing transform
[static_transform_publisher-6] translation: ('0.000000', '0.000000', '0.000000')
[static_transform_publisher-6] rotation: ('1.000000', '0.000000', '0.000000', '0.000000')
[static_transform_publisher-6] from 'camera_init' to 'camera_init_ned'
[mavros_node-1] [INFO] [1781698161.581593340] [mavros.mavros_router]: Built-in SIMD instructions: SSE, SSE2
[mavros_node-1] [INFO] [1781698161.581633595] [mavros.mavros_router]: Built-in MAVLink package version: 2026.3.3
[mavros_node-1] [INFO] [1781698161.581650556] [mavros.mavros_router]: Known MAVLink dialects: common ardupilotmega ASLUAV AVSSUAS all csAirLink cubepilot development icarous loweheiser marsh matrixpilot paparazzi standard stemstudios storm32 uAvionix ualberta
[mavros_node-1] [INFO] [1781698161.581663315] [mavros.mavros_router]: MAVROS Router started
[mavros_node-1] [INFO] [1781698161.581800226] [mavros.mavros_node]: Starting mavros uas node
[mavros_node-1] [INFO] [1781698161.627181326] [mavros.mavros_router]: Requested to add endpoint: type: 0, url: serial:///dev/ttyUSB0:921600?ids=255,190
[mavros_node-1] [INFO] [1781698161.627306752] [mavros.mavros_router]: Endpoint link[1000] created
[mavros_node-1] [INFO] [1781698161.628463750] [mavros.mavros_router]: link[1000] opened successfully
[mavros_node-1] [INFO] [1781698161.628522986] [mavros.mavros_router]: Requested to add endpoint: type: 2, url: /uas1
[mavros_node-1] [INFO] [1781698161.628557215] [mavros.mavros_router]: Endpoint link[1001] created
[mavros_node-1] [INFO] [1781698161.630570273] [mavros.mavros_router]: link[1000] detected remote address 172.96
[mavros_node-1] [INFO] [1781698161.632404030] [mavros.mavros_router]: link[1001] opened successfully
[mavros_node-1] [INFO] [1781698161.637163685] [mavros.mavros]: UAS Executor started, threads: 16
[mavros_node-1] [INFO] [1781698161.640669803] [mavros.mavros_router]: link[1000] detected remote address 1.1
[mavros_node-1] [INFO] [1781698161.672230140] [mavros.mavros]: Plugin actuator_control created
[mavros_node-1] [INFO] [1781698161.672320727] [mavros.mavros]: Plugin actuator_control initialized
[mavros_node-1] [INFO] [1781698161.731976135] [mavros.mavros]: Plugin adsb created
[mavros_node-1] [INFO] [1781698161.732162579] [mavros.mavros]: Plugin adsb initialized
[mavros_node-1] [INFO] [1781698161.745081535] [mavros.mavros]: Plugin altitude created
[mavros_node-1] [INFO] [1781698161.745179323] [mavros.mavros]: Plugin altitude initialized
[mavros_node-1] [INFO] [1781698161.754381357] [mavros.mavros]: Plugin cam_imu_sync created
[mavros_node-1] [INFO] [1781698161.754474605] [mavros.mavros]: Plugin cam_imu_sync initialized
[mavros_node-1] [INFO] [1781698161.768820015] [mavros.mavros]: Plugin camera created
[mavros_node-1] [INFO] [1781698161.769052694] [mavros.mavros]: Plugin camera initialized
[mavros_node-1] [INFO] [1781698161.778976664] [mavros.mavros]: Plugin cellular_status created
[mavros_node-1] [INFO] [1781698161.779028546] [mavros.mavros]: Plugin cellular_status initialized
[mavros_node-1] [INFO] [1781698161.788521532] [mavros.mavros]: Plugin command created
[mavros_node-1] [INFO] [1781698161.788625293] [mavros.mavros]: Plugin command initialized
[mavros_node-1] [INFO] [1781698161.796652238] [mavros.mavros]: Plugin companion_process_status created
[mavros_node-1] [INFO] [1781698161.796708563] [mavros.mavros]: Plugin companion_process_status initialized
[mavros_node-1] [INFO] [1781698161.808082012] [mavros.mavros]: Plugin debug_value created
[mavros_node-1] [INFO] [1781698161.808190994] [mavros.mavros]: Plugin debug_value initialized
[mavros_node-1] [INFO] [1781698161.808212658] [mavros.mavros]: Plugin distance_sensor ignored
[mavros_node-1] [INFO] [1781698161.824966909] [mavros.mavros]: Plugin esc_status created
[mavros_node-1] [INFO] [1781698161.825041673] [mavros.mavros]: Plugin esc_status initialized
[mavros_node-1] [INFO] [1781698161.832815729] [mavros.mavros]: Plugin esc_telemetry created
[mavros_node-1] [INFO] [1781698161.832901809] [mavros.mavros]: Plugin esc_telemetry initialized
[fastlio_odometry_guard-2] [WARN] [1781698161.844426345] [fastlio_odometry_guard]: Rejected FAST-LIO odometry: large dt 1.39919 s; reset guard baseline (accepted=11 rejected=1)
[mavros_node-1] [INFO] [1781698161.848430881] [mavros.mavros]: Plugin fake_gps created
[mavros_node-1] [INFO] [1781698161.848502816] [mavros.mavros]: Plugin fake_gps initialized
[mavros_node-1] [INFO] [1781698161.884232872] [mavros.mavros]: Plugin ftp created
[mavros_node-1] [INFO] [1781698161.884362536] [mavros.mavros]: Plugin ftp initialized
[mavros_node-1] [INFO] [1781698161.907706704] [mavros.mavros]: Plugin geofence created
[mavros_node-1] [INFO] [1781698161.907778554] [mavros.mavros]: Plugin geofence initialized
[mavros_node-1] [INFO] [1781698161.924886601] [mavros.mavros]: Plugin gimbal_control created
[mavros_node-1] [INFO] [1781698161.924962594] [mavros.mavros]: Plugin gimbal_control initialized
[mavros_node-1] [INFO] [1781698161.940917083] [mavros.mavros]: Plugin global_position created
[mavros_node-1] [INFO] [1781698161.941179898] [mavros.mavros]: Plugin global_position initialized
[mavros_node-1] [INFO] [1781698161.954931219] [mavros.mavros]: Plugin gps_input created
[mavros_node-1] [INFO] [1781698161.955119187] [mavros.mavros]: Plugin gps_input initialized
[mavros_node-1] [INFO] [1781698161.971672783] [mavros.mavros]: Plugin gps_rtk created
[mavros_node-1] [INFO] [1781698161.971782489] [mavros.mavros]: Plugin gps_rtk initialized
[mavros_node-1] [INFO] [1781698161.996663569] [mavros.mavros]: Plugin gps_status created
[mavros_node-1] [INFO] [1781698161.996734285] [mavros.mavros]: Plugin gps_status initialized
[mavros_node-1] [INFO] [1781698162.008441967] [mavros.mavros]: Plugin guided_target created
[mavros_node-1] [INFO] [1781698162.008544620] [mavros.mavros]: Plugin guided_target initialized
[mavros_node-1] [INFO] [1781698162.025759797] [mavros.mavros]: Plugin hil created
[mavros_node-1] [INFO] [1781698162.025859398] [mavros.mavros]: Plugin hil initialized
[mavros_node-1] [INFO] [1781698162.038414212] [mavros.mavros]: Plugin home_position created
[mavros_node-1] [INFO] [1781698162.038462136] [mavros.mavros]: Plugin home_position initialized
[mavros_node-1] [INFO] [1781698162.052197988] [mavros.mavros]: Plugin imu created
[mavros_node-1] [INFO] [1781698162.052350717] [mavros.mavros]: Plugin imu initialized
[mavros_node-1] [INFO] [1781698162.078838393] [mavros.mavros]: Plugin landing_target created
[mavros_node-1] [INFO] [1781698162.078929832] [mavros.mavros]: Plugin landing_target initialized
[mavros_node-1] [INFO] [1781698162.107168956] [mavros.mavros]: Plugin local_position created
[mavros_node-1] [INFO] [1781698162.107234382] [mavros.mavros]: Plugin local_position initialized
[mavros_node-1] [INFO] [1781698162.123301308] [mavros.mavros]: Plugin log_transfer created
[mavros_node-1] [INFO] [1781698162.123387941] [mavros.mavros]: Plugin log_transfer initialized
[mavros_node-1] [INFO] [1781698162.135829554] [mavros.mavros]: Plugin mag_calibration_status created
[mavros_node-1] [INFO] [1781698162.135912037] [mavros.mavros]: Plugin mag_calibration_status initialized
[mavros_node-1] [INFO] [1781698162.153474955] [mavros.mavros]: Plugin manual_control created
[mavros_node-1] [INFO] [1781698162.153575781] [mavros.mavros]: Plugin manual_control initialized
[mavros_node-1] [INFO] [1781698162.179370709] [mavros.mavros]: Plugin mocap_pose_estimate created
[mavros_node-1] [INFO] [1781698162.179468918] [mavros.mavros]: Plugin mocap_pose_estimate initialized
[mavros_node-1] [INFO] [1781698162.210635144] [mavros.mavros]: Plugin mount_control created
[mavros_node-1] [INFO] [1781698162.210977200] [mavros.mavros]: Plugin mount_control initialized
[mavros_node-1] [INFO] [1781698162.223504977] [mavros.mavros]: Plugin nav_controller_output created
[mavros_node-1] [INFO] [1781698162.223570440] [mavros.mavros]: Plugin nav_controller_output initialized
[mavros_node-1] [INFO] [1781698162.242012202] [mavros.mavros]: Plugin obstacle_distance created
[mavros_node-1] [INFO] [1781698162.242235175] [mavros.mavros]: Plugin obstacle_distance initialized
[mavros_node-1] [INFO] [1781698162.267215914] [mavros.mavros]: Plugin obstacle_distance_3d created
[mavros_node-1] [INFO] [1781698162.267379139] [mavros.mavros]: Plugin obstacle_distance_3d initialized
[mavros_node-1] [INFO] [1781698162.300452109] [mavros.mavros]: Plugin odometry created
[mavros_node-1] [INFO] [1781698162.300556087] [mavros.mavros]: Plugin odometry initialized
[mavros_node-1] [INFO] [1781698162.317635002] [mavros.mavros]: Plugin onboard_computer_status created
[mavros_node-1] [INFO] [1781698162.317741143] [mavros.mavros]: Plugin onboard_computer_status initialized
[mavros_node-1] [INFO] [1781698162.354089312] [mavros.mavros]: Plugin open_drone_id created
[mavros_node-1] [INFO] [1781698162.354190352] [mavros.mavros]: Plugin open_drone_id initialized
[mavros_node-1] [INFO] [1781698162.386589881] [mavros.mavros]: Plugin optical_flow created
[mavros_node-1] [INFO] [1781698162.386660550] [mavros.mavros]: Plugin optical_flow initialized
[mavros_node-1] [INFO] [1781698162.406934714] [mavros.mavros]: Plugin param created
[mavros_node-1] [INFO] [1781698162.407163959] [mavros.mavros]: Plugin param initialized
[mavros_node-1] [INFO] [1781698162.431563184] [mavros.mavros]: Plugin play_tune created
[mavros_node-1] [INFO] [1781698162.431689838] [mavros.mavros]: Plugin play_tune initialized
[mavros_node-1] [INFO] [1781698162.466129336] [mavros.mavros]: Plugin px4flow created
[mavros_node-1] [INFO] [1781698162.466215390] [mavros.mavros]: Plugin px4flow initialized
[mavros_node-1] [INFO] [1781698162.498094941] [mavros.mavros]: Plugin rallypoint created
[mavros_node-1] [INFO] [1781698162.498237207] [mavros.mavros]: Plugin rallypoint initialized
[mavros_node-1] [INFO] [1781698162.498326106] [mavros.mavros]: Plugin rangefinder ignored
[mavros_node-1] [INFO] [1781698162.536788306] [mavros.mavros]: Plugin rc_io created
[mavros_node-1] [INFO] [1781698162.536910239] [mavros.mavros]: Plugin rc_io initialized
[mavros_node-1] [INFO] [1781698162.558631193] [mavros.mavros]: Plugin setpoint_accel created
[mavros_node-1] [INFO] [1781698162.558750474] [mavros.mavros]: Plugin setpoint_accel initialized
[mavros_node-1] [INFO] [1781698162.596902659] [mavros.mavros]: Plugin setpoint_attitude created
[mavros_node-1] [INFO] [1781698162.597068816] [mavros.mavros]: Plugin setpoint_attitude initialized
[mavros_node-1] [INFO] [1781698162.649713702] [mavros.mavros]: Plugin setpoint_position created
[mavros_node-1] [INFO] [1781698162.649915569] [mavros.mavros]: Plugin setpoint_position initialized
[mavros_node-1] [INFO] [1781698162.677379392] [mavros.mavros]: Plugin setpoint_raw created
[mavros_node-1] [INFO] [1781698162.677597618] [mavros.mavros]: Plugin setpoint_raw initialized
[mavros_node-1] [INFO] [1781698162.721286477] [mavros.mavros]: Plugin setpoint_trajectory created
[mavros_node-1] [INFO] [1781698162.721460734] [mavros.mavros]: Plugin setpoint_trajectory initialized
[mavros_node-1] [INFO] [1781698162.752084765] [mavros.mavros]: Plugin setpoint_velocity created
[mavros_node-1] [INFO] [1781698162.752165541] [mavros.mavros]: Plugin setpoint_velocity initialized
[mavros_node-1] [INFO] [1781698162.785338708] [mavros.mavros]: Plugin sim_state created
[mavros_node-1] [INFO] [1781698162.785452916] [mavros.mavros]: Plugin sim_state initialized
[mavros_node-1] [INFO] [1781698162.847553772] [mavros.mavros]: Plugin sys_status created
[mavros_node-1] [INFO] [1781698162.847622701] [mavros.mavros]: Plugin sys_status initialized
[mavros_node-1] [INFO] [1781698162.864755316] [mavros.time]: TM: Timesync mode: MAVLINK
[mavros_node-1] [INFO] [1781698162.871477978] [mavros.mavros]: Plugin sys_time created
[mavros_node-1] [INFO] [1781698162.871722262] [mavros.mavros]: Plugin sys_time initialized
[mavros_node-1] [INFO] [1781698162.909006572] [mavros.mavros]: Plugin tdr_radio created
[mavros_node-1] [INFO] [1781698162.909175403] [mavros.mavros]: Plugin tdr_radio initialized
[mavros_node-1] [INFO] [1781698162.951048042] [mavros.mavros]: Plugin terrain created
[mavros_node-1] [INFO] [1781698162.951229173] [mavros.mavros]: Plugin terrain initialized
[mavros_node-1] [INFO] [1781698162.992717362] [mavros.mavros]: Plugin trajectory created
[mavros_node-1] [INFO] [1781698162.992874078] [mavros.mavros]: Plugin trajectory initialized
[mavros_node-1] [INFO] [1781698163.033380884] [mavros.mavros]: Plugin tunnel created
[mavros_node-1] [INFO] [1781698163.033464874] [mavros.mavros]: Plugin tunnel initialized
[mavros_node-1] [INFO] [1781698163.072560274] [mavros.mavros]: Plugin vfr_hud created
[mavros_node-1] [INFO] [1781698163.072728908] [mavros.mavros]: Plugin vfr_hud initialized
[mavros_node-1] [INFO] [1781698163.072745567] [mavros.mavros]: Plugin vibration ignored
[mavros_node-1] [INFO] [1781698163.112778645] [mavros.mavros]: Plugin vision_pose created
[mavros_node-1] [INFO] [1781698163.113577409] [mavros.mavros]: Plugin vision_pose initialized
[mavros_node-1] [INFO] [1781698163.148308940] [mavros.mavros]: Plugin vision_speed created
[mavros_node-1] [INFO] [1781698163.148436977] [mavros.mavros]: Plugin vision_speed initialized
[mavros_node-1] [INFO] [1781698163.198446550] [mavros.mavros]: Plugin waypoint created
[mavros_node-1] [INFO] [1781698163.198537204] [mavros.mavros]: Plugin waypoint initialized
[mavros_node-1] [INFO] [1781698163.198543353] [mavros.mavros]: Plugin wheel_odometry ignored
[mavros_node-1] [INFO] [1781698163.226090011] [mavros.mavros]: Plugin wind_estimation created
[mavros_node-1] [INFO] [1781698163.227125629] [mavros.mavros]: Plugin wind_estimation initialized
[mavros_node-1] [INFO] [1781698163.232897837] [mavros.mavros]: Built-in SIMD instructions: SSE, SSE2
[mavros_node-1] [INFO] [1781698163.232953189] [mavros.mavros]: Built-in MAVLink package version: 2026.3.3
[mavros_node-1] [INFO] [1781698163.232957851] [mavros.mavros]: Known MAVLink dialects: common ardupilotmega ASLUAV AVSSUAS all csAirLink cubepilot development icarous loweheiser marsh matrixpilot paparazzi standard stemstudios storm32 uAvionix ualberta
[mavros_node-1] [INFO] [1781698163.232961344] [mavros.mavros]: MAVROS UAS via /uas1 started. MY ID 255.190, TARGET ID 1.1
[mavros_node-1] [INFO] [1781698163.240366830] [mavros.imu]: IMU: High resolution IMU detected!
[mavros_node-1] [INFO] [1781698163.250609989] [mavros.imu]: IMU: Attitude quaternion IMU detected!
[mavros_node-1] [INFO] [1781698163.274909448] [mavros.mavros_router]: link[1001] detected remote address 255.190
[mavros_node-1] [INFO] [1781698163.277643812] [mavros.rc]: RC_CHANNELS message detected!
[mavros_node-1] [WARN] [1781698163.603409695] [mavros.sys]: FCU: UNK(8): EVENT 11047904 with args -0-128-0-18-1-0-0-0-0-0-0-0-0-131-191-1-128-0-0-0-0-0-0-0-0-0-0-0-0-0-0-0-0-0-0-0-0-0-0-0-
[mavros_node-1] [ERROR] [1781698163.603729962] [mavros.sys]: FCU: EVENT 16642797 with args -124-0-126-0-17-0-0-0-0-0-0-0-0-0-0-0-0-0-0-0-0-0-0-0-0-0-0-0-0-0-0-0-0-0-0-0-0-0-0-0-
[mavros_node-1] [ERROR] [1781698163.604028817] [mavros.sys]: FCU: EVENT 9077977 with args -255-255-255-255-7-0-0-0-0-0-0-0-0-0-0-0-0-0-0-0-0-0-0-0-0-0-0-0-0-0-0-0-0-0-0-0-0-0-0-0-
[mavros_node-1] [ERROR] [1781698163.604386079] [mavros.sys]: FCU: EVENT 11464574 with args -0-64-0-0-20-0-0-0-0-0-0-0-0-0-0-0-0-0-0-0-0-0-0-0-0-0-0-0-0-0-0-0-0-0-0-0-0-0-0-0-
[mavros_node-1] [ERROR] [1781698163.604677760] [mavros.sys]: FCU: EVENT 13835193 with args -124-0-126-0-17-0-0-0-0-0-0-0-0-0-0-0-0-0-0-0-0-0-0-0-0-0-0-0-0-0-0-0-0-0-0-0-0-0-0-0-
[mavros_node-1] [ERROR] [1781698163.604806989] [mavros.sys]: FCU: EVENT 10011251 with args -56-0-0-0-24-0-0-0-0-0-0-0-0-0-0-0-0-0-0-0-0-0-0-0-0-0-0-0-0-0-0-0-0-0-0-0-0-0-0-0-
[mavros_node-1] [INFO] [1781698163.605044036] [mavros.sys]: FCU: EVENT 377561 with args -8-0-0-0-20-0-0-0-0-0-0-0-0-0-0-0-0-0-0-0-0-0-0-0-0-0-0-0-0-0-0-0-0-0-0-0-0-0-0-0-
[mavros_node-1] [INFO] [1781698163.605430358] [mavros.sys]: FCU: EVENT 79408 with args -32-0-0-0-20-0-0-0-0-0-0-0-0-0-0-0-0-0-0-0-0-0-0-0-0-0-0-0-0-0-0-0-0-0-0-0-0-0-0-0-
[mavros_node-1] [INFO] [1781698163.605734466] [mavros.sys]: FCU: EVENT 6801787 with args -255-255-255-255-12-0-0-0-0-0-0-0-0-0-0-0-0-0-0-0-0-0-0-0-0-0-0-0-0-0-0-0-0-0-0-0-0-0-0-0-
[mavros_node-1] [WARN] [1781698163.606068163] [mavros.sys]: FCU: UNK(8): EVENT 1914663 with args -0-130-0-2-48-0-0-0-0-0-0-0-0-0-0-0-0-0-0-0-0-0-0-0-0-0-0-0-0-0-0-0-0-0-0-0-0-0-0-0-
[mavros_node-1] [WARN] [1781698163.868402235] [mavros.cmd]: CMD: Unexpected command 520, result 3
[mavros_node-1] [INFO] [1781698164.023210430] [mavros.mavros]: CON: Got HEARTBEAT, connected. FCU: PX4 Autopilot
[mavros_node-1] [INFO] [1781698164.023364089] [mavros.mission]: WP: detected enable_partial_push: 0
[mavros_node-1] [INFO] [1781698164.028278560] [mavros.rc]: RC_CHANNELS message detected!
[mavros_node-1] [INFO] [1781698164.032483188] [mavros.imu]: IMU: Attitude quaternion IMU detected!
[mavros_node-1] [INFO] [1781698164.039051289] [mavros.imu]: IMU: High resolution IMU detected!
[mavros_node-1] [WARN] [1781698165.656711579] [mavros.sys]: FCU: UNK(8): EVENT 11047904 with args -0-128-0-18-1-0-0-0-0-0-0-0-0-131-191-1-128-0-0-0-0-0-0-0-0-0-0-0-0-0-0-0-0-0-0-0-0-0-0-0-
[mavros_node-1] [ERROR] [1781698165.657055090] [mavros.sys]: FCU: EVENT 9077977 with args -255-255-255-255-7-0-0-0-0-0-0-0-0-0-0-0-0-0-0-0-0-0-0-0-0-0-0-0-0-0-0-0-0-0-0-0-0-0-0-0-
[mavros_node-1] [ERROR] [1781698165.657259272] [mavros.sys]: FCU: EVENT 11464574 with args -0-64-0-0-20-0-0-0-0-0-0-0-0-0-0-0-0-0-0-0-0-0-0-0-0-0-0-0-0-0-0-0-0-0-0-0-0-0-0-0-
[mavros_node-1] [ERROR] [1781698165.657634995] [mavros.sys]: FCU: EVENT 13835193 with args -124-0-126-0-17-0-0-0-0-0-0-0-0-0-0-0-0-0-0-0-0-0-0-0-0-0-0-0-0-0-0-0-0-0-0-0-0-0-0-0-
[mavros_node-1] [ERROR] [1781698165.657921829] [mavros.sys]: FCU: EVENT 10011251 with args -56-0-0-0-24-0-0-0-0-0-0-0-0-0-0-0-0-0-0-0-0-0-0-0-0-0-0-0-0-0-0-0-0-0-0-0-0-0-0-0-
[mavros_node-1] [INFO] [1781698165.658306946] [mavros.sys]: FCU: EVENT 377561 with args -8-0-0-0-20-0-0-0-0-0-0-0-0-0-0-0-0-0-0-0-0-0-0-0-0-0-0-0-0-0-0-0-0-0-0-0-0-0-0-0-
[mavros_node-1] [INFO] [1781698165.658531453] [mavros.sys]: FCU: EVENT 79408 with args -32-0-0-0-20-0-0-0-0-0-0-0-0-0-0-0-0-0-0-0-0-0-0-0-0-0-0-0-0-0-0-0-0-0-0-0-0-0-0-0-
[mavros_node-1] [INFO] [1781698165.658726909] [mavros.sys]: FCU: EVENT 6801787 with args -255-255-255-255-12-0-0-0-0-0-0-0-0-0-0-0-0-0-0-0-0-0-0-0-0-0-0-0-0-0-0-0-0-0-0-0-0-0-0-0-
[mavros_node-1] [WARN] [1781698165.658900621] [mavros.sys]: FCU: UNK(8): EVENT 1914663 with args -0-130-0-2-48-0-0-0-0-0-0-0-0-0-0-0-0-0-0-0-0-0-0-0-0-0-0-0-0-0-0-0-0-0-0-0-0-0-0-0-
[mavros_node-1] [WARN] [1781698166.032743931] [mavros.sys]: VER: broadcast request timeout, retries left 4
[mavros_node-1] [WARN] [1781698167.051211862] [mavros.sys]: VER: broadcast request timeout, retries left 3
[mavros_node-1] [WARN] [1781698167.750870906] [mavros.sys]: FCU: UNK(8): EVENT 11047904 with args -0-128-0-18-1-0-0-0-0-0-0-0-0-199-191-5-128-0-0-0-0-0-0-0-0-0-0-0-0-0-0-0-0-0-0-0-0-0-0-0-
[mavros_node-1] [ERROR] [1781698167.751255062] [mavros.sys]: FCU: EVENT 9077977 with args -255-255-255-255-7-0-0-0-0-0-0-0-0-0-0-0-0-0-0-0-0-0-0-0-0-0-0-0-0-0-0-0-0-0-0-0-0-0-0-0-
[mavros_node-1] [ERROR] [1781698167.751560760] [mavros.sys]: FCU: EVENT 11464574 with args -0-64-0-0-20-0-0-0-0-0-0-0-0-0-0-0-0-0-0-0-0-0-0-0-0-0-0-0-0-0-0-0-0-0-0-0-0-0-0-0-
[mavros_node-1] [ERROR] [1781698167.751912520] [mavros.sys]: FCU: EVENT 13835193 with args -56-0-122-0-17-0-0-0-0-0-0-0-0-0-0-0-0-0-0-0-0-0-0-0-0-0-0-0-0-0-0-0-0-0-0-0-0-0-0-0-
[mavros_node-1] [ERROR] [1781698167.752303420] [mavros.sys]: FCU: EVENT 10011251 with args -56-0-0-0-24-0-0-0-0-0-0-0-0-0-0-0-0-0-0-0-0-0-0-0-0-0-0-0-0-0-0-0-0-0-0-0-0-0-0-0-
[mavros_node-1] [INFO] [1781698167.752550537] [mavros.sys]: FCU: EVENT 377561 with args -8-0-0-0-20-0-0-0-0-0-0-0-0-0-0-0-0-0-0-0-0-0-0-0-0-0-0-0-0-0-0-0-0-0-0-0-0-0-0-0-
[mavros_node-1] [INFO] [1781698167.752922893] [mavros.sys]: FCU: EVENT 79408 with args -32-0-0-0-20-0-0-0-0-0-0-0-0-0-0-0-0-0-0-0-0-0-0-0-0-0-0-0-0-0-0-0-0-0-0-0-0-0-0-0-
[mavros_node-1] [INFO] [1781698167.753268515] [mavros.sys]: FCU: EVENT 6801787 with args -255-255-255-255-12-0-0-0-0-0-0-0-0-0-0-0-0-0-0-0-0-0-0-0-0-0-0-0-0-0-0-0-0-0-0-0-0-0-0-0-
[mavros_node-1] [WARN] [1781698167.755512861] [mavros.sys]: FCU: UNK(8): EVENT 1914663 with args -0-130-0-2-48-0-0-0-0-0-0-0-0-0-0-0-0-0-0-0-0-0-0-0-0-0-0-0-0-0-0-0-0-0-0-0-0-0-0-0-
[mavros_node-1] [ERROR] [1781698168.062495419] [mavros.sys]: VER: command plugin service call failed!
[mavros_node-1] [WARN] [1781698168.062638501] [mavros.sys]: VER: unicast request timeout, retries left 2
[mavros_node-1] [ERROR] [1781698169.057769559] [mavros.sys]: VER: command plugin service call failed!
[mavros_node-1] [WARN] [1781698169.057902662] [mavros.sys]: VER: unicast request timeout, retries left 1
[mavros_node-1] [WARN] [1781698169.790013815] [mavros.sys]: FCU: UNK(8): EVENT 11047904 with args -0-128-0-18-1-0-0-0-0-0-0-0-0-199-191-5-128-0-0-0-0-0-0-0-0-0-0-0-0-0-0-0-0-0-0-0-0-0-0-0-
[mavros_node-1] [ERROR] [1781698169.790326372] [mavros.sys]: FCU: EVENT 9077977 with args -255-255-255-255-7-0-0-0-0-0-0-0-0-0-0-0-0-0-0-0-0-0-0-0-0-0-0-0-0-0-0-0-0-0-0-0-0-0-0-0-
[mavros_node-1] [ERROR] [1781698169.790656475] [mavros.sys]: FCU: EVENT 13679014 with args -0-64-0-0-20-0-0-0-0-0-0-0-0-0-0-0-0-0-0-0-0-0-0-0-0-0-0-0-0-0-0-0-0-0-0-0-0-0-0-0-
[mavros_node-1] [ERROR] [1781698169.791022704] [mavros.sys]: FCU: EVENT 13835193 with args -56-0-122-0-17-0-0-0-0-0-0-0-0-0-0-0-0-0-0-0-0-0-0-0-0-0-0-0-0-0-0-0-0-0-0-0-0-0-0-0-
[mavros_node-1] [ERROR] [1781698169.791358781] [mavros.sys]: FCU: EVENT 10011251 with args -56-0-0-0-24-0-0-0-0-0-0-0-0-0-0-0-0-0-0-0-0-0-0-0-0-0-0-0-0-0-0-0-0-0-0-0-0-0-0-0-
[mavros_node-1] [INFO] [1781698169.791728789] [mavros.sys]: FCU: EVENT 377561 with args -8-0-0-0-20-0-0-0-0-0-0-0-0-0-0-0-0-0-0-0-0-0-0-0-0-0-0-0-0-0-0-0-0-0-0-0-0-0-0-0-
[mavros_node-1] [INFO] [1781698169.792026872] [mavros.sys]: FCU: EVENT 79408 with args -32-0-0-0-20-0-0-0-0-0-0-0-0-0-0-0-0-0-0-0-0-0-0-0-0-0-0-0-0-0-0-0-0-0-0-0-0-0-0-0-
[mavros_node-1] [INFO] [1781698169.792382351] [mavros.sys]: FCU: EVENT 6801787 with args -255-255-255-255-12-0-0-0-0-0-0-0-0-0-0-0-0-0-0-0-0-0-0-0-0-0-0-0-0-0-0-0-0-0-0-0-0-0-0-0-
[mavros_node-1] [WARN] [1781698169.794558330] [mavros.sys]: FCU: UNK(8): EVENT 1914663 with args -0-130-0-2-48-0-0-0-0-0-0-0-0-0-0-0-0-0-0-0-0-0-0-0-0-0-0-0-0-0-0-0-0-0-0-0-0-0-0-0-
[mavros_node-1] [ERROR] [1781698170.052813615] [mavros.sys]: VER: command plugin service call failed!
[mavros_node-1] [WARN] [1781698170.052897329] [mavros.sys]: VER: unicast request timeout, retries left 0
[mavros_node-1] [ERROR] [1781698171.038939820] [mavros.sys]: VER: command plugin service call failed!
[mavros_node-1] [WARN] [1781698171.039095103] [mavros.sys]: VER: your FCU don't support AUTOPILOT_VERSION, switched to default capabilities
[mavros_node-1] [WARN] [1781698171.848014841] [mavros.sys]: FCU: UNK(8): EVENT 11047904 with args -0-128-0-0-1-0-0-0-0-0-0-0-0-199-255-127-128-0-0-0-0-0-0-0-0-0-0-0-0-0-0-0-0-0-0-0-0-0-0-0-
[mavros_node-1] [ERROR] [1781698171.848373659] [mavros.sys]: FCU: EVENT 9077977 with args -255-255-255-255-7-0-0-0-0-0-0-0-0-0-0-0-0-0-0-0-0-0-0-0-0-0-0-0-0-0-0-0-0-0-0-0-0-0-0-0-
[mavros_node-1] [ERROR] [1781698171.848704163] [mavros.sys]: FCU: EVENT 10011251 with args -56-0-0-0-24-0-0-0-0-0-0-0-0-0-0-0-0-0-0-0-0-0-0-0-0-0-0-0-0-0-0-0-0-0-0-0-0-0-0-0-
[mavros_node-1] [INFO] [1781698171.849057200] [mavros.sys]: FCU: EVENT 377561 with args -8-0-0-0-20-0-0-0-0-0-0-0-0-0-0-0-0-0-0-0-0-0-0-0-0-0-0-0-0-0-0-0-0-0-0-0-0-0-0-0-
[mavros_node-1] [INFO] [1781698171.849409667] [mavros.sys]: FCU: EVENT 79408 with args -32-0-0-0-20-0-0-0-0-0-0-0-0-0-0-0-0-0-0-0-0-0-0-0-0-0-0-0-0-0-0-0-0-0-0-0-0-0-0-0-
[mavros_node-1] [INFO] [1781698171.849744746] [mavros.sys]: FCU: EVENT 6801787 with args -255-255-255-255-12-0-0-0-0-0-0-0-0-0-0-0-0-0-0-0-0-0-0-0-0-0-0-0-0-0-0-0-0-0-0-0-0-0-0-0-
[mavros_node-1] [WARN] [1781698171.851887050] [mavros.sys]: FCU: UNK(8): EVENT 1914663 with args -0-130-0-2-48-0-0-0-0-0-0-0-0-0-0-0-0-0-0-0-0-0-0-0-0-0-0-0-0-0-0-0-0-0-0-0-0-0-0-0-
[mavros_node-1] [INFO] [1781698174.071792534] [mavros.home_position]: HP: requesting home position
[mavros_node-1] [INFO] [1781698179.151608943] [mavros.mission]: WP: mission received
[mavros_node-1] [WARN] [1781698180.936212906] [mavros.sys]: FCU: UNK(8): EVENT 11047904 with args -0-0-0-0-1-0-0-0-0-199-255-127-128-199-255-127-128-0-0-0-0-0-0-0-0-0-0-0-0-0-0-0-0-0-0-0-0-0-0-0-
[mavros_node-1] [ERROR] [1781698180.936761842] [mavros.sys]: FCU: EVENT 10011251 with args -56-0-0-0-24-0-0-0-0-0-0-0-0-0-0-0-0-0-0-0-0-0-0-0-0-0-0-0-0-0-0-0-0-0-0-0-0-0-0-0-
[mavros_node-1] [INFO] [1781698180.937042419] [mavros.sys]: FCU: EVENT 377561 with args -8-0-0-0-20-0-0-0-0-0-0-0-0-0-0-0-0-0-0-0-0-0-0-0-0-0-0-0-0-0-0-0-0-0-0-0-0-0-0-0-
[mavros_node-1] [INFO] [1781698180.937166859] [mavros.sys]: FCU: EVENT 79408 with args -32-0-0-0-20-0-0-0-0-0-0-0-0-0-0-0-0-0-0-0-0-0-0-0-0-0-0-0-0-0-0-0-0-0-0-0-0-0-0-0-
[mavros_node-1] [INFO] [1781698180.937258508] [mavros.sys]: FCU: EVENT 6801787 with args -255-255-255-255-12-0-0-0-0-0-0-0-0-0-0-0-0-0-0-0-0-0-0-0-0-0-0-0-0-0-0-0-0-0-0-0-0-0-0-0-
[mavros_node-1] [WARN] [1781698180.937451616] [mavros.sys]: FCU: UNK(8): EVENT 1914663 with args -0-130-0-2-48-0-0-0-0-0-0-0-0-0-0-0-0-0-0-0-0-0-0-0-0-0-0-0-0-0-0-0-0-0-0-0-0-0-0-0-
[mavros_node-1] [INFO] [1781698184.197824468] [mavros.rallypoint]: RP: mission received
[mavros_node-1] [INFO] [1781698189.211057680] [mavros.geofence]: GF: mission received
[mavros_node-1] [WARN] [1781698197.001568052] [mavros.sys]: FCU: UNK(8): EVENT 11047904 with args -0-0-0-18-1-0-0-0-0-199-191-5-128-199-191-5-128-0-0-0-0-0-0-0-0-0-0-0-0-0-0-0-0-0-0-0-0-0-0-0-
[mavros_node-1] [ERROR] [1781698197.001861022] [mavros.sys]: FCU: EVENT 13679014 with args -0-64-0-0-20-0-0-0-0-0-0-0-0-0-0-0-0-0-0-0-0-0-0-0-0-0-0-0-0-0-0-0-0-0-0-0-0-0-0-0-
[mavros_node-1] [ERROR] [1781698197.002249230] [mavros.sys]: FCU: EVENT 13835193 with args -56-0-122-0-17-0-0-0-0-0-0-0-0-0-0-0-0-0-0-0-0-0-0-0-0-0-0-0-0-0-0-0-0-0-0-0-0-0-0-0-
[mavros_node-1] [ERROR] [1781698197.002394139] [mavros.sys]: FCU: EVENT 10011251 with args -56-0-0-0-24-0-0-0-0-0-0-0-0-0-0-0-0-0-0-0-0-0-0-0-0-0-0-0-0-0-0-0-0-0-0-0-0-0-0-0-
[mavros_node-1] [INFO] [1781698197.002615070] [mavros.sys]: FCU: EVENT 377561 with args -8-0-0-0-20-0-0-0-0-0-0-0-0-0-0-0-0-0-0-0-0-0-0-0-0-0-0-0-0-0-0-0-0-0-0-0-0-0-0-0-
[mavros_node-1] [INFO] [1781698197.002923120] [mavros.sys]: FCU: EVENT 79408 with args -32-0-0-0-20-0-0-0-0-0-0-0-0-0-0-0-0-0-0-0-0-0-0-0-0-0-0-0-0-0-0-0-0-0-0-0-0-0-0-0-
[mavros_node-1] [INFO] [1781698197.003335911] [mavros.sys]: FCU: EVENT 6801787 with args -255-255-255-255-12-0-0-0-0-0-0-0-0-0-0-0-0-0-0-0-0-0-0-0-0-0-0-0-0-0-0-0-0-0-0-0-0-0-0-0-
[mavros_node-1] [WARN] [1781698197.003609663] [mavros.sys]: FCU: UNK(8): EVENT 1914663 with args -0-130-0-2-48-0-0-0-0-0-0-0-0-0-0-0-0-0-0-0-0-0-0-0-0-0-0-0-0-0-0-0-0-0-0-0-0-0-0-0-
[mavros_node-1] [WARN] [1781698199.040210915] [mavros.sys]: FCU: UNK(8): EVENT 11047904 with args -0-0-0-18-1-0-0-0-0-199-191-5-128-199-191-5-128-0-0-0-0-0-0-0-0-0-0-0-0-0-0-0-0-0-0-0-0-0-0-0-
[mavros_node-1] [ERROR] [1781698199.040490070] [mavros.sys]: FCU: EVENT 13679014 with args -0-64-0-0-20-0-0-0-0-0-0-0-0-0-0-0-0-0-0-0-0-0-0-0-0-0-0-0-0-0-0-0-0-0-0-0-0-0-0-0-
[mavros_node-1] [ERROR] [1781698199.040873625] [mavros.sys]: FCU: EVENT 13835193 with args -56-0-122-0-17-0-0-0-0-0-0-0-0-0-0-0-0-0-0-0-0-0-0-0-0-0-0-0-0-0-0-0-0-0-0-0-0-0-0-0-
[mavros_node-1] [ERROR] [1781698199.041135037] [mavros.sys]: FCU: EVENT 10011251 with args -56-0-0-0-24-0-0-0-0-0-0-0-0-0-0-0-0-0-0-0-0-0-0-0-0-0-0-0-0-0-0-0-0-0-0-0-0-0-0-0-
[mavros_node-1] [INFO] [1781698199.041534580] [mavros.sys]: FCU: EVENT 377561 with args -8-0-0-0-20-0-0-0-0-0-0-0-0-0-0-0-0-0-0-0-0-0-0-0-0-0-0-0-0-0-0-0-0-0-0-0-0-0-0-0-
[mavros_node-1] [INFO] [1781698199.041845333] [mavros.sys]: FCU: EVENT 79408 with args -32-0-0-0-20-0-0-0-0-0-0-0-0-0-0-0-0-0-0-0-0-0-0-0-0-0-0-0-0-0-0-0-0-0-0-0-0-0-0-0-
[mavros_node-1] [INFO] [1781698199.042208424] [mavros.sys]: FCU: EVENT 6801787 with args -255-255-255-255-12-0-0-0-0-0-0-0-0-0-0-0-0-0-0-0-0-0-0-0-0-0-0-0-0-0-0-0-0-0-0-0-0-0-0-0-
[mavros_node-1] [WARN] [1781698199.042816374] [mavros.sys]: FCU: UNK(8): EVENT 1914663 with args -0-130-0-2-48-0-0-0-0-0-0-0-0-0-0-0-0-0-0-0-0-0-0-0-0-0-0-0-0-0-0-0-0-0-0-0-0-0-0-0-
[mavros_node-1] [WARN] [1781698201.140373520] [mavros.sys]: FCU: UNK(8): EVENT 11047904 with args -0-0-0-0-1-0-0-0-0-199-255-127-128-199-255-127-128-0-0-0-0-0-0-0-0-0-0-0-0-0-0-0-0-0-0-0-0-0-0-0-
[mavros_node-1] [ERROR] [1781698201.140731935] [mavros.sys]: FCU: EVENT 10011251 with args -56-0-0-0-24-0-0-0-0-0-0-0-0-0-0-0-0-0-0-0-0-0-0-0-0-0-0-0-0-0-0-0-0-0-0-0-0-0-0-0-
[mavros_node-1] [INFO] [1781698201.141164491] [mavros.sys]: FCU: EVENT 377561 with args -8-0-0-0-20-0-0-0-0-0-0-0-0-0-0-0-0-0-0-0-0-0-0-0-0-0-0-0-0-0-0-0-0-0-0-0-0-0-0-0-
[mavros_node-1] [INFO] [1781698201.141477857] [mavros.sys]: FCU: EVENT 79408 with args -32-0-0-0-20-0-0-0-0-0-0-0-0-0-0-0-0-0-0-0-0-0-0-0-0-0-0-0-0-0-0-0-0-0-0-0-0-0-0-0-
[mavros_node-1] [INFO] [1781698201.141812992] [mavros.sys]: FCU: EVENT 6801787 with args -255-255-255-255-12-0-0-0-0-0-0-0-0-0-0-0-0-0-0-0-0-0-0-0-0-0-0-0-0-0-0-0-0-0-0-0-0-0-0-0-
[mavros_node-1] [WARN] [1781698201.144074369] [mavros.sys]: FCU: UNK(8): EVENT 1914663 with args -0-130-0-2-48-0-0-0-0-0-0-0-0-0-0-0-0-0-0-0-0-0-0-0-0-0-0-0-0-0-0-0-0-0-0-0-0-0-0-0-
[mavros_node-1] [INFO] [1781698201.240455464] [mavros.sys]: FCU: EVENT 9489139 with args -4-0-0-0-0-0-0-0-0-0-0-0-0-0-0-0-0-0-0-0-0-0-0-0-0-0-0-0-0-0-0-0-0-0-0-0-0-0-0-0-
[mavros_node-1] [INFO] [1781698201.291688170] [mavros.sys]: FCU: EVENT 4535132 with args -6-0-100-0-0-0-0-0-0-0-0-0-0-0-0-0-0-0-0-0-0-0-0-0-0-0-0-0-0-0-0-0-0-0-0-0-0-0-0-0-
[mavros_node-1] [INFO] [1781698203.110283886] [mavros.sys]: FCU: EVENT 4277609 with args -0-0-0-0-0-0-0-0-0-0-0-0-0-0-0-0-0-0-0-0-0-0-0-0-0-0-0-0-0-0-0-0-0-0-0-0-0-0-0-0-
[mavros_node-1] [WARN] [1781698203.195823738] [mavros.sys]: FCU: UNK(8): EVENT 11047904 with args -0-0-0-0-1-0-0-0-0-199-255-127-128-199-255-127-128-0-0-0-0-0-0-0-0-0-0-0-0-0-0-0-0-0-0-0-0-0-0-0-
[mavros_node-1] [ERROR] [1781698203.196835063] [mavros.sys]: FCU: EVENT 10011251 with args -56-0-0-0-24-0-0-0-0-0-0-0-0-0-0-0-0-0-0-0-0-0-0-0-0-0-0-0-0-0-0-0-0-0-0-0-0-0-0-0-
[mavros_node-1] [INFO] [1781698203.197628264] [mavros.sys]: FCU: EVENT 377561 with args -8-0-0-0-20-0-0-0-0-0-0-0-0-0-0-0-0-0-0-0-0-0-0-0-0-0-0-0-0-0-0-0-0-0-0-0-0-0-0-0-
[mavros_node-1] [INFO] [1781698203.198037309] [mavros.sys]: FCU: EVENT 79408 with args -32-0-0-0-20-0-0-0-0-0-0-0-0-0-0-0-0-0-0-0-0-0-0-0-0-0-0-0-0-0-0-0-0-0-0-0-0-0-0-0-
[mavros_node-1] [INFO] [1781698203.198765375] [mavros.sys]: FCU: EVENT 6801787 with args -255-255-255-255-12-0-0-0-0-0-0-0-0-0-0-0-0-0-0-0-0-0-0-0-0-0-0-0-0-0-0-0-0-0-0-0-0-0-0-0-
[mavros_node-1] [WARN] [1781698203.199306325] [mavros.sys]: FCU: UNK(8): EVENT 1914663 with args -0-130-4-2-48-0-0-0-0-0-0-0-0-0-0-0-0-0-0-0-0-0-0-0-0-0-0-0-0-0-0-0-0-0-0-0-0-0-0-0-
[fastlio_odometry_guard-2] [WARN] [1781698205.770632283] [fastlio_odometry_guard]: Rejected FAST-LIO odometry: computed z speed 0.712297 m/s (accepted=437 rejected=2)
[fastlio_odometry_guard-2] [WARN] [1781698207.004053678] [fastlio_odometry_guard]: Rejected FAST-LIO odometry: z jump 0.242707 m (accepted=448 rejected=4)
[fastlio_odometry_guard-2] [WARN] [1781698208.174828648] [fastlio_odometry_guard]: Rejected FAST-LIO odometry: position jump 0.462606 m (accepted=448 rejected=11)
[fastlio_odometry_guard-2] [WARN] [1781698209.453601179] [fastlio_odometry_guard]: Rejected FAST-LIO odometry: position jump 0.46928 m (accepted=450 rejected=21)
[fastlio_odometry_guard-2] [WARN] [1781698210.733869656] [fastlio_odometry_guard]: Rejected FAST-LIO odometry: large dt 1.00005 s; reset guard baseline (accepted=452 rejected=35)
[fastlio_odometry_guard-2] [WARN] [1781698212.635443306] [fastlio_odometry_guard]: Rejected FAST-LIO odometry: computed z speed 0.754221 m/s (accepted=473 rejected=36)
[fastlio_odometry_guard-2] [WARN] [1781698213.693093421] [fastlio_odometry_guard]: Rejected FAST-LIO odometry: z jump -0.12533 m (accepted=473 rejected=46)
[fastlio_odometry_guard-2] [WARN] [1781698214.776038697] [fastlio_odometry_guard]: Rejected FAST-LIO odometry: large dt 1.00408 s; reset guard baseline (accepted=473 rejected=55)
[fastlio_odometry_guard-2] [WARN] [1781698216.062978806] [fastlio_odometry_guard]: Rejected FAST-LIO odometry: large dt 1.09906 s; reset guard baseline (accepted=475 rejected=66)
[mavros_node-1] [WARN] [1781698217.345233066] [mavros.cmd]: CMD: Unexpected command 176, result 0
[mavros_node-1] [ERROR] [1781698217.579932282] [mavros.sys]: FCU: EVENT 11290563 with args -0-0-0-0-0-0-0-0-0-0-0-0-0-0-0-0-0-0-0-0-0-0-0-0-0-0-0-0-0-0-0-0-0-0-0-0-0-0-0-0-
[mavros_node-1] [WARN] [1781698217.688275310] [mavros.sys]: FCU: UNK(8): EVENT 11047904 with args -0-0-0-16-1-0-0-0-0-0-0-0-0-199-255-127-128-0-0-0-0-0-0-0-0-0-0-0-0-0-0-0-0-0-0-0-0-0-0-0-
[mavros_node-1] [ERROR] [1781698217.688565605] [mavros.sys]: FCU: EVENT 10011251 with args -56-0-0-0-24-0-0-0-0-0-0-0-0-0-0-0-0-0-0-0-0-0-0-0-0-0-0-0-0-0-0-0-0-0-0-0-0-0-0-0-
[mavros_node-1] [INFO] [1781698217.688725961] [mavros.sys]: FCU: EVENT 377561 with args -8-0-0-0-20-0-0-0-0-0-0-0-0-0-0-0-0-0-0-0-0-0-0-0-0-0-0-0-0-0-0-0-0-0-0-0-0-0-0-0-
[mavros_node-1] [INFO] [1781698217.689129627] [mavros.sys]: FCU: EVENT 79408 with args -32-0-0-0-20-0-0-0-0-0-0-0-0-0-0-0-0-0-0-0-0-0-0-0-0-0-0-0-0-0-0-0-0-0-0-0-0-0-0-0-
[mavros_node-1] [ERROR] [1781698217.689264172] [mavros.sys]: FCU: EVENT 12754954 with args -255-255-255-255-20-0-0-0-0-0-0-0-0-0-0-0-0-0-0-0-0-0-0-0-0-0-0-0-0-0-0-0-0-0-0-0-0-0-0-0-
[mavros_node-1] [INFO] [1781698217.689553853] [mavros.sys]: FCU: EVENT 6801787 with args -255-255-255-255-12-0-0-0-0-0-0-0-0-0-0-0-0-0-0-0-0-0-0-0-0-0-0-0-0-0-0-0-0-0-0-0-0-0-0-0-
[mavros_node-1] [WARN] [1781698217.692632186] [mavros.sys]: FCU: UNK(8): EVENT 1914663 with args -0-130-4-2-48-0-0-0-0-0-0-0-0-0-0-0-0-0-0-0-0-0-0-0-0-0-0-0-0-0-0-0-0-0-0-0-0-0-0-0-
[fastlio_odometry_guard-2] [WARN] [1781698217.904917029] [fastlio_odometry_guard]: Rejected FAST-LIO odometry: xy jump 0.239399 m (accepted=489 rejected=72)
[fastlio_odometry_guard-2] [WARN] [1781698219.183797755] [fastlio_odometry_guard]: Rejected FAST-LIO odometry: large dt 1.09918 s; reset guard baseline (accepted=489 rejected=82)
[mavros_node-1] [WARN] [1781698219.743273805] [mavros.sys]: FCU: UNK(8): EVENT 11047904 with args -0-0-0-16-1-0-0-0-0-0-0-0-0-199-191-127-128-0-0-0-0-0-0-0-0-0-0-0-0-0-0-0-0-0-0-0-0-0-0-0-
[mavros_node-1] [ERROR] [1781698219.743702604] [mavros.sys]: FCU: EVENT 11464574 with args -0-64-0-0-20-0-0-0-0-0-0-0-0-0-0-0-0-0-0-0-0-0-0-0-0-0-0-0-0-0-0-0-0-0-0-0-0-0-0-0-
[mavros_node-1] [ERROR] [1781698219.744161934] [mavros.sys]: FCU: EVENT 10011251 with args -56-0-0-0-24-0-0-0-0-0-0-0-0-0-0-0-0-0-0-0-0-0-0-0-0-0-0-0-0-0-0-0-0-0-0-0-0-0-0-0-
[mavros_node-1] [INFO] [1781698219.744463625] [mavros.sys]: FCU: EVENT 377561 with args -8-0-0-0-20-0-0-0-0-0-0-0-0-0-0-0-0-0-0-0-0-0-0-0-0-0-0-0-0-0-0-0-0-0-0-0-0-0-0-0-
[mavros_node-1] [INFO] [1781698219.746549471] [mavros.sys]: FCU: EVENT 79408 with args -32-0-0-0-20-0-0-0-0-0-0-0-0-0-0-0-0-0-0-0-0-0-0-0-0-0-0-0-0-0-0-0-0-0-0-0-0-0-0-0-
[mavros_node-1] [ERROR] [1781698219.747027227] [mavros.sys]: FCU: EVENT 12754954 with args -255-255-255-255-20-0-0-0-0-0-0-0-0-0-0-0-0-0-0-0-0-0-0-0-0-0-0-0-0-0-0-0-0-0-0-0-0-0-0-0-
[mavros_node-1] [INFO] [1781698219.747206520] [mavros.sys]: FCU: EVENT 6801787 with args -255-255-255-255-12-0-0-0-0-0-0-0-0-0-0-0-0-0-0-0-0-0-0-0-0-0-0-0-0-0-0-0-0-0-0-0-0-0-0-0-
[mavros_node-1] [WARN] [1781698219.747274476] [mavros.sys]: FCU: UNK(8): EVENT 1914663 with args -0-130-4-2-48-0-0-0-0-0-0-0-0-0-0-0-0-0-0-0-0-0-0-0-0-0-0-0-0-0-0-0-0-0-0-0-0-0-0-0-
[fastlio_odometry_guard-2] [WARN] [1781698220.466016147] [fastlio_odometry_guard]: Rejected FAST-LIO odometry: position jump 14.6772 m (accepted=492 rejected=92)
[fastlio_odometry_guard-2] [WARN] [1781698221.485028511] [fastlio_odometry_guard]: Rejected FAST-LIO odometry: large dt 1.00013 s; reset guard baseline (accepted=494 rejected=103)
[mavros_node-1] [WARN] [1781698222.370484148] [mavros.sys]: FCU: UNK(8): EVENT 11047904 with args -0-0-0-18-1-0-0-0-0-0-0-0-0-131-191-1-128-0-0-0-0-0-0-0-0-0-0-0-0-0-0-0-0-0-0-0-0-0-0-0-
[mavros_node-1] [ERROR] [1781698222.370835135] [mavros.sys]: FCU: EVENT 13679014 with args -0-64-0-0-20-0-0-0-0-0-0-0-0-0-0-0-0-0-0-0-0-0-0-0-0-0-0-0-0-0-0-0-0-0-0-0-0-0-0-0-
[mavros_node-1] [ERROR] [1781698222.371152337] [mavros.sys]: FCU: EVENT 13835193 with args -124-0-126-0-17-0-0-0-0-0-0-0-0-0-0-0-0-0-0-0-0-0-0-0-0-0-0-0-0-0-0-0-0-0-0-0-0-0-0-0-
[mavros_node-1] [ERROR] [1781698222.371712040] [mavros.sys]: FCU: EVENT 10011251 with args -56-0-0-0-24-0-0-0-0-0-0-0-0-0-0-0-0-0-0-0-0-0-0-0-0-0-0-0-0-0-0-0-0-0-0-0-0-0-0-0-
[mavros_node-1] [INFO] [1781698222.371828462] [mavros.sys]: FCU: EVENT 377561 with args -8-0-0-0-20-0-0-0-0-0-0-0-0-0-0-0-0-0-0-0-0-0-0-0-0-0-0-0-0-0-0-0-0-0-0-0-0-0-0-0-
[mavros_node-1] [INFO] [1781698222.371942430] [mavros.sys]: FCU: EVENT 79408 with args -32-0-0-0-20-0-0-0-0-0-0-0-0-0-0-0-0-0-0-0-0-0-0-0-0-0-0-0-0-0-0-0-0-0-0-0-0-0-0-0-
[mavros_node-1] [ERROR] [1781698222.372158926] [mavros.sys]: FCU: EVENT 12754954 with args -255-255-255-255-20-0-0-0-0-0-0-0-0-0-0-0-0-0-0-0-0-0-0-0-0-0-0-0-0-0-0-0-0-0-0-0-0-0-0-0-
[mavros_node-1] [INFO] [1781698222.372551167] [mavros.sys]: FCU: EVENT 6801787 with args -255-255-255-255-12-0-0-0-0-0-0-0-0-0-0-0-0-0-0-0-0-0-0-0-0-0-0-0-0-0-0-0-0-0-0-0-0-0-0-0-
[mavros_node-1] [WARN] [1781698222.372908993] [mavros.sys]: FCU: UNK(8): EVENT 1914663 with args -0-130-4-2-48-0-0-0-0-0-0-0-0-0-0-0-0-0-0-0-0-0-0-0-0-0-0-0-0-0-0-0-0-0-0-0-0-0-0-0-
[mavros_node-1] [ERROR] [1781698222.382212423] [mavros.sys]: FCU: EVENT 12770418 with args -0-0-4-6-8-0-0-0-0-0-0-0-0-0-0-0-0-0-0-0-0-0-0-0-0-0-0-0-0-0-0-0-0-0-0-0-0-0-0-0-
[fastlio_odometry_guard-2] [WARN] [1781698222.524190109] [fastlio_odometry_guard]: Rejected FAST-LIO odometry: large dt 1.00029 s; reset guard baseline (accepted=494 rejected=113)
[mavros_node-1] [INFO] [1781698222.592344407] [mavros.sys]: FCU: EVENT 16017271 with args -8-0-0-0-0-0-0-0-0-0-0-0-0-0-0-0-0-0-0-0-0-0-0-0-0-0-0-0-0-0-0-0-0-0-0-0-0-0-0-0-
[fastlio_odometry_guard-2] [WARN] [1781698223.525324755] [fastlio_odometry_guard]: Rejected FAST-LIO odometry: position jump 43.3676 m (accepted=494 rejected=123)
[mavros_node-1] [WARN] [1781698224.445162152] [mavros.sys]: FCU: UNK(8): EVENT 11047904 with args -0-128-0-18-1-0-0-0-0-0-0-0-0-131-191-1-128-0-0-0-0-0-0-0-0-0-0-0-0-0-0-0-0-0-0-0-0-0-0-0-
[mavros_node-1] [ERROR] [1781698224.445461029] [mavros.sys]: FCU: EVENT 9077977 with args -255-255-255-255-7-0-0-0-0-0-0-0-0-0-0-0-0-0-0-0-0-0-0-0-0-0-0-0-0-0-0-0-0-0-0-0-0-0-0-0-
[mavros_node-1] [ERROR] [1781698224.445732811] [mavros.sys]: FCU: EVENT 13679014 with args -0-64-0-0-20-0-0-0-0-0-0-0-0-0-0-0-0-0-0-0-0-0-0-0-0-0-0-0-0-0-0-0-0-0-0-0-0-0-0-0-
[mavros_node-1] [ERROR] [1781698224.445853999] [mavros.sys]: FCU: EVENT 13835193 with args -124-0-126-0-17-0-0-0-0-0-0-0-0-0-0-0-0-0-0-0-0-0-0-0-0-0-0-0-0-0-0-0-0-0-0-0-0-0-0-0-
[mavros_node-1] [ERROR] [1781698224.445933431] [mavros.sys]: FCU: EVENT 10011251 with args -56-0-0-0-24-0-0-0-0-0-0-0-0-0-0-0-0-0-0-0-0-0-0-0-0-0-0-0-0-0-0-0-0-0-0-0-0-0-0-0-
[mavros_node-1] [INFO] [1781698224.446348947] [mavros.sys]: FCU: EVENT 377561 with args -8-0-0-0-20-0-0-0-0-0-0-0-0-0-0-0-0-0-0-0-0-0-0-0-0-0-0-0-0-0-0-0-0-0-0-0-0-0-0-0-
[mavros_node-1] [INFO] [1781698224.446779761] [mavros.sys]: FCU: EVENT 79408 with args -32-0-0-0-20-0-0-0-0-0-0-0-0-0-0-0-0-0-0-0-0-0-0-0-0-0-0-0-0-0-0-0-0-0-0-0-0-0-0-0-
[mavros_node-1] [ERROR] [1781698224.446965023] [mavros.sys]: FCU: EVENT 12754954 with args -255-255-255-255-20-0-0-0-0-0-0-0-0-0-0-0-0-0-0-0-0-0-0-0-0-0-0-0-0-0-0-0-0-0-0-0-0-0-0-0-
[mavros_node-1] [INFO] [1781698224.447218692] [mavros.sys]: FCU: EVENT 6801787 with args -255-255-255-255-12-0-0-0-0-0-0-0-0-0-0-0-0-0-0-0-0-0-0-0-0-0-0-0-0-0-0-0-0-0-0-0-0-0-0-0-
[mavros_node-1] [WARN] [1781698224.450415439] [mavros.sys]: FCU: UNK(8): EVENT 1914663 with args -0-130-4-2-48-0-0-0-0-0-0-0-0-0-0-0-0-0-0-0-0-0-0-0-0-0-0-0-0-0-0-0-0-0-0-0-0-0-0-0-
[fastlio_odometry_guard-2] [WARN] [1781698224.587263782] [fastlio_odometry_guard]: Rejected FAST-LIO odometry: position jump 59.2311 m (accepted=495 rejected=133)
[fastlio_odometry_guard-2] [WARN] [1781698225.704810964] [fastlio_odometry_guard]: Rejected FAST-LIO odometry: position jump 68.4596 m (accepted=495 rejected=144)
[mavros_node-1] [WARN] [1781698226.616223999] [mavros.sys]: FCU: UNK(8): EVENT 11047904 with args -0-128-0-18-1-0-0-0-0-0-0-0-0-131-191-1-128-0-0-0-0-0-0-0-0-0-0-0-0-0-0-0-0-0-0-0-0-0-0-0-
[mavros_node-1] [ERROR] [1781698226.616687034] [mavros.sys]: FCU: EVENT 9077977 with args -255-255-255-255-7-0-0-0-0-0-0-0-0-0-0-0-0-0-0-0-0-0-0-0-0-0-0-0-0-0-0-0-0-0-0-0-0-0-0-0-
[mavros_node-1] [ERROR] [1781698226.616938517] [mavros.sys]: FCU: EVENT 13679014 with args -0-64-0-0-20-0-0-0-0-0-0-0-0-0-0-0-0-0-0-0-0-0-0-0-0-0-0-0-0-0-0-0-0-0-0-0-0-0-0-0-
[mavros_node-1] [ERROR] [1781698226.617081377] [mavros.sys]: FCU: EVENT 13835193 with args -124-0-126-0-17-0-0-0-0-0-0-0-0-0-0-0-0-0-0-0-0-0-0-0-0-0-0-0-0-0-0-0-0-0-0-0-0-0-0-0-
[mavros_node-1] [ERROR] [1781698226.617215924] [mavros.sys]: FCU: EVENT 10011251 with args -56-0-0-0-24-0-0-0-0-0-0-0-0-0-0-0-0-0-0-0-0-0-0-0-0-0-0-0-0-0-0-0-0-0-0-0-0-0-0-0-
[mavros_node-1] [INFO] [1781698226.617557145] [mavros.sys]: FCU: EVENT 377561 with args -8-0-0-0-20-0-0-0-0-0-0-0-0-0-0-0-0-0-0-0-0-0-0-0-0-0-0-0-0-0-0-0-0-0-0-0-0-0-0-0-
[mavros_node-1] [INFO] [1781698226.617822180] [mavros.sys]: FCU: EVENT 79408 with args -32-0-0-0-20-0-0-0-0-0-0-0-0-0-0-0-0-0-0-0-0-0-0-0-0-0-0-0-0-0-0-0-0-0-0-0-0-0-0-0-
[mavros_node-1] [ERROR] [1781698226.618145216] [mavros.sys]: FCU: EVENT 12754954 with args -255-255-255-255-20-0-0-0-0-0-0-0-0-0-0-0-0-0-0-0-0-0-0-0-0-0-0-0-0-0-0-0-0-0-0-0-0-0-0-0-
[mavros_node-1] [INFO] [1781698226.618604753] [mavros.sys]: FCU: EVENT 6801787 with args -255-255-255-255-12-0-0-0-0-0-0-0-0-0-0-0-0-0-0-0-0-0-0-0-0-0-0-0-0-0-0-0-0-0-0-0-0-0-0-0-
[mavros_node-1] [WARN] [1781698226.618901411] [mavros.sys]: FCU: UNK(8): EVENT 1914663 with args -0-130-0-2-48-0-0-0-0-0-0-0-0-0-0-0-0-0-0-0-0-0-0-0-0-0-0-0-0-0-0-0-0-0-0-0-0-0-0-0-
[fastlio_odometry_guard-2] [WARN] [1781698226.812794872] [fastlio_odometry_guard]: Rejected FAST-LIO odometry: position jump 51.7744 m (accepted=495 rejected=153)
[fastlio_odometry_guard-2] [WARN] [1781698227.815689960] [fastlio_odometry_guard]: Rejected FAST-LIO odometry: position jump 69.5992 m (accepted=495 rejected=165)
[mavros_node-1] [WARN] [1781698228.667208952] [mavros.sys]: FCU: UNK(8): EVENT 11047904 with args -0-128-0-18-1-0-0-0-0-0-0-0-0-131-191-1-128-0-0-0-0-0-0-0-0-0-0-0-0-0-0-0-0-0-0-0-0-0-0-0-
[mavros_node-1] [ERROR] [1781698228.667452618] [mavros.sys]: FCU: EVENT 9697819 with args -126-209-126-0-17-0-0-0-0-0-0-0-0-0-0-0-0-0-0-0-0-0-0-0-0-0-0-0-0-0-0-0-0-0-0-0-0-0-0-0-
[mavros_node-1] [ERROR] [1781698228.667728834] [mavros.sys]: FCU: EVENT 9077977 with args -255-255-255-255-7-0-0-0-0-0-0-0-0-0-0-0-0-0-0-0-0-0-0-0-0-0-0-0-0-0-0-0-0-0-0-0-0-0-0-0-
[mavros_node-1] [ERROR] [1781698228.668067054] [mavros.sys]: FCU: EVENT 13679014 with args -0-64-0-0-20-0-0-0-0-0-0-0-0-0-0-0-0-0-0-0-0-0-0-0-0-0-0-0-0-0-0-0-0-0-0-0-0-0-0-0-
[mavros_node-1] [ERROR] [1781698228.668509080] [mavros.sys]: FCU: EVENT 13835193 with args -124-0-126-0-17-0-0-0-0-0-0-0-0-0-0-0-0-0-0-0-0-0-0-0-0-0-0-0-0-0-0-0-0-0-0-0-0-0-0-0-
[mavros_node-1] [ERROR] [1781698228.668760881] [mavros.sys]: FCU: EVENT 10011251 with args -56-0-0-0-24-0-0-0-0-0-0-0-0-0-0-0-0-0-0-0-0-0-0-0-0-0-0-0-0-0-0-0-0-0-0-0-0-0-0-0-
[mavros_node-1] [INFO] [1781698228.669117168] [mavros.sys]: FCU: EVENT 377561 with args -8-0-0-0-20-0-0-0-0-0-0-0-0-0-0-0-0-0-0-0-0-0-0-0-0-0-0-0-0-0-0-0-0-0-0-0-0-0-0-0-
[mavros_node-1] [INFO] [1781698228.669492813] [mavros.sys]: FCU: EVENT 79408 with args -32-0-0-0-20-0-0-0-0-0-0-0-0-0-0-0-0-0-0-0-0-0-0-0-0-0-0-0-0-0-0-0-0-0-0-0-0-0-0-0-
[mavros_node-1] [ERROR] [1781698228.669908160] [mavros.sys]: FCU: EVENT 12754954 with args -255-255-255-255-20-0-0-0-0-0-0-0-0-0-0-0-0-0-0-0-0-0-0-0-0-0-0-0-0-0-0-0-0-0-0-0-0-0-0-0-
[mavros_node-1] [INFO] [1781698228.670092581] [mavros.sys]: FCU: EVENT 6801787 with args -255-255-255-255-12-0-0-0-0-0-0-0-0-0-0-0-0-0-0-0-0-0-0-0-0-0-0-0-0-0-0-0-0-0-0-0-0-0-0-0-
[mavros_node-1] [WARN] [1781698228.670194335] [mavros.sys]: FCU: UNK(8): EVENT 1914663 with args -0-130-0-2-48-0-0-0-0-0-0-0-0-0-0-0-0-0-0-0-0-0-0-0-0-0-0-0-0-0-0-0-0-0-0-0-0-0-0-0-
[fastlio_odometry_guard-2] [WARN] [1781698228.821789832] [fastlio_odometry_guard]: Rejected FAST-LIO odometry: position jump 48.2764 m (accepted=499 rejected=170)
[fastlio_odometry_guard-2] [WARN] [1781698229.975260489] [fastlio_odometry_guard]: Rejected FAST-LIO odometry: position jump 52.0286 m (accepted=501 rejected=180)
[mavros_node-1] [WARN] [1781698230.731405420] [mavros.sys]: FCU: UNK(8): EVENT 11047904 with args -0-128-0-18-1-0-0-0-0-0-0-0-0-131-191-1-128-0-0-0-0-0-0-0-0-0-0-0-0-0-0-0-0-0-0-0-0-0-0-0-
[mavros_node-1] [ERROR] [1781698230.731769622] [mavros.sys]: FCU: EVENT 9077977 with args -255-255-255-255-7-0-0-0-0-0-0-0-0-0-0-0-0-0-0-0-0-0-0-0-0-0-0-0-0-0-0-0-0-0-0-0-0-0-0-0-
[mavros_node-1] [ERROR] [1781698230.732085305] [mavros.sys]: FCU: EVENT 13679014 with args -0-64-0-0-20-0-0-0-0-0-0-0-0-0-0-0-0-0-0-0-0-0-0-0-0-0-0-0-0-0-0-0-0-0-0-0-0-0-0-0-
[mavros_node-1] [ERROR] [1781698230.732458375] [mavros.sys]: FCU: EVENT 13835193 with args -124-0-126-0-17-0-0-0-0-0-0-0-0-0-0-0-0-0-0-0-0-0-0-0-0-0-0-0-0-0-0-0-0-0-0-0-0-0-0-0-
[mavros_node-1] [ERROR] [1781698230.732838884] [mavros.sys]: FCU: EVENT 10011251 with args -56-0-0-0-24-0-0-0-0-0-0-0-0-0-0-0-0-0-0-0-0-0-0-0-0-0-0-0-0-0-0-0-0-0-0-0-0-0-0-0-
[mavros_node-1] [INFO] [1781698230.733070383] [mavros.sys]: FCU: EVENT 377561 with args -8-0-0-0-20-0-0-0-0-0-0-0-0-0-0-0-0-0-0-0-0-0-0-0-0-0-0-0-0-0-0-0-0-0-0-0-0-0-0-0-
[mavros_node-1] [INFO] [1781698230.733524428] [mavros.sys]: FCU: EVENT 79408 with args -32-0-0-0-20-0-0-0-0-0-0-0-0-0-0-0-0-0-0-0-0-0-0-0-0-0-0-0-0-0-0-0-0-0-0-0-0-0-0-0-
[mavros_node-1] [ERROR] [1781698230.733829833] [mavros.sys]: FCU: EVENT 12754954 with args -255-255-255-255-20-0-0-0-0-0-0-0-0-0-0-0-0-0-0-0-0-0-0-0-0-0-0-0-0-0-0-0-0-0-0-0-0-0-0-0-
[mavros_node-1] [INFO] [1781698230.734135488] [mavros.sys]: FCU: EVENT 6801787 with args -255-255-255-255-12-0-0-0-0-0-0-0-0-0-0-0-0-0-0-0-0-0-0-0-0-0-0-0-0-0-0-0-0-0-0-0-0-0-0-0-
[mavros_node-1] [WARN] [1781698230.734512059] [mavros.sys]: FCU: UNK(8): EVENT 1914663 with args -0-130-0-2-48-0-0-0-0-0-0-0-0-0-0-0-0-0-0-0-0-0-0-0-0-0-0-0-0-0-0-0-0-0-0-0-0-0-0-0-
[fastlio_odometry_guard-2] [WARN] [1781698231.033467909] [fastlio_odometry_guard]: Rejected FAST-LIO odometry: position jump 38.117 m (accepted=501 rejected=191)
[fastlio_odometry_guard-2] [WARN] [1781698232.058410006] [fastlio_odometry_guard]: Rejected FAST-LIO odometry: position jump 41.4512 m (accepted=501 rejected=202)
[mavros_node-1] [WARN] [1781698232.804531879] [mavros.sys]: FCU: UNK(8): EVENT 11047904 with args -0-128-0-16-1-0-0-0-0-0-0-0-0-199-191-127-128-0-0-0-0-0-0-0-0-0-0-0-0-0-0-0-0-0-0-0-0-0-0-0-
[mavros_node-1] [ERROR] [1781698232.805142883] [mavros.sys]: FCU: EVENT 9077977 with args -255-255-255-255-7-0-0-0-0-0-0-0-0-0-0-0-0-0-0-0-0-0-0-0-0-0-0-0-0-0-0-0-0-0-0-0-0-0-0-0-
[mavros_node-1] [ERROR] [1781698232.805348237] [mavros.sys]: FCU: EVENT 11464574 with args -0-64-0-0-20-0-0-0-0-0-0-0-0-0-0-0-0-0-0-0-0-0-0-0-0-0-0-0-0-0-0-0-0-0-0-0-0-0-0-0-
[mavros_node-1] [ERROR] [1781698232.805512925] [mavros.sys]: FCU: EVENT 10011251 with args -56-0-0-0-24-0-0-0-0-0-0-0-0-0-0-0-0-0-0-0-0-0-0-0-0-0-0-0-0-0-0-0-0-0-0-0-0-0-0-0-
[mavros_node-1] [INFO] [1781698232.805597648] [mavros.sys]: FCU: EVENT 377561 with args -8-0-0-0-20-0-0-0-0-0-0-0-0-0-0-0-0-0-0-0-0-0-0-0-0-0-0-0-0-0-0-0-0-0-0-0-0-0-0-0-
[mavros_node-1] [INFO] [1781698232.805718819] [mavros.sys]: FCU: EVENT 79408 with args -32-0-0-0-20-0-0-0-0-0-0-0-0-0-0-0-0-0-0-0-0-0-0-0-0-0-0-0-0-0-0-0-0-0-0-0-0-0-0-0-
[mavros_node-1] [ERROR] [1781698232.805850641] [mavros.sys]: FCU: EVENT 12754954 with args -255-255-255-255-20-0-0-0-0-0-0-0-0-0-0-0-0-0-0-0-0-0-0-0-0-0-0-0-0-0-0-0-0-0-0-0-0-0-0-0-
[mavros_node-1] [INFO] [1781698232.805989472] [mavros.sys]: FCU: EVENT 6801787 with args -255-255-255-255-12-0-0-0-0-0-0-0-0-0-0-0-0-0-0-0-0-0-0-0-0-0-0-0-0-0-0-0-0-0-0-0-0-0-0-0-
[mavros_node-1] [WARN] [1781698232.806120669] [mavros.sys]: FCU: UNK(8): EVENT 1914663 with args -0-130-0-2-48-0-0-0-0-0-0-0-0-0-0-0-0-0-0-0-0-0-0-0-0-0-0-0-0-0-0-0-0-0-0-0-0-0-0-0-
[fastlio_odometry_guard-2] [WARN] [1781698233.177403162] [fastlio_odometry_guard]: Rejected FAST-LIO odometry: position jump 21.8719 m (accepted=501 rejected=210)
[fastlio_odometry_guard-2] [WARN] [1781698234.458205541] [fastlio_odometry_guard]: Rejected FAST-LIO odometry: position jump 70.0622 m (accepted=501 rejected=223)
[mavros_node-1] [WARN] [1781698234.887641250] [mavros.sys]: FCU: UNK(8): EVENT 11047904 with args -0-128-0-18-1-0-0-0-0-0-0-0-0-131-191-1-128-0-0-0-0-0-0-0-0-0-0-0-0-0-0-0-0-0-0-0-0-0-0-0-
[mavros_node-1] [ERROR] [1781698234.887999252] [mavros.sys]: FCU: EVENT 9077977 with args -255-255-255-255-7-0-0-0-0-0-0-0-0-0-0-0-0-0-0-0-0-0-0-0-0-0-0-0-0-0-0-0-0-0-0-0-0-0-0-0-
[mavros_node-1] [ERROR] [1781698234.888309377] [mavros.sys]: FCU: EVENT 13679014 with args -0-64-0-0-20-0-0-0-0-0-0-0-0-0-0-0-0-0-0-0-0-0-0-0-0-0-0-0-0-0-0-0-0-0-0-0-0-0-0-0-
[mavros_node-1] [ERROR] [1781698234.888680791] [mavros.sys]: FCU: EVENT 13835193 with args -124-0-126-0-17-0-0-0-0-0-0-0-0-0-0-0-0-0-0-0-0-0-0-0-0-0-0-0-0-0-0-0-0-0-0-0-0-0-0-0-
[mavros_node-1] [ERROR] [1781698234.888824457] [mavros.sys]: FCU: EVENT 10011251 with args -56-0-0-0-24-0-0-0-0-0-0-0-0-0-0-0-0-0-0-0-0-0-0-0-0-0-0-0-0-0-0-0-0-0-0-0-0-0-0-0-
[mavros_node-1] [INFO] [1781698234.889063853] [mavros.sys]: FCU: EVENT 377561 with args -8-0-0-0-20-0-0-0-0-0-0-0-0-0-0-0-0-0-0-0-0-0-0-0-0-0-0-0-0-0-0-0-0-0-0-0-0-0-0-0-
[mavros_node-1] [INFO] [1781698234.889434062] [mavros.sys]: FCU: EVENT 79408 with args -32-0-0-0-20-0-0-0-0-0-0-0-0-0-0-0-0-0-0-0-0-0-0-0-0-0-0-0-0-0-0-0-0-0-0-0-0-0-0-0-
[mavros_node-1] [ERROR] [1781698234.889758161] [mavros.sys]: FCU: EVENT 12754954 with args -255-255-255-255-20-0-0-0-0-0-0-0-0-0-0-0-0-0-0-0-0-0-0-0-0-0-0-0-0-0-0-0-0-0-0-0-0-0-0-0-
[mavros_node-1] [INFO] [1781698234.890123210] [mavros.sys]: FCU: EVENT 6801787 with args -255-255-255-255-12-0-0-0-0-0-0-0-0-0-0-0-0-0-0-0-0-0-0-0-0-0-0-0-0-0-0-0-0-0-0-0-0-0-0-0-
[mavros_node-1] [WARN] [1781698234.892491149] [mavros.sys]: FCU: UNK(8): EVENT 1914663 with args -0-130-0-2-48-0-0-0-0-0-0-0-0-0-0-0-0-0-0-0-0-0-0-0-0-0-0-0-0-0-0-0-0-0-0-0-0-0-0-0-
[fastlio_odometry_guard-2] [WARN] [1781698235.743622316] [fastlio_odometry_guard]: Rejected FAST-LIO odometry: position jump 86.8951 m (accepted=501 rejected=235)
[fastlio_odometry_guard-2] [WARN] [1781698237.015047061] [fastlio_odometry_guard]: Rejected FAST-LIO odometry: position jump 116.287 m (accepted=502 rejected=247)
[fastlio_odometry_guard-2] [WARN] [1781698238.298482905] [fastlio_odometry_guard]: Rejected FAST-LIO odometry: large dt 1.00011 s; reset guard baseline (accepted=503 rejected=259)
[mavros_node-1] [WARN] [1781698238.577016056] [mavros.sys]: FCU: UNK(8): EVENT 11047904 with args -0-128-0-18-1-0-0-0-0-0-0-0-0-131-191-1-128-0-0-0-0-0-0-0-0-0-0-0-0-0-0-0-0-0-0-0-0-0-0-0-
[mavros_node-1] [ERROR] [1781698238.577340388] [mavros.sys]: FCU: EVENT 9697819 with args -126-209-126-0-17-0-0-0-0-0-0-0-0-0-0-0-0-0-0-0-0-0-0-0-0-0-0-0-0-0-0-0-0-0-0-0-0-0-0-0-
[mavros_node-1] [ERROR] [1781698238.577678445] [mavros.sys]: FCU: EVENT 9077977 with args -255-255-255-255-7-0-0-0-0-0-0-0-0-0-0-0-0-0-0-0-0-0-0-0-0-0-0-0-0-0-0-0-0-0-0-0-0-0-0-0-
[mavros_node-1] [ERROR] [1781698238.578105333] [mavros.sys]: FCU: EVENT 13679014 with args -0-64-0-0-20-0-0-0-0-0-0-0-0-0-0-0-0-0-0-0-0-0-0-0-0-0-0-0-0-0-0-0-0-0-0-0-0-0-0-0-
[mavros_node-1] [ERROR] [1781698238.578274888] [mavros.sys]: FCU: EVENT 13835193 with args -124-0-126-0-17-0-0-0-0-0-0-0-0-0-0-0-0-0-0-0-0-0-0-0-0-0-0-0-0-0-0-0-0-0-0-0-0-0-0-0-
[mavros_node-1] [ERROR] [1781698238.578385914] [mavros.sys]: FCU: EVENT 10011251 with args -56-0-0-0-24-0-0-0-0-0-0-0-0-0-0-0-0-0-0-0-0-0-0-0-0-0-0-0-0-0-0-0-0-0-0-0-0-0-0-0-
[mavros_node-1] [INFO] [1781698238.578731967] [mavros.sys]: FCU: EVENT 377561 with args -8-0-0-0-20-0-0-0-0-0-0-0-0-0-0-0-0-0-0-0-0-0-0-0-0-0-0-0-0-0-0-0-0-0-0-0-0-0-0-0-
[mavros_node-1] [INFO] [1781698238.579082547] [mavros.sys]: FCU: EVENT 79408 with args -32-0-0-0-20-0-0-0-0-0-0-0-0-0-0-0-0-0-0-0-0-0-0-0-0-0-0-0-0-0-0-0-0-0-0-0-0-0-0-0-
[mavros_node-1] [ERROR] [1781698238.579438816] [mavros.sys]: FCU: EVENT 12754954 with args -255-255-255-255-20-0-0-0-0-0-0-0-0-0-0-0-0-0-0-0-0-0-0-0-0-0-0-0-0-0-0-0-0-0-0-0-0-0-0-0-
[mavros_node-1] [INFO] [1781698238.579790960] [mavros.sys]: FCU: EVENT 6801787 with args -255-255-255-255-12-0-0-0-0-0-0-0-0-0-0-0-0-0-0-0-0-0-0-0-0-0-0-0-0-0-0-0-0-0-0-0-0-0-0-0-
[mavros_node-1] [WARN] [1781698238.580131168] [mavros.sys]: FCU: UNK(8): EVENT 1914663 with args -0-130-0-2-48-0-0-0-0-0-0-0-0-0-0-0-0-0-0-0-0-0-0-0-0-0-0-0-0-0-0-0-0-0-0-0-0-0-0-0-
[fastlio_odometry_guard-2] [WARN] [1781698239.578078546] [fastlio_odometry_guard]: Rejected FAST-LIO odometry: position jump 172.261 m (accepted=506 rejected=269)
[mavros_node-1] [WARN] [1781698240.641283301] [mavros.sys]: FCU: UNK(8): EVENT 11047904 with args -0-128-0-18-1-0-0-0-0-0-0-0-0-131-191-1-128-0-0-0-0-0-0-0-0-0-0-0-0-0-0-0-0-0-0-0-0-0-0-0-
[mavros_node-1] [ERROR] [1781698240.641448186] [mavros.sys]: FCU: EVENT 9077977 with args -255-255-255-255-7-0-0-0-0-0-0-0-0-0-0-0-0-0-0-0-0-0-0-0-0-0-0-0-0-0-0-0-0-0-0-0-0-0-0-0-
[mavros_node-1] [ERROR] [1781698240.641593866] [mavros.sys]: FCU: EVENT 13679014 with args -0-64-0-0-20-0-0-0-0-0-0-0-0-0-0-0-0-0-0-0-0-0-0-0-0-0-0-0-0-0-0-0-0-0-0-0-0-0-0-0-
[mavros_node-1] [ERROR] [1781698240.641699098] [mavros.sys]: FCU: EVENT 13835193 with args -124-0-126-0-17-0-0-0-0-0-0-0-0-0-0-0-0-0-0-0-0-0-0-0-0-0-0-0-0-0-0-0-0-0-0-0-0-0-0-0-
[mavros_node-1] [ERROR] [1781698240.641790306] [mavros.sys]: FCU: EVENT 10011251 with args -56-0-0-0-24-0-0-0-0-0-0-0-0-0-0-0-0-0-0-0-0-0-0-0-0-0-0-0-0-0-0-0-0-0-0-0-0-0-0-0-
[mavros_node-1] [INFO] [1781698240.641881632] [mavros.sys]: FCU: EVENT 377561 with args -8-0-0-0-20-0-0-0-0-0-0-0-0-0-0-0-0-0-0-0-0-0-0-0-0-0-0-0-0-0-0-0-0-0-0-0-0-0-0-0-
[mavros_node-1] [INFO] [1781698240.641976081] [mavros.sys]: FCU: EVENT 79408 with args -32-0-0-0-20-0-0-0-0-0-0-0-0-0-0-0-0-0-0-0-0-0-0-0-0-0-0-0-0-0-0-0-0-0-0-0-0-0-0-0-
[mavros_node-1] [ERROR] [1781698240.642079963] [mavros.sys]: FCU: EVENT 12754954 with args -255-255-255-255-20-0-0-0-0-0-0-0-0-0-0-0-0-0-0-0-0-0-0-0-0-0-0-0-0-0-0-0-0-0-0-0-0-0-0-0-
[mavros_node-1] [INFO] [1781698240.642178243] [mavros.sys]: FCU: EVENT 6801787 with args -255-255-255-255-12-0-0-0-0-0-0-0-0-0-0-0-0-0-0-0-0-0-0-0-0-0-0-0-0-0-0-0-0-0-0-0-0-0-0-0-
[mavros_node-1] [WARN] [1781698240.644374674] [mavros.sys]: FCU: UNK(8): EVENT 1914663 with args -0-130-0-2-48-0-0-0-0-0-0-0-0-0-0-0-0-0-0-0-0-0-0-0-0-0-0-0-0-0-0-0-0-0-0-0-0-0-0-0-
[fastlio_odometry_guard-2] [WARN] [1781698240.874676301] [fastlio_odometry_guard]: Rejected FAST-LIO odometry: large dt 1.00013 s; reset guard baseline (accepted=508 rejected=280)
[fastlio_odometry_guard-2] [WARN] [1781698241.976403106] [fastlio_odometry_guard]: Rejected FAST-LIO odometry: position jump 155.059 m (accepted=511 rejected=289)
[mavros_node-1] [WARN] [1781698242.711381025] [mavros.sys]: FCU: UNK(8): EVENT 11047904 with args -0-128-0-16-1-0-0-0-0-0-0-0-0-199-191-127-128-0-0-0-0-0-0-0-0-0-0-0-0-0-0-0-0-0-0-0-0-0-0-0-
[mavros_node-1] [ERROR] [1781698242.713801151] [mavros.sys]: FCU: EVENT 9077977 with args -255-255-255-255-7-0-0-0-0-0-0-0-0-0-0-0-0-0-0-0-0-0-0-0-0-0-0-0-0-0-0-0-0-0-0-0-0-0-0-0-
[mavros_node-1] [ERROR] [1781698242.714159363] [mavros.sys]: FCU: EVENT 11464574 with args -0-64-0-0-20-0-0-0-0-0-0-0-0-0-0-0-0-0-0-0-0-0-0-0-0-0-0-0-0-0-0-0-0-0-0-0-0-0-0-0-
[mavros_node-1] [ERROR] [1781698242.714442885] [mavros.sys]: FCU: EVENT 10011251 with args -56-0-0-0-24-0-0-0-0-0-0-0-0-0-0-0-0-0-0-0-0-0-0-0-0-0-0-0-0-0-0-0-0-0-0-0-0-0-0-0-
[mavros_node-1] [INFO] [1781698242.714600833] [mavros.sys]: FCU: EVENT 377561 with args -8-0-0-0-20-0-0-0-0-0-0-0-0-0-0-0-0-0-0-0-0-0-0-0-0-0-0-0-0-0-0-0-0-0-0-0-0-0-0-0-
[mavros_node-1] [INFO] [1781698242.714720233] [mavros.sys]: FCU: EVENT 79408 with args -32-0-0-0-20-0-0-0-0-0-0-0-0-0-0-0-0-0-0-0-0-0-0-0-0-0-0-0-0-0-0-0-0-0-0-0-0-0-0-0-
[mavros_node-1] [ERROR] [1781698242.714833867] [mavros.sys]: FCU: EVENT 12754954 with args -255-255-255-255-20-0-0-0-0-0-0-0-0-0-0-0-0-0-0-0-0-0-0-0-0-0-0-0-0-0-0-0-0-0-0-0-0-0-0-0-
[mavros_node-1] [INFO] [1781698242.714944185] [mavros.sys]: FCU: EVENT 6801787 with args -255-255-255-255-12-0-0-0-0-0-0-0-0-0-0-0-0-0-0-0-0-0-0-0-0-0-0-0-0-0-0-0-0-0-0-0-0-0-0-0-
[mavros_node-1] [WARN] [1781698242.715056847] [mavros.sys]: FCU: UNK(8): EVENT 1914663 with args -0-130-0-2-48-0-0-0-0-0-0-0-0-0-0-0-0-0-0-0-0-0-0-0-0-0-0-0-0-0-0-0-0-0-0-0-0-0-0-0-
[fastlio_odometry_guard-2] [WARN] [1781698243.436404237] [fastlio_odometry_guard]: Rejected FAST-LIO odometry: large dt 1.10003 s; reset guard baseline (accepted=512 rejected=301)
[fastlio_odometry_guard-2] [WARN] [1781698244.734442397] [fastlio_odometry_guard]: Rejected FAST-LIO odometry: large dt 1.00017 s; reset guard baseline (accepted=515 rejected=311)
[mavros_node-1] [WARN] [1781698244.779693945] [mavros.sys]: FCU: UNK(8): EVENT 11047904 with args -0-128-0-18-1-0-0-0-0-0-0-0-0-131-191-1-128-0-0-0-0-0-0-0-0-0-0-0-0-0-0-0-0-0-0-0-0-0-0-0-
[mavros_node-1] [ERROR] [1781698244.779915431] [mavros.sys]: FCU: EVENT 9077977 with args -255-255-255-255-7-0-0-0-0-0-0-0-0-0-0-0-0-0-0-0-0-0-0-0-0-0-0-0-0-0-0-0-0-0-0-0-0-0-0-0-
[mavros_node-1] [ERROR] [1781698244.780069281] [mavros.sys]: FCU: EVENT 13679014 with args -0-64-0-0-20-0-0-0-0-0-0-0-0-0-0-0-0-0-0-0-0-0-0-0-0-0-0-0-0-0-0-0-0-0-0-0-0-0-0-0-
[mavros_node-1] [ERROR] [1781698244.780174747] [mavros.sys]: FCU: EVENT 13835193 with args -124-0-126-0-17-0-0-0-0-0-0-0-0-0-0-0-0-0-0-0-0-0-0-0-0-0-0-0-0-0-0-0-0-0-0-0-0-0-0-0-
[mavros_node-1] [ERROR] [1781698244.780263227] [mavros.sys]: FCU: EVENT 10011251 with args -56-0-0-0-24-0-0-0-0-0-0-0-0-0-0-0-0-0-0-0-0-0-0-0-0-0-0-0-0-0-0-0-0-0-0-0-0-0-0-0-
[mavros_node-1] [INFO] [1781698244.780312100] [mavros.sys]: FCU: EVENT 377561 with args -8-0-0-0-20-0-0-0-0-0-0-0-0-0-0-0-0-0-0-0-0-0-0-0-0-0-0-0-0-0-0-0-0-0-0-0-0-0-0-0-
[mavros_node-1] [INFO] [1781698244.780417879] [mavros.sys]: FCU: EVENT 79408 with args -32-0-0-0-20-0-0-0-0-0-0-0-0-0-0-0-0-0-0-0-0-0-0-0-0-0-0-0-0-0-0-0-0-0-0-0-0-0-0-0-
[mavros_node-1] [ERROR] [1781698244.780534352] [mavros.sys]: FCU: EVENT 12754954 with args -255-255-255-255-20-0-0-0-0-0-0-0-0-0-0-0-0-0-0-0-0-0-0-0-0-0-0-0-0-0-0-0-0-0-0-0-0-0-0-0-
[mavros_node-1] [INFO] [1781698244.780597143] [mavros.sys]: FCU: EVENT 6801787 with args -255-255-255-255-12-0-0-0-0-0-0-0-0-0-0-0-0-0-0-0-0-0-0-0-0-0-0-0-0-0-0-0-0-0-0-0-0-0-0-0-
[mavros_node-1] [WARN] [1781698244.780618825] [mavros.sys]: FCU: UNK(8): EVENT 1914663 with args -0-130-0-2-48-0-0-0-0-0-0-0-0-0-0-0-0-0-0-0-0-0-0-0-0-0-0-0-0-0-0-0-0-0-0-0-0-0-0-0-
[fastlio_odometry_guard-2] [WARN] [1781698245.855164720] [fastlio_odometry_guard]: Rejected FAST-LIO odometry: large dt 1.00038 s; reset guard baseline (accepted=518 rejected=321)
[mavros_node-1] [WARN] [1781698246.857767245] [mavros.sys]: FCU: UNK(8): EVENT 11047904 with args -0-128-0-18-1-0-0-0-0-0-0-0-0-131-191-1-128-0-0-0-0-0-0-0-0-0-0-0-0-0-0-0-0-0-0-0-0-0-0-0-
[mavros_node-1] [ERROR] [1781698246.858076820] [mavros.sys]: FCU: EVENT 9077977 with args -255-255-255-255-7-0-0-0-0-0-0-0-0-0-0-0-0-0-0-0-0-0-0-0-0-0-0-0-0-0-0-0-0-0-0-0-0-0-0-0-
[mavros_node-1] [ERROR] [1781698246.858385738] [mavros.sys]: FCU: EVENT 13679014 with args -0-64-0-0-20-0-0-0-0-0-0-0-0-0-0-0-0-0-0-0-0-0-0-0-0-0-0-0-0-0-0-0-0-0-0-0-0-0-0-0-
[mavros_node-1] [ERROR] [1781698246.858780930] [mavros.sys]: FCU: EVENT 13835193 with args -124-0-126-0-17-0-0-0-0-0-0-0-0-0-0-0-0-0-0-0-0-0-0-0-0-0-0-0-0-0-0-0-0-0-0-0-0-0-0-0-
[mavros_node-1] [ERROR] [1781698246.859196314] [mavros.sys]: FCU: EVENT 10011251 with args -56-0-0-0-24-0-0-0-0-0-0-0-0-0-0-0-0-0-0-0-0-0-0-0-0-0-0-0-0-0-0-0-0-0-0-0-0-0-0-0-
[mavros_node-1] [INFO] [1781698246.859486184] [mavros.sys]: FCU: EVENT 377561 with args -8-0-0-0-20-0-0-0-0-0-0-0-0-0-0-0-0-0-0-0-0-0-0-0-0-0-0-0-0-0-0-0-0-0-0-0-0-0-0-0-
[mavros_node-1] [INFO] [1781698246.859850006] [mavros.sys]: FCU: EVENT 79408 with args -32-0-0-0-20-0-0-0-0-0-0-0-0-0-0-0-0-0-0-0-0-0-0-0-0-0-0-0-0-0-0-0-0-0-0-0-0-0-0-0-
[mavros_node-1] [ERROR] [1781698246.860193072] [mavros.sys]: FCU: EVENT 12754954 with args -255-255-255-255-20-0-0-0-0-0-0-0-0-0-0-0-0-0-0-0-0-0-0-0-0-0-0-0-0-0-0-0-0-0-0-0-0-0-0-0-
[mavros_node-1] [INFO] [1781698246.860565574] [mavros.sys]: FCU: EVENT 6801787 with args -255-255-255-255-12-0-0-0-0-0-0-0-0-0-0-0-0-0-0-0-0-0-0-0-0-0-0-0-0-0-0-0-0-0-0-0-0-0-0-0-
[mavros_node-1] [WARN] [1781698246.860768428] [mavros.sys]: FCU: UNK(8): EVENT 1914663 with args -0-130-0-2-48-0-0-0-0-0-0-0-0-0-0-0-0-0-0-0-0-0-0-0-0-0-0-0-0-0-0-0-0-0-0-0-0-0-0-0-
[fastlio_odometry_guard-2] [WARN] [1781698247.133725090] [fastlio_odometry_guard]: Rejected FAST-LIO odometry: position jump 12.8494 m (accepted=520 rejected=332)
[fastlio_odometry_guard-2] [WARN] [1781698248.194936927] [fastlio_odometry_guard]: Rejected FAST-LIO odometry: position jump 39.4465 m (accepted=520 rejected=344)
[mavros_node-1] [WARN] [1781698248.919385148] [mavros.sys]: FCU: UNK(8): EVENT 11047904 with args -0-128-0-16-1-0-0-0-0-0-0-0-0-199-191-127-128-0-0-0-0-0-0-0-0-0-0-0-0-0-0-0-0-0-0-0-0-0-0-0-
[mavros_node-1] [ERROR] [1781698248.919662784] [mavros.sys]: FCU: EVENT 9077977 with args -255-255-255-255-7-0-0-0-0-0-0-0-0-0-0-0-0-0-0-0-0-0-0-0-0-0-0-0-0-0-0-0-0-0-0-0-0-0-0-0-
[mavros_node-1] [ERROR] [1781698248.919900606] [mavros.sys]: FCU: EVENT 11464574 with args -0-64-0-0-20-0-0-0-0-0-0-0-0-0-0-0-0-0-0-0-0-0-0-0-0-0-0-0-0-0-0-0-0-0-0-0-0-0-0-0-
[mavros_node-1] [ERROR] [1781698248.919969877] [mavros.sys]: FCU: EVENT 10011251 with args -56-0-0-0-24-0-0-0-0-0-0-0-0-0-0-0-0-0-0-0-0-0-0-0-0-0-0-0-0-0-0-0-0-0-0-0-0-0-0-0-
[mavros_node-1] [INFO] [1781698248.920386223] [mavros.sys]: FCU: EVENT 377561 with args -8-0-0-0-20-0-0-0-0-0-0-0-0-0-0-0-0-0-0-0-0-0-0-0-0-0-0-0-0-0-0-0-0-0-0-0-0-0-0-0-
[mavros_node-1] [INFO] [1781698248.920692217] [mavros.sys]: FCU: EVENT 79408 with args -32-0-0-0-20-0-0-0-0-0-0-0-0-0-0-0-0-0-0-0-0-0-0-0-0-0-0-0-0-0-0-0-0-0-0-0-0-0-0-0-
[mavros_node-1] [ERROR] [1781698248.921081648] [mavros.sys]: FCU: EVENT 12754954 with args -255-255-255-255-20-0-0-0-0-0-0-0-0-0-0-0-0-0-0-0-0-0-0-0-0-0-0-0-0-0-0-0-0-0-0-0-0-0-0-0-
[mavros_node-1] [INFO] [1781698248.921368141] [mavros.sys]: FCU: EVENT 6801787 with args -255-255-255-255-12-0-0-0-0-0-0-0-0-0-0-0-0-0-0-0-0-0-0-0-0-0-0-0-0-0-0-0-0-0-0-0-0-0-0-0-
[mavros_node-1] [WARN] [1781698248.921899577] [mavros.sys]: FCU: UNK(8): EVENT 1914663 with args -0-130-0-2-48-0-0-0-0-0-0-0-0-0-0-0-0-0-0-0-0-0-0-0-0-0-0-0-0-0-0-0-0-0-0-0-0-0-0-0-
[fastlio_odometry_guard-2] [WARN] [1781698249.302694373] [fastlio_odometry_guard]: Rejected FAST-LIO odometry: position jump 53.6141 m (accepted=520 rejected=355)
[fastlio_odometry_guard-2] [WARN] [1781698250.584327808] [fastlio_odometry_guard]: Rejected FAST-LIO odometry: position jump 54.9114 m (accepted=520 rejected=366)
[mavros_node-1] [WARN] [1781698250.965894566] [mavros.sys]: FCU: UNK(8): EVENT 11047904 with args -0-128-0-18-1-0-0-0-0-0-0-0-0-131-191-1-128-0-0-0-0-0-0-0-0-0-0-0-0-0-0-0-0-0-0-0-0-0-0-0-
[mavros_node-1] [ERROR] [1781698250.966202288] [mavros.sys]: FCU: EVENT 9077977 with args -255-255-255-255-7-0-0-0-0-0-0-0-0-0-0-0-0-0-0-0-0-0-0-0-0-0-0-0-0-0-0-0-0-0-0-0-0-0-0-0-
[mavros_node-1] [ERROR] [1781698250.966443750] [mavros.sys]: FCU: EVENT 13679014 with args -0-64-0-0-20-0-0-0-0-0-0-0-0-0-0-0-0-0-0-0-0-0-0-0-0-0-0-0-0-0-0-0-0-0-0-0-0-0-0-0-
[mavros_node-1] [ERROR] [1781698250.966544216] [mavros.sys]: FCU: EVENT 13835193 with args -124-0-126-0-17-0-0-0-0-0-0-0-0-0-0-0-0-0-0-0-0-0-0-0-0-0-0-0-0-0-0-0-0-0-0-0-0-0-0-0-
[mavros_node-1] [ERROR] [1781698250.966875904] [mavros.sys]: FCU: EVENT 10011251 with args -56-0-0-0-24-0-0-0-0-0-0-0-0-0-0-0-0-0-0-0-0-0-0-0-0-0-0-0-0-0-0-0-0-0-0-0-0-0-0-0-
[mavros_node-1] [INFO] [1781698250.967002498] [mavros.sys]: FCU: EVENT 377561 with args -8-0-0-0-20-0-0-0-0-0-0-0-0-0-0-0-0-0-0-0-0-0-0-0-0-0-0-0-0-0-0-0-0-0-0-0-0-0-0-0-
[mavros_node-1] [INFO] [1781698250.967185413] [mavros.sys]: FCU: EVENT 79408 with args -32-0-0-0-20-0-0-0-0-0-0-0-0-0-0-0-0-0-0-0-0-0-0-0-0-0-0-0-0-0-0-0-0-0-0-0-0-0-0-0-
[mavros_node-1] [ERROR] [1781698250.967556229] [mavros.sys]: FCU: EVENT 12754954 with args -255-255-255-255-20-0-0-0-0-0-0-0-0-0-0-0-0-0-0-0-0-0-0-0-0-0-0-0-0-0-0-0-0-0-0-0-0-0-0-0-
[mavros_node-1] [INFO] [1781698250.967905161] [mavros.sys]: FCU: EVENT 6801787 with args -255-255-255-255-12-0-0-0-0-0-0-0-0-0-0-0-0-0-0-0-0-0-0-0-0-0-0-0-0-0-0-0-0-0-0-0-0-0-0-0-
[mavros_node-1] [WARN] [1781698250.968250672] [mavros.sys]: FCU: UNK(8): EVENT 1914663 with args -0-130-0-2-48-0-0-0-0-0-0-0-0-0-0-0-0-0-0-0-0-0-0-0-0-0-0-0-0-0-0-0-0-0-0-0-0-0-0-0-
[fastlio_odometry_guard-2] [WARN] [1781698251.633509009] [fastlio_odometry_guard]: Rejected FAST-LIO odometry: position jump 67.232 m (accepted=522 rejected=376)
[fastlio_odometry_guard-2] [WARN] [1781698252.684874349] [fastlio_odometry_guard]: Rejected FAST-LIO odometry: position jump 66.9113 m (accepted=522 rejected=387)
[mavros_node-1] [WARN] [1781698253.052463588] [mavros.sys]: FCU: UNK(8): EVENT 11047904 with args -0-128-0-18-1-0-0-0-0-0-0-0-0-199-191-5-128-0-0-0-0-0-0-0-0-0-0-0-0-0-0-0-0-0-0-0-0-0-0-0-
[mavros_node-1] [ERROR] [1781698253.052795491] [mavros.sys]: FCU: EVENT 9077977 with args -255-255-255-255-7-0-0-0-0-0-0-0-0-0-0-0-0-0-0-0-0-0-0-0-0-0-0-0-0-0-0-0-0-0-0-0-0-0-0-0-
[mavros_node-1] [ERROR] [1781698253.053064498] [mavros.sys]: FCU: EVENT 13679014 with args -0-64-0-0-20-0-0-0-0-0-0-0-0-0-0-0-0-0-0-0-0-0-0-0-0-0-0-0-0-0-0-0-0-0-0-0-0-0-0-0-
[mavros_node-1] [ERROR] [1781698253.053469839] [mavros.sys]: FCU: EVENT 13835193 with args -56-0-122-0-17-0-0-0-0-0-0-0-0-0-0-0-0-0-0-0-0-0-0-0-0-0-0-0-0-0-0-0-0-0-0-0-0-0-0-0-
[mavros_node-1] [ERROR] [1781698253.054005079] [mavros.sys]: FCU: EVENT 10011251 with args -56-0-0-0-24-0-0-0-0-0-0-0-0-0-0-0-0-0-0-0-0-0-0-0-0-0-0-0-0-0-0-0-0-0-0-0-0-0-0-0-
[mavros_node-1] [INFO] [1781698253.054169880] [mavros.sys]: FCU: EVENT 377561 with args -8-0-0-0-20-0-0-0-0-0-0-0-0-0-0-0-0-0-0-0-0-0-0-0-0-0-0-0-0-0-0-0-0-0-0-0-0-0-0-0-
[mavros_node-1] [INFO] [1781698253.054256725] [mavros.sys]: FCU: EVENT 79408 with args -32-0-0-0-20-0-0-0-0-0-0-0-0-0-0-0-0-0-0-0-0-0-0-0-0-0-0-0-0-0-0-0-0-0-0-0-0-0-0-0-
[mavros_node-1] [ERROR] [1781698253.054469222] [mavros.sys]: FCU: EVENT 12754954 with args -255-255-255-255-20-0-0-0-0-0-0-0-0-0-0-0-0-0-0-0-0-0-0-0-0-0-0-0-0-0-0-0-0-0-0-0-0-0-0-0-
[mavros_node-1] [INFO] [1781698253.054837704] [mavros.sys]: FCU: EVENT 6801787 with args -255-255-255-255-12-0-0-0-0-0-0-0-0-0-0-0-0-0-0-0-0-0-0-0-0-0-0-0-0-0-0-0-0-0-0-0-0-0-0-0-
[mavros_node-1] [WARN] [1781698253.055372636] [mavros.sys]: FCU: UNK(8): EVENT 1914663 with args -0-130-0-2-48-0-0-0-0-0-0-0-0-0-0-0-0-0-0-0-0-0-0-0-0-0-0-0-0-0-0-0-0-0-0-0-0-0-0-0-
[fastlio_odometry_guard-2] [WARN] [1781698253.733626865] [fastlio_odometry_guard]: Rejected FAST-LIO odometry: position jump 54.4113 m (accepted=522 rejected=397)
[fastlio_odometry_guard-2] [WARN] [1781698254.882923347] [fastlio_odometry_guard]: Rejected FAST-LIO odometry: position jump 42.3356 m (accepted=522 rejected=407)
[mavros_node-1] [WARN] [1781698255.137360345] [mavros.sys]: FCU: UNK(8): EVENT 11047904 with args -0-128-0-16-1-0-0-0-0-0-0-0-0-199-191-127-128-0-0-0-0-0-0-0-0-0-0-0-0-0-0-0-0-0-0-0-0-0-0-0-
[mavros_node-1] [ERROR] [1781698255.137605166] [mavros.sys]: FCU: EVENT 9077977 with args -255-255-255-255-7-0-0-0-0-0-0-0-0-0-0-0-0-0-0-0-0-0-0-0-0-0-0-0-0-0-0-0-0-0-0-0-0-0-0-0-
[mavros_node-1] [ERROR] [1781698255.137966757] [mavros.sys]: FCU: EVENT 11464574 with args -0-64-0-0-20-0-0-0-0-0-0-0-0-0-0-0-0-0-0-0-0-0-0-0-0-0-0-0-0-0-0-0-0-0-0-0-0-0-0-0-
[mavros_node-1] [ERROR] [1781698255.138331394] [mavros.sys]: FCU: EVENT 10011251 with args -56-0-0-0-24-0-0-0-0-0-0-0-0-0-0-0-0-0-0-0-0-0-0-0-0-0-0-0-0-0-0-0-0-0-0-0-0-0-0-0-
[mavros_node-1] [INFO] [1781698255.138627182] [mavros.sys]: FCU: EVENT 377561 with args -8-0-0-0-20-0-0-0-0-0-0-0-0-0-0-0-0-0-0-0-0-0-0-0-0-0-0-0-0-0-0-0-0-0-0-0-0-0-0-0-
[mavros_node-1] [INFO] [1781698255.138925446] [mavros.sys]: FCU: EVENT 79408 with args -32-0-0-0-20-0-0-0-0-0-0-0-0-0-0-0-0-0-0-0-0-0-0-0-0-0-0-0-0-0-0-0-0-0-0-0-0-0-0-0-
[mavros_node-1] [ERROR] [1781698255.139276953] [mavros.sys]: FCU: EVENT 12754954 with args -255-255-255-255-20-0-0-0-0-0-0-0-0-0-0-0-0-0-0-0-0-0-0-0-0-0-0-0-0-0-0-0-0-0-0-0-0-0-0-0-
[mavros_node-1] [INFO] [1781698255.139656546] [mavros.sys]: FCU: EVENT 6801787 with args -255-255-255-255-12-0-0-0-0-0-0-0-0-0-0-0-0-0-0-0-0-0-0-0-0-0-0-0-0-0-0-0-0-0-0-0-0-0-0-0-
[mavros_node-1] [WARN] [1781698255.140260244] [mavros.sys]: FCU: UNK(8): EVENT 1914663 with args -0-130-0-2-48-0-0-0-0-0-0-0-0-0-0-0-0-0-0-0-0-0-0-0-0-0-0-0-0-0-0-0-0-0-0-0-0-0-0-0-
[fastlio_odometry_guard-2] [WARN] [1781698255.913783119] [fastlio_odometry_guard]: Rejected FAST-LIO odometry: position jump 41.9833 m (accepted=522 rejected=418)
[fastlio_odometry_guard-2] [WARN] [1781698256.963487929] [fastlio_odometry_guard]: Rejected FAST-LIO odometry: position jump 27.5692 m (accepted=522 rejected=428)
[mavros_node-1] [WARN] [1781698257.201995901] [mavros.sys]: FCU: UNK(8): EVENT 11047904 with args -0-128-0-18-1-0-0-0-0-0-0-0-0-131-191-1-128-0-0-0-0-0-0-0-0-0-0-0-0-0-0-0-0-0-0-0-0-0-0-0-
[mavros_node-1] [ERROR] [1781698257.202204121] [mavros.sys]: FCU: EVENT 9077977 with args -255-255-255-255-7-0-0-0-0-0-0-0-0-0-0-0-0-0-0-0-0-0-0-0-0-0-0-0-0-0-0-0-0-0-0-0-0-0-0-0-
[mavros_node-1] [ERROR] [1781698257.202607196] [mavros.sys]: FCU: EVENT 13679014 with args -0-64-0-0-20-0-0-0-0-0-0-0-0-0-0-0-0-0-0-0-0-0-0-0-0-0-0-0-0-0-0-0-0-0-0-0-0-0-0-0-
[mavros_node-1] [ERROR] [1781698257.202966674] [mavros.sys]: FCU: EVENT 13835193 with args -124-0-126-0-17-0-0-0-0-0-0-0-0-0-0-0-0-0-0-0-0-0-0-0-0-0-0-0-0-0-0-0-0-0-0-0-0-0-0-0-
[mavros_node-1] [ERROR] [1781698257.203265954] [mavros.sys]: FCU: EVENT 10011251 with args -56-0-0-0-24-0-0-0-0-0-0-0-0-0-0-0-0-0-0-0-0-0-0-0-0-0-0-0-0-0-0-0-0-0-0-0-0-0-0-0-
[mavros_node-1] [INFO] [1781698257.203404660] [mavros.sys]: FCU: EVENT 377561 with args -8-0-0-0-20-0-0-0-0-0-0-0-0-0-0-0-0-0-0-0-0-0-0-0-0-0-0-0-0-0-0-0-0-0-0-0-0-0-0-0-
[mavros_node-1] [INFO] [1781698257.203654033] [mavros.sys]: FCU: EVENT 79408 with args -32-0-0-0-20-0-0-0-0-0-0-0-0-0-0-0-0-0-0-0-0-0-0-0-0-0-0-0-0-0-0-0-0-0-0-0-0-0-0-0-
[mavros_node-1] [ERROR] [1781698257.203989866] [mavros.sys]: FCU: EVENT 12754954 with args -255-255-255-255-20-0-0-0-0-0-0-0-0-0-0-0-0-0-0-0-0-0-0-0-0-0-0-0-0-0-0-0-0-0-0-0-0-0-0-0-
[mavros_node-1] [INFO] [1781698257.204331273] [mavros.sys]: FCU: EVENT 6801787 with args -255-255-255-255-12-0-0-0-0-0-0-0-0-0-0-0-0-0-0-0-0-0-0-0-0-0-0-0-0-0-0-0-0-0-0-0-0-0-0-0-
[mavros_node-1] [WARN] [1781698257.206791508] [mavros.sys]: FCU: UNK(8): EVENT 1914663 with args -0-130-0-2-48-0-0-0-0-0-0-0-0-0-0-0-0-0-0-0-0-0-0-0-0-0-0-0-0-0-0-0-0-0-0-0-0-0-0-0-
[fastlio_odometry_guard-2] [WARN] [1781698258.032923219] [fastlio_odometry_guard]: Rejected FAST-LIO odometry: position jump 52.9968 m (accepted=522 rejected=440)
[fastlio_odometry_guard-2] [WARN] [1781698259.143926078] [fastlio_odometry_guard]: Rejected FAST-LIO odometry: position jump 39.3049 m (accepted=523 rejected=449)
[fastlio_odometry_guard-2] [WARN] [1781698260.423844111] [fastlio_odometry_guard]: Rejected FAST-LIO odometry: position jump 51.407 m (accepted=524 rejected=460)
[fastlio_odometry_guard-2] [WARN] [1781698261.473445295] [fastlio_odometry_guard]: Rejected FAST-LIO odometry: position jump 75.1294 m (accepted=525 rejected=472)
[fastlio_odometry_guard-2] [WARN] [1781698262.613365121] [fastlio_odometry_guard]: Rejected FAST-LIO odometry: position jump 61.8542 m (accepted=525 rejected=483)
[fastlio_odometry_guard-2] [WARN] [1781698263.744031229] [fastlio_odometry_guard]: Rejected FAST-LIO odometry: position jump 78.3863 m (accepted=525 rejected=494)
[mavros_node-1] [WARN] [1781698264.492992202] [mavros.sys]: FCU: UNK(8): EVENT 11047904 with args -0-128-0-18-1-0-0-0-0-0-0-0-0-131-191-1-128-0-0-0-0-0-0-0-0-0-0-0-0-0-0-0-0-0-0-0-0-0-0-0-
[mavros_node-1] [ERROR] [1781698264.493387030] [mavros.sys]: FCU: EVENT 16642797 with args -124-0-126-0-17-0-0-0-0-0-0-0-0-0-0-0-0-0-0-0-0-0-0-0-0-0-0-0-0-0-0-0-0-0-0-0-0-0-0-0-
[mavros_node-1] [ERROR] [1781698264.493833183] [mavros.sys]: FCU: EVENT 9077977 with args -255-255-255-255-7-0-0-0-0-0-0-0-0-0-0-0-0-0-0-0-0-0-0-0-0-0-0-0-0-0-0-0-0-0-0-0-0-0-0-0-
[mavros_node-1] [ERROR] [1781698264.493970010] [mavros.sys]: FCU: EVENT 13679014 with args -0-64-0-0-20-0-0-0-0-0-0-0-0-0-0-0-0-0-0-0-0-0-0-0-0-0-0-0-0-0-0-0-0-0-0-0-0-0-0-0-
[mavros_node-1] [ERROR] [1781698264.494157524] [mavros.sys]: FCU: EVENT 13835193 with args -124-0-126-0-17-0-0-0-0-0-0-0-0-0-0-0-0-0-0-0-0-0-0-0-0-0-0-0-0-0-0-0-0-0-0-0-0-0-0-0-
[mavros_node-1] [ERROR] [1781698264.494260927] [mavros.sys]: FCU: EVENT 10011251 with args -56-0-0-0-24-0-0-0-0-0-0-0-0-0-0-0-0-0-0-0-0-0-0-0-0-0-0-0-0-0-0-0-0-0-0-0-0-0-0-0-
[mavros_node-1] [INFO] [1781698264.494739927] [mavros.sys]: FCU: EVENT 377561 with args -8-0-0-0-20-0-0-0-0-0-0-0-0-0-0-0-0-0-0-0-0-0-0-0-0-0-0-0-0-0-0-0-0-0-0-0-0-0-0-0-
[mavros_node-1] [INFO] [1781698264.494987985] [mavros.sys]: FCU: EVENT 79408 with args -32-0-0-0-20-0-0-0-0-0-0-0-0-0-0-0-0-0-0-0-0-0-0-0-0-0-0-0-0-0-0-0-0-0-0-0-0-0-0-0-
[mavros_node-1] [ERROR] [1781698264.495344725] [mavros.sys]: FCU: EVENT 12754954 with args -255-255-255-255-20-0-0-0-0-0-0-0-0-0-0-0-0-0-0-0-0-0-0-0-0-0-0-0-0-0-0-0-0-0-0-0-0-0-0-0-
[mavros_node-1] [INFO] [1781698264.495705526] [mavros.sys]: FCU: EVENT 6801787 with args -255-255-255-255-12-0-0-0-0-0-0-0-0-0-0-0-0-0-0-0-0-0-0-0-0-0-0-0-0-0-0-0-0-0-0-0-0-0-0-0-
[mavros_node-1] [WARN] [1781698264.496117362] [mavros.sys]: FCU: UNK(8): EVENT 1914663 with args -0-130-0-2-48-0-0-0-0-0-0-0-0-0-0-0-0-0-0-0-0-0-0-0-0-0-0-0-0-0-0-0-0-0-0-0-0-0-0-0-
[fastlio_odometry_guard-2] [WARN] [1781698264.786628082] [fastlio_odometry_guard]: Rejected FAST-LIO odometry: position jump 86.1827 m (accepted=527 rejected=502)
[fastlio_odometry_guard-2] [WARN] [1781698265.925862264] [fastlio_odometry_guard]: Rejected FAST-LIO odometry: position jump 59.9416 m (accepted=527 rejected=513)
[mavros_node-1] [WARN] [1781698266.544826605] [mavros.sys]: FCU: UNK(8): EVENT 11047904 with args -0-128-0-16-1-0-0-0-0-0-0-0-0-199-191-127-128-0-0-0-0-0-0-0-0-0-0-0-0-0-0-0-0-0-0-0-0-0-0-0-
[mavros_node-1] [ERROR] [1781698266.545222666] [mavros.sys]: FCU: EVENT 9077977 with args -255-255-255-255-7-0-0-0-0-0-0-0-0-0-0-0-0-0-0-0-0-0-0-0-0-0-0-0-0-0-0-0-0-0-0-0-0-0-0-0-
[mavros_node-1] [ERROR] [1781698266.545511497] [mavros.sys]: FCU: EVENT 11464574 with args -0-64-0-0-20-0-0-0-0-0-0-0-0-0-0-0-0-0-0-0-0-0-0-0-0-0-0-0-0-0-0-0-0-0-0-0-0-0-0-0-
[mavros_node-1] [ERROR] [1781698266.545722249] [mavros.sys]: FCU: EVENT 10011251 with args -56-0-0-0-24-0-0-0-0-0-0-0-0-0-0-0-0-0-0-0-0-0-0-0-0-0-0-0-0-0-0-0-0-0-0-0-0-0-0-0-
[mavros_node-1] [INFO] [1781698266.546071705] [mavros.sys]: FCU: EVENT 377561 with args -8-0-0-0-20-0-0-0-0-0-0-0-0-0-0-0-0-0-0-0-0-0-0-0-0-0-0-0-0-0-0-0-0-0-0-0-0-0-0-0-
[mavros_node-1] [INFO] [1781698266.546215458] [mavros.sys]: FCU: EVENT 79408 with args -32-0-0-0-20-0-0-0-0-0-0-0-0-0-0-0-0-0-0-0-0-0-0-0-0-0-0-0-0-0-0-0-0-0-0-0-0-0-0-0-
[mavros_node-1] [ERROR] [1781698266.546396244] [mavros.sys]: FCU: EVENT 12754954 with args -255-255-255-255-20-0-0-0-0-0-0-0-0-0-0-0-0-0-0-0-0-0-0-0-0-0-0-0-0-0-0-0-0-0-0-0-0-0-0-0-
[mavros_node-1] [INFO] [1781698266.546744242] [mavros.sys]: FCU: EVENT 6801787 with args -255-255-255-255-12-0-0-0-0-0-0-0-0-0-0-0-0-0-0-0-0-0-0-0-0-0-0-0-0-0-0-0-0-0-0-0-0-0-0-0-
[mavros_node-1] [WARN] [1781698266.547102952] [mavros.sys]: FCU: UNK(8): EVENT 1914663 with args -0-130-0-2-48-0-0-0-0-0-0-0-0-0-0-0-0-0-0-0-0-0-0-0-0-0-0-0-0-0-0-0-0-0-0-0-0-0-0-0-
[fastlio_odometry_guard-2] [WARN] [1781698266.966156990] [fastlio_odometry_guard]: Rejected FAST-LIO odometry: position jump 110.141 m (accepted=528 rejected=524)
[fastlio_odometry_guard-2] [WARN] [1781698268.153436759] [fastlio_odometry_guard]: Rejected FAST-LIO odometry: position jump 67.5715 m (accepted=528 rejected=534)
[mavros_node-1] [WARN] [1781698268.908334293] [mavros.sys]: FCU: UNK(8): EVENT 11047904 with args -0-128-0-18-1-0-0-0-0-0-0-0-0-131-191-1-128-0-0-0-0-0-0-0-0-0-0-0-0-0-0-0-0-0-0-0-0-0-0-0-
[mavros_node-1] [ERROR] [1781698268.908707371] [mavros.sys]: FCU: EVENT 9077977 with args -255-255-255-255-7-0-0-0-0-0-0-0-0-0-0-0-0-0-0-0-0-0-0-0-0-0-0-0-0-0-0-0-0-0-0-0-0-0-0-0-
[mavros_node-1] [ERROR] [1781698268.908984492] [mavros.sys]: FCU: EVENT 13679014 with args -0-64-0-0-20-0-0-0-0-0-0-0-0-0-0-0-0-0-0-0-0-0-0-0-0-0-0-0-0-0-0-0-0-0-0-0-0-0-0-0-
[mavros_node-1] [ERROR] [1781698268.909337271] [mavros.sys]: FCU: EVENT 13835193 with args -124-0-126-0-17-0-0-0-0-0-0-0-0-0-0-0-0-0-0-0-0-0-0-0-0-0-0-0-0-0-0-0-0-0-0-0-0-0-0-0-
[mavros_node-1] [ERROR] [1781698268.909749509] [mavros.sys]: FCU: EVENT 10011251 with args -56-0-0-0-24-0-0-0-0-0-0-0-0-0-0-0-0-0-0-0-0-0-0-0-0-0-0-0-0-0-0-0-0-0-0-0-0-0-0-0-
[mavros_node-1] [INFO] [1781698268.909866159] [mavros.sys]: FCU: EVENT 377561 with args -8-0-0-0-20-0-0-0-0-0-0-0-0-0-0-0-0-0-0-0-0-0-0-0-0-0-0-0-0-0-0-0-0-0-0-0-0-0-0-0-
[mavros_node-1] [INFO] [1781698268.910098399] [mavros.sys]: FCU: EVENT 79408 with args -32-0-0-0-20-0-0-0-0-0-0-0-0-0-0-0-0-0-0-0-0-0-0-0-0-0-0-0-0-0-0-0-0-0-0-0-0-0-0-0-
[mavros_node-1] [ERROR] [1781698268.910417389] [mavros.sys]: FCU: EVENT 12754954 with args -255-255-255-255-20-0-0-0-0-0-0-0-0-0-0-0-0-0-0-0-0-0-0-0-0-0-0-0-0-0-0-0-0-0-0-0-0-0-0-0-
[mavros_node-1] [INFO] [1781698268.910743325] [mavros.sys]: FCU: EVENT 6801787 with args -255-255-255-255-12-0-0-0-0-0-0-0-0-0-0-0-0-0-0-0-0-0-0-0-0-0-0-0-0-0-0-0-0-0-0-0-0-0-0-0-
[mavros_node-1] [WARN] [1781698268.911084163] [mavros.sys]: FCU: UNK(8): EVENT 1914663 with args -0-130-0-2-48-0-0-0-0-0-0-0-0-0-0-0-0-0-0-0-0-0-0-0-0-0-0-0-0-0-0-0-0-0-0-0-0-0-0-0-
[fastlio_odometry_guard-2] [WARN] [1781698269.172263157] [fastlio_odometry_guard]: Rejected FAST-LIO odometry: position jump 125.317 m (accepted=528 rejected=546)
[fastlio_odometry_guard-2] [WARN] [1781698270.214057995] [fastlio_odometry_guard]: Rejected FAST-LIO odometry: position jump 92.4087 m (accepted=530 rejected=554)
[mavros_node-1] [WARN] [1781698270.979521034] [mavros.sys]: FCU: UNK(8): EVENT 11047904 with args -0-128-0-18-1-0-0-0-0-0-0-0-0-131-191-1-128-0-0-0-0-0-0-0-0-0-0-0-0-0-0-0-0-0-0-0-0-0-0-0-
[mavros_node-1] [ERROR] [1781698270.979831985] [mavros.sys]: FCU: EVENT 9077977 with args -255-255-255-255-7-0-0-0-0-0-0-0-0-0-0-0-0-0-0-0-0-0-0-0-0-0-0-0-0-0-0-0-0-0-0-0-0-0-0-0-
[mavros_node-1] [ERROR] [1781698270.980175422] [mavros.sys]: FCU: EVENT 13679014 with args -0-64-0-0-20-0-0-0-0-0-0-0-0-0-0-0-0-0-0-0-0-0-0-0-0-0-0-0-0-0-0-0-0-0-0-0-0-0-0-0-
[mavros_node-1] [ERROR] [1781698270.980496539] [mavros.sys]: FCU: EVENT 13835193 with args -124-0-126-0-17-0-0-0-0-0-0-0-0-0-0-0-0-0-0-0-0-0-0-0-0-0-0-0-0-0-0-0-0-0-0-0-0-0-0-0-
[mavros_node-1] [ERROR] [1781698270.980646518] [mavros.sys]: FCU: EVENT 10011251 with args -56-0-0-0-24-0-0-0-0-0-0-0-0-0-0-0-0-0-0-0-0-0-0-0-0-0-0-0-0-0-0-0-0-0-0-0-0-0-0-0-
[mavros_node-1] [INFO] [1781698270.980838105] [mavros.sys]: FCU: EVENT 377561 with args -8-0-0-0-20-0-0-0-0-0-0-0-0-0-0-0-0-0-0-0-0-0-0-0-0-0-0-0-0-0-0-0-0-0-0-0-0-0-0-0-
[mavros_node-1] [INFO] [1781698270.981191821] [mavros.sys]: FCU: EVENT 79408 with args -32-0-0-0-20-0-0-0-0-0-0-0-0-0-0-0-0-0-0-0-0-0-0-0-0-0-0-0-0-0-0-0-0-0-0-0-0-0-0-0-
[mavros_node-1] [ERROR] [1781698270.981524273] [mavros.sys]: FCU: EVENT 12754954 with args -255-255-255-255-20-0-0-0-0-0-0-0-0-0-0-0-0-0-0-0-0-0-0-0-0-0-0-0-0-0-0-0-0-0-0-0-0-0-0-0-
[mavros_node-1] [INFO] [1781698270.981870707] [mavros.sys]: FCU: EVENT 6801787 with args -255-255-255-255-12-0-0-0-0-0-0-0-0-0-0-0-0-0-0-0-0-0-0-0-0-0-0-0-0-0-0-0-0-0-0-0-0-0-0-0-
[mavros_node-1] [WARN] [1781698270.982280262] [mavros.sys]: FCU: UNK(8): EVENT 1914663 with args -0-130-0-2-48-0-0-0-0-0-0-0-0-0-0-0-0-0-0-0-0-0-0-0-0-0-0-0-0-0-0-0-0-0-0-0-0-0-0-0-
[fastlio_odometry_guard-2] [WARN] [1781698271.214870166] [fastlio_odometry_guard]: Rejected FAST-LIO odometry: position jump 20.0107 m (accepted=530 rejected=563)
[fastlio_odometry_guard-2] [WARN] [1781698272.484299336] [fastlio_odometry_guard]: Rejected FAST-LIO odometry: position jump 84.0857 m (accepted=530 rejected=575)
[mavros_node-1] [WARN] [1781698273.045919001] [mavros.sys]: FCU: UNK(8): EVENT 11047904 with args -0-128-0-16-1-0-0-0-0-0-0-0-0-199-191-127-128-0-0-0-0-0-0-0-0-0-0-0-0-0-0-0-0-0-0-0-0-0-0-0-
[mavros_node-1] [ERROR] [1781698273.046254558] [mavros.sys]: FCU: EVENT 9077977 with args -255-255-255-255-7-0-0-0-0-0-0-0-0-0-0-0-0-0-0-0-0-0-0-0-0-0-0-0-0-0-0-0-0-0-0-0-0-0-0-0-
[mavros_node-1] [ERROR] [1781698273.046636359] [mavros.sys]: FCU: EVENT 11464574 with args -0-64-0-0-20-0-0-0-0-0-0-0-0-0-0-0-0-0-0-0-0-0-0-0-0-0-0-0-0-0-0-0-0-0-0-0-0-0-0-0-
[mavros_node-1] [ERROR] [1781698273.046935234] [mavros.sys]: FCU: EVENT 10011251 with args -56-0-0-0-24-0-0-0-0-0-0-0-0-0-0-0-0-0-0-0-0-0-0-0-0-0-0-0-0-0-0-0-0-0-0-0-0-0-0-0-
[mavros_node-1] [INFO] [1781698273.047277878] [mavros.sys]: FCU: EVENT 377561 with args -8-0-0-0-20-0-0-0-0-0-0-0-0-0-0-0-0-0-0-0-0-0-0-0-0-0-0-0-0-0-0-0-0-0-0-0-0-0-0-0-
[mavros_node-1] [INFO] [1781698273.047378637] [mavros.sys]: FCU: EVENT 79408 with args -32-0-0-0-20-0-0-0-0-0-0-0-0-0-0-0-0-0-0-0-0-0-0-0-0-0-0-0-0-0-0-0-0-0-0-0-0-0-0-0-
[mavros_node-1] [ERROR] [1781698273.047588773] [mavros.sys]: FCU: EVENT 12754954 with args -255-255-255-255-20-0-0-0-0-0-0-0-0-0-0-0-0-0-0-0-0-0-0-0-0-0-0-0-0-0-0-0-0-0-0-0-0-0-0-0-
[mavros_node-1] [INFO] [1781698273.047984067] [mavros.sys]: FCU: EVENT 6801787 with args -255-255-255-255-12-0-0-0-0-0-0-0-0-0-0-0-0-0-0-0-0-0-0-0-0-0-0-0-0-0-0-0-0-0-0-0-0-0-0-0-
[mavros_node-1] [WARN] [1781698273.048888012] [mavros.sys]: FCU: UNK(8): EVENT 1914663 with args -0-130-0-2-48-0-0-0-0-0-0-0-0-0-0-0-0-0-0-0-0-0-0-0-0-0-0-0-0-0-0-0-0-0-0-0-0-0-0-0-
[fastlio_odometry_guard-2] [WARN] [1781698273.616666552] [fastlio_odometry_guard]: Rejected FAST-LIO odometry: position jump 154.091 m (accepted=531 rejected=587)
[fastlio_odometry_guard-2] [WARN] [1781698274.707544932] [fastlio_odometry_guard]: Rejected FAST-LIO odometry: position jump 114.62 m (accepted=531 rejected=596)
[mavros_node-1] [WARN] [1781698275.109707584] [mavros.sys]: FCU: UNK(8): EVENT 11047904 with args -0-128-0-18-1-0-0-0-0-0-0-0-0-131-191-1-128-0-0-0-0-0-0-0-0-0-0-0-0-0-0-0-0-0-0-0-0-0-0-0-
[mavros_node-1] [ERROR] [1781698275.110002810] [mavros.sys]: FCU: EVENT 9077977 with args -255-255-255-255-7-0-0-0-0-0-0-0-0-0-0-0-0-0-0-0-0-0-0-0-0-0-0-0-0-0-0-0-0-0-0-0-0-0-0-0-
[mavros_node-1] [ERROR] [1781698275.110338179] [mavros.sys]: FCU: EVENT 13679014 with args -0-64-0-0-20-0-0-0-0-0-0-0-0-0-0-0-0-0-0-0-0-0-0-0-0-0-0-0-0-0-0-0-0-0-0-0-0-0-0-0-
[mavros_node-1] [ERROR] [1781698275.110711135] [mavros.sys]: FCU: EVENT 13835193 with args -124-0-126-0-17-0-0-0-0-0-0-0-0-0-0-0-0-0-0-0-0-0-0-0-0-0-0-0-0-0-0-0-0-0-0-0-0-0-0-0-
[mavros_node-1] [ERROR] [1781698275.111125293] [mavros.sys]: FCU: EVENT 10011251 with args -56-0-0-0-24-0-0-0-0-0-0-0-0-0-0-0-0-0-0-0-0-0-0-0-0-0-0-0-0-0-0-0-0-0-0-0-0-0-0-0-
[mavros_node-1] [INFO] [1781698275.111420499] [mavros.sys]: FCU: EVENT 377561 with args -8-0-0-0-20-0-0-0-0-0-0-0-0-0-0-0-0-0-0-0-0-0-0-0-0-0-0-0-0-0-0-0-0-0-0-0-0-0-0-0-
[mavros_node-1] [INFO] [1781698275.111842616] [mavros.sys]: FCU: EVENT 79408 with args -32-0-0-0-20-0-0-0-0-0-0-0-0-0-0-0-0-0-0-0-0-0-0-0-0-0-0-0-0-0-0-0-0-0-0-0-0-0-0-0-
[mavros_node-1] [ERROR] [1781698275.112112973] [mavros.sys]: FCU: EVENT 12754954 with args -255-255-255-255-20-0-0-0-0-0-0-0-0-0-0-0-0-0-0-0-0-0-0-0-0-0-0-0-0-0-0-0-0-0-0-0-0-0-0-0-
[mavros_node-1] [INFO] [1781698275.112488316] [mavros.sys]: FCU: EVENT 6801787 with args -255-255-255-255-12-0-0-0-0-0-0-0-0-0-0-0-0-0-0-0-0-0-0-0-0-0-0-0-0-0-0-0-0-0-0-0-0-0-0-0-
[mavros_node-1] [WARN] [1781698275.112652288] [mavros.sys]: FCU: UNK(8): EVENT 1914663 with args -0-130-0-2-48-0-0-0-0-0-0-0-0-0-0-0-0-0-0-0-0-0-0-0-0-0-0-0-0-0-0-0-0-0-0-0-0-0-0-0-
[fastlio_odometry_guard-2] [WARN] [1781698275.764186483] [fastlio_odometry_guard]: Rejected FAST-LIO odometry: position jump 168.339 m (accepted=532 rejected=608)
[fastlio_odometry_guard-2] [WARN] [1781698276.903545026] [fastlio_odometry_guard]: Rejected FAST-LIO odometry: position jump 97.9521 m (accepted=532 rejected=617)
[fastlio_odometry_guard-2] [WARN] [1781698278.183103606] [fastlio_odometry_guard]: Rejected FAST-LIO odometry: position jump 151.134 m (accepted=533 rejected=629)
[fastlio_odometry_guard-2] [WARN] [1781698279.183301909] [fastlio_odometry_guard]: Rejected FAST-LIO odometry: position jump 182.365 m (accepted=534 rejected=640)
[fastlio_odometry_guard-2] [WARN] [1781698280.283073096] [fastlio_odometry_guard]: Rejected FAST-LIO odometry: position jump 164.104 m (accepted=535 rejected=650)
[fastlio_odometry_guard-2] [WARN] [1781698281.445277942] [fastlio_odometry_guard]: Rejected FAST-LIO odometry: position jump 169.047 m (accepted=535 rejected=659)
[mavros_node-1] [INFO] [1781698281.798294949] [mavros.mavros_router]: link[1000] removed stale remote address 172.0
[mavros_node-1] [INFO] [1781698281.798418653] [mavros.mavros_router]: link[1000] removed stale remote address 172.96
[fastlio_odometry_guard-2] [WARN] [1781698282.722785629] [fastlio_odometry_guard]: Rejected FAST-LIO odometry: position jump 176.024 m (accepted=535 rejected=672)
[fastlio_odometry_guard-2] [WARN] [1781698284.005607064] [fastlio_odometry_guard]: Rejected FAST-LIO odometry: position jump 275.737 m (accepted=535 rejected=685)
[fastlio_odometry_guard-2] [WARN] [1781698285.006071581] [fastlio_odometry_guard]: Rejected FAST-LIO odometry: large dt 1.0001 s; reset guard baseline (accepted=535 rejected=697)
[fastlio_odometry_guard-2] [WARN] [1781698286.263792677] [fastlio_odometry_guard]: Rejected FAST-LIO odometry: position jump 64.3283 m (accepted=535 rejected=708)
[fastlio_odometry_guard-2] [WARN] [1781698287.542628560] [fastlio_odometry_guard]: Rejected FAST-LIO odometry: position jump 32.9298 m (accepted=535 rejected=719)
[fastlio_odometry_guard-2] [WARN] [1781698288.702649515] [fastlio_odometry_guard]: Rejected FAST-LIO odometry: position jump 134.313 m (accepted=535 rejected=732)
[fastlio_odometry_guard-2] [WARN] [1781698289.872575124] [fastlio_odometry_guard]: Rejected FAST-LIO odometry: position jump 138.34 m (accepted=535 rejected=743)
[fastlio_odometry_guard-2] [WARN] [1781698291.142508086] [fastlio_odometry_guard]: Rejected FAST-LIO odometry: position jump 211.887 m (accepted=535 rejected=756)
[fastlio_odometry_guard-2] [WARN] [1781698292.154088812] [fastlio_odometry_guard]: Rejected FAST-LIO odometry: position jump 328.452 m (accepted=535 rejected=769)
[fastlio_odometry_guard-2] [WARN] [1781698293.173256555] [fastlio_odometry_guard]: Rejected FAST-LIO odometry: position jump 299.615 m (accepted=536 rejected=777)
[fastlio_odometry_guard-2] [WARN] [1781698294.333016053] [fastlio_odometry_guard]: Rejected FAST-LIO odometry: position jump 343.927 m (accepted=536 rejected=789)
[fastlio_odometry_guard-2] [WARN] [1781698295.343258318] [fastlio_odometry_guard]: Rejected FAST-LIO odometry: position jump 116.868 m (accepted=536 rejected=795)
[fastlio_odometry_guard-2] [WARN] [1781698296.392354362] [fastlio_odometry_guard]: Rejected FAST-LIO odometry: position jump 236.074 m (accepted=536 rejected=808)
[fastlio_odometry_guard-2] [WARN] [1781698297.393425889] [fastlio_odometry_guard]: Rejected FAST-LIO odometry: position jump 278.775 m (accepted=537 rejected=819)
[fastlio_odometry_guard-2] [WARN] [1781698298.393733105] [fastlio_odometry_guard]: Rejected FAST-LIO odometry: position jump 243.607 m (accepted=538 rejected=828)
[fastlio_odometry_guard-2] [WARN] [1781698299.597330878] [fastlio_odometry_guard]: Rejected FAST-LIO odometry: position jump 251.425 m (accepted=538 rejected=839)
[fastlio_odometry_guard-2] [WARN] [1781698300.723976578] [fastlio_odometry_guard]: Rejected FAST-LIO odometry: position jump 251.153 m (accepted=539 rejected=849)
[fastlio_odometry_guard-2] [WARN] [1781698301.825800943] [fastlio_odometry_guard]: Rejected FAST-LIO odometry: position jump 298.574 m (accepted=539 rejected=861)
[fastlio_odometry_guard-2] [WARN] [1781698302.832118683] [fastlio_odometry_guard]: Rejected FAST-LIO odometry: position jump 304.697 m (accepted=539 rejected=871)
[fastlio_odometry_guard-2] [WARN] [1781698303.904733642] [fastlio_odometry_guard]: Rejected FAST-LIO odometry: position jump 311.77 m (accepted=540 rejected=881)
[fastlio_odometry_guard-2] [WARN] [1781698304.965667397] [fastlio_odometry_guard]: Rejected FAST-LIO odometry: position jump 180.56 m (accepted=540 rejected=888)
[fastlio_odometry_guard-2] [WARN] [1781698306.125204111] [fastlio_odometry_guard]: Rejected FAST-LIO odometry: position jump 226.938 m (accepted=540 rejected=901)
[fastlio_odometry_guard-2] [WARN] [1781698307.542354998] [fastlio_odometry_guard]: Rejected FAST-LIO odometry: position jump 368.743 m (accepted=540 rejected=914)
[fastlio_odometry_guard-2] [WARN] [1781698308.574928411] [fastlio_odometry_guard]: Rejected FAST-LIO odometry: position jump 606.578 m (accepted=540 rejected=927)
[fastlio_odometry_guard-2] [WARN] [1781698309.586306971] [fastlio_odometry_guard]: Rejected FAST-LIO odometry: position jump 474.196 m (accepted=540 rejected=937)
[fastlio_odometry_guard-2] [WARN] [1781698310.663048414] [fastlio_odometry_guard]: Rejected FAST-LIO odometry: position jump 482.154 m (accepted=540 rejected=947)
[fastlio_odometry_guard-2] [WARN] [1781698311.692872201] [fastlio_odometry_guard]: Rejected FAST-LIO odometry: large dt 1.00021 s; reset guard baseline (accepted=541 rejected=958)
[fastlio_odometry_guard-2] [WARN] [1781698312.846811693] [fastlio_odometry_guard]: Rejected FAST-LIO odometry: position jump 396.4 m (accepted=541 rejected=966)
[fastlio_odometry_guard-2] [WARN] [1781698313.922935761] [fastlio_odometry_guard]: Rejected FAST-LIO odometry: large dt 1.00004 s; reset guard baseline (accepted=542 rejected=978)
[fastlio_odometry_guard-2] [WARN] [1781698314.974733442] [fastlio_odometry_guard]: Rejected FAST-LIO odometry: position jump 51.007 m (accepted=543 rejected=989)
[fastlio_odometry_guard-2] [WARN] [1781698316.075831952] [fastlio_odometry_guard]: Rejected FAST-LIO odometry: position jump 49.621 m (accepted=543 rejected=1000)
[fastlio_odometry_guard-2] [WARN] [1781698317.147765997] [fastlio_odometry_guard]: Rejected FAST-LIO odometry: position jump 464.129 m (accepted=543 rejected=1008)
[fastlio_odometry_guard-2] [WARN] [1781698318.256092064] [fastlio_odometry_guard]: Rejected FAST-LIO odometry: position jump 624.46 m (accepted=544 rejected=1019)
[fastlio_odometry_guard-2] [WARN] [1781698319.443311075] [fastlio_odometry_guard]: Rejected FAST-LIO odometry: position jump 631.854 m (accepted=545 rejected=1030)
[fastlio_odometry_guard-2] [WARN] [1781698320.463853712] [fastlio_odometry_guard]: Rejected FAST-LIO odometry: large dt 1.09971 s; reset guard baseline (accepted=545 rejected=1042)
[fastlio_odometry_guard-2] [WARN] [1781698321.474320432] [fastlio_odometry_guard]: Rejected FAST-LIO odometry: position jump 269.343 m (accepted=545 rejected=1047)
[fastlio_odometry_guard-2] [WARN] [1781698322.668612216] [fastlio_odometry_guard]: Rejected FAST-LIO odometry: position jump 650.289 m (accepted=545 rejected=1059)
[fastlio_odometry_guard-2] [WARN] [1781698323.813331153] [fastlio_odometry_guard]: Rejected FAST-LIO odometry: position jump 707.549 m (accepted=546 rejected=1071)
[fastlio_odometry_guard-2] [WARN] [1781698325.095353180] [fastlio_odometry_guard]: Rejected FAST-LIO odometry: large dt 1.09985 s; reset guard baseline (accepted=547 rejected=1084)
[fastlio_odometry_guard-2] [WARN] [1781698326.379930558] [fastlio_odometry_guard]: Rejected FAST-LIO odometry: position jump 53.8968 m (accepted=549 rejected=1095)
[fastlio_odometry_guard-2] [WARN] [1781698327.653655986] [fastlio_odometry_guard]: Rejected FAST-LIO odometry: position jump 167.73 m (accepted=549 rejected=1108)
[fastlio_odometry_guard-2] [WARN] [1781698328.668207089] [fastlio_odometry_guard]: Rejected FAST-LIO odometry: position jump 225.638 m (accepted=549 rejected=1120)
[fastlio_odometry_guard-2] [WARN] [1781698329.674230711] [fastlio_odometry_guard]: Rejected FAST-LIO odometry: position jump 340.354 m (accepted=550 rejected=1128)
