[INFO] [1781698167.245626038] [minipc_mavros_offboard]: Started minipc_mavros_offboard with arm_only=False, takeoff_height_m=0.8, hover_seconds=10.0, offboard_stabilize_seconds=20.0, use_rc_offboard=True, hold_after_arm_reject=True, ignore_z_in_arm_only=True, debug_hold_after_mode_drop=True, recent_pose_samples=30, require_vision_pose=True, vision_freshness_s=1.0, lift_only_seconds=2.5, z_ramp_seconds=2.0, target_xyz=(0.0, 0.0, -1.0), yaw_deg=0.0, auto_land=False, land_on_offboard_loss=True, offboard_land=True, offboard_land_speed_mps=0.1, offboard_land_auto_handoff_height_m=0.1, target_reached_tolerance_m=0.15, landed_hold_seconds=0.0, drift_guard_enabled=True, drift_warning_m=0.2, drift_land_m=0.3, drift_emergency_m=0.5, legacy_max_horizontal_drift_m=0.5
[INFO] [1781698167.280626872] [minipc_mavros_offboard]: Waiting for MAVROS connection
[INFO] [1781698169.080602283] [minipc_mavros_offboard]: Waiting for MAVROS local odometry before arming
[INFO] [1781698169.081188915] [minipc_mavros_offboard]: Averaged MAVROS local odometry at lock x=-0.00, y=-0.02, z=-0.02
[INFO] [1781698169.081585376] [minipc_mavros_offboard]: Target setpoint locked to ENU for MAVROS local setpoint x=-0.00, y=-0.02, z_start=-0.02, z_final=0.98
[INFO] [1781698169.130920131] [minipc_mavros_offboard]: Streaming pre-arm MAVROS setpoints
[INFO] [1781698174.131827415] [minipc_mavros_offboard]: Streaming setpoints and waiting for RC to switch OFFBOARD
[INFO] [1781698181.181685568] [minipc_mavros_offboard]: OFFBOARD reported by MAVROS state
[INFO] [1781698201.230513315] [minipc_mavros_offboard]: Arming vehicle
[INFO] [1781698201.232115211] [minipc_mavros_offboard]: Requested arming
[INFO] [1781698201.332551954] [minipc_mavros_offboard]: Holding MAVROS setpoint
[INFO] [1781698201.335408089] [minipc_mavros_offboard]: Vehicle left armed/OFFBOARD state; continuing debug hold
[INFO] [1781698201.336197358] [minipc_mavros_offboard]: Debug hold after OFFBOARD/armed drop: connected=True, armed=False, guided=False, manual_input=False, mode=OFFBOARD
[INFO] [1781698201.380445475] [minipc_mavros_offboard]: Holding MAVROS setpoint
[INFO] [1781698201.381391236] [minipc_mavros_offboard]: Vehicle left armed/OFFBOARD state; continuing debug hold
[INFO] [1781698201.381603919] [minipc_mavros_offboard]: Debug hold after OFFBOARD/armed drop: connected=True, armed=False, guided=False, manual_input=False, mode=OFFBOARD
[INFO] [1781698201.431030864] [minipc_mavros_offboard]: Holding MAVROS setpoint
[INFO] [1781698201.432103006] [minipc_mavros_offboard]: Vehicle left armed/OFFBOARD state; continuing debug hold
[INFO] [1781698201.432451466] [minipc_mavros_offboard]: Debug hold after OFFBOARD/armed drop: connected=True, armed=False, guided=False, manual_input=False, mode=OFFBOARD
[INFO] [1781698201.482750477] [minipc_mavros_offboard]: Holding MAVROS setpoint
[INFO] [1781698201.485299722] [minipc_mavros_offboard]: Vehicle left armed/OFFBOARD state; continuing debug hold
[INFO] [1781698201.486129934] [minipc_mavros_offboard]: Debug hold after OFFBOARD/armed drop: connected=True, armed=False, guided=False, manual_input=False, mode=OFFBOARD
[INFO] [1781698201.531034053] [minipc_mavros_offboard]: Holding MAVROS setpoint
[INFO] [1781698201.531933343] [minipc_mavros_offboard]: Vehicle left armed/OFFBOARD state; continuing debug hold
[INFO] [1781698201.532434410] [minipc_mavros_offboard]: Debug hold after OFFBOARD/armed drop: connected=True, armed=False, guided=False, manual_input=False, mode=OFFBOARD
[INFO] [1781698201.581129500] [minipc_mavros_offboard]: Holding MAVROS setpoint
[INFO] [1781698201.582216938] [minipc_mavros_offboard]: Vehicle left armed/OFFBOARD state; continuing debug hold
[INFO] [1781698201.582681331] [minipc_mavros_offboard]: Debug hold after OFFBOARD/armed drop: connected=True, armed=False, guided=False, manual_input=False, mode=OFFBOARD
[INFO] [1781698201.630774112] [minipc_mavros_offboard]: Holding MAVROS setpoint
[INFO] [1781698201.631792636] [minipc_mavros_offboard]: Vehicle left armed/OFFBOARD state; continuing debug hold
[INFO] [1781698201.632277961] [minipc_mavros_offboard]: Debug hold after OFFBOARD/armed drop: connected=True, armed=False, guided=False, manual_input=False, mode=OFFBOARD
[INFO] [1781698201.681338251] [minipc_mavros_offboard]: Holding MAVROS setpoint
[INFO] [1781698201.682702894] [minipc_mavros_offboard]: Vehicle left armed/OFFBOARD state; continuing debug hold
[INFO] [1781698201.683176702] [minipc_mavros_offboard]: Debug hold after OFFBOARD/armed drop: connected=True, armed=False, guided=False, manual_input=False, mode=OFFBOARD
[INFO] [1781698201.731029601] [minipc_mavros_offboard]: Holding MAVROS setpoint
[INFO] [1781698201.732109319] [minipc_mavros_offboard]: Vehicle left armed/OFFBOARD state; continuing debug hold
[INFO] [1781698201.732570934] [minipc_mavros_offboard]: Debug hold after OFFBOARD/armed drop: connected=True, armed=False, guided=False, manual_input=False, mode=OFFBOARD
[INFO] [1781698201.780530307] [minipc_mavros_offboard]: Holding MAVROS setpoint
[INFO] [1781698201.781401833] [minipc_mavros_offboard]: Vehicle left armed/OFFBOARD state; continuing debug hold
[INFO] [1781698201.781620228] [minipc_mavros_offboard]: Debug hold after OFFBOARD/armed drop: connected=True, armed=False, guided=False, manual_input=False, mode=OFFBOARD
[INFO] [1781698201.832207906] [minipc_mavros_offboard]: Holding MAVROS setpoint
[INFO] [1781698201.838087986] [minipc_mavros_offboard]: Vehicle left armed/OFFBOARD state; continuing debug hold
[INFO] [1781698201.838974865] [minipc_mavros_offboard]: Debug hold after OFFBOARD/armed drop: connected=True, armed=False, guided=False, manual_input=False, mode=OFFBOARD
[INFO] [1781698201.881101385] [minipc_mavros_offboard]: Holding MAVROS setpoint
[INFO] [1781698201.882395871] [minipc_mavros_offboard]: Vehicle left armed/OFFBOARD state; continuing debug hold
[INFO] [1781698201.882904071] [minipc_mavros_offboard]: Debug hold after OFFBOARD/armed drop: connected=True, armed=False, guided=False, manual_input=False, mode=OFFBOARD
[INFO] [1781698201.930735132] [minipc_mavros_offboard]: Holding MAVROS setpoint
[INFO] [1781698201.931439692] [minipc_mavros_offboard]: Vehicle left armed/OFFBOARD state; continuing debug hold
[INFO] [1781698201.931634024] [minipc_mavros_offboard]: Debug hold after OFFBOARD/armed drop: connected=True, armed=False, guided=False, manual_input=False, mode=OFFBOARD
[INFO] [1781698201.980996926] [minipc_mavros_offboard]: Holding MAVROS setpoint
[INFO] [1781698201.982805887] [minipc_mavros_offboard]: Vehicle left armed/OFFBOARD state; continuing debug hold
[INFO] [1781698201.983268037] [minipc_mavros_offboard]: Debug hold after OFFBOARD/armed drop: connected=True, armed=False, guided=False, manual_input=False, mode=OFFBOARD
[INFO] [1781698202.030722712] [minipc_mavros_offboard]: Holding MAVROS setpoint
[INFO] [1781698202.031588994] [minipc_mavros_offboard]: Vehicle left armed/OFFBOARD state; continuing debug hold
[INFO] [1781698202.031770567] [minipc_mavros_offboard]: Debug hold after OFFBOARD/armed drop: connected=True, armed=False, guided=False, manual_input=False, mode=OFFBOARD
[INFO] [1781698202.080499308] [minipc_mavros_offboard]: Holding MAVROS setpoint
[INFO] [1781698202.081055835] [minipc_mavros_offboard]: Vehicle left armed/OFFBOARD state; continuing debug hold
[INFO] [1781698202.081293874] [minipc_mavros_offboard]: Debug hold after OFFBOARD/armed drop: connected=True, armed=False, guided=False, manual_input=False, mode=OFFBOARD
[INFO] [1781698202.131122994] [minipc_mavros_offboard]: Holding MAVROS setpoint
[INFO] [1781698202.132190478] [minipc_mavros_offboard]: Vehicle left armed/OFFBOARD state; continuing debug hold
[INFO] [1781698202.132807935] [minipc_mavros_offboard]: Debug hold after OFFBOARD/armed drop: connected=True, armed=False, guided=False, manual_input=False, mode=OFFBOARD
[INFO] [1781698202.181167224] [minipc_mavros_offboard]: Holding MAVROS setpoint
[INFO] [1781698202.182680446] [minipc_mavros_offboard]: Vehicle left armed/OFFBOARD state; continuing debug hold
[INFO] [1781698202.183127735] [minipc_mavros_offboard]: Debug hold after OFFBOARD/armed drop: connected=True, armed=False, guided=False, manual_input=False, mode=OFFBOARD
[INFO] [1781698202.230560628] [minipc_mavros_offboard]: Holding MAVROS setpoint
[INFO] [1781698209.382933683] [minipc_mavros_offboard]: Target reached; starting hover timer before landing
[WARN] [1781698210.981808094] [minipc_mavros_offboard]: Horizontal error warning: error=0.26 m >= warning=0.20 m
[ERROR] [1781698212.781916918] [minipc_mavros_offboard]: Horizontal drift guard triggered: error=0.30 m >= limit=0.30 m. Automatic landing on drift is disabled; continuing to publish setpoints.
[FATAL] [1781698213.481833286] [minipc_mavros_offboard]: Horizontal error emergency threshold exceeded: error=0.51 m >= emergency=0.50 m. Manual takeover recommended immediately.
[INFO] [1781698217.280920626] [minipc_mavros_offboard]: Vehicle left OFFBOARD while armed; requesting AUTO.LAND: connected=True, armed=True, guided=False, manual_input=True, mode=STABILIZED
[INFO] [1781698217.331381938] [minipc_mavros_offboard]: Landing
[INFO] [1781698217.334029526] [minipc_mavros_offboard]: Requested AUTO.LAND mode
[INFO] [1781698217.435456863] [minipc_mavros_offboard]: MAVROS offboard control completed; stopping node
