[INFO] [1781261348.053746957] [minipc_mavros_offboard]: Started minipc_mavros_offboard with arm_only=False, takeoff_height_m=0.8, hover_seconds=10.0, offboard_stabilize_seconds=20.0, use_rc_offboard=True, hold_after_arm_reject=True, ignore_z_in_arm_only=True, debug_hold_after_mode_drop=True, recent_pose_samples=30, require_vision_pose=True, vision_freshness_s=1.0, lift_only_seconds=2.5, z_ramp_seconds=2.0, target_xyz=(0.0, 0.0, -0.5), yaw_deg=0.0, auto_land=False, drift_guard_enabled=True, max_horizontal_drift_m=0.5, drift_guard_action=land
[INFO] [1781261348.093061179] [minipc_mavros_offboard]: Waiting for MAVROS connection
[INFO] [1781261349.294103101] [minipc_mavros_offboard]: Waiting for MAVROS local odometry before arming
[INFO] [1781261349.295004614] [minipc_mavros_offboard]: Averaged MAVROS local odometry at lock x=0.01, y=-0.01, z=-0.04
[INFO] [1781261349.295633581] [minipc_mavros_offboard]: Target setpoint locked to ENU for MAVROS local setpoint x=0.01, y=-0.01, z_start=-0.04, z_final=0.46
[INFO] [1781261349.343255028] [minipc_mavros_offboard]: Streaming pre-arm MAVROS setpoints
[INFO] [1781261354.343072717] [minipc_mavros_offboard]: Streaming setpoints and waiting for RC to switch OFFBOARD
[INFO] [1781261354.343475859] [minipc_mavros_offboard]: OFFBOARD reported by MAVROS state
[INFO] [1781261374.443173301] [minipc_mavros_offboard]: Arming vehicle
[INFO] [1781261374.444150307] [minipc_mavros_offboard]: Requested arming
[INFO] [1781261374.542937277] [minipc_mavros_offboard]: Holding MAVROS setpoint
[INFO] [1781261374.543327615] [minipc_mavros_offboard]: Vehicle left armed/OFFBOARD state; continuing debug hold
[INFO] [1781261374.543517845] [minipc_mavros_offboard]: Debug hold after OFFBOARD/armed drop: connected=True, armed=False, guided=False, manual_input=False, mode=OFFBOARD
[INFO] [1781261374.592986843] [minipc_mavros_offboard]: Holding MAVROS setpoint
[INFO] [1781261374.593378586] [minipc_mavros_offboard]: Vehicle left armed/OFFBOARD state; continuing debug hold
[INFO] [1781261374.593586731] [minipc_mavros_offboard]: Debug hold after OFFBOARD/armed drop: connected=True, armed=False, guided=False, manual_input=False, mode=OFFBOARD
[INFO] [1781261374.642893390] [minipc_mavros_offboard]: Holding MAVROS setpoint
[INFO] [1781261374.643304569] [minipc_mavros_offboard]: Vehicle left armed/OFFBOARD state; continuing debug hold
[INFO] [1781261374.643532008] [minipc_mavros_offboard]: Debug hold after OFFBOARD/armed drop: connected=True, armed=False, guided=False, manual_input=False, mode=OFFBOARD
[INFO] [1781261374.692949767] [minipc_mavros_offboard]: Holding MAVROS setpoint
[INFO] [1781261374.693321432] [minipc_mavros_offboard]: Vehicle left armed/OFFBOARD state; continuing debug hold
[INFO] [1781261374.693493540] [minipc_mavros_offboard]: Debug hold after OFFBOARD/armed drop: connected=True, armed=False, guided=False, manual_input=False, mode=OFFBOARD
[INFO] [1781261374.742856659] [minipc_mavros_offboard]: Holding MAVROS setpoint
[INFO] [1781261374.743200181] [minipc_mavros_offboard]: Vehicle left armed/OFFBOARD state; continuing debug hold
[INFO] [1781261374.743369645] [minipc_mavros_offboard]: Debug hold after OFFBOARD/armed drop: connected=True, armed=False, guided=False, manual_input=False, mode=OFFBOARD
[INFO] [1781261374.792934405] [minipc_mavros_offboard]: Holding MAVROS setpoint
[INFO] [1781261374.793344954] [minipc_mavros_offboard]: Vehicle left armed/OFFBOARD state; continuing debug hold
[INFO] [1781261374.793528802] [minipc_mavros_offboard]: Debug hold after OFFBOARD/armed drop: connected=True, armed=False, guided=False, manual_input=False, mode=OFFBOARD
[INFO] [1781261374.842877262] [minipc_mavros_offboard]: Holding MAVROS setpoint
[ERROR] [1781261380.442946427] [minipc_mavros_offboard]: Horizontal drift guard triggered: drift=0.50 m > limit=0.50 m. action=land
[INFO] [1781261380.492955068] [minipc_mavros_offboard]: Landing
[INFO] [1781261380.494537468] [minipc_mavros_offboard]: Requested AUTO.LAND mode
[INFO] [1781261380.593252004] [minipc_mavros_offboard]: MAVROS offboard control completed; stopping node
