[INFO] [1781697197.800697766] [minipc_mavros_offboard]: Started minipc_mavros_offboard with arm_only=False, takeoff_height_m=0.8, hover_seconds=10.0, offboard_stabilize_seconds=20.0, use_rc_offboard=True, hold_after_arm_reject=True, ignore_z_in_arm_only=True, debug_hold_after_mode_drop=True, recent_pose_samples=30, require_vision_pose=True, vision_freshness_s=1.0, lift_only_seconds=2.5, z_ramp_seconds=2.0, target_xyz=(0.0, 0.0, -1.0), yaw_deg=0.0, auto_land=False, land_on_offboard_loss=True, offboard_land=True, offboard_land_speed_mps=0.1, target_reached_tolerance_m=0.15, landed_hold_seconds=0.0, drift_guard_enabled=True, drift_warning_m=0.2, drift_land_m=0.3, drift_emergency_m=0.5, legacy_max_horizontal_drift_m=0.5
[INFO] [1781697197.839930295] [minipc_mavros_offboard]: Waiting for MAVROS connection
[INFO] [1781697199.140344447] [minipc_mavros_offboard]: Waiting for MAVROS local odometry before arming
[INFO] [1781697199.141364627] [minipc_mavros_offboard]: Averaged MAVROS local odometry at lock x=-0.03, y=-0.00, z=-0.05
[INFO] [1781697199.141786106] [minipc_mavros_offboard]: Target setpoint locked to ENU for MAVROS local setpoint x=-0.03, y=-0.00, z_start=-0.05, z_final=0.95
[INFO] [1781697199.190216654] [minipc_mavros_offboard]: Streaming pre-arm MAVROS setpoints
[INFO] [1781697204.190050038] [minipc_mavros_offboard]: Streaming setpoints and waiting for RC to switch OFFBOARD
[INFO] [1781697223.690368873] [minipc_mavros_offboard]: OFFBOARD reported by MAVROS state
[INFO] [1781697243.740628722] [minipc_mavros_offboard]: Arming vehicle
[INFO] [1781697243.743233553] [minipc_mavros_offboard]: Requested arming
[INFO] [1781697243.840411522] [minipc_mavros_offboard]: Holding MAVROS setpoint
[INFO] [1781697243.841589586] [minipc_mavros_offboard]: Vehicle left armed/OFFBOARD state; continuing debug hold
[INFO] [1781697243.842146233] [minipc_mavros_offboard]: Debug hold after OFFBOARD/armed drop: connected=True, armed=False, guided=False, manual_input=False, mode=OFFBOARD
[INFO] [1781697243.890064942] [minipc_mavros_offboard]: Holding MAVROS setpoint
[INFO] [1781697243.890859443] [minipc_mavros_offboard]: Vehicle left armed/OFFBOARD state; continuing debug hold
[INFO] [1781697243.891372197] [minipc_mavros_offboard]: Debug hold after OFFBOARD/armed drop: connected=True, armed=False, guided=False, manual_input=False, mode=OFFBOARD
[INFO] [1781697243.942907920] [minipc_mavros_offboard]: Holding MAVROS setpoint
[INFO] [1781697243.943927822] [minipc_mavros_offboard]: Vehicle left armed/OFFBOARD state; continuing debug hold
[INFO] [1781697243.944466514] [minipc_mavros_offboard]: Debug hold after OFFBOARD/armed drop: connected=True, armed=False, guided=False, manual_input=False, mode=OFFBOARD
[INFO] [1781697243.990204093] [minipc_mavros_offboard]: Holding MAVROS setpoint
[INFO] [1781697243.991884892] [minipc_mavros_offboard]: Vehicle left armed/OFFBOARD state; continuing debug hold
[INFO] [1781697243.992269430] [minipc_mavros_offboard]: Debug hold after OFFBOARD/armed drop: connected=True, armed=False, guided=False, manual_input=False, mode=OFFBOARD
[INFO] [1781697244.040383850] [minipc_mavros_offboard]: Holding MAVROS setpoint
[INFO] [1781697244.041297674] [minipc_mavros_offboard]: Vehicle left armed/OFFBOARD state; continuing debug hold
[INFO] [1781697244.041904226] [minipc_mavros_offboard]: Debug hold after OFFBOARD/armed drop: connected=True, armed=False, guided=False, manual_input=False, mode=OFFBOARD
[INFO] [1781697244.090238970] [minipc_mavros_offboard]: Holding MAVROS setpoint
[INFO] [1781697244.091142925] [minipc_mavros_offboard]: Vehicle left armed/OFFBOARD state; continuing debug hold
[INFO] [1781697244.091837026] [minipc_mavros_offboard]: Debug hold after OFFBOARD/armed drop: connected=True, armed=False, guided=False, manual_input=False, mode=OFFBOARD
[INFO] [1781697244.140282136] [minipc_mavros_offboard]: Holding MAVROS setpoint
[INFO] [1781697244.141268762] [minipc_mavros_offboard]: Vehicle left armed/OFFBOARD state; continuing debug hold
[INFO] [1781697244.141900914] [minipc_mavros_offboard]: Debug hold after OFFBOARD/armed drop: connected=True, armed=False, guided=False, manual_input=False, mode=OFFBOARD
[INFO] [1781697244.190251169] [minipc_mavros_offboard]: Holding MAVROS setpoint
[INFO] [1781697244.191220108] [minipc_mavros_offboard]: Vehicle left armed/OFFBOARD state; continuing debug hold
[INFO] [1781697244.191865474] [minipc_mavros_offboard]: Debug hold after OFFBOARD/armed drop: connected=True, armed=False, guided=False, manual_input=False, mode=OFFBOARD
[INFO] [1781697244.240803607] [minipc_mavros_offboard]: Holding MAVROS setpoint
[INFO] [1781697244.242906477] [minipc_mavros_offboard]: Vehicle left armed/OFFBOARD state; continuing debug hold
[INFO] [1781697244.243726639] [minipc_mavros_offboard]: Debug hold after OFFBOARD/armed drop: connected=True, armed=False, guided=False, manual_input=False, mode=OFFBOARD
[INFO] [1781697244.289861136] [minipc_mavros_offboard]: Holding MAVROS setpoint
[INFO] [1781697244.290662535] [minipc_mavros_offboard]: Vehicle left armed/OFFBOARD state; continuing debug hold
[INFO] [1781697244.291204076] [minipc_mavros_offboard]: Debug hold after OFFBOARD/armed drop: connected=True, armed=False, guided=False, manual_input=False, mode=OFFBOARD
[INFO] [1781697244.340329802] [minipc_mavros_offboard]: Holding MAVROS setpoint
[INFO] [1781697244.342029762] [minipc_mavros_offboard]: Vehicle left armed/OFFBOARD state; continuing debug hold
[INFO] [1781697244.342779560] [minipc_mavros_offboard]: Debug hold after OFFBOARD/armed drop: connected=True, armed=False, guided=False, manual_input=False, mode=OFFBOARD
[INFO] [1781697244.389935239] [minipc_mavros_offboard]: Holding MAVROS setpoint
[INFO] [1781697244.390786971] [minipc_mavros_offboard]: Vehicle left armed/OFFBOARD state; continuing debug hold
[INFO] [1781697244.391172738] [minipc_mavros_offboard]: Debug hold after OFFBOARD/armed drop: connected=True, armed=False, guided=False, manual_input=False, mode=OFFBOARD
[INFO] [1781697244.439789079] [minipc_mavros_offboard]: Holding MAVROS setpoint
[INFO] [1781697244.440465683] [minipc_mavros_offboard]: Vehicle left armed/OFFBOARD state; continuing debug hold
[INFO] [1781697244.440693373] [minipc_mavros_offboard]: Debug hold after OFFBOARD/armed drop: connected=True, armed=False, guided=False, manual_input=False, mode=OFFBOARD
[INFO] [1781697244.489730817] [minipc_mavros_offboard]: Holding MAVROS setpoint
[INFO] [1781697244.490298788] [minipc_mavros_offboard]: Vehicle left armed/OFFBOARD state; continuing debug hold
[INFO] [1781697244.490549151] [minipc_mavros_offboard]: Debug hold after OFFBOARD/armed drop: connected=True, armed=False, guided=False, manual_input=False, mode=OFFBOARD
[INFO] [1781697244.540573436] [minipc_mavros_offboard]: Holding MAVROS setpoint
[INFO] [1781697244.541874298] [minipc_mavros_offboard]: Vehicle left armed/OFFBOARD state; continuing debug hold
[INFO] [1781697244.542448868] [minipc_mavros_offboard]: Debug hold after OFFBOARD/armed drop: connected=True, armed=False, guided=False, manual_input=False, mode=OFFBOARD
[INFO] [1781697244.590142698] [minipc_mavros_offboard]: Holding MAVROS setpoint
[INFO] [1781697244.591876674] [minipc_mavros_offboard]: Vehicle left armed/OFFBOARD state; continuing debug hold
[INFO] [1781697244.592351230] [minipc_mavros_offboard]: Debug hold after OFFBOARD/armed drop: connected=True, armed=False, guided=False, manual_input=False, mode=OFFBOARD
[INFO] [1781697244.640387250] [minipc_mavros_offboard]: Holding MAVROS setpoint
[INFO] [1781697252.191405054] [minipc_mavros_offboard]: Target reached; starting hover timer before landing
[INFO] [1781697262.289874780] [minipc_mavros_offboard]: Landing with OFFBOARD position setpoints
[INFO] [1781697262.290231374] [minipc_mavros_offboard]: Starting OFFBOARD controlled landing: z_start=0.90, z_end=-0.05, speed=0.10 m/s
[INFO] [1781697271.390457496] [minipc_mavros_offboard]: OFFBOARD landing completed; holding landed setpoint
