[INFO] [1781697403.342855570] [minipc_mavros_offboard]: Started minipc_mavros_offboard with arm_only=False, takeoff_height_m=0.8, hover_seconds=10.0, offboard_stabilize_seconds=20.0, use_rc_offboard=True, hold_after_arm_reject=True, ignore_z_in_arm_only=True, debug_hold_after_mode_drop=True, recent_pose_samples=30, require_vision_pose=True, vision_freshness_s=1.0, lift_only_seconds=2.5, z_ramp_seconds=2.0, target_xyz=(0.0, 0.0, -1.0), yaw_deg=0.0, auto_land=False, land_on_offboard_loss=True, offboard_land=True, offboard_land_speed_mps=0.1, target_reached_tolerance_m=0.15, landed_hold_seconds=0.0, drift_guard_enabled=True, drift_warning_m=0.2, drift_land_m=0.3, drift_emergency_m=0.5, legacy_max_horizontal_drift_m=0.5
[INFO] [1781697403.381313314] [minipc_mavros_offboard]: Waiting for MAVROS connection
[INFO] [1781697405.732314238] [minipc_mavros_offboard]: Waiting for MAVROS local odometry before arming
[INFO] [1781697405.733055257] [minipc_mavros_offboard]: Averaged MAVROS local odometry at lock x=-0.03, y=-0.01, z=-0.06
[INFO] [1781697405.733548939] [minipc_mavros_offboard]: Target setpoint locked to ENU for MAVROS local setpoint x=-0.03, y=-0.01, z_start=-0.06, z_final=0.94
[INFO] [1781697405.782596218] [minipc_mavros_offboard]: Streaming pre-arm MAVROS setpoints
[INFO] [1781697410.781054249] [minipc_mavros_offboard]: Streaming setpoints and waiting for RC to switch OFFBOARD
[INFO] [1781697448.681150520] [minipc_mavros_offboard]: OFFBOARD reported by MAVROS state
[INFO] [1781697468.730945809] [minipc_mavros_offboard]: Arming vehicle
[INFO] [1781697468.731662586] [minipc_mavros_offboard]: Requested arming
[INFO] [1781697468.831431598] [minipc_mavros_offboard]: Holding MAVROS setpoint
[INFO] [1781697468.832272138] [minipc_mavros_offboard]: Vehicle left armed/OFFBOARD state; continuing debug hold
[INFO] [1781697468.832738058] [minipc_mavros_offboard]: Debug hold after OFFBOARD/armed drop: connected=True, armed=False, guided=False, manual_input=False, mode=OFFBOARD
[INFO] [1781697468.881403976] [minipc_mavros_offboard]: Holding MAVROS setpoint
[INFO] [1781697468.881906198] [minipc_mavros_offboard]: Vehicle left armed/OFFBOARD state; continuing debug hold
[INFO] [1781697468.882098425] [minipc_mavros_offboard]: Debug hold after OFFBOARD/armed drop: connected=True, armed=False, guided=False, manual_input=False, mode=OFFBOARD
[INFO] [1781697468.931868884] [minipc_mavros_offboard]: Holding MAVROS setpoint
[INFO] [1781697468.932690294] [minipc_mavros_offboard]: Vehicle left armed/OFFBOARD state; continuing debug hold
[INFO] [1781697468.932910870] [minipc_mavros_offboard]: Debug hold after OFFBOARD/armed drop: connected=True, armed=False, guided=False, manual_input=False, mode=OFFBOARD
[INFO] [1781697468.981228016] [minipc_mavros_offboard]: Holding MAVROS setpoint
[INFO] [1781697468.981811987] [minipc_mavros_offboard]: Vehicle left armed/OFFBOARD state; continuing debug hold
[INFO] [1781697468.982032447] [minipc_mavros_offboard]: Debug hold after OFFBOARD/armed drop: connected=True, armed=False, guided=False, manual_input=False, mode=OFFBOARD
[INFO] [1781697469.030987537] [minipc_mavros_offboard]: Holding MAVROS setpoint
[INFO] [1781697469.031383408] [minipc_mavros_offboard]: Vehicle left armed/OFFBOARD state; continuing debug hold
[INFO] [1781697469.031554388] [minipc_mavros_offboard]: Debug hold after OFFBOARD/armed drop: connected=True, armed=False, guided=False, manual_input=False, mode=OFFBOARD
[INFO] [1781697469.080987078] [minipc_mavros_offboard]: Holding MAVROS setpoint
[INFO] [1781697469.081383807] [minipc_mavros_offboard]: Vehicle left armed/OFFBOARD state; continuing debug hold
[INFO] [1781697469.081545551] [minipc_mavros_offboard]: Debug hold after OFFBOARD/armed drop: connected=True, armed=False, guided=False, manual_input=False, mode=OFFBOARD
[INFO] [1781697469.131897937] [minipc_mavros_offboard]: Holding MAVROS setpoint
[INFO] [1781697469.132637044] [minipc_mavros_offboard]: Vehicle left armed/OFFBOARD state; continuing debug hold
[INFO] [1781697469.132836751] [minipc_mavros_offboard]: Debug hold after OFFBOARD/armed drop: connected=True, armed=False, guided=False, manual_input=False, mode=OFFBOARD
[INFO] [1781697469.181066998] [minipc_mavros_offboard]: Holding MAVROS setpoint
[INFO] [1781697469.181484310] [minipc_mavros_offboard]: Vehicle left armed/OFFBOARD state; continuing debug hold
[INFO] [1781697469.181659339] [minipc_mavros_offboard]: Debug hold after OFFBOARD/armed drop: connected=True, armed=False, guided=False, manual_input=False, mode=OFFBOARD
[INFO] [1781697469.232050526] [minipc_mavros_offboard]: Holding MAVROS setpoint
[INFO] [1781697469.232936598] [minipc_mavros_offboard]: Vehicle left armed/OFFBOARD state; continuing debug hold
[INFO] [1781697469.233454564] [minipc_mavros_offboard]: Debug hold after OFFBOARD/armed drop: connected=True, armed=False, guided=False, manual_input=False, mode=OFFBOARD
[INFO] [1781697469.281618164] [minipc_mavros_offboard]: Holding MAVROS setpoint
[INFO] [1781697469.282297808] [minipc_mavros_offboard]: Vehicle left armed/OFFBOARD state; continuing debug hold
[INFO] [1781697469.282723489] [minipc_mavros_offboard]: Debug hold after OFFBOARD/armed drop: connected=True, armed=False, guided=False, manual_input=False, mode=OFFBOARD
[INFO] [1781697469.331204439] [minipc_mavros_offboard]: Holding MAVROS setpoint
[INFO] [1781697469.331734726] [minipc_mavros_offboard]: Vehicle left armed/OFFBOARD state; continuing debug hold
[INFO] [1781697469.332020668] [minipc_mavros_offboard]: Debug hold after OFFBOARD/armed drop: connected=True, armed=False, guided=False, manual_input=False, mode=OFFBOARD
[INFO] [1781697469.381067620] [minipc_mavros_offboard]: Holding MAVROS setpoint
[INFO] [1781697469.381470394] [minipc_mavros_offboard]: Vehicle left armed/OFFBOARD state; continuing debug hold
[INFO] [1781697469.381646668] [minipc_mavros_offboard]: Debug hold after OFFBOARD/armed drop: connected=True, armed=False, guided=False, manual_input=False, mode=OFFBOARD
[INFO] [1781697469.431018542] [minipc_mavros_offboard]: Holding MAVROS setpoint
[INFO] [1781697469.431518080] [minipc_mavros_offboard]: Vehicle left armed/OFFBOARD state; continuing debug hold
[INFO] [1781697469.431706856] [minipc_mavros_offboard]: Debug hold after OFFBOARD/armed drop: connected=True, armed=False, guided=False, manual_input=False, mode=OFFBOARD
[INFO] [1781697469.481273513] [minipc_mavros_offboard]: Holding MAVROS setpoint
[INFO] [1781697469.481908255] [minipc_mavros_offboard]: Vehicle left armed/OFFBOARD state; continuing debug hold
[INFO] [1781697469.482331583] [minipc_mavros_offboard]: Debug hold after OFFBOARD/armed drop: connected=True, armed=False, guided=False, manual_input=False, mode=OFFBOARD
[INFO] [1781697469.532040300] [minipc_mavros_offboard]: Holding MAVROS setpoint
[INFO] [1781697469.532890540] [minipc_mavros_offboard]: Vehicle left armed/OFFBOARD state; continuing debug hold
[INFO] [1781697469.533385680] [minipc_mavros_offboard]: Debug hold after OFFBOARD/armed drop: connected=True, armed=False, guided=False, manual_input=False, mode=OFFBOARD
[INFO] [1781697469.581342406] [minipc_mavros_offboard]: Holding MAVROS setpoint
[INFO] [1781697469.581977802] [minipc_mavros_offboard]: Vehicle left armed/OFFBOARD state; continuing debug hold
[INFO] [1781697469.582407376] [minipc_mavros_offboard]: Debug hold after OFFBOARD/armed drop: connected=True, armed=False, guided=False, manual_input=False, mode=OFFBOARD
[INFO] [1781697469.631278902] [minipc_mavros_offboard]: Holding MAVROS setpoint
[INFO] [1781697469.631980797] [minipc_mavros_offboard]: Vehicle left armed/OFFBOARD state; continuing debug hold
[INFO] [1781697469.632436940] [minipc_mavros_offboard]: Debug hold after OFFBOARD/armed drop: connected=True, armed=False, guided=False, manual_input=False, mode=OFFBOARD
[INFO] [1781697469.681314641] [minipc_mavros_offboard]: Holding MAVROS setpoint
[INFO] [1781697477.231969081] [minipc_mavros_offboard]: Target reached; starting hover timer before landing
[INFO] [1781697487.331253938] [minipc_mavros_offboard]: Landing with OFFBOARD position setpoints
[INFO] [1781697487.331815521] [minipc_mavros_offboard]: Starting OFFBOARD controlled landing: z_start=0.93, z_end=-0.06, speed=0.10 m/s
[INFO] [1781697496.881342103] [minipc_mavros_offboard]: OFFBOARD landing completed; holding landed setpoint
