[INFO] [launch]: All log files can be found below /home/robot/.ros/log/2026-06-17-17-32-32-544536-robot-4268
[INFO] [launch]: Default logging verbosity is set to INFO
[INFO] [mavros_node-1]: process started with pid [4300]
[INFO] [fastlio_odometry_guard-2]: process started with pid [4302]
[INFO] [fastlio_mavros_vision_bridge-3]: process started with pid [4304]
[INFO] [static_transform_publisher-4]: process started with pid [4306]
[INFO] [static_transform_publisher-5]: process started with pid [4308]
[INFO] [static_transform_publisher-6]: process started with pid [4310]
[INFO] [static_transform_publisher-7]: process started with pid [4312]
[fastlio_odometry_guard-2] [INFO] [1781688752.657796985] [fastlio_odometry_guard]: Guarding odometry /Odometry -> /Odometry/guarded (jump=0.30m, xy=0.20m, z=0.10m, speed=1.20m/s)
[static_transform_publisher-6] [INFO] [1781688752.988709444] [camera_init_to_camera_init_ned]: Spinning until stopped - publishing transform
[static_transform_publisher-6] translation: ('0.000000', '0.000000', '0.000000')
[static_transform_publisher-6] rotation: ('1.000000', '0.000000', '0.000000', '0.000000')
[static_transform_publisher-6] from 'camera_init' to 'camera_init_ned'
[static_transform_publisher-7] [INFO] [1781688752.991811247] [body_to_body_frd]: Spinning until stopped - publishing transform
[static_transform_publisher-7] translation: ('0.000000', '0.000000', '0.000000')
[static_transform_publisher-7] rotation: ('1.000000', '0.000000', '0.000000', '0.000000')
[static_transform_publisher-7] from 'body' to 'body_frd'
[static_transform_publisher-4] [INFO] [1781688752.992586299] [odom_to_camera_init]: Spinning until stopped - publishing transform
[static_transform_publisher-4] translation: ('0.000000', '0.000000', '0.000000')
[static_transform_publisher-4] rotation: ('0.000000', '0.000000', '0.000000', '1.000000')
[static_transform_publisher-4] from 'odom' to 'camera_init'
[fastlio_mavros_vision_bridge-3] [INFO] [1781688752.995244226] [fastlio_mavros_vision_bridge]: Bridging /Odometry/guarded -> /mavros/vision_pose/pose_cov for MAVROS vision input
[static_transform_publisher-5] [INFO] [1781688752.995930544] [base_link_to_body]: Spinning until stopped - publishing transform
[static_transform_publisher-5] translation: ('0.000000', '0.000000', '0.000000')
[static_transform_publisher-5] rotation: ('0.000000', '0.000000', '0.000000', '1.000000')
[static_transform_publisher-5] from 'base_link' to 'body'
[mavros_node-1] [INFO] [1781688752.996881617] [mavros.mavros_node]: Starting mavros_node container
[mavros_node-1] [INFO] [1781688752.996954489] [mavros.mavros_node]: FCU URL: serial:///dev/ttyUSB0:921600?ids=255,190
[mavros_node-1] [INFO] [1781688752.996960801] [mavros.mavros_node]: GCS URL: 
[mavros_node-1] [INFO] [1781688752.996964518] [mavros.mavros_node]: UAS Prefix: /uas1
[mavros_node-1] [INFO] [1781688752.996968178] [mavros.mavros_node]: Starting mavros router node
[mavros_node-1] [INFO] [1781688753.007180667] [mavros.mavros_router]: Built-in SIMD instructions: SSE, SSE2
[mavros_node-1] [INFO] [1781688753.007206824] [mavros.mavros_router]: Built-in MAVLink package version: 2026.3.3
[mavros_node-1] [INFO] [1781688753.007213672] [mavros.mavros_router]: Known MAVLink dialects: common ardupilotmega ASLUAV AVSSUAS all csAirLink cubepilot development icarous loweheiser marsh matrixpilot paparazzi standard stemstudios storm32 uAvionix ualberta
[mavros_node-1] [INFO] [1781688753.007216351] [mavros.mavros_router]: MAVROS Router started
[mavros_node-1] [INFO] [1781688753.007270604] [mavros.mavros_node]: Starting mavros uas node
[mavros_node-1] [INFO] [1781688753.037814342] [mavros.mavros_router]: Requested to add endpoint: type: 0, url: serial:///dev/ttyUSB0:921600?ids=255,190
[mavros_node-1] [INFO] [1781688753.037899599] [mavros.mavros_router]: Endpoint link[1000] created
[mavros_node-1] [INFO] [1781688753.039142996] [mavros.mavros_router]: link[1000] opened successfully
[mavros_node-1] [INFO] [1781688753.039178633] [mavros.mavros_router]: Requested to add endpoint: type: 2, url: /uas1
[mavros_node-1] [INFO] [1781688753.039205027] [mavros.mavros_router]: Endpoint link[1001] created
[mavros_node-1] [INFO] [1781688753.042665497] [mavros.mavros_router]: link[1001] opened successfully
[mavros_node-1] [INFO] [1781688753.047803052] [mavros.mavros]: UAS Executor started, threads: 16
[mavros_node-1] [INFO] [1781688753.049173176] [mavros.mavros_router]: link[1000] detected remote address 252.99
[mavros_node-1] [INFO] [1781688753.058179506] [mavros.mavros_router]: link[1000] detected remote address 1.1
[fastlio_odometry_guard-2] [WARN] [1781688753.062808760] [fastlio_odometry_guard]: Rejected FAST-LIO odometry: large dt 1.40018 s; reset guard baseline (accepted=5 rejected=1)
[mavros_node-1] [INFO] [1781688753.065207628] [mavros.mavros]: Plugin actuator_control created
[mavros_node-1] [INFO] [1781688753.065269231] [mavros.mavros]: Plugin actuator_control initialized
[mavros_node-1] [INFO] [1781688753.085647402] [mavros.mavros]: Plugin adsb created
[mavros_node-1] [INFO] [1781688753.085684397] [mavros.mavros]: Plugin adsb initialized
[mavros_node-1] [INFO] [1781688753.089535182] [mavros.mavros]: Plugin altitude created
[mavros_node-1] [INFO] [1781688753.089589080] [mavros.mavros]: Plugin altitude initialized
[mavros_node-1] [INFO] [1781688753.095854666] [mavros.mavros]: Plugin cam_imu_sync created
[mavros_node-1] [INFO] [1781688753.095902432] [mavros.mavros]: Plugin cam_imu_sync initialized
[mavros_node-1] [INFO] [1781688753.103221495] [mavros.mavros]: Plugin camera created
[mavros_node-1] [INFO] [1781688753.103333129] [mavros.mavros]: Plugin camera initialized
[mavros_node-1] [INFO] [1781688753.110594305] [mavros.mavros]: Plugin cellular_status created
[mavros_node-1] [INFO] [1781688753.110633668] [mavros.mavros]: Plugin cellular_status initialized
[mavros_node-1] [INFO] [1781688753.117401865] [mavros.mavros]: Plugin command created
[mavros_node-1] [INFO] [1781688753.117445176] [mavros.mavros]: Plugin command initialized
[mavros_node-1] [INFO] [1781688753.122414327] [mavros.mavros]: Plugin companion_process_status created
[mavros_node-1] [INFO] [1781688753.122461457] [mavros.mavros]: Plugin companion_process_status initialized
[mavros_node-1] [INFO] [1781688753.128852669] [mavros.mavros]: Plugin debug_value created
[mavros_node-1] [INFO] [1781688753.128941259] [mavros.mavros]: Plugin debug_value initialized
[mavros_node-1] [INFO] [1781688753.128948663] [mavros.mavros]: Plugin distance_sensor ignored
[mavros_node-1] [INFO] [1781688753.135267467] [mavros.mavros]: Plugin esc_status created
[mavros_node-1] [INFO] [1781688753.135326056] [mavros.mavros]: Plugin esc_status initialized
[mavros_node-1] [INFO] [1781688753.141876132] [mavros.mavros]: Plugin esc_telemetry created
[mavros_node-1] [INFO] [1781688753.141931956] [mavros.mavros]: Plugin esc_telemetry initialized
[mavros_node-1] [INFO] [1781688753.148599606] [mavros.mavros]: Plugin fake_gps created
[mavros_node-1] [INFO] [1781688753.148634398] [mavros.mavros]: Plugin fake_gps initialized
[mavros_node-1] [INFO] [1781688753.157484910] [mavros.mavros]: Plugin ftp created
[mavros_node-1] [INFO] [1781688753.157553191] [mavros.mavros]: Plugin ftp initialized
[mavros_node-1] [INFO] [1781688753.166155593] [mavros.mavros]: Plugin geofence created
[mavros_node-1] [INFO] [1781688753.166252865] [mavros.mavros]: Plugin geofence initialized
[mavros_node-1] [INFO] [1781688753.181544546] [mavros.mavros]: Plugin gimbal_control created
[mavros_node-1] [INFO] [1781688753.181599114] [mavros.mavros]: Plugin gimbal_control initialized
[mavros_node-1] [INFO] [1781688753.193144354] [mavros.mavros]: Plugin global_position created
[mavros_node-1] [INFO] [1781688753.193193119] [mavros.mavros]: Plugin global_position initialized
[mavros_node-1] [INFO] [1781688753.200460141] [mavros.mavros]: Plugin gps_input created
[mavros_node-1] [INFO] [1781688753.200539148] [mavros.mavros]: Plugin gps_input initialized
[mavros_node-1] [INFO] [1781688753.210541240] [mavros.mavros]: Plugin gps_rtk created
[mavros_node-1] [INFO] [1781688753.210600529] [mavros.mavros]: Plugin gps_rtk initialized
[mavros_node-1] [INFO] [1781688753.217104751] [mavros.mavros]: Plugin gps_status created
[mavros_node-1] [INFO] [1781688753.217152410] [mavros.mavros]: Plugin gps_status initialized
[mavros_node-1] [INFO] [1781688753.222753775] [mavros.mavros]: Plugin guided_target created
[mavros_node-1] [INFO] [1781688753.222800964] [mavros.mavros]: Plugin guided_target initialized
[mavros_node-1] [INFO] [1781688753.231644997] [mavros.mavros]: Plugin hil created
[mavros_node-1] [INFO] [1781688753.231728063] [mavros.mavros]: Plugin hil initialized
[mavros_node-1] [INFO] [1781688753.243578798] [mavros.mavros]: Plugin home_position created
[mavros_node-1] [INFO] [1781688753.243627087] [mavros.mavros]: Plugin home_position initialized
[mavros_node-1] [INFO] [1781688753.253244042] [mavros.mavros]: Plugin imu created
[mavros_node-1] [INFO] [1781688753.253305684] [mavros.mavros]: Plugin imu initialized
[mavros_node-1] [INFO] [1781688753.263927801] [mavros.mavros]: Plugin landing_target created
[mavros_node-1] [INFO] [1781688753.264019261] [mavros.mavros]: Plugin landing_target initialized
[mavros_node-1] [INFO] [1781688753.281779505] [mavros.mavros]: Plugin local_position created
[mavros_node-1] [INFO] [1781688753.281829803] [mavros.mavros]: Plugin local_position initialized
[mavros_node-1] [INFO] [1781688753.292511528] [mavros.mavros]: Plugin log_transfer created
[mavros_node-1] [INFO] [1781688753.292567706] [mavros.mavros]: Plugin log_transfer initialized
[mavros_node-1] [INFO] [1781688753.304368821] [mavros.mavros]: Plugin mag_calibration_status created
[mavros_node-1] [INFO] [1781688753.304460416] [mavros.mavros]: Plugin mag_calibration_status initialized
[mavros_node-1] [INFO] [1781688753.314771640] [mavros.mavros]: Plugin manual_control created
[mavros_node-1] [INFO] [1781688753.314819766] [mavros.mavros]: Plugin manual_control initialized
[mavros_node-1] [INFO] [1781688753.322909078] [mavros.mavros]: Plugin mocap_pose_estimate created
[mavros_node-1] [INFO] [1781688753.322958561] [mavros.mavros]: Plugin mocap_pose_estimate initialized
[mavros_node-1] [INFO] [1781688753.335297440] [mavros.mavros]: Plugin mount_control created
[mavros_node-1] [INFO] [1781688753.335387417] [mavros.mavros]: Plugin mount_control initialized
[mavros_node-1] [INFO] [1781688753.347575626] [mavros.mavros]: Plugin nav_controller_output created
[mavros_node-1] [INFO] [1781688753.347650926] [mavros.mavros]: Plugin nav_controller_output initialized
[mavros_node-1] [INFO] [1781688753.356319746] [mavros.mavros]: Plugin obstacle_distance created
[mavros_node-1] [INFO] [1781688753.356375231] [mavros.mavros]: Plugin obstacle_distance initialized
[mavros_node-1] [INFO] [1781688753.367892301] [mavros.mavros]: Plugin obstacle_distance_3d created
[mavros_node-1] [INFO] [1781688753.367991793] [mavros.mavros]: Plugin obstacle_distance_3d initialized
[mavros_node-1] [INFO] [1781688753.382816870] [mavros.mavros]: Plugin odometry created
[mavros_node-1] [INFO] [1781688753.382900169] [mavros.mavros]: Plugin odometry initialized
[mavros_node-1] [INFO] [1781688753.401531546] [mavros.mavros]: Plugin onboard_computer_status created
[mavros_node-1] [INFO] [1781688753.401727570] [mavros.mavros]: Plugin onboard_computer_status initialized
[mavros_node-1] [INFO] [1781688753.418191439] [mavros.mavros]: Plugin open_drone_id created
[mavros_node-1] [INFO] [1781688753.418234739] [mavros.mavros]: Plugin open_drone_id initialized
[mavros_node-1] [INFO] [1781688753.431370064] [mavros.mavros]: Plugin optical_flow created
[mavros_node-1] [INFO] [1781688753.431445178] [mavros.mavros]: Plugin optical_flow initialized
[mavros_node-1] [INFO] [1781688753.450843454] [mavros.mavros]: Plugin param created
[mavros_node-1] [INFO] [1781688753.450936104] [mavros.mavros]: Plugin param initialized
[mavros_node-1] [INFO] [1781688753.474398198] [mavros.mavros]: Plugin play_tune created
[mavros_node-1] [INFO] [1781688753.474540327] [mavros.mavros]: Plugin play_tune initialized
[mavros_node-1] [INFO] [1781688753.492616105] [mavros.mavros]: Plugin px4flow created
[mavros_node-1] [INFO] [1781688753.492676885] [mavros.mavros]: Plugin px4flow initialized
[mavros_node-1] [INFO] [1781688753.514829202] [mavros.mavros]: Plugin rallypoint created
[mavros_node-1] [INFO] [1781688753.514906015] [mavros.mavros]: Plugin rallypoint initialized
[mavros_node-1] [INFO] [1781688753.514960759] [mavros.mavros]: Plugin rangefinder ignored
[mavros_node-1] [INFO] [1781688753.531392651] [mavros.mavros]: Plugin rc_io created
[mavros_node-1] [INFO] [1781688753.531502126] [mavros.mavros]: Plugin rc_io initialized
[mavros_node-1] [INFO] [1781688753.551053823] [mavros.mavros]: Plugin setpoint_accel created
[mavros_node-1] [INFO] [1781688753.551125002] [mavros.mavros]: Plugin setpoint_accel initialized
[mavros_node-1] [INFO] [1781688753.564696737] [mavros.mavros]: Plugin setpoint_attitude created
[mavros_node-1] [INFO] [1781688753.564791611] [mavros.mavros]: Plugin setpoint_attitude initialized
[mavros_node-1] [INFO] [1781688753.584022296] [mavros.mavros]: Plugin setpoint_position created
[mavros_node-1] [INFO] [1781688753.584067140] [mavros.mavros]: Plugin setpoint_position initialized
[mavros_node-1] [INFO] [1781688753.599626522] [mavros.mavros]: Plugin setpoint_raw created
[mavros_node-1] [INFO] [1781688753.599704780] [mavros.mavros]: Plugin setpoint_raw initialized
[mavros_node-1] [INFO] [1781688753.620315342] [mavros.mavros]: Plugin setpoint_trajectory created
[mavros_node-1] [INFO] [1781688753.620372901] [mavros.mavros]: Plugin setpoint_trajectory initialized
[mavros_node-1] [INFO] [1781688753.634168729] [mavros.mavros]: Plugin setpoint_velocity created
[mavros_node-1] [INFO] [1781688753.634298975] [mavros.mavros]: Plugin setpoint_velocity initialized
[mavros_node-1] [INFO] [1781688753.655254658] [mavros.mavros]: Plugin sim_state created
[mavros_node-1] [INFO] [1781688753.655315940] [mavros.mavros]: Plugin sim_state initialized
[mavros_node-1] [INFO] [1781688753.681992966] [mavros.mavros]: Plugin sys_status created
[mavros_node-1] [INFO] [1781688753.682050980] [mavros.mavros]: Plugin sys_status initialized
[mavros_node-1] [INFO] [1781688753.694758721] [mavros.time]: TM: Timesync mode: MAVLINK
[mavros_node-1] [INFO] [1781688753.698916832] [mavros.mavros]: Plugin sys_time created
[mavros_node-1] [INFO] [1781688753.699038816] [mavros.mavros]: Plugin sys_time initialized
[mavros_node-1] [INFO] [1781688753.714021415] [mavros.mavros]: Plugin tdr_radio created
[mavros_node-1] [INFO] [1781688753.714095855] [mavros.mavros]: Plugin tdr_radio initialized
[mavros_node-1] [INFO] [1781688753.727411793] [mavros.mavros]: Plugin terrain created
[mavros_node-1] [INFO] [1781688753.727491694] [mavros.mavros]: Plugin terrain initialized
[mavros_node-1] [INFO] [1781688753.743703118] [mavros.mavros]: Plugin trajectory created
[mavros_node-1] [INFO] [1781688753.743820565] [mavros.mavros]: Plugin trajectory initialized
[mavros_node-1] [INFO] [1781688753.759609826] [mavros.mavros]: Plugin tunnel created
[mavros_node-1] [INFO] [1781688753.759679593] [mavros.mavros]: Plugin tunnel initialized
[mavros_node-1] [INFO] [1781688753.777031859] [mavros.mavros]: Plugin vfr_hud created
[mavros_node-1] [INFO] [1781688753.777108855] [mavros.mavros]: Plugin vfr_hud initialized
[mavros_node-1] [INFO] [1781688753.777115070] [mavros.mavros]: Plugin vibration ignored
[mavros_node-1] [INFO] [1781688753.795441853] [mavros.mavros]: Plugin vision_pose created
[mavros_node-1] [INFO] [1781688753.795506850] [mavros.mavros]: Plugin vision_pose initialized
[mavros_node-1] [INFO] [1781688753.813464515] [mavros.mavros]: Plugin vision_speed created
[mavros_node-1] [INFO] [1781688753.813515200] [mavros.mavros]: Plugin vision_speed initialized
[mavros_node-1] [INFO] [1781688753.837155006] [mavros.mavros]: Plugin waypoint created
[mavros_node-1] [INFO] [1781688753.837245382] [mavros.mavros]: Plugin waypoint initialized
[mavros_node-1] [INFO] [1781688753.837251747] [mavros.mavros]: Plugin wheel_odometry ignored
[mavros_node-1] [INFO] [1781688753.855191703] [mavros.mavros]: Plugin wind_estimation created
[mavros_node-1] [INFO] [1781688753.855418340] [mavros.mavros]: Plugin wind_estimation initialized
[mavros_node-1] [INFO] [1781688753.858536252] [mavros.mavros]: Built-in SIMD instructions: SSE, SSE2
[mavros_node-1] [INFO] [1781688753.858579854] [mavros.mavros]: Built-in MAVLink package version: 2026.3.3
[mavros_node-1] [INFO] [1781688753.858584110] [mavros.mavros]: Known MAVLink dialects: common ardupilotmega ASLUAV AVSSUAS all csAirLink cubepilot development icarous loweheiser marsh matrixpilot paparazzi standard stemstudios storm32 uAvionix ualberta
[mavros_node-1] [INFO] [1781688753.858587846] [mavros.mavros]: MAVROS UAS via /uas1 started. MY ID 255.190, TARGET ID 1.1
[mavros_node-1] [INFO] [1781688753.861131785] [mavros.mavros_router]: link[1001] detected remote address 255.190
[mavros_node-1] [INFO] [1781688753.866652009] [mavros.imu]: IMU: High resolution IMU detected!
[mavros_node-1] [INFO] [1781688753.872321354] [mavros.imu]: IMU: Attitude quaternion IMU detected!
[mavros_node-1] [WARN] [1781688754.270174749] [mavros.sys]: FCU: UNK(8): EVENT 11047904 with args -0-0-0-18-1-128-0-0-0-128-58-1-128-128-58-1-128-0-0-0-0-0-0-0-0-0-0-0-0-0-0-0-0-0-0-0-0-0-0-0-
[mavros_node-1] [ERROR] [1781688754.270388555] [mavros.sys]: FCU: EVENT 16642797 with args -124-0-126-0-17-0-0-0-0-0-0-0-0-0-0-0-0-0-0-0-0-0-0-0-0-0-0-0-0-0-0-0-0-0-0-0-0-0-0-0-
[mavros_node-1] [ERROR] [1781688754.270529160] [mavros.sys]: FCU: EVENT 11464574 with args -0-64-0-0-20-0-0-0-0-0-0-0-0-0-0-0-0-0-0-0-0-0-0-0-0-0-0-0-0-0-0-0-0-0-0-0-0-0-0-0-
[mavros_node-1] [ERROR] [1781688754.270862958] [mavros.sys]: FCU: EVENT 13835193 with args -124-0-126-0-17-0-0-0-0-0-0-0-0-0-0-0-0-0-0-0-0-0-0-0-0-0-0-0-0-0-0-0-0-0-0-0-0-0-0-0-
[mavros_node-1] [ERROR] [1781688754.271136120] [mavros.sys]: FCU: EVENT 10011251 with args -56-0-0-0-24-0-0-0-0-0-0-0-0-0-0-0-0-0-0-0-0-0-0-0-0-0-0-0-0-0-0-0-0-0-0-0-0-0-0-0-
[mavros_node-1] [INFO] [1781688754.271791047] [mavros.sys]: FCU: EVENT 377561 with args -8-0-0-0-20-0-0-0-0-0-0-0-0-0-0-0-0-0-0-0-0-0-0-0-0-0-0-0-0-0-0-0-0-0-0-0-0-0-0-0-
[mavros_node-1] [INFO] [1781688754.272474586] [mavros.sys]: FCU: EVENT 79408 with args -32-0-0-0-20-0-0-0-0-0-0-0-0-0-0-0-0-0-0-0-0-0-0-0-0-0-0-0-0-0-0-0-0-0-0-0-0-0-0-0-
[mavros_node-1] [WARN] [1781688754.272810412] [mavros.sys]: FCU: EVENT 453929 with args -255-255-255-255-7-0-0-0-0-0-0-0-0-0-0-0-0-0-0-0-0-0-0-0-0-0-0-0-0-0-0-0-0-0-0-0-0-0-0-0-
[mavros_node-1] [INFO] [1781688754.273112798] [mavros.sys]: FCU: EVENT 6801787 with args -255-255-255-255-12-0-0-0-0-0-0-0-0-0-0-0-0-0-0-0-0-0-0-0-0-0-0-0-0-0-0-0-0-0-0-0-0-0-0-0-
[mavros_node-1] [WARN] [1781688754.275023287] [mavros.sys]: FCU: UNK(8): EVENT 1914663 with args -0-2-0-2-48-0-0-0-0-0-0-0-0-0-0-0-0-0-0-0-0-0-0-0-0-0-0-0-0-0-0-0-0-0-0-0-0-0-0-0-
[mavros_node-1] [INFO] [1781688754.611091248] [mavros.mavros]: CON: Got HEARTBEAT, connected. FCU: PX4 Autopilot
[mavros_node-1] [INFO] [1781688754.611214269] [mavros.mission]: WP: detected enable_partial_push: 0
[mavros_node-1] [INFO] [1781688754.626788516] [mavros.imu]: IMU: Attitude quaternion IMU detected!
[mavros_node-1] [INFO] [1781688754.629611502] [mavros.imu]: IMU: High resolution IMU detected!
[mavros_node-1] [WARN] [1781688755.626187431] [mavros.cmd]: CMD: Unexpected command 520, result 3
[mavros_node-1] [WARN] [1781688756.339526119] [mavros.sys]: FCU: UNK(8): EVENT 11047904 with args -0-0-0-16-1-128-0-0-0-128-58-127-128-128-58-127-128-0-0-0-0-0-0-0-0-0-0-0-0-0-0-0-0-0-0-0-0-0-0-0-
[mavros_node-1] [ERROR] [1781688756.339800747] [mavros.sys]: FCU: EVENT 11464574 with args -0-64-0-0-20-0-0-0-0-0-0-0-0-0-0-0-0-0-0-0-0-0-0-0-0-0-0-0-0-0-0-0-0-0-0-0-0-0-0-0-
[mavros_node-1] [ERROR] [1781688756.340189238] [mavros.sys]: FCU: EVENT 10011251 with args -56-0-0-0-24-0-0-0-0-0-0-0-0-0-0-0-0-0-0-0-0-0-0-0-0-0-0-0-0-0-0-0-0-0-0-0-0-0-0-0-
[mavros_node-1] [INFO] [1781688756.340533952] [mavros.sys]: FCU: EVENT 377561 with args -8-0-0-0-20-0-0-0-0-0-0-0-0-0-0-0-0-0-0-0-0-0-0-0-0-0-0-0-0-0-0-0-0-0-0-0-0-0-0-0-
[mavros_node-1] [INFO] [1781688756.340872261] [mavros.sys]: FCU: EVENT 79408 with args -32-0-0-0-20-0-0-0-0-0-0-0-0-0-0-0-0-0-0-0-0-0-0-0-0-0-0-0-0-0-0-0-0-0-0-0-0-0-0-0-
[mavros_node-1] [WARN] [1781688756.341027615] [mavros.sys]: FCU: EVENT 453929 with args -255-255-255-255-7-0-0-0-0-0-0-0-0-0-0-0-0-0-0-0-0-0-0-0-0-0-0-0-0-0-0-0-0-0-0-0-0-0-0-0-
[mavros_node-1] [INFO] [1781688756.341288009] [mavros.sys]: FCU: EVENT 6801787 with args -255-255-255-255-12-0-0-0-0-0-0-0-0-0-0-0-0-0-0-0-0-0-0-0-0-0-0-0-0-0-0-0-0-0-0-0-0-0-0-0-
[mavros_node-1] [WARN] [1781688756.343691250] [mavros.sys]: FCU: UNK(8): EVENT 1914663 with args -0-2-0-2-48-0-0-0-0-0-0-0-0-0-0-0-0-0-0-0-0-0-0-0-0-0-0-0-0-0-0-0-0-0-0-0-0-0-0-0-
[mavros_node-1] [WARN] [1781688756.634216499] [mavros.sys]: VER: broadcast request timeout, retries left 4
[mavros_node-1] [WARN] [1781688757.620617809] [mavros.sys]: VER: broadcast request timeout, retries left 3
[mavros_node-1] [WARN] [1781688758.419355593] [mavros.sys]: FCU: UNK(8): EVENT 11047904 with args -0-0-0-18-1-128-0-0-0-128-58-5-128-128-58-5-128-0-0-0-0-0-0-0-0-0-0-0-0-0-0-0-0-0-0-0-0-0-0-0-
[mavros_node-1] [ERROR] [1781688758.419686919] [mavros.sys]: FCU: EVENT 11464574 with args -0-64-0-0-20-0-0-0-0-0-0-0-0-0-0-0-0-0-0-0-0-0-0-0-0-0-0-0-0-0-0-0-0-0-0-0-0-0-0-0-
[mavros_node-1] [ERROR] [1781688758.420035251] [mavros.sys]: FCU: EVENT 13835193 with args -56-0-122-0-17-0-0-0-0-0-0-0-0-0-0-0-0-0-0-0-0-0-0-0-0-0-0-0-0-0-0-0-0-0-0-0-0-0-0-0-
[mavros_node-1] [ERROR] [1781688758.420361182] [mavros.sys]: FCU: EVENT 10011251 with args -56-0-0-0-24-0-0-0-0-0-0-0-0-0-0-0-0-0-0-0-0-0-0-0-0-0-0-0-0-0-0-0-0-0-0-0-0-0-0-0-
[mavros_node-1] [INFO] [1781688758.420744496] [mavros.sys]: FCU: EVENT 377561 with args -8-0-0-0-20-0-0-0-0-0-0-0-0-0-0-0-0-0-0-0-0-0-0-0-0-0-0-0-0-0-0-0-0-0-0-0-0-0-0-0-
[mavros_node-1] [INFO] [1781688758.420882148] [mavros.sys]: FCU: EVENT 79408 with args -32-0-0-0-20-0-0-0-0-0-0-0-0-0-0-0-0-0-0-0-0-0-0-0-0-0-0-0-0-0-0-0-0-0-0-0-0-0-0-0-
[mavros_node-1] [WARN] [1781688758.421096263] [mavros.sys]: FCU: EVENT 453929 with args -255-255-255-255-7-0-0-0-0-0-0-0-0-0-0-0-0-0-0-0-0-0-0-0-0-0-0-0-0-0-0-0-0-0-0-0-0-0-0-0-
[mavros_node-1] [INFO] [1781688758.421460617] [mavros.sys]: FCU: EVENT 6801787 with args -255-255-255-255-12-0-0-0-0-0-0-0-0-0-0-0-0-0-0-0-0-0-0-0-0-0-0-0-0-0-0-0-0-0-0-0-0-0-0-0-
[mavros_node-1] [WARN] [1781688758.423672796] [mavros.sys]: FCU: UNK(8): EVENT 1914663 with args -0-2-0-2-48-0-0-0-0-0-0-0-0-0-0-0-0-0-0-0-0-0-0-0-0-0-0-0-0-0-0-0-0-0-0-0-0-0-0-0-
[mavros_node-1] [ERROR] [1781688758.626074381] [mavros.sys]: VER: command plugin service call failed!
[mavros_node-1] [WARN] [1781688758.626131276] [mavros.sys]: VER: unicast request timeout, retries left 2
[mavros_node-1] [ERROR] [1781688759.640065841] [mavros.sys]: VER: command plugin service call failed!
[mavros_node-1] [WARN] [1781688759.640134092] [mavros.sys]: VER: unicast request timeout, retries left 1
[mavros_node-1] [WARN] [1781688760.473803899] [mavros.sys]: FCU: UNK(8): EVENT 11047904 with args -0-0-0-16-1-128-0-0-0-128-58-127-128-128-58-127-128-0-0-0-0-0-0-0-0-0-0-0-0-0-0-0-0-0-0-0-0-0-0-0-
[mavros_node-1] [ERROR] [1781688760.475862918] [mavros.sys]: FCU: EVENT 11464574 with args -0-64-0-0-20-0-0-0-0-0-0-0-0-0-0-0-0-0-0-0-0-0-0-0-0-0-0-0-0-0-0-0-0-0-0-0-0-0-0-0-
[mavros_node-1] [ERROR] [1781688760.476145788] [mavros.sys]: FCU: EVENT 10011251 with args -56-0-0-0-24-0-0-0-0-0-0-0-0-0-0-0-0-0-0-0-0-0-0-0-0-0-0-0-0-0-0-0-0-0-0-0-0-0-0-0-
[mavros_node-1] [INFO] [1781688760.476251047] [mavros.sys]: FCU: EVENT 377561 with args -8-0-0-0-20-0-0-0-0-0-0-0-0-0-0-0-0-0-0-0-0-0-0-0-0-0-0-0-0-0-0-0-0-0-0-0-0-0-0-0-
[mavros_node-1] [INFO] [1781688760.476349565] [mavros.sys]: FCU: EVENT 79408 with args -32-0-0-0-20-0-0-0-0-0-0-0-0-0-0-0-0-0-0-0-0-0-0-0-0-0-0-0-0-0-0-0-0-0-0-0-0-0-0-0-
[mavros_node-1] [WARN] [1781688760.476425919] [mavros.sys]: FCU: EVENT 453929 with args -255-255-255-255-7-0-0-0-0-0-0-0-0-0-0-0-0-0-0-0-0-0-0-0-0-0-0-0-0-0-0-0-0-0-0-0-0-0-0-0-
[mavros_node-1] [INFO] [1781688760.476499696] [mavros.sys]: FCU: EVENT 6801787 with args -255-255-255-255-12-0-0-0-0-0-0-0-0-0-0-0-0-0-0-0-0-0-0-0-0-0-0-0-0-0-0-0-0-0-0-0-0-0-0-0-
[mavros_node-1] [WARN] [1781688760.476544801] [mavros.sys]: FCU: UNK(8): EVENT 1914663 with args -0-2-0-2-48-0-0-0-0-0-0-0-0-0-0-0-0-0-0-0-0-0-0-0-0-0-0-0-0-0-0-0-0-0-0-0-0-0-0-0-
[mavros_node-1] [ERROR] [1781688760.631900925] [mavros.sys]: VER: command plugin service call failed!
[mavros_node-1] [WARN] [1781688760.632004031] [mavros.sys]: VER: unicast request timeout, retries left 0
[mavros_node-1] [ERROR] [1781688761.624221896] [mavros.sys]: VER: command plugin service call failed!
[mavros_node-1] [WARN] [1781688761.624282240] [mavros.sys]: VER: your FCU don't support AUTOPILOT_VERSION, switched to default capabilities
[mavros_node-1] [WARN] [1781688762.567638879] [mavros.sys]: FCU: UNK(8): EVENT 11047904 with args -0-0-0-18-1-128-0-0-0-128-58-1-128-128-58-1-128-0-0-0-0-0-0-0-0-0-0-0-0-0-0-0-0-0-0-0-0-0-0-0-
[mavros_node-1] [ERROR] [1781688762.567881730] [mavros.sys]: FCU: EVENT 11464574 with args -0-64-0-0-20-0-0-0-0-0-0-0-0-0-0-0-0-0-0-0-0-0-0-0-0-0-0-0-0-0-0-0-0-0-0-0-0-0-0-0-
[mavros_node-1] [ERROR] [1781688762.568094955] [mavros.sys]: FCU: EVENT 13835193 with args -124-0-126-0-17-0-0-0-0-0-0-0-0-0-0-0-0-0-0-0-0-0-0-0-0-0-0-0-0-0-0-0-0-0-0-0-0-0-0-0-
[mavros_node-1] [ERROR] [1781688762.568235764] [mavros.sys]: FCU: EVENT 10011251 with args -56-0-0-0-24-0-0-0-0-0-0-0-0-0-0-0-0-0-0-0-0-0-0-0-0-0-0-0-0-0-0-0-0-0-0-0-0-0-0-0-
[mavros_node-1] [INFO] [1781688762.568616284] [mavros.sys]: FCU: EVENT 377561 with args -8-0-0-0-20-0-0-0-0-0-0-0-0-0-0-0-0-0-0-0-0-0-0-0-0-0-0-0-0-0-0-0-0-0-0-0-0-0-0-0-
[mavros_node-1] [INFO] [1781688762.568910777] [mavros.sys]: FCU: EVENT 79408 with args -32-0-0-0-20-0-0-0-0-0-0-0-0-0-0-0-0-0-0-0-0-0-0-0-0-0-0-0-0-0-0-0-0-0-0-0-0-0-0-0-
[mavros_node-1] [WARN] [1781688762.569281378] [mavros.sys]: FCU: EVENT 453929 with args -255-255-255-255-7-0-0-0-0-0-0-0-0-0-0-0-0-0-0-0-0-0-0-0-0-0-0-0-0-0-0-0-0-0-0-0-0-0-0-0-
[mavros_node-1] [INFO] [1781688762.569661872] [mavros.sys]: FCU: EVENT 6801787 with args -255-255-255-255-12-0-0-0-0-0-0-0-0-0-0-0-0-0-0-0-0-0-0-0-0-0-0-0-0-0-0-0-0-0-0-0-0-0-0-0-
[mavros_node-1] [WARN] [1781688762.571866595] [mavros.sys]: FCU: UNK(8): EVENT 1914663 with args -0-2-0-2-48-0-0-0-0-0-0-0-0-0-0-0-0-0-0-0-0-0-0-0-0-0-0-0-0-0-0-0-0-0-0-0-0-0-0-0-
