Flight run directory: /home/robot/ws_offboard_control/flight_records/20260611/flight_20260611_220404
Parameter snapshot: /home/robot/ws_offboard_control/flight_records/20260611/flight_20260611_220404/snapshot
Recording rosbag to: /home/robot/ws_offboard_control/flight_records/20260611/flight_20260611_220404/rosbag
Press Ctrl+C in this terminal to stop recording.
stdin is not a terminal device. Keyboard handling disabled.[INFO] [1781186663.317482978] [rosbag2_recorder]: Press SPACE for pausing/resuming
[INFO] [1781186663.319070360] [rosbag2_storage]: Opened database '/home/robot/ws_offboard_control/flight_records/20260611/flight_20260611_220404/rosbag/rosbag_0.db3' for READ_WRITE.
[INFO] [1781186663.320922347] [rosbag2_recorder]: Listening for topics...
[INFO] [1781186663.320927735] [rosbag2_recorder]: Event publisher thread: Starting
[INFO] [1781186663.322217804] [rosbag2_recorder]: Subscribed to topic '/mavros/vision_pose/pose_cov'
[INFO] [1781186663.323502566] [rosbag2_recorder]: Subscribed to topic '/mavros/setpoint_raw/local'
[INFO] [1781186663.324725980] [rosbag2_recorder]: Subscribed to topic '/cloud_registered'
[INFO] [1781186663.326077903] [rosbag2_recorder]: Subscribed to topic '/Odometry/guarded'
[INFO] [1781186663.326178782] [rosbag2_recorder]: Recording...
[INFO] [1781186663.327579752] [rosbag2_recorder]: Subscribed to topic '/Odometry'
[INFO] [1781186663.328641061] [rosbag2_recorder]: Subscribed to topic '/path'
[INFO] [1781186664.339042659] [rosbag2_recorder]: Subscribed to topic '/mavros/local_position/pose'
[INFO] [1781186664.339681873] [rosbag2_recorder]: Subscribed to topic '/mavros/local_position/odom'
[INFO] [1781186664.442870246] [rosbag2_recorder]: Subscribed to topic '/mavros/state'
Flight run directory: /home/robot/ws_offboard_control/flight_records/20260611/flight_20260611_220404_r1
Parameter snapshot: /home/robot/ws_offboard_control/flight_records/20260611/flight_20260611_220404_r1/snapshot
Recording rosbag to: /home/robot/ws_offboard_control/flight_records/20260611/flight_20260611_220404_r1/rosbag
Press Ctrl+C in this terminal to stop recording.
stdin is not a terminal device. Keyboard handling disabled.[INFO] [1781187343.388673473] [rosbag2_recorder]: Press SPACE for pausing/resuming
[INFO] [1781187343.390530265] [rosbag2_storage]: Opened database '/home/robot/ws_offboard_control/flight_records/20260611/flight_20260611_220404_r1/rosbag/rosbag_0.db3' for READ_WRITE.
[INFO] [1781187343.391857404] [rosbag2_recorder]: Listening for topics...
[INFO] [1781187343.391874515] [rosbag2_recorder]: Event publisher thread: Starting
[INFO] [1781187343.395056612] [rosbag2_recorder]: Subscribed to topic '/path'
[INFO] [1781187343.396703168] [rosbag2_recorder]: Subscribed to topic '/mavros/vision_pose/pose_cov'
[INFO] [1781187343.399858531] [rosbag2_recorder]: Subscribed to topic '/mavros/setpoint_raw/local'
[INFO] [1781187343.402523721] [rosbag2_recorder]: Subscribed to topic '/cloud_registered'
[INFO] [1781187343.403487900] [rosbag2_recorder]: Subscribed to topic '/Odometry/guarded'
[INFO] [1781187343.404304228] [rosbag2_recorder]: Subscribed to topic '/Odometry'
[INFO] [1781187343.404400134] [rosbag2_recorder]: Recording...
[INFO] [1781187345.428231088] [rosbag2_recorder]: Subscribed to topic '/mavros/local_position/pose'
[INFO] [1781187345.428949011] [rosbag2_recorder]: Subscribed to topic '/mavros/local_position/odom'
[INFO] [1781187345.429550695] [rosbag2_recorder]: Subscribed to topic '/mavros/state'
