Flight run directory: /home/robot/ws_offboard_control/flight_records/20260624/flight_20260624_163515
Parameter snapshot: /home/robot/ws_offboard_control/flight_records/20260624/flight_20260624_163515/snapshot
Recording rosbag to: /home/robot/ws_offboard_control/flight_records/20260624/flight_20260624_163515/rosbag
Press Ctrl+C in this terminal to stop recording.
stdin is not a terminal device. Keyboard handling disabled.[INFO] [1782290134.190788595] [rosbag2_recorder]: Press SPACE for pausing/resuming
[INFO] [1782290134.196119864] [rosbag2_storage]: Opened database '/home/robot/ws_offboard_control/flight_records/20260624/flight_20260624_163515/rosbag/rosbag_0.db3' for READ_WRITE.
[INFO] [1782290134.202332164] [rosbag2_recorder]: Listening for topics...
[INFO] [1782290134.202348755] [rosbag2_recorder]: Event publisher thread: Starting
[INFO] [1782290134.208355703] [rosbag2_recorder]: Subscribed to topic '/minipc_mavros_offboard/mpc_setpoint_debug'
[INFO] [1782290134.212394131] [rosbag2_recorder]: Subscribed to topic '/path'
[INFO] [1782290134.220427172] [rosbag2_recorder]: Subscribed to topic '/mavros/vision_pose/pose_cov'
[INFO] [1782290134.224814548] [rosbag2_recorder]: Subscribed to topic '/mavros/setpoint_raw/local'
[INFO] [1782290134.230287162] [rosbag2_recorder]: Subscribed to topic '/cloud_registered'
[INFO] [1782290134.235548463] [rosbag2_recorder]: Subscribed to topic '/Odometry/guarded'
[INFO] [1782290134.240830926] [rosbag2_recorder]: Subscribed to topic '/Odometry'
[INFO] [1782290134.241423791] [rosbag2_recorder]: Recording...
[INFO] [1782290134.668652049] [rosbag2_recorder]: Subscribed to topic '/mavros/local_position/pose'
[INFO] [1782290134.670412530] [rosbag2_recorder]: Subscribed to topic '/mavros/local_position/odom'
[INFO] [1782290134.879486803] [rosbag2_recorder]: Subscribed to topic '/mavros/setpoint_raw/target_local'
[INFO] [1782290134.881046240] [rosbag2_recorder]: Subscribed to topic '/mavros/state'
