autostart login wrapper started: 2026-06-11 22:03:54 +0800
DISPLAY=:0
XDG_SESSION_TYPE=x11
Checking offboard autostart prerequisites...
Autostart prerequisites look ready.
flight run dir: /home/robot/ws_offboard_control/flight_records/20260611/flight_20260611_220404
flight log dir: /home/robot/ws_offboard_control/flight_records/20260611/flight_20260611_220404/logs
autostart login wrapper started: 2026-06-11 22:20:36 +0800
DISPLAY=:0
XDG_SESSION_TYPE=x11
Checking offboard autostart prerequisites...
Autostart prerequisites look ready.
flight run dir: /home/robot/ws_offboard_control/flight_records/20260611/flight_20260611_222046
flight log dir: /home/robot/ws_offboard_control/flight_records/20260611/flight_20260611_222046/logs
autostart login wrapper started: 2026-06-12 17:12:17 +0800
DISPLAY=:0
XDG_SESSION_TYPE=x11
Checking offboard autostart prerequisites...
Autostart prerequisites look ready.
flight run dir: /home/robot/ws_offboard_control/flight_records/20260612/flight_20260612_171227
flight log dir: /home/robot/ws_offboard_control/flight_records/20260612/flight_20260612_171227/logs
autostart login wrapper started: 2026-06-12 17:35:46 +0800
DISPLAY=:0
XDG_SESSION_TYPE=x11
Checking offboard autostart prerequisites...
Autostart prerequisites look ready.
flight run dir: /home/robot/ws_offboard_control/flight_records/20260612/flight_20260612_173556
flight log dir: /home/robot/ws_offboard_control/flight_records/20260612/flight_20260612_173556/logs
autostart login wrapper started: 2026-06-12 17:38:43 +0800
DISPLAY=:0
XDG_SESSION_TYPE=x11
Checking offboard autostart prerequisites...
Autostart prerequisites look ready.
flight run dir: /home/robot/ws_offboard_control/flight_records/20260612/flight_20260612_173853
flight log dir: /home/robot/ws_offboard_control/flight_records/20260612/flight_20260612_173853/logs
autostart login wrapper started: 2026-06-12 17:41:22 +0800
DISPLAY=:0
XDG_SESSION_TYPE=x11
Checking offboard autostart prerequisites...
Autostart prerequisites look ready.
flight run dir: /home/robot/ws_offboard_control/flight_records/20260612/flight_20260612_174132
flight log dir: /home/robot/ws_offboard_control/flight_records/20260612/flight_20260612_174132/logs
autostart login wrapper started: 2026-06-12 17:51:11 +0800
DISPLAY=:0
XDG_SESSION_TYPE=x11
Checking offboard autostart prerequisites...
Autostart prerequisites look ready.
flight run dir: /home/robot/ws_offboard_control/flight_records/20260612/flight_20260612_175121
flight log dir: /home/robot/ws_offboard_control/flight_records/20260612/flight_20260612_175121/logs
autostart login wrapper started: 2026-06-12 18:11:12 +0800
DISPLAY=:0
XDG_SESSION_TYPE=x11
Checking offboard autostart prerequisites...
Autostart prerequisites look ready.
flight run dir: /home/robot/ws_offboard_control/flight_records/20260612/flight_20260612_181122
flight log dir: /home/robot/ws_offboard_control/flight_records/20260612/flight_20260612_181122/logs
autostart login wrapper started: 2026-06-12 18:48:47 +0800
DISPLAY=:0
XDG_SESSION_TYPE=x11
Checking offboard autostart prerequisites...
Autostart prerequisites look ready.
flight run dir: /home/robot/ws_offboard_control/flight_records/20260612/flight_20260612_184857
flight log dir: /home/robot/ws_offboard_control/flight_records/20260612/flight_20260612_184857/logs
autostart login wrapper started: 2026-06-17 14:18:36 +0800
DISPLAY=:0
XDG_SESSION_TYPE=x11
Checking offboard autostart prerequisites...
Autostart prerequisites look ready.
flight run dir: /home/robot/ws_offboard_control/flight_records/20260617/flight_20260617_141846
flight log dir: /home/robot/ws_offboard_control/flight_records/20260617/flight_20260617_141846/logs
autostart login wrapper started: 2026-06-17 15:26:37 +0800
DISPLAY=:0
XDG_SESSION_TYPE=x11
Checking offboard autostart prerequisites...
Autostart prerequisites look ready.
flight run dir: /home/robot/ws_offboard_control/flight_records/20260617/flight_20260617_152647
flight log dir: /home/robot/ws_offboard_control/flight_records/20260617/flight_20260617_152647/logs
autostart login wrapper started: 2026-06-17 15:28:45 +0800
DISPLAY=:0
XDG_SESSION_TYPE=x11
Checking offboard autostart prerequisites...
Autostart prerequisites look ready.
flight run dir: /home/robot/ws_offboard_control/flight_records/20260617/flight_20260617_152855
flight log dir: /home/robot/ws_offboard_control/flight_records/20260617/flight_20260617_152855/logs
autostart login wrapper started: 2026-06-17 15:31:57 +0800
DISPLAY=:0
XDG_SESSION_TYPE=x11
Checking offboard autostart prerequisites...
Autostart prerequisites look ready.
flight run dir: /home/robot/ws_offboard_control/flight_records/20260617/flight_20260617_153207
flight log dir: /home/robot/ws_offboard_control/flight_records/20260617/flight_20260617_153207/logs
autostart login wrapper started: 2026-06-17 17:16:49 +0800
DISPLAY=:0
XDG_SESSION_TYPE=x11
Checking offboard autostart prerequisites...
Autostart prerequisites look ready.
flight run dir: /home/robot/ws_offboard_control/flight_records/20260617/flight_20260617_171659
flight log dir: /home/robot/ws_offboard_control/flight_records/20260617/flight_20260617_171659/logs
autostart login wrapper started: 2026-06-17 17:19:57 +0800
DISPLAY=:0
XDG_SESSION_TYPE=x11
autostart login wrapper started: 2026-06-17 17:20:34 +0800
DISPLAY=:0
XDG_SESSION_TYPE=x11
Checking offboard autostart prerequisites...
Autostart prerequisites look ready.
flight run dir: /home/robot/ws_offboard_control/flight_records/20260617/flight_20260617_172044
flight log dir: /home/robot/ws_offboard_control/flight_records/20260617/flight_20260617_172044/logs
autostart login wrapper started: 2026-06-17 17:23:50 +0800
DISPLAY=:0
XDG_SESSION_TYPE=x11
Checking offboard autostart prerequisites...
Autostart prerequisites look ready.
flight run dir: /home/robot/ws_offboard_control/flight_records/20260617/flight_20260617_172400
flight log dir: /home/robot/ws_offboard_control/flight_records/20260617/flight_20260617_172400/logs
autostart login wrapper started: 2026-06-17 17:32:17 +0800
DISPLAY=:0
XDG_SESSION_TYPE=x11
Checking offboard autostart prerequisites...
Autostart prerequisites look ready.
flight run dir: /home/robot/ws_offboard_control/flight_records/20260617/flight_20260617_173227
flight log dir: /home/robot/ws_offboard_control/flight_records/20260617/flight_20260617_173227/logs
autostart login wrapper started: 2026-06-17 17:49:13 +0800
DISPLAY=:0
XDG_SESSION_TYPE=x11
Checking offboard autostart prerequisites...
Autostart prerequisites look ready.
flight run dir: /home/robot/ws_offboard_control/flight_records/20260617/flight_20260617_174923
flight log dir: /home/robot/ws_offboard_control/flight_records/20260617/flight_20260617_174923/logs
autostart login wrapper started: 2026-06-17 17:52:49 +0800
DISPLAY=:0
XDG_SESSION_TYPE=x11
Checking offboard autostart prerequisites...
Autostart prerequisites look ready.
flight run dir: /home/robot/ws_offboard_control/flight_records/20260617/flight_20260617_175259
flight log dir: /home/robot/ws_offboard_control/flight_records/20260617/flight_20260617_175259/logs
autostart login wrapper started: 2026-06-17 18:14:37 +0800
DISPLAY=:0
XDG_SESSION_TYPE=x11
Checking offboard autostart prerequisites...
Autostart prerequisites look ready.
flight run dir: /home/robot/ws_offboard_control/flight_records/20260617/flight_20260617_181447
flight log dir: /home/robot/ws_offboard_control/flight_records/20260617/flight_20260617_181447/logs
autostart login wrapper started: 2026-06-17 19:43:57 +0800
DISPLAY=:0
XDG_SESSION_TYPE=x11
Checking offboard autostart prerequisites...
Autostart prerequisites look ready.
flight run dir: /home/robot/ws_offboard_control/flight_records/20260617/flight_20260617_194407
flight log dir: /home/robot/ws_offboard_control/flight_records/20260617/flight_20260617_194407/logs
autostart login wrapper started: 2026-06-17 19:46:56 +0800
DISPLAY=:0
XDG_SESSION_TYPE=x11
Checking offboard autostart prerequisites...
Autostart prerequisites look ready.
flight run dir: /home/robot/ws_offboard_control/flight_records/20260617/flight_20260617_194706
flight log dir: /home/robot/ws_offboard_control/flight_records/20260617/flight_20260617_194706/logs
autostart login wrapper started: 2026-06-17 19:52:57 +0800
DISPLAY=:0
XDG_SESSION_TYPE=x11
Checking offboard autostart prerequisites...
Autostart prerequisites look ready.
flight run dir: /home/robot/ws_offboard_control/flight_records/20260617/flight_20260617_195307
flight log dir: /home/robot/ws_offboard_control/flight_records/20260617/flight_20260617_195307/logs
autostart login wrapper started: 2026-06-17 20:04:35 +0800
DISPLAY=:0
XDG_SESSION_TYPE=x11
Checking offboard autostart prerequisites...
Autostart prerequisites look ready.
flight run dir: /home/robot/ws_offboard_control/flight_records/20260617/flight_20260617_200445
flight log dir: /home/robot/ws_offboard_control/flight_records/20260617/flight_20260617_200445/logs
autostart login wrapper started: 2026-06-17 20:09:04 +0800
DISPLAY=:0
XDG_SESSION_TYPE=x11
Checking offboard autostart prerequisites...
Autostart prerequisites look ready.
flight run dir: /home/robot/ws_offboard_control/flight_records/20260617/flight_20260617_200914
flight log dir: /home/robot/ws_offboard_control/flight_records/20260617/flight_20260617_200914/logs
autostart login wrapper started: 2026-06-17 20:19:25 +0800
DISPLAY=:0
XDG_SESSION_TYPE=x11
Checking offboard autostart prerequisites...
Autostart prerequisites look ready.
flight run dir: /home/robot/ws_offboard_control/flight_records/20260617/flight_20260617_201935
flight log dir: /home/robot/ws_offboard_control/flight_records/20260617/flight_20260617_201935/logs
