Flight run directory: /home/robot/ws_offboard_control/flight_records/20260624/flight_20260624_185929
Parameter snapshot: /home/robot/ws_offboard_control/flight_records/20260624/flight_20260624_185929/snapshot
Recording rosbag to: /home/robot/ws_offboard_control/flight_records/20260624/flight_20260624_185929/rosbag
Press Ctrl+C in this terminal to stop recording.
stdin is not a terminal device. Keyboard handling disabled.[INFO] [1782298788.363774549] [rosbag2_recorder]: Press SPACE for pausing/resuming
[INFO] [1782298788.369459593] [rosbag2_storage]: Opened database '/home/robot/ws_offboard_control/flight_records/20260624/flight_20260624_185929/rosbag/rosbag_0.db3' for READ_WRITE.
[INFO] [1782298788.374627849] [rosbag2_recorder]: Listening for topics...
[INFO] [1782298788.374689989] [rosbag2_recorder]: Event publisher thread: Starting
[INFO] [1782298788.381740782] [rosbag2_recorder]: Subscribed to topic '/minipc_mavros_offboard/mpc_setpoint_debug'
[INFO] [1782298788.383769244] [rosbag2_recorder]: Subscribed to topic '/mavros/vision_pose/pose_cov'
[INFO] [1782298788.386485561] [rosbag2_recorder]: Subscribed to topic '/mavros/setpoint_raw/local'
[INFO] [1782298788.390690124] [rosbag2_recorder]: Subscribed to topic '/Odometry/guarded'
[INFO] [1782298788.391851150] [rosbag2_recorder]: Recording...
[INFO] [1782298788.919997726] [rosbag2_recorder]: Subscribed to topic '/mavros/local_position/odom'
[INFO] [1782298788.921091655] [rosbag2_recorder]: Subscribed to topic '/mavros/local_position/pose'
[INFO] [1782298789.468094316] [rosbag2_recorder]: Subscribed to topic '/Odometry'
[INFO] [1782298789.469988002] [rosbag2_recorder]: Subscribed to topic '/cloud_registered'
[INFO] [1782298789.471150212] [rosbag2_recorder]: Subscribed to topic '/path'
[INFO] [1782298789.584013827] [rosbag2_recorder]: Subscribed to topic '/mavros/setpoint_raw/target_local'
[INFO] [1782298789.585847153] [rosbag2_recorder]: Subscribed to topic '/mavros/state'
