[INFO] [1782298781.691435720] [minipc_mavros_offboard]: Started minipc_mavros_offboard with arm_only=False, takeoff_height_m=0.8, hover_seconds=10.0, offboard_stabilize_seconds=20.0, use_rc_offboard=True, hold_after_arm_reject=True, ignore_z_in_arm_only=True, debug_hold_after_mode_drop=True, recent_pose_samples=30, require_vision_pose=True, vision_freshness_s=1.0, lift_only_seconds=2.5, z_ramp_seconds=2.0, target_xyz=(0.5, 0.0, -0.5), xy_move_unlock_height_m=0.5, yaw_deg=0.0, auto_land=False, land_on_offboard_loss=True, offboard_land=True, offboard_land_speed_mps=0.1, offboard_land_auto_handoff_height_m=0.1, target_reached_tolerance_m=0.15, landed_hold_seconds=0.0, drift_guard_enabled=True, drift_warning_m=0.2, drift_land_m=0.3, drift_emergency_m=0.5, legacy_max_horizontal_drift_m=0.5, mavros_state_freshness_s=1.5, control_mode=ramp
[INFO] [1782298781.712383615] [minipc_mavros_offboard]: Waiting for MAVROS connection
[INFO] [1782298783.962169601] [minipc_mavros_offboard]: Waiting for MAVROS local odometry before arming
[INFO] [1782298783.962694653] [minipc_mavros_offboard]: Averaged MAVROS local odometry at lock x=-0.05, y=-0.05, z=0.03
[INFO] [1782298783.962879772] [minipc_mavros_offboard]: Target setpoint locked to ENU for MAVROS local setpoint x=-0.05, y=0.45, z_start=0.03, z_final=0.53
[INFO] [1782298784.012297214] [minipc_mavros_offboard]: Streaming pre-arm MAVROS setpoints
[INFO] [1782298789.012436254] [minipc_mavros_offboard]: Streaming setpoints and waiting for RC to switch OFFBOARD
[INFO] [1782298804.912904380] [minipc_mavros_offboard]: OFFBOARD reported by MAVROS state
[INFO] [1782298815.820301800] [minipc_mavros_offboard]: OFFBOARD reported by MAVROS state
[INFO] [1782298824.313229508] [minipc_mavros_offboard]: OFFBOARD reported by MAVROS state
[INFO] [1782298844.372543419] [minipc_mavros_offboard]: Arming vehicle
[INFO] [1782298844.375280932] [minipc_mavros_offboard]: Requested arming
[INFO] [1782298844.415244816] [minipc_mavros_offboard]: MAVROS state before/at arm reject: connected=True, armed=False, guided=True, manual_input=False, mode=AUTO.LAND
[ERROR] [1782298844.415674436] [minipc_mavros_offboard]: Arm request rejected: mavros_msgs.srv.CommandBool_Response(success=False, result=1)
[INFO] [1782298844.462630976] [minipc_mavros_offboard]: Arm rejected; continuing to hold setpoint for debugging
[WARN] [1782298845.965801288] [minipc_mavros_offboard]: Vehicle became armed/OFFBOARD after arm rejection; continuing to HOLD
[INFO] [1782298845.966860844] [minipc_mavros_offboard]: Locked hold yaw to current MAVROS local yaw 0.2 deg
[INFO] [1782298846.014435026] [minipc_mavros_offboard]: Holding MAVROS setpoint
[WARN] [1782298846.014987641] [minipc_mavros_offboard]: Horizontal error warning: error=0.49 m >= warning=0.20 m
[ERROR] [1782298846.015300356] [minipc_mavros_offboard]: Horizontal drift guard triggered: error=0.49 m >= limit=0.30 m. Automatic landing on drift is disabled; continuing to publish setpoints.
[FATAL] [1782298847.976884157] [minipc_mavros_offboard]: Horizontal error emergency threshold exceeded: error=0.51 m >= emergency=0.50 m. Manual takeover recommended immediately.
[INFO] [1782298869.367754883] [minipc_mavros_offboard]: Vehicle left armed/OFFBOARD state; continuing debug hold
[INFO] [1782298869.368768169] [minipc_mavros_offboard]: Debug hold after OFFBOARD/armed drop: connected=True, armed=False, guided=True, manual_input=False, mode=AUTO.LAND
[INFO] [1782298869.412926873] [minipc_mavros_offboard]: Holding MAVROS setpoint
[INFO] [1782298869.413895045] [minipc_mavros_offboard]: Vehicle left armed/OFFBOARD state; continuing debug hold
[INFO] [1782298869.414645470] [minipc_mavros_offboard]: Debug hold after OFFBOARD/armed drop: connected=True, armed=False, guided=True, manual_input=False, mode=AUTO.LAND
[INFO] [1782298869.463174178] [minipc_mavros_offboard]: Holding MAVROS setpoint
[INFO] [1782298869.464856200] [minipc_mavros_offboard]: Vehicle left armed/OFFBOARD state; continuing debug hold
[INFO] [1782298869.467406250] [minipc_mavros_offboard]: Debug hold after OFFBOARD/armed drop: connected=True, armed=False, guided=True, manual_input=False, mode=AUTO.LAND
[INFO] [1782298869.515007711] [minipc_mavros_offboard]: Holding MAVROS setpoint
[INFO] [1782298869.517060944] [minipc_mavros_offboard]: Vehicle left armed/OFFBOARD state; continuing debug hold
[INFO] [1782298869.519334079] [minipc_mavros_offboard]: Debug hold after OFFBOARD/armed drop: connected=True, armed=False, guided=True, manual_input=False, mode=AUTO.LAND
[INFO] [1782298869.562589512] [minipc_mavros_offboard]: Holding MAVROS setpoint
[INFO] [1782298869.565419503] [minipc_mavros_offboard]: Vehicle left armed/OFFBOARD state; continuing debug hold
[INFO] [1782298869.566437707] [minipc_mavros_offboard]: Debug hold after OFFBOARD/armed drop: connected=True, armed=False, guided=True, manual_input=False, mode=AUTO.LAND
[INFO] [1782298869.612458952] [minipc_mavros_offboard]: Holding MAVROS setpoint
[INFO] [1782298869.613478041] [minipc_mavros_offboard]: Vehicle left armed/OFFBOARD state; continuing debug hold
[INFO] [1782298869.613940347] [minipc_mavros_offboard]: Debug hold after OFFBOARD/armed drop: connected=True, armed=False, guided=True, manual_input=False, mode=AUTO.LAND
[INFO] [1782298869.663217030] [minipc_mavros_offboard]: Holding MAVROS setpoint
[INFO] [1782298869.664145369] [minipc_mavros_offboard]: Vehicle left armed/OFFBOARD state; continuing debug hold
[INFO] [1782298869.667277508] [minipc_mavros_offboard]: Debug hold after OFFBOARD/armed drop: connected=True, armed=False, guided=True, manual_input=False, mode=AUTO.LAND
[INFO] [1782298869.713219817] [minipc_mavros_offboard]: Holding MAVROS setpoint
[INFO] [1782298869.717394740] [minipc_mavros_offboard]: Vehicle left armed/OFFBOARD state; continuing debug hold
[INFO] [1782298869.719216382] [minipc_mavros_offboard]: Debug hold after OFFBOARD/armed drop: connected=True, armed=False, guided=True, manual_input=False, mode=AUTO.LAND
[INFO] [1782298869.764884896] [minipc_mavros_offboard]: Holding MAVROS setpoint
[INFO] [1782298869.766370732] [minipc_mavros_offboard]: Vehicle left armed/OFFBOARD state; continuing debug hold
[INFO] [1782298869.766874941] [minipc_mavros_offboard]: Debug hold after OFFBOARD/armed drop: connected=True, armed=False, guided=True, manual_input=False, mode=AUTO.LAND
[INFO] [1782298869.813961432] [minipc_mavros_offboard]: Holding MAVROS setpoint
[INFO] [1782298869.815020035] [minipc_mavros_offboard]: Vehicle left armed/OFFBOARD state; continuing debug hold
[INFO] [1782298869.815504706] [minipc_mavros_offboard]: Debug hold after OFFBOARD/armed drop: connected=True, armed=False, guided=True, manual_input=False, mode=AUTO.LAND
[INFO] [1782298869.864505097] [minipc_mavros_offboard]: Holding MAVROS setpoint
[INFO] [1782298869.866250792] [minipc_mavros_offboard]: Vehicle left armed/OFFBOARD state; continuing debug hold
[INFO] [1782298869.866937942] [minipc_mavros_offboard]: Debug hold after OFFBOARD/armed drop: connected=True, armed=False, guided=True, manual_input=False, mode=AUTO.LAND
[INFO] [1782298869.912949664] [minipc_mavros_offboard]: Holding MAVROS setpoint
[INFO] [1782298869.914277178] [minipc_mavros_offboard]: Vehicle left armed/OFFBOARD state; continuing debug hold
[INFO] [1782298869.916426699] [minipc_mavros_offboard]: Debug hold after OFFBOARD/armed drop: connected=True, armed=False, guided=True, manual_input=False, mode=AUTO.LAND
[INFO] [1782298869.963134703] [minipc_mavros_offboard]: Holding MAVROS setpoint
[INFO] [1782298869.964525637] [minipc_mavros_offboard]: Vehicle left armed/OFFBOARD state; continuing debug hold
[INFO] [1782298869.965454794] [minipc_mavros_offboard]: Debug hold after OFFBOARD/armed drop: connected=True, armed=False, guided=True, manual_input=False, mode=AUTO.LAND
[INFO] [1782298870.014241608] [minipc_mavros_offboard]: Holding MAVROS setpoint
[INFO] [1782298870.015703043] [minipc_mavros_offboard]: Vehicle left armed/OFFBOARD state; continuing debug hold
[INFO] [1782298870.016295094] [minipc_mavros_offboard]: Debug hold after OFFBOARD/armed drop: connected=True, armed=False, guided=True, manual_input=False, mode=AUTO.LAND
[INFO] [1782298870.063465860] [minipc_mavros_offboard]: Holding MAVROS setpoint
[INFO] [1782298870.065865942] [minipc_mavros_offboard]: Vehicle left armed/OFFBOARD state; continuing debug hold
[INFO] [1782298870.066995471] [minipc_mavros_offboard]: Debug hold after OFFBOARD/armed drop: connected=True, armed=False, guided=True, manual_input=False, mode=AUTO.LAND
[INFO] [1782298870.114137185] [minipc_mavros_offboard]: Holding MAVROS setpoint
[INFO] [1782298923.763722548] [minipc_mavros_offboard]: Vehicle left OFFBOARD while armed; requesting AUTO.LAND: connected=True, armed=True, guided=False, manual_input=True, mode=STABILIZED
[INFO] [1782298923.813627837] [minipc_mavros_offboard]: Landing
[INFO] [1782298923.817132174] [minipc_mavros_offboard]: Requested AUTO.LAND mode
[INFO] [1782298923.962706269] [minipc_mavros_offboard]: MAVROS offboard control completed; stopping node
