[INFO] [1781698452.557762249] [minipc_mavros_offboard]: Started minipc_mavros_offboard with arm_only=False, takeoff_height_m=0.8, hover_seconds=10.0, offboard_stabilize_seconds=20.0, use_rc_offboard=True, hold_after_arm_reject=True, ignore_z_in_arm_only=True, debug_hold_after_mode_drop=True, recent_pose_samples=30, require_vision_pose=True, vision_freshness_s=1.0, lift_only_seconds=2.5, z_ramp_seconds=2.0, target_xyz=(0.0, 0.0, -1.0), yaw_deg=0.0, auto_land=False, land_on_offboard_loss=True, offboard_land=True, offboard_land_speed_mps=0.1, offboard_land_auto_handoff_height_m=0.1, target_reached_tolerance_m=0.15, landed_hold_seconds=0.0, drift_guard_enabled=True, drift_warning_m=0.2, drift_land_m=0.3, drift_emergency_m=0.5, legacy_max_horizontal_drift_m=0.5
[INFO] [1781698452.590898665] [minipc_mavros_offboard]: Waiting for MAVROS connection
[INFO] [1781698454.489720831] [minipc_mavros_offboard]: Waiting for MAVROS local odometry before arming
[INFO] [1781698454.490452159] [minipc_mavros_offboard]: Averaged MAVROS local odometry at lock x=-0.01, y=-0.02, z=-0.01
[INFO] [1781698454.490888923] [minipc_mavros_offboard]: Target setpoint locked to ENU for MAVROS local setpoint x=-0.01, y=-0.02, z_start=-0.01, z_final=0.99
[INFO] [1781698454.539295559] [minipc_mavros_offboard]: Streaming pre-arm MAVROS setpoints
[INFO] [1781698459.539943265] [minipc_mavros_offboard]: Streaming setpoints and waiting for RC to switch OFFBOARD
[INFO] [1781698473.440568430] [minipc_mavros_offboard]: OFFBOARD reported by MAVROS state
[INFO] [1781698493.539441828] [minipc_mavros_offboard]: Arming vehicle
[INFO] [1781698493.541979955] [minipc_mavros_offboard]: Requested arming
[INFO] [1781698493.639844017] [minipc_mavros_offboard]: Holding MAVROS setpoint
[INFO] [1781698493.640816272] [minipc_mavros_offboard]: Vehicle left armed/OFFBOARD state; continuing debug hold
[INFO] [1781698493.641343881] [minipc_mavros_offboard]: Debug hold after OFFBOARD/armed drop: connected=True, armed=False, guided=False, manual_input=False, mode=OFFBOARD
[INFO] [1781698493.694154034] [minipc_mavros_offboard]: Holding MAVROS setpoint
[INFO] [1781698493.696116245] [minipc_mavros_offboard]: Vehicle left armed/OFFBOARD state; continuing debug hold
[INFO] [1781698493.696727535] [minipc_mavros_offboard]: Debug hold after OFFBOARD/armed drop: connected=True, armed=False, guided=False, manual_input=False, mode=OFFBOARD
[INFO] [1781698493.738990729] [minipc_mavros_offboard]: Holding MAVROS setpoint
[INFO] [1781698493.739992580] [minipc_mavros_offboard]: Vehicle left armed/OFFBOARD state; continuing debug hold
[INFO] [1781698493.740217599] [minipc_mavros_offboard]: Debug hold after OFFBOARD/armed drop: connected=True, armed=False, guided=False, manual_input=False, mode=OFFBOARD
[INFO] [1781698493.788736884] [minipc_mavros_offboard]: Holding MAVROS setpoint
[INFO] [1781698493.789361080] [minipc_mavros_offboard]: Vehicle left armed/OFFBOARD state; continuing debug hold
[INFO] [1781698493.789578898] [minipc_mavros_offboard]: Debug hold after OFFBOARD/armed drop: connected=True, armed=False, guided=False, manual_input=False, mode=OFFBOARD
[INFO] [1781698493.839264327] [minipc_mavros_offboard]: Holding MAVROS setpoint
[INFO] [1781698493.840119062] [minipc_mavros_offboard]: Vehicle left armed/OFFBOARD state; continuing debug hold
[INFO] [1781698493.840327323] [minipc_mavros_offboard]: Debug hold after OFFBOARD/armed drop: connected=True, armed=False, guided=False, manual_input=False, mode=OFFBOARD
[INFO] [1781698493.888888200] [minipc_mavros_offboard]: Holding MAVROS setpoint
[INFO] [1781698493.889592726] [minipc_mavros_offboard]: Vehicle left armed/OFFBOARD state; continuing debug hold
[INFO] [1781698493.889822351] [minipc_mavros_offboard]: Debug hold after OFFBOARD/armed drop: connected=True, armed=False, guided=False, manual_input=False, mode=OFFBOARD
[INFO] [1781698493.939707239] [minipc_mavros_offboard]: Holding MAVROS setpoint
[INFO] [1781698493.940950917] [minipc_mavros_offboard]: Vehicle left armed/OFFBOARD state; continuing debug hold
[INFO] [1781698493.941410249] [minipc_mavros_offboard]: Debug hold after OFFBOARD/armed drop: connected=True, armed=False, guided=False, manual_input=False, mode=OFFBOARD
[INFO] [1781698493.989842225] [minipc_mavros_offboard]: Holding MAVROS setpoint
[INFO] [1781698493.991057918] [minipc_mavros_offboard]: Vehicle left armed/OFFBOARD state; continuing debug hold
[INFO] [1781698493.991371058] [minipc_mavros_offboard]: Debug hold after OFFBOARD/armed drop: connected=True, armed=False, guided=False, manual_input=False, mode=OFFBOARD
[INFO] [1781698494.039455609] [minipc_mavros_offboard]: Holding MAVROS setpoint
[INFO] [1781698494.040561538] [minipc_mavros_offboard]: Vehicle left armed/OFFBOARD state; continuing debug hold
[INFO] [1781698494.041170598] [minipc_mavros_offboard]: Debug hold after OFFBOARD/armed drop: connected=True, armed=False, guided=False, manual_input=False, mode=OFFBOARD
[INFO] [1781698494.088970466] [minipc_mavros_offboard]: Holding MAVROS setpoint
[INFO] [1781698494.089928928] [minipc_mavros_offboard]: Vehicle left armed/OFFBOARD state; continuing debug hold
[INFO] [1781698494.090139843] [minipc_mavros_offboard]: Debug hold after OFFBOARD/armed drop: connected=True, armed=False, guided=False, manual_input=False, mode=OFFBOARD
[INFO] [1781698494.138795761] [minipc_mavros_offboard]: Holding MAVROS setpoint
[INFO] [1781698494.139345583] [minipc_mavros_offboard]: Vehicle left armed/OFFBOARD state; continuing debug hold
[INFO] [1781698494.139546362] [minipc_mavros_offboard]: Debug hold after OFFBOARD/armed drop: connected=True, armed=False, guided=False, manual_input=False, mode=OFFBOARD
[INFO] [1781698494.188885612] [minipc_mavros_offboard]: Holding MAVROS setpoint
[INFO] [1781698494.189542797] [minipc_mavros_offboard]: Vehicle left armed/OFFBOARD state; continuing debug hold
[INFO] [1781698494.189738797] [minipc_mavros_offboard]: Debug hold after OFFBOARD/armed drop: connected=True, armed=False, guided=False, manual_input=False, mode=OFFBOARD
[INFO] [1781698494.240568824] [minipc_mavros_offboard]: Holding MAVROS setpoint
[INFO] [1781698494.241526282] [minipc_mavros_offboard]: Vehicle left armed/OFFBOARD state; continuing debug hold
[INFO] [1781698494.241753521] [minipc_mavros_offboard]: Debug hold after OFFBOARD/armed drop: connected=True, armed=False, guided=False, manual_input=False, mode=OFFBOARD
[INFO] [1781698494.289342165] [minipc_mavros_offboard]: Holding MAVROS setpoint
[INFO] [1781698494.290357182] [minipc_mavros_offboard]: Vehicle left armed/OFFBOARD state; continuing debug hold
[INFO] [1781698494.290839200] [minipc_mavros_offboard]: Debug hold after OFFBOARD/armed drop: connected=True, armed=False, guided=False, manual_input=False, mode=OFFBOARD
[INFO] [1781698494.338962444] [minipc_mavros_offboard]: Holding MAVROS setpoint
[INFO] [1781698494.340126960] [minipc_mavros_offboard]: Vehicle left armed/OFFBOARD state; continuing debug hold
[INFO] [1781698494.340513809] [minipc_mavros_offboard]: Debug hold after OFFBOARD/armed drop: connected=True, armed=False, guided=False, manual_input=False, mode=OFFBOARD
[INFO] [1781698494.389156542] [minipc_mavros_offboard]: Holding MAVROS setpoint
[INFO] [1781698494.390316630] [minipc_mavros_offboard]: Vehicle left armed/OFFBOARD state; continuing debug hold
[INFO] [1781698494.390546867] [minipc_mavros_offboard]: Debug hold after OFFBOARD/armed drop: connected=True, armed=False, guided=False, manual_input=False, mode=OFFBOARD
[INFO] [1781698494.439599590] [minipc_mavros_offboard]: Holding MAVROS setpoint
[WARN] [1781698497.638676507] [minipc_mavros_offboard]: Horizontal error warning: error=0.20 m >= warning=0.20 m
[INFO] [1781698502.889571781] [minipc_mavros_offboard]: Target reached; starting hover timer before landing
[INFO] [1781698512.989363332] [minipc_mavros_offboard]: Landing with OFFBOARD position setpoints
[INFO] [1781698512.990138782] [minipc_mavros_offboard]: Starting OFFBOARD controlled landing: z_start=0.94, z_end=-0.01, speed=0.10 m/s
[INFO] [1781698523.593755081] [minipc_mavros_offboard]: OFFBOARD landing reached AUTO.LAND handoff height; requesting AUTO.LAND
[INFO] [1781698523.639379040] [minipc_mavros_offboard]: Landing
[INFO] [1781698523.640288010] [minipc_mavros_offboard]: Requested AUTO.LAND mode
[INFO] [1781698523.739196168] [minipc_mavros_offboard]: MAVROS offboard control completed; stopping node
