Flight run directory: /home/robot/ws_offboard_control/flight_records/20260624/flight_20260624_170337
Parameter snapshot: /home/robot/ws_offboard_control/flight_records/20260624/flight_20260624_170337/snapshot
Recording rosbag to: /home/robot/ws_offboard_control/flight_records/20260624/flight_20260624_170337/rosbag
Press Ctrl+C in this terminal to stop recording.
stdin is not a terminal device. Keyboard handling disabled.[INFO] [1782291835.935160204] [rosbag2_recorder]: Press SPACE for pausing/resuming
[INFO] [1782291835.937870406] [rosbag2_storage]: Opened database '/home/robot/ws_offboard_control/flight_records/20260624/flight_20260624_170337/rosbag/rosbag_0.db3' for READ_WRITE.
[INFO] [1782291835.939972587] [rosbag2_recorder]: Listening for topics...
[INFO] [1782291835.940002112] [rosbag2_recorder]: Event publisher thread: Starting
[INFO] [1782291835.940274843] [rosbag2_recorder]: Recording...
[INFO] [1782291836.755519278] [rosbag2_recorder]: Subscribed to topic '/mavros/vision_pose/pose_cov'
[INFO] [1782291836.964768378] [rosbag2_recorder]: Subscribed to topic '/Odometry/guarded'
[INFO] [1782291837.069480131] [rosbag2_recorder]: Subscribed to topic '/mavros/local_position/odom'
[INFO] [1782291837.072872884] [rosbag2_recorder]: Subscribed to topic '/mavros/setpoint_raw/target_local'
[INFO] [1782291837.075033898] [rosbag2_recorder]: Subscribed to topic '/mavros/local_position/pose'
[INFO] [1782291837.185771384] [rosbag2_recorder]: Subscribed to topic '/mavros/state'
[INFO] [1782291837.635241491] [rosbag2_recorder]: Subscribed to topic '/Odometry'
[INFO] [1782291837.637405195] [rosbag2_recorder]: Subscribed to topic '/cloud_registered'
[INFO] [1782291837.638853553] [rosbag2_recorder]: Subscribed to topic '/path'
[INFO] [1782291838.983669945] [rosbag2_recorder]: Subscribed to topic '/mavros/setpoint_raw/local'
[INFO] [1782291838.985866995] [rosbag2_recorder]: Subscribed to topic '/minipc_mavros_offboard/mpc_setpoint_debug'
