[INFO] [launch]: All log files can be found below /home/robot/.ros/log/2026-06-24-19-20-07-852498-robot-7162
[INFO] [launch]: Default logging verbosity is set to INFO
[INFO] [livox_ros_driver2_node-1]: process started with pid [7181]
[livox_ros_driver2_node-1] [INFO] [1782300007.965245889] [livox_lidar_publisher]: Livox Ros Driver2 Version: 1.2.6
[livox_ros_driver2_node-1] [INFO] [1782300007.965506318] [livox_lidar_publisher]: Data Source is raw lidar.
[livox_ros_driver2_node-1] [INFO] [1782300007.965513644] [livox_lidar_publisher]: Config file : /home/robot/livox_mid360_env/ws_livox/install/livox_ros_driver2/share/livox_ros_driver2/launch_ROS2/../config/MID360_config.json
[livox_ros_driver2_node-1] LdsLidar *GetInstance
[livox_ros_driver2_node-1] config lidar type: 8
[livox_ros_driver2_node-1] successfully parse base config, counts: 1
[livox_ros_driver2_node-1] [INFO] [1782300007.968344170] [livox_lidar_publisher]: Init lds lidar success!
[livox_ros_driver2_node-1] GetFreeIndex key:livox_lidar_2147592384.
[livox_ros_driver2_node-1] Init queue, real query size:16.
[livox_ros_driver2_node-1] Lidar[0] storage queue size: 10
[livox_ros_driver2_node-1] set pcl data type, handle: 2147592384, data type: 1
[livox_ros_driver2_node-1] set scan pattern, handle: 2147592384, scan pattern: 0
[livox_ros_driver2_node-1] begin to change work mode to 'Normal', handle: 2147592384
[livox_ros_driver2_node-1] successfully set data type, handle: 2147592384, set_bit: 2
[livox_ros_driver2_node-1] successfully set pattern mode, handle: 2147592384, set_bit: 0
[livox_ros_driver2_node-1] successfully set lidar attitude, ip: 192.168.1.128
[livox_ros_driver2_node-1] successfully change work mode, handle: 2147592384
[livox_ros_driver2_node-1] successfully enable Livox Lidar imu, ip: 192.168.1.128
[livox_ros_driver2_node-1] [INFO] [1782300010.968709943] [livox_lidar_publisher]: livox/imu publish use imu format
[livox_ros_driver2_node-1] [INFO] [1782300010.971735440] [livox_lidar_publisher]: livox/lidar publish use livox custom format
