Flight run directory: /home/robot/ws_offboard_control/flight_records/20260624/flight_20260624_165008
Parameter snapshot: /home/robot/ws_offboard_control/flight_records/20260624/flight_20260624_165008/snapshot
Recording rosbag to: /home/robot/ws_offboard_control/flight_records/20260624/flight_20260624_165008/rosbag
Press Ctrl+C in this terminal to stop recording.
stdin is not a terminal device. Keyboard handling disabled.[INFO] [1782291025.259312984] [rosbag2_recorder]: Press SPACE for pausing/resuming
[INFO] [1782291025.261843215] [rosbag2_storage]: Opened database '/home/robot/ws_offboard_control/flight_records/20260624/flight_20260624_165008/rosbag/rosbag_0.db3' for READ_WRITE.
[INFO] [1782291025.263790459] [rosbag2_recorder]: Listening for topics...
[INFO] [1782291025.263799938] [rosbag2_recorder]: Event publisher thread: Starting
[INFO] [1782291025.265748740] [rosbag2_recorder]: Subscribed to topic '/minipc_mavros_offboard/mpc_setpoint_debug'
[INFO] [1782291025.266505056] [rosbag2_recorder]: Subscribed to topic '/path'
[INFO] [1782291025.267014885] [rosbag2_recorder]: Subscribed to topic '/mavros/vision_pose/pose_cov'
[INFO] [1782291025.267382586] [rosbag2_recorder]: Subscribed to topic '/mavros/setpoint_raw/local'
[INFO] [1782291025.268187661] [rosbag2_recorder]: Subscribed to topic '/cloud_registered'
[INFO] [1782291025.268738683] [rosbag2_recorder]: Subscribed to topic '/Odometry/guarded'
[INFO] [1782291025.269153143] [rosbag2_recorder]: Subscribed to topic '/Odometry'
[INFO] [1782291025.269220484] [rosbag2_recorder]: Recording...
[INFO] [1782291025.371327936] [rosbag2_recorder]: Subscribed to topic '/mavros/local_position/pose'
[INFO] [1782291025.371949164] [rosbag2_recorder]: Subscribed to topic '/mavros/local_position/odom'
[INFO] [1782291025.576859151] [rosbag2_recorder]: Subscribed to topic '/mavros/setpoint_raw/target_local'
[INFO] [1782291025.577741250] [rosbag2_recorder]: Subscribed to topic '/mavros/state'
