[INFO] [launch]: All log files can be found below /home/robot/.ros/log/2026-06-17-17-20-51-358046-robot-5017
[INFO] [launch]: Default logging verbosity is set to INFO
[INFO] [mavros_node-1]: process started with pid [5042]
[INFO] [fastlio_odometry_guard-2]: process started with pid [5044]
[INFO] [fastlio_mavros_vision_bridge-3]: process started with pid [5047]
[INFO] [static_transform_publisher-4]: process started with pid [5053]
[INFO] [static_transform_publisher-5]: process started with pid [5055]
[INFO] [static_transform_publisher-6]: process started with pid [5057]
[INFO] [static_transform_publisher-7]: process started with pid [5059]
[mavros_node-1] [INFO] [1781688051.529436706] [mavros.mavros_node]: Starting mavros_node container
[mavros_node-1] [INFO] [1781688051.529529160] [mavros.mavros_node]: FCU URL: serial:///dev/ttyUSB0:921600?ids=255,190
[mavros_node-1] [INFO] [1781688051.529534780] [mavros.mavros_node]: GCS URL: 
[mavros_node-1] [INFO] [1781688051.529537299] [mavros.mavros_node]: UAS Prefix: /uas1
[mavros_node-1] [INFO] [1781688051.529540288] [mavros.mavros_node]: Starting mavros router node
[mavros_node-1] [INFO] [1781688051.546195363] [mavros.mavros_router]: Built-in SIMD instructions: SSE, SSE2
[mavros_node-1] [INFO] [1781688051.546319210] [mavros.mavros_router]: Built-in MAVLink package version: 2026.3.3
[mavros_node-1] [INFO] [1781688051.546340634] [mavros.mavros_router]: Known MAVLink dialects: common ardupilotmega ASLUAV AVSSUAS all csAirLink cubepilot development icarous loweheiser marsh matrixpilot paparazzi standard stemstudios storm32 uAvionix ualberta
[mavros_node-1] [INFO] [1781688051.546347155] [mavros.mavros_router]: MAVROS Router started
[mavros_node-1] [INFO] [1781688051.546541724] [mavros.mavros_node]: Starting mavros uas node
[fastlio_odometry_guard-2] [INFO] [1781688051.508716337] [fastlio_odometry_guard]: Guarding odometry /Odometry -> /Odometry/guarded (jump=0.30m, xy=0.20m, z=0.10m, speed=1.20m/s)
[fastlio_mavros_vision_bridge-3] [INFO] [1781688051.523669982] [fastlio_mavros_vision_bridge]: Bridging /Odometry/guarded -> /mavros/vision_pose/pose_cov for MAVROS vision input
[static_transform_publisher-4] [INFO] [1781688051.538301034] [odom_to_camera_init]: Spinning until stopped - publishing transform
[static_transform_publisher-4] translation: ('0.000000', '0.000000', '0.000000')
[static_transform_publisher-4] rotation: ('0.000000', '0.000000', '0.000000', '1.000000')
[static_transform_publisher-4] from 'odom' to 'camera_init'
[static_transform_publisher-5] [INFO] [1781688051.519943058] [base_link_to_body]: Spinning until stopped - publishing transform
[static_transform_publisher-5] translation: ('0.000000', '0.000000', '0.000000')
[static_transform_publisher-5] rotation: ('0.000000', '0.000000', '0.000000', '1.000000')
[static_transform_publisher-5] from 'base_link' to 'body'
[static_transform_publisher-6] [INFO] [1781688051.529270175] [camera_init_to_camera_init_ned]: Spinning until stopped - publishing transform
[static_transform_publisher-6] translation: ('0.000000', '0.000000', '0.000000')
[static_transform_publisher-6] rotation: ('1.000000', '0.000000', '0.000000', '0.000000')
[static_transform_publisher-6] from 'camera_init' to 'camera_init_ned'
[static_transform_publisher-7] [INFO] [1781688051.530694305] [body_to_body_frd]: Spinning until stopped - publishing transform
[static_transform_publisher-7] translation: ('0.000000', '0.000000', '0.000000')
[static_transform_publisher-7] rotation: ('1.000000', '0.000000', '0.000000', '0.000000')
[static_transform_publisher-7] from 'body' to 'body_frd'
[mavros_node-1] [INFO] [1781688051.591388503] [mavros.mavros_router]: Requested to add endpoint: type: 0, url: serial:///dev/ttyUSB0:921600?ids=255,190
[mavros_node-1] [INFO] [1781688051.591490425] [mavros.mavros_router]: Endpoint link[1000] created
[mavros_node-1] [INFO] [1781688051.592793654] [mavros.mavros_router]: link[1000] opened successfully
[mavros_node-1] [INFO] [1781688051.592874970] [mavros.mavros_router]: Requested to add endpoint: type: 2, url: /uas1
[mavros_node-1] [INFO] [1781688051.592922845] [mavros.mavros_router]: Endpoint link[1001] created
[mavros_node-1] [INFO] [1781688051.597608863] [mavros.mavros_router]: link[1001] opened successfully
[mavros_node-1] [INFO] [1781688051.601560873] [mavros.mavros]: UAS Executor started, threads: 16
[mavros_node-1] [INFO] [1781688051.606186124] [mavros.mavros_router]: link[1000] detected remote address 254.236
[mavros_node-1] [INFO] [1781688051.611794463] [mavros.mavros_router]: link[1000] detected remote address 1.1
[mavros_node-1] [INFO] [1781688051.633834591] [mavros.mavros]: Plugin actuator_control created
[mavros_node-1] [INFO] [1781688051.633920930] [mavros.mavros]: Plugin actuator_control initialized
[mavros_node-1] [INFO] [1781688051.656894834] [mavros.mavros]: Plugin adsb created
[mavros_node-1] [INFO] [1781688051.656978529] [mavros.mavros]: Plugin adsb initialized
[mavros_node-1] [INFO] [1781688051.662487205] [mavros.mavros]: Plugin altitude created
[mavros_node-1] [INFO] [1781688051.662585080] [mavros.mavros]: Plugin altitude initialized
[mavros_node-1] [INFO] [1781688051.668503231] [mavros.mavros]: Plugin cam_imu_sync created
[mavros_node-1] [INFO] [1781688051.668610889] [mavros.mavros]: Plugin cam_imu_sync initialized
[mavros_node-1] [INFO] [1781688051.676692640] [mavros.mavros]: Plugin camera created
[mavros_node-1] [INFO] [1781688051.676772201] [mavros.mavros]: Plugin camera initialized
[mavros_node-1] [INFO] [1781688051.685527216] [mavros.mavros]: Plugin cellular_status created
[mavros_node-1] [INFO] [1781688051.685642608] [mavros.mavros]: Plugin cellular_status initialized
[mavros_node-1] [INFO] [1781688051.712133187] [mavros.mavros]: Plugin command created
[mavros_node-1] [INFO] [1781688051.712203749] [mavros.mavros]: Plugin command initialized
[mavros_node-1] [INFO] [1781688051.721528362] [mavros.mavros]: Plugin companion_process_status created
[mavros_node-1] [INFO] [1781688051.721589743] [mavros.mavros]: Plugin companion_process_status initialized
[mavros_node-1] [INFO] [1781688051.729950205] [mavros.mavros]: Plugin debug_value created
[mavros_node-1] [INFO] [1781688051.730088619] [mavros.mavros]: Plugin debug_value initialized
[mavros_node-1] [INFO] [1781688051.730117569] [mavros.mavros]: Plugin distance_sensor ignored
[mavros_node-1] [INFO] [1781688051.741878080] [mavros.mavros]: Plugin esc_status created
[mavros_node-1] [INFO] [1781688051.741975168] [mavros.mavros]: Plugin esc_status initialized
[mavros_node-1] [INFO] [1781688051.750584901] [mavros.mavros]: Plugin esc_telemetry created
[mavros_node-1] [INFO] [1781688051.750700968] [mavros.mavros]: Plugin esc_telemetry initialized
[mavros_node-1] [INFO] [1781688051.762646021] [mavros.mavros]: Plugin fake_gps created
[mavros_node-1] [INFO] [1781688051.762743523] [mavros.mavros]: Plugin fake_gps initialized
[mavros_node-1] [INFO] [1781688051.803378000] [mavros.mavros]: Plugin ftp created
[mavros_node-1] [INFO] [1781688051.803466412] [mavros.mavros]: Plugin ftp initialized
[mavros_node-1] [INFO] [1781688051.825012308] [mavros.mavros]: Plugin geofence created
[mavros_node-1] [INFO] [1781688051.825233578] [mavros.mavros]: Plugin geofence initialized
[mavros_node-1] [INFO] [1781688051.857694525] [mavros.mavros]: Plugin gimbal_control created
[mavros_node-1] [INFO] [1781688051.857827043] [mavros.mavros]: Plugin gimbal_control initialized
[mavros_node-1] [INFO] [1781688051.893381470] [mavros.mavros]: Plugin global_position created
[mavros_node-1] [INFO] [1781688051.893999296] [mavros.mavros]: Plugin global_position initialized
[mavros_node-1] [INFO] [1781688051.909996731] [mavros.mavros]: Plugin gps_input created
[mavros_node-1] [INFO] [1781688051.910078167] [mavros.mavros]: Plugin gps_input initialized
[mavros_node-1] [INFO] [1781688051.930154772] [mavros.mavros]: Plugin gps_rtk created
[mavros_node-1] [INFO] [1781688051.930281133] [mavros.mavros]: Plugin gps_rtk initialized
[fastlio_odometry_guard-2] [WARN] [1781688051.945371467] [fastlio_odometry_guard]: Rejected FAST-LIO odometry: large dt 1.40018 s; reset guard baseline (accepted=7 rejected=1)
[mavros_node-1] [INFO] [1781688051.962504479] [mavros.mavros]: Plugin gps_status created
[mavros_node-1] [INFO] [1781688051.962830371] [mavros.mavros]: Plugin gps_status initialized
[mavros_node-1] [INFO] [1781688051.978908272] [mavros.mavros]: Plugin guided_target created
[mavros_node-1] [INFO] [1781688051.978981498] [mavros.mavros]: Plugin guided_target initialized
[mavros_node-1] [INFO] [1781688051.999060120] [mavros.mavros]: Plugin hil created
[mavros_node-1] [INFO] [1781688051.999123222] [mavros.mavros]: Plugin hil initialized
[mavros_node-1] [INFO] [1781688052.016683439] [mavros.mavros]: Plugin home_position created
[mavros_node-1] [INFO] [1781688052.016840364] [mavros.mavros]: Plugin home_position initialized
[mavros_node-1] [INFO] [1781688052.039026710] [mavros.mavros]: Plugin imu created
[mavros_node-1] [INFO] [1781688052.039174447] [mavros.mavros]: Plugin imu initialized
[mavros_node-1] [INFO] [1781688052.068179361] [mavros.mavros]: Plugin landing_target created
[mavros_node-1] [INFO] [1781688052.068248516] [mavros.mavros]: Plugin landing_target initialized
[mavros_node-1] [INFO] [1781688052.088300581] [mavros.mavros]: Plugin local_position created
[mavros_node-1] [INFO] [1781688052.088358169] [mavros.mavros]: Plugin local_position initialized
[mavros_node-1] [INFO] [1781688052.113366959] [mavros.mavros]: Plugin log_transfer created
[mavros_node-1] [INFO] [1781688052.113636575] [mavros.mavros]: Plugin log_transfer initialized
[mavros_node-1] [INFO] [1781688052.138845500] [mavros.mavros]: Plugin mag_calibration_status created
[mavros_node-1] [INFO] [1781688052.138972722] [mavros.mavros]: Plugin mag_calibration_status initialized
[mavros_node-1] [INFO] [1781688052.170051212] [mavros.mavros]: Plugin manual_control created
[mavros_node-1] [INFO] [1781688052.170165789] [mavros.mavros]: Plugin manual_control initialized
[mavros_node-1] [INFO] [1781688052.197809781] [mavros.mavros]: Plugin mocap_pose_estimate created
[mavros_node-1] [INFO] [1781688052.197866330] [mavros.mavros]: Plugin mocap_pose_estimate initialized
[mavros_node-1] [INFO] [1781688052.230934504] [mavros.mavros]: Plugin mount_control created
[mavros_node-1] [INFO] [1781688052.231188394] [mavros.mavros]: Plugin mount_control initialized
[mavros_node-1] [INFO] [1781688052.259738457] [mavros.mavros]: Plugin nav_controller_output created
[mavros_node-1] [INFO] [1781688052.260000230] [mavros.mavros]: Plugin nav_controller_output initialized
[mavros_node-1] [INFO] [1781688052.289240783] [mavros.mavros]: Plugin obstacle_distance created
[mavros_node-1] [INFO] [1781688052.289483342] [mavros.mavros]: Plugin obstacle_distance initialized
[mavros_node-1] [INFO] [1781688052.323715558] [mavros.mavros]: Plugin obstacle_distance_3d created
[mavros_node-1] [INFO] [1781688052.323818510] [mavros.mavros]: Plugin obstacle_distance_3d initialized
[mavros_node-1] [INFO] [1781688052.349788545] [mavros.mavros]: Plugin odometry created
[mavros_node-1] [INFO] [1781688052.349904319] [mavros.mavros]: Plugin odometry initialized
[mavros_node-1] [INFO] [1781688052.389517637] [mavros.mavros]: Plugin onboard_computer_status created
[mavros_node-1] [INFO] [1781688052.389624435] [mavros.mavros]: Plugin onboard_computer_status initialized
[mavros_node-1] [INFO] [1781688052.420487280] [mavros.mavros]: Plugin open_drone_id created
[mavros_node-1] [INFO] [1781688052.420593281] [mavros.mavros]: Plugin open_drone_id initialized
[mavros_node-1] [INFO] [1781688052.463734087] [mavros.mavros]: Plugin optical_flow created
[mavros_node-1] [INFO] [1781688052.463873752] [mavros.mavros]: Plugin optical_flow initialized
[mavros_node-1] [INFO] [1781688052.503857985] [mavros.mavros]: Plugin param created
[mavros_node-1] [INFO] [1781688052.503993877] [mavros.mavros]: Plugin param initialized
[mavros_node-1] [INFO] [1781688052.540887029] [mavros.mavros]: Plugin play_tune created
[mavros_node-1] [INFO] [1781688052.541115896] [mavros.mavros]: Plugin play_tune initialized
[mavros_node-1] [INFO] [1781688052.569571879] [mavros.mavros]: Plugin px4flow created
[mavros_node-1] [INFO] [1781688052.569674627] [mavros.mavros]: Plugin px4flow initialized
[mavros_node-1] [INFO] [1781688052.613538456] [mavros.mavros]: Plugin rallypoint created
[mavros_node-1] [INFO] [1781688052.613737135] [mavros.mavros]: Plugin rallypoint initialized
[mavros_node-1] [INFO] [1781688052.613813098] [mavros.mavros]: Plugin rangefinder ignored
[mavros_node-1] [INFO] [1781688052.647678401] [mavros.mavros]: Plugin rc_io created
[mavros_node-1] [INFO] [1781688052.647872514] [mavros.mavros]: Plugin rc_io initialized
[mavros_node-1] [INFO] [1781688052.678671869] [mavros.mavros]: Plugin setpoint_accel created
[mavros_node-1] [INFO] [1781688052.678845400] [mavros.mavros]: Plugin setpoint_accel initialized
[mavros_node-1] [INFO] [1781688052.720480297] [mavros.mavros]: Plugin setpoint_attitude created
[mavros_node-1] [INFO] [1781688052.720560165] [mavros.mavros]: Plugin setpoint_attitude initialized
[mavros_node-1] [INFO] [1781688052.757243948] [mavros.mavros]: Plugin setpoint_position created
[mavros_node-1] [INFO] [1781688052.757360116] [mavros.mavros]: Plugin setpoint_position initialized
[mavros_node-1] [INFO] [1781688052.810425714] [mavros.mavros]: Plugin setpoint_raw created
[mavros_node-1] [INFO] [1781688052.810482220] [mavros.mavros]: Plugin setpoint_raw initialized
[mavros_node-1] [INFO] [1781688052.847589783] [mavros.mavros]: Plugin setpoint_trajectory created
[mavros_node-1] [INFO] [1781688052.847697551] [mavros.mavros]: Plugin setpoint_trajectory initialized
[mavros_node-1] [INFO] [1781688052.886975148] [mavros.mavros]: Plugin setpoint_velocity created
[mavros_node-1] [INFO] [1781688052.887067159] [mavros.mavros]: Plugin setpoint_velocity initialized
[mavros_node-1] [INFO] [1781688052.921460855] [mavros.mavros]: Plugin sim_state created
[mavros_node-1] [INFO] [1781688052.921845739] [mavros.mavros]: Plugin sim_state initialized
[mavros_node-1] [INFO] [1781688052.990922939] [mavros.mavros]: Plugin sys_status created
[mavros_node-1] [INFO] [1781688052.991055112] [mavros.mavros]: Plugin sys_status initialized
[mavros_node-1] [INFO] [1781688053.039270467] [mavros.time]: TM: Timesync mode: MAVLINK
[mavros_node-1] [INFO] [1781688053.046212162] [mavros.mavros]: Plugin sys_time created
[mavros_node-1] [INFO] [1781688053.046326377] [mavros.mavros]: Plugin sys_time initialized
[mavros_node-1] [INFO] [1781688053.077651649] [mavros.mavros]: Plugin tdr_radio created
[mavros_node-1] [INFO] [1781688053.077761281] [mavros.mavros]: Plugin tdr_radio initialized
[mavros_node-1] [INFO] [1781688053.116917525] [mavros.mavros]: Plugin terrain created
[mavros_node-1] [INFO] [1781688053.117116434] [mavros.mavros]: Plugin terrain initialized
[mavros_node-1] [INFO] [1781688053.160231522] [mavros.mavros]: Plugin trajectory created
[mavros_node-1] [INFO] [1781688053.160350882] [mavros.mavros]: Plugin trajectory initialized
[mavros_node-1] [INFO] [1781688053.187719454] [mavros.mavros]: Plugin tunnel created
[mavros_node-1] [INFO] [1781688053.187816076] [mavros.mavros]: Plugin tunnel initialized
[mavros_node-1] [INFO] [1781688053.223316596] [mavros.mavros]: Plugin vfr_hud created
[mavros_node-1] [INFO] [1781688053.223489529] [mavros.mavros]: Plugin vfr_hud initialized
[mavros_node-1] [INFO] [1781688053.223507445] [mavros.mavros]: Plugin vibration ignored
[mavros_node-1] [INFO] [1781688053.267080625] [mavros.mavros]: Plugin vision_pose created
[mavros_node-1] [INFO] [1781688053.267194537] [mavros.mavros]: Plugin vision_pose initialized
[mavros_node-1] [INFO] [1781688053.325700651] [mavros.mavros]: Plugin vision_speed created
[mavros_node-1] [INFO] [1781688053.325789490] [mavros.mavros]: Plugin vision_speed initialized
[mavros_node-1] [INFO] [1781688053.379673885] [mavros.mavros]: Plugin waypoint created
[mavros_node-1] [INFO] [1781688053.379872440] [mavros.mavros]: Plugin waypoint initialized
[mavros_node-1] [INFO] [1781688053.379884835] [mavros.mavros]: Plugin wheel_odometry ignored
[mavros_node-1] [INFO] [1781688053.430084349] [mavros.mavros]: Plugin wind_estimation created
[mavros_node-1] [INFO] [1781688053.430262050] [mavros.mavros]: Plugin wind_estimation initialized
[mavros_node-1] [INFO] [1781688053.432763283] [mavros.mavros]: Built-in SIMD instructions: SSE, SSE2
[mavros_node-1] [INFO] [1781688053.432797186] [mavros.mavros]: Built-in MAVLink package version: 2026.3.3
[mavros_node-1] [INFO] [1781688053.432801143] [mavros.mavros]: Known MAVLink dialects: common ardupilotmega ASLUAV AVSSUAS all csAirLink cubepilot development icarous loweheiser marsh matrixpilot paparazzi standard stemstudios storm32 uAvionix ualberta
[mavros_node-1] [INFO] [1781688053.432804286] [mavros.mavros]: MAVROS UAS via /uas1 started. MY ID 255.190, TARGET ID 1.1
[mavros_node-1] [INFO] [1781688053.441682817] [mavros.imu]: IMU: Attitude quaternion IMU detected!
[mavros_node-1] [INFO] [1781688053.444065930] [mavros.imu]: IMU: High resolution IMU detected!
[mavros_node-1] [INFO] [1781688053.472646979] [mavros.rc]: RC_CHANNELS message detected!
[mavros_node-1] [INFO] [1781688053.480591662] [mavros.mavros_router]: link[1001] detected remote address 255.190
[mavros_node-1] [WARN] [1781688054.001403255] [mavros.cmd]: CMD: Unexpected command 520, result 3
[mavros_node-1] [INFO] [1781688054.225382343] [mavros.mavros]: CON: Got HEARTBEAT, connected. FCU: PX4 Autopilot
[mavros_node-1] [INFO] [1781688054.225770542] [mavros.mission]: WP: detected enable_partial_push: 0
[mavros_node-1] [INFO] [1781688054.240850340] [mavros.imu]: IMU: Attitude quaternion IMU detected!
[mavros_node-1] [INFO] [1781688054.243442868] [mavros.imu]: IMU: High resolution IMU detected!
[mavros_node-1] [INFO] [1781688054.271410493] [mavros.rc]: RC_CHANNELS message detected!
[mavros_node-1] [WARN] [1781688054.653546873] [mavros.sys]: FCU: UNK(8): EVENT 11047904 with args -0-128-0-16-1-0-0-0-0-0-0-0-0-199-191-127-128-0-0-0-0-0-0-0-0-0-0-0-0-0-0-0-0-0-0-0-0-0-0-0-
[mavros_node-1] [ERROR] [1781688054.653883300] [mavros.sys]: FCU: EVENT 9077977 with args -255-255-255-255-7-0-0-0-0-0-0-0-0-0-0-0-0-0-0-0-0-0-0-0-0-0-0-0-0-0-0-0-0-0-0-0-0-0-0-0-
[mavros_node-1] [ERROR] [1781688054.654221523] [mavros.sys]: FCU: EVENT 11464574 with args -0-64-0-0-20-0-0-0-0-0-0-0-0-0-0-0-0-0-0-0-0-0-0-0-0-0-0-0-0-0-0-0-0-0-0-0-0-0-0-0-
[mavros_node-1] [ERROR] [1781688054.654605170] [mavros.sys]: FCU: EVENT 10011251 with args -56-0-0-0-24-0-0-0-0-0-0-0-0-0-0-0-0-0-0-0-0-0-0-0-0-0-0-0-0-0-0-0-0-0-0-0-0-0-0-0-
[mavros_node-1] [INFO] [1781688054.654918141] [mavros.sys]: FCU: EVENT 377561 with args -8-0-0-0-20-0-0-0-0-0-0-0-0-0-0-0-0-0-0-0-0-0-0-0-0-0-0-0-0-0-0-0-0-0-0-0-0-0-0-0-
[mavros_node-1] [INFO] [1781688054.655270313] [mavros.sys]: FCU: EVENT 79408 with args -32-0-0-0-20-0-0-0-0-0-0-0-0-0-0-0-0-0-0-0-0-0-0-0-0-0-0-0-0-0-0-0-0-0-0-0-0-0-0-0-
[mavros_node-1] [ERROR] [1781688054.655641072] [mavros.sys]: FCU: EVENT 12754954 with args -255-255-255-255-20-0-0-0-0-0-0-0-0-0-0-0-0-0-0-0-0-0-0-0-0-0-0-0-0-0-0-0-0-0-0-0-0-0-0-0-
[mavros_node-1] [INFO] [1781688054.656044420] [mavros.sys]: FCU: EVENT 6801787 with args -255-255-255-255-12-0-0-0-0-0-0-0-0-0-0-0-0-0-0-0-0-0-0-0-0-0-0-0-0-0-0-0-0-0-0-0-0-0-0-0-
[mavros_node-1] [WARN] [1781688054.658537237] [mavros.sys]: FCU: UNK(8): EVENT 1914663 with args -0-130-0-2-48-0-0-0-0-0-0-0-0-0-0-0-0-0-0-0-0-0-0-0-0-0-0-0-0-0-0-0-0-0-0-0-0-0-0-0-
[mavros_node-1] [WARN] [1781688056.234292598] [mavros.sys]: VER: broadcast request timeout, retries left 4
[mavros_node-1] [WARN] [1781688057.243148602] [mavros.sys]: VER: broadcast request timeout, retries left 3
[mavros_node-1] [ERROR] [1781688058.259004052] [mavros.sys]: VER: command plugin service call failed!
[mavros_node-1] [WARN] [1781688058.259122230] [mavros.sys]: VER: unicast request timeout, retries left 2
[mavros_node-1] [WARN] [1781688058.367183718] [mavros.sys]: FCU: UNK(8): EVENT 11047904 with args -0-128-0-16-1-0-0-0-0-0-0-0-0-199-255-127-128-0-0-0-0-0-0-0-0-0-0-0-0-0-0-0-0-0-0-0-0-0-0-0-
[mavros_node-1] [ERROR] [1781688058.367371680] [mavros.sys]: FCU: EVENT 9077977 with args -255-255-255-255-7-0-0-0-0-0-0-0-0-0-0-0-0-0-0-0-0-0-0-0-0-0-0-0-0-0-0-0-0-0-0-0-0-0-0-0-
[mavros_node-1] [ERROR] [1781688058.367645358] [mavros.sys]: FCU: EVENT 10011251 with args -56-0-0-0-24-0-0-0-0-0-0-0-0-0-0-0-0-0-0-0-0-0-0-0-0-0-0-0-0-0-0-0-0-0-0-0-0-0-0-0-
[mavros_node-1] [INFO] [1781688058.368034147] [mavros.sys]: FCU: EVENT 377561 with args -8-0-0-0-20-0-0-0-0-0-0-0-0-0-0-0-0-0-0-0-0-0-0-0-0-0-0-0-0-0-0-0-0-0-0-0-0-0-0-0-
[mavros_node-1] [INFO] [1781688058.368369555] [mavros.sys]: FCU: EVENT 79408 with args -32-0-0-0-20-0-0-0-0-0-0-0-0-0-0-0-0-0-0-0-0-0-0-0-0-0-0-0-0-0-0-0-0-0-0-0-0-0-0-0-
[mavros_node-1] [ERROR] [1781688058.368500215] [mavros.sys]: FCU: EVENT 12754954 with args -255-255-255-255-20-0-0-0-0-0-0-0-0-0-0-0-0-0-0-0-0-0-0-0-0-0-0-0-0-0-0-0-0-0-0-0-0-0-0-0-
[mavros_node-1] [INFO] [1781688058.368736073] [mavros.sys]: FCU: EVENT 6801787 with args -255-255-255-255-12-0-0-0-0-0-0-0-0-0-0-0-0-0-0-0-0-0-0-0-0-0-0-0-0-0-0-0-0-0-0-0-0-0-0-0-
[mavros_node-1] [WARN] [1781688058.369126757] [mavros.sys]: FCU: UNK(8): EVENT 1914663 with args -0-130-0-2-48-0-0-0-0-0-0-0-0-0-0-0-0-0-0-0-0-0-0-0-0-0-0-0-0-0-0-0-0-0-0-0-0-0-0-0-
[mavros_node-1] [ERROR] [1781688059.240612595] [mavros.sys]: VER: command plugin service call failed!
[mavros_node-1] [WARN] [1781688059.240674147] [mavros.sys]: VER: unicast request timeout, retries left 1
[mavros_node-1] [ERROR] [1781688060.258923122] [mavros.sys]: VER: command plugin service call failed!
[mavros_node-1] [WARN] [1781688060.259011048] [mavros.sys]: VER: unicast request timeout, retries left 0
[mavros_node-1] [ERROR] [1781688061.253524645] [mavros.sys]: VER: command plugin service call failed!
[mavros_node-1] [WARN] [1781688061.253703539] [mavros.sys]: VER: your FCU don't support AUTOPILOT_VERSION, switched to default capabilities
[mavros_node-1] [INFO] [1781688064.265331542] [mavros.home_position]: HP: requesting home position
[mavros_node-1] [INFO] [1781688069.328187140] [mavros.mission]: WP: mission received
[mavros_node-1] [INFO] [1781688074.353072629] [mavros.rallypoint]: RP: mission received
[mavros_node-1] [INFO] [1781688079.377006678] [mavros.geofence]: GF: mission received
