[INFO] [launch]: All log files can be found below /home/robot/.ros/log/2026-06-17-15-26-50-675005-robot-2860
[INFO] [launch]: Default logging verbosity is set to INFO
[INFO] [fastlio_mapping-1]: process started with pid [2861]
[fastlio_mapping-1] [INFO] [1781681210.837022796] [laser_mapping]: p_pre->lidar_type 1
[fastlio_mapping-1] Multi thread started 
[fastlio_mapping-1] ~~~~/home/robot/livox_mid360_env/ws_fastlio/src/fast_lio/ file opened
[fastlio_mapping-1] [INFO] [1781681210.846668190] [laser_mapping]: Node init finished.
[fastlio_mapping-1] [WARN] [1781681212.666117565] [laser_mapping]: No point, skip this scan!
[fastlio_mapping-1] 
[fastlio_mapping-1] [WARN] [1781681212.676681835] [laser_mapping]: No point, skip this scan!
[fastlio_mapping-1] 
[fastlio_mapping-1] [WARN] [1781681212.686120097] [laser_mapping]: No point, skip this scan!
[fastlio_mapping-1] 
[fastlio_mapping-1] [WARN] [1781681212.696121507] [laser_mapping]: No point, skip this scan!
[fastlio_mapping-1] 
[fastlio_mapping-1] [WARN] [1781681212.706157270] [laser_mapping]: No point, skip this scan!
[fastlio_mapping-1] 
[fastlio_mapping-1] [WARN] [1781681212.716102715] [laser_mapping]: No point, skip this scan!
[fastlio_mapping-1] 
[fastlio_mapping-1] [WARN] [1781681212.726144805] [laser_mapping]: No point, skip this scan!
[fastlio_mapping-1] 
[fastlio_mapping-1] [WARN] [1781681212.736143894] [laser_mapping]: No point, skip this scan!
[fastlio_mapping-1] 
[fastlio_mapping-1] IMU Initial Done
[fastlio_mapping-1] [WARN] [1781681212.746195070] [laser_mapping]: No point, skip this scan!
[fastlio_mapping-1] 
[fastlio_mapping-1] [INFO] [1781681212.758202832] [laser_mapping]: Initialize the map kdtree
