[INFO] [launch]: All log files can be found below /home/robot/.ros/log/2026-06-24-19-16-45-043862-robot-9232
[INFO] [launch]: Default logging verbosity is set to INFO
[INFO] [mavros_node-1]: process started with pid [9258]
[INFO] [fastlio_odometry_guard-2]: process started with pid [9260]
[INFO] [fastlio_mavros_vision_bridge-3]: process started with pid [9262]
[INFO] [static_transform_publisher-4]: process started with pid [9264]
[INFO] [static_transform_publisher-5]: process started with pid [9266]
[INFO] [static_transform_publisher-6]: process started with pid [9268]
[INFO] [static_transform_publisher-7]: process started with pid [9270]
[static_transform_publisher-6] [INFO] [1782299805.157654779] [camera_init_to_camera_init_ned]: Spinning until stopped - publishing transform
[static_transform_publisher-6] translation: ('0.000000', '0.000000', '0.000000')
[static_transform_publisher-6] rotation: ('1.000000', '0.000000', '0.000000', '0.000000')
[static_transform_publisher-6] from 'camera_init' to 'camera_init_ned'
[fastlio_odometry_guard-2] [INFO] [1782299805.158817900] [fastlio_odometry_guard]: Guarding odometry /Odometry -> /Odometry/guarded (jump=0.30m, xy=0.20m, z=0.10m, speed=1.20m/s)
[static_transform_publisher-5] [INFO] [1782299805.175584468] [base_link_to_body]: Spinning until stopped - publishing transform
[static_transform_publisher-5] translation: ('0.000000', '0.000000', '0.000000')
[static_transform_publisher-5] rotation: ('0.000000', '0.000000', '0.000000', '1.000000')
[static_transform_publisher-5] from 'base_link' to 'body'
[mavros_node-1] [INFO] [1782299805.179310395] [mavros.mavros_node]: Starting mavros_node container
[mavros_node-1] [INFO] [1782299805.179408924] [mavros.mavros_node]: FCU URL: serial:///dev/ttyUSB0:921600?ids=255,190
[mavros_node-1] [INFO] [1782299805.179414950] [mavros.mavros_node]: GCS URL: 
[mavros_node-1] [INFO] [1782299805.179417740] [mavros.mavros_node]: UAS Prefix: /uas1
[mavros_node-1] [INFO] [1782299805.179420205] [mavros.mavros_node]: Starting mavros router node
[static_transform_publisher-4] [INFO] [1782299805.179420246] [odom_to_camera_init]: Spinning until stopped - publishing transform
[static_transform_publisher-4] translation: ('0.000000', '0.000000', '0.000000')
[static_transform_publisher-4] rotation: ('0.000000', '0.000000', '0.000000', '1.000000')
[static_transform_publisher-4] from 'odom' to 'camera_init'
[static_transform_publisher-7] [INFO] [1782299805.181777750] [body_to_body_frd]: Spinning until stopped - publishing transform
[static_transform_publisher-7] translation: ('0.000000', '0.000000', '0.000000')
[static_transform_publisher-7] rotation: ('1.000000', '0.000000', '0.000000', '0.000000')
[static_transform_publisher-7] from 'body' to 'body_frd'
[fastlio_mavros_vision_bridge-3] [INFO] [1782299805.181827743] [fastlio_mavros_vision_bridge]: Bridging /Odometry/guarded -> /mavros/vision_pose/pose_cov for MAVROS vision input
[mavros_node-1] [INFO] [1782299805.185359668] [mavros.mavros_router]: Built-in SIMD instructions: SSE, SSE2
[mavros_node-1] [INFO] [1782299805.185381057] [mavros.mavros_router]: Built-in MAVLink package version: 2026.3.3
[mavros_node-1] [INFO] [1782299805.185388222] [mavros.mavros_router]: Known MAVLink dialects: common ardupilotmega ASLUAV AVSSUAS all csAirLink cubepilot development icarous loweheiser marsh matrixpilot paparazzi standard stemstudios storm32 uAvionix ualberta
[mavros_node-1] [INFO] [1782299805.185391182] [mavros.mavros_router]: MAVROS Router started
[mavros_node-1] [INFO] [1782299805.185429598] [mavros.mavros_node]: Starting mavros uas node
[mavros_node-1] [INFO] [1782299805.222320865] [mavros.mavros_router]: Requested to add endpoint: type: 0, url: serial:///dev/ttyUSB0:921600?ids=255,190
[mavros_node-1] [INFO] [1782299805.222461796] [mavros.mavros_router]: Endpoint link[1000] created
[mavros_node-1] [INFO] [1782299805.223739085] [mavros.mavros_router]: link[1000] opened successfully
[mavros_node-1] [INFO] [1782299805.223774156] [mavros.mavros_router]: Requested to add endpoint: type: 2, url: /uas1
[mavros_node-1] [INFO] [1782299805.223800229] [mavros.mavros_router]: Endpoint link[1001] created
[mavros_node-1] [INFO] [1782299805.227039121] [mavros.mavros_router]: link[1000] detected remote address 1.1
[mavros_node-1] [INFO] [1782299805.227508835] [mavros.mavros_router]: link[1001] opened successfully
[mavros_node-1] [INFO] [1782299805.232488950] [mavros.mavros]: UAS Executor started, threads: 16
[mavros_node-1] [INFO] [1782299805.260439915] [mavros.mavros]: Plugin actuator_control created
[mavros_node-1] [INFO] [1782299805.260504665] [mavros.mavros]: Plugin actuator_control initialized
[mavros_node-1] [INFO] [1782299805.286855154] [mavros.mavros]: Plugin adsb created
[mavros_node-1] [INFO] [1782299805.286897804] [mavros.mavros]: Plugin adsb initialized
[mavros_node-1] [INFO] [1782299805.292734718] [mavros.mavros]: Plugin altitude created
[mavros_node-1] [INFO] [1782299805.292776596] [mavros.mavros]: Plugin altitude initialized
[mavros_node-1] [INFO] [1782299805.301929294] [mavros.mavros]: Plugin cam_imu_sync created
[mavros_node-1] [INFO] [1782299805.301990160] [mavros.mavros]: Plugin cam_imu_sync initialized
[mavros_node-1] [INFO] [1782299805.313593930] [mavros.mavros]: Plugin camera created
[mavros_node-1] [INFO] [1782299805.313636534] [mavros.mavros]: Plugin camera initialized
[mavros_node-1] [INFO] [1782299805.317990321] [mavros.mavros]: Plugin cellular_status created
[mavros_node-1] [INFO] [1782299805.318059002] [mavros.mavros]: Plugin cellular_status initialized
[mavros_node-1] [INFO] [1782299805.334570925] [mavros.mavros]: Plugin command created
[mavros_node-1] [INFO] [1782299805.334654455] [mavros.mavros]: Plugin command initialized
[mavros_node-1] [INFO] [1782299805.348992463] [mavros.mavros]: Plugin companion_process_status created
[mavros_node-1] [INFO] [1782299805.349038975] [mavros.mavros]: Plugin companion_process_status initialized
[mavros_node-1] [INFO] [1782299805.361044606] [mavros.mavros]: Plugin debug_value created
[mavros_node-1] [INFO] [1782299805.361131589] [mavros.mavros]: Plugin debug_value initialized
[mavros_node-1] [INFO] [1782299805.361151175] [mavros.mavros]: Plugin distance_sensor ignored
[mavros_node-1] [INFO] [1782299805.382838170] [mavros.mavros]: Plugin esc_status created
[mavros_node-1] [INFO] [1782299805.382874890] [mavros.mavros]: Plugin esc_status initialized
[mavros_node-1] [INFO] [1782299805.393575717] [mavros.mavros]: Plugin esc_telemetry created
[mavros_node-1] [INFO] [1782299805.393649068] [mavros.mavros]: Plugin esc_telemetry initialized
[mavros_node-1] [INFO] [1782299805.424819250] [mavros.mavros]: Plugin fake_gps created
[mavros_node-1] [INFO] [1782299805.424940209] [mavros.mavros]: Plugin fake_gps initialized
[mavros_node-1] [INFO] [1782299805.456700543] [mavros.mavros]: Plugin ftp created
[mavros_node-1] [INFO] [1782299805.456752311] [mavros.mavros]: Plugin ftp initialized
[mavros_node-1] [INFO] [1782299805.484151559] [mavros.mavros]: Plugin geofence created
[mavros_node-1] [INFO] [1782299805.484229478] [mavros.mavros]: Plugin geofence initialized
[mavros_node-1] [INFO] [1782299805.516964731] [mavros.mavros]: Plugin gimbal_control created
[mavros_node-1] [INFO] [1782299805.517032583] [mavros.mavros]: Plugin gimbal_control initialized
[fastlio_odometry_guard-2] [WARN] [1782299805.536110371] [fastlio_odometry_guard]: Rejected FAST-LIO odometry: large dt 1.40019 s; reset guard baseline (accepted=6 rejected=1)
[mavros_node-1] [INFO] [1782299805.547580573] [mavros.mavros]: Plugin global_position created
[mavros_node-1] [INFO] [1782299805.547664984] [mavros.mavros]: Plugin global_position initialized
[mavros_node-1] [INFO] [1782299805.555465697] [mavros.mavros]: Plugin gps_input created
[mavros_node-1] [INFO] [1782299805.555531655] [mavros.mavros]: Plugin gps_input initialized
[mavros_node-1] [INFO] [1782299805.583340739] [mavros.mavros]: Plugin gps_rtk created
[mavros_node-1] [INFO] [1782299805.583400364] [mavros.mavros]: Plugin gps_rtk initialized
[mavros_node-1] [INFO] [1782299805.601920989] [mavros.mavros]: Plugin gps_status created
[mavros_node-1] [INFO] [1782299805.602035112] [mavros.mavros]: Plugin gps_status initialized
[mavros_node-1] [INFO] [1782299805.617219979] [mavros.mavros]: Plugin guided_target created
[mavros_node-1] [INFO] [1782299805.617261582] [mavros.mavros]: Plugin guided_target initialized
[mavros_node-1] [INFO] [1782299805.646886118] [mavros.mavros]: Plugin hil created
[mavros_node-1] [INFO] [1782299805.646939138] [mavros.mavros]: Plugin hil initialized
[mavros_node-1] [INFO] [1782299805.668626518] [mavros.mavros]: Plugin home_position created
[mavros_node-1] [INFO] [1782299805.668709127] [mavros.mavros]: Plugin home_position initialized
[mavros_node-1] [INFO] [1782299805.702872311] [mavros.mavros]: Plugin imu created
[mavros_node-1] [INFO] [1782299805.702999328] [mavros.mavros]: Plugin imu initialized
[mavros_node-1] [INFO] [1782299805.724272161] [mavros.mavros]: Plugin landing_target created
[mavros_node-1] [INFO] [1782299805.724334807] [mavros.mavros]: Plugin landing_target initialized
[mavros_node-1] [INFO] [1782299805.752552215] [mavros.mavros]: Plugin local_position created
[mavros_node-1] [INFO] [1782299805.752610467] [mavros.mavros]: Plugin local_position initialized
[mavros_node-1] [INFO] [1782299805.778617788] [mavros.mavros]: Plugin log_transfer created
[mavros_node-1] [INFO] [1782299805.778727241] [mavros.mavros]: Plugin log_transfer initialized
[mavros_node-1] [INFO] [1782299805.790800659] [mavros.mavros]: Plugin mag_calibration_status created
[mavros_node-1] [INFO] [1782299805.790850108] [mavros.mavros]: Plugin mag_calibration_status initialized
[mavros_node-1] [INFO] [1782299805.813859315] [mavros.mavros]: Plugin manual_control created
[mavros_node-1] [INFO] [1782299805.813923318] [mavros.mavros]: Plugin manual_control initialized
[mavros_node-1] [INFO] [1782299805.833861859] [mavros.mavros]: Plugin mocap_pose_estimate created
[mavros_node-1] [INFO] [1782299805.834008797] [mavros.mavros]: Plugin mocap_pose_estimate initialized
[mavros_node-1] [INFO] [1782299805.859118411] [mavros.mavros]: Plugin mount_control created
[mavros_node-1] [INFO] [1782299805.859275113] [mavros.mavros]: Plugin mount_control initialized
[mavros_node-1] [INFO] [1782299805.891443362] [mavros.mavros]: Plugin nav_controller_output created
[mavros_node-1] [INFO] [1782299805.891522561] [mavros.mavros]: Plugin nav_controller_output initialized
[mavros_node-1] [INFO] [1782299805.918856010] [mavros.mavros]: Plugin obstacle_distance created
[mavros_node-1] [INFO] [1782299805.918917331] [mavros.mavros]: Plugin obstacle_distance initialized
[mavros_node-1] [INFO] [1782299805.945298467] [mavros.mavros]: Plugin obstacle_distance_3d created
[mavros_node-1] [INFO] [1782299805.945382294] [mavros.mavros]: Plugin obstacle_distance_3d initialized
[mavros_node-1] [INFO] [1782299805.960747440] [mavros.mavros]: Plugin odometry created
[mavros_node-1] [INFO] [1782299805.960807631] [mavros.mavros]: Plugin odometry initialized
[mavros_node-1] [INFO] [1782299805.987311898] [mavros.mavros]: Plugin onboard_computer_status created
[mavros_node-1] [INFO] [1782299805.987388089] [mavros.mavros]: Plugin onboard_computer_status initialized
[mavros_node-1] [INFO] [1782299806.023626952] [mavros.mavros]: Plugin open_drone_id created
[mavros_node-1] [INFO] [1782299806.023735069] [mavros.mavros]: Plugin open_drone_id initialized
[mavros_node-1] [INFO] [1782299806.058500304] [mavros.mavros]: Plugin optical_flow created
[mavros_node-1] [INFO] [1782299806.058568147] [mavros.mavros]: Plugin optical_flow initialized
[mavros_node-1] [INFO] [1782299806.090480071] [mavros.mavros]: Plugin param created
[mavros_node-1] [INFO] [1782299806.090562049] [mavros.mavros]: Plugin param initialized
[mavros_node-1] [INFO] [1782299806.124422933] [mavros.mavros]: Plugin play_tune created
[mavros_node-1] [INFO] [1782299806.124603568] [mavros.mavros]: Plugin play_tune initialized
[mavros_node-1] [INFO] [1782299806.170949234] [mavros.mavros]: Plugin px4flow created
[mavros_node-1] [INFO] [1782299806.171075845] [mavros.mavros]: Plugin px4flow initialized
[mavros_node-1] [INFO] [1782299806.215093841] [mavros.mavros]: Plugin rallypoint created
[mavros_node-1] [INFO] [1782299806.215157457] [mavros.mavros]: Plugin rallypoint initialized
[mavros_node-1] [INFO] [1782299806.215163779] [mavros.mavros]: Plugin rangefinder ignored
[mavros_node-1] [INFO] [1782299806.255024019] [mavros.mavros]: Plugin rc_io created
[mavros_node-1] [INFO] [1782299806.255244790] [mavros.mavros]: Plugin rc_io initialized
[mavros_node-1] [INFO] [1782299806.293293665] [mavros.mavros]: Plugin setpoint_accel created
[mavros_node-1] [INFO] [1782299806.293384799] [mavros.mavros]: Plugin setpoint_accel initialized
[mavros_node-1] [INFO] [1782299806.324064493] [mavros.mavros]: Plugin setpoint_attitude created
[mavros_node-1] [INFO] [1782299806.324147534] [mavros.mavros]: Plugin setpoint_attitude initialized
[mavros_node-1] [INFO] [1782299806.362254361] [mavros.mavros]: Plugin setpoint_position created
[mavros_node-1] [INFO] [1782299806.362405264] [mavros.mavros]: Plugin setpoint_position initialized
[mavros_node-1] [INFO] [1782299806.413029066] [mavros.mavros]: Plugin setpoint_raw created
[mavros_node-1] [INFO] [1782299806.413791893] [mavros.mavros]: Plugin setpoint_raw initialized
[mavros_node-1] [INFO] [1782299806.448929931] [mavros.mavros]: Plugin setpoint_trajectory created
[mavros_node-1] [INFO] [1782299806.449010857] [mavros.mavros]: Plugin setpoint_trajectory initialized
[mavros_node-1] [INFO] [1782299806.482235054] [mavros.mavros]: Plugin setpoint_velocity created
[mavros_node-1] [INFO] [1782299806.482390943] [mavros.mavros]: Plugin setpoint_velocity initialized
[mavros_node-1] [INFO] [1782299806.522938627] [mavros.mavros]: Plugin sim_state created
[mavros_node-1] [INFO] [1782299806.522997390] [mavros.mavros]: Plugin sim_state initialized
[mavros_node-1] [INFO] [1782299806.583891172] [mavros.mavros]: Plugin sys_status created
[mavros_node-1] [INFO] [1782299806.583961702] [mavros.mavros]: Plugin sys_status initialized
[mavros_node-1] [INFO] [1782299806.612915308] [mavros.time]: TM: Timesync mode: MAVLINK
[mavros_node-1] [INFO] [1782299806.616674393] [mavros.mavros]: Plugin sys_time created
[mavros_node-1] [INFO] [1782299806.616845305] [mavros.mavros]: Plugin sys_time initialized
[mavros_node-1] [INFO] [1782299806.654594044] [mavros.mavros]: Plugin tdr_radio created
[mavros_node-1] [INFO] [1782299806.654674288] [mavros.mavros]: Plugin tdr_radio initialized
[mavros_node-1] [INFO] [1782299806.693441861] [mavros.mavros]: Plugin terrain created
[mavros_node-1] [INFO] [1782299806.693521075] [mavros.mavros]: Plugin terrain initialized
[mavros_node-1] [INFO] [1782299806.735870558] [mavros.mavros]: Plugin trajectory created
[mavros_node-1] [INFO] [1782299806.735984761] [mavros.mavros]: Plugin trajectory initialized
[mavros_node-1] [INFO] [1782299806.781502581] [mavros.mavros]: Plugin tunnel created
[mavros_node-1] [INFO] [1782299806.781595607] [mavros.mavros]: Plugin tunnel initialized
[mavros_node-1] [INFO] [1782299806.812624265] [mavros.mavros]: Plugin vfr_hud created
[mavros_node-1] [INFO] [1782299806.812699876] [mavros.mavros]: Plugin vfr_hud initialized
[mavros_node-1] [INFO] [1782299806.812706159] [mavros.mavros]: Plugin vibration ignored
[mavros_node-1] [INFO] [1782299806.850676616] [mavros.mavros]: Plugin vision_pose created
[mavros_node-1] [INFO] [1782299806.850730297] [mavros.mavros]: Plugin vision_pose initialized
[mavros_node-1] [INFO] [1782299806.891963574] [mavros.mavros]: Plugin vision_speed created
[mavros_node-1] [INFO] [1782299806.892027520] [mavros.mavros]: Plugin vision_speed initialized
[mavros_node-1] [INFO] [1782299806.945665983] [mavros.mavros]: Plugin waypoint created
[mavros_node-1] [INFO] [1782299806.945763619] [mavros.mavros]: Plugin waypoint initialized
[mavros_node-1] [INFO] [1782299806.945770482] [mavros.mavros]: Plugin wheel_odometry ignored
[mavros_node-1] [INFO] [1782299807.000319189] [mavros.mavros]: Plugin wind_estimation created
[mavros_node-1] [INFO] [1782299807.000543133] [mavros.mavros]: Plugin wind_estimation initialized
[mavros_node-1] [INFO] [1782299807.007727626] [mavros.mavros]: Built-in SIMD instructions: SSE, SSE2
[mavros_node-1] [INFO] [1782299807.007952976] [mavros.mavros]: Built-in MAVLink package version: 2026.3.3
[mavros_node-1] [INFO] [1782299807.007966712] [mavros.mavros]: Known MAVLink dialects: common ardupilotmega ASLUAV AVSSUAS all csAirLink cubepilot development icarous loweheiser marsh matrixpilot paparazzi standard stemstudios storm32 uAvionix ualberta
[mavros_node-1] [INFO] [1782299807.007977099] [mavros.mavros]: MAVROS UAS via /uas1 started. MY ID 255.190, TARGET ID 1.1
[mavros_node-1] [INFO] [1782299807.009115653] [mavros.imu]: IMU: High resolution IMU detected!
[mavros_node-1] [INFO] [1782299807.015220199] [mavros.imu]: IMU: Attitude quaternion IMU detected!
[mavros_node-1] [INFO] [1782299807.049035260] [mavros.mavros_router]: link[1001] detected remote address 255.190
[mavros_node-1] [INFO] [1782299807.051557501] [mavros.rc]: RC_CHANNELS message detected!
[mavros_node-1] [INFO] [1782299807.446692428] [mavros.mavros]: CON: Got HEARTBEAT, connected. FCU: PX4 Autopilot
[mavros_node-1] [INFO] [1782299807.446811088] [mavros.mission]: WP: detected enable_partial_push: 0
[mavros_node-1] [INFO] [1782299807.449452090] [mavros.imu]: IMU: High resolution IMU detected!
[mavros_node-1] [INFO] [1782299807.452865298] [mavros.rc]: RC_CHANNELS message detected!
[mavros_node-1] [INFO] [1782299807.456761244] [mavros.imu]: IMU: Attitude quaternion IMU detected!
[mavros_node-1] [WARN] [1782299807.457131994] [mavros.sys]: FCU: UNK(8): EVENT 11047904 with args -0-128-0-18-1-0-0-0-0-0-0-0-0-131-191-1-128-0-0-0-0-0-0-0-0-0-0-0-0-0-0-0-0-0-0-0-0-0-0-0-
[mavros_node-1] [ERROR] [1782299807.457495347] [mavros.sys]: FCU: EVENT 16642797 with args -124-0-126-0-17-0-0-0-0-0-0-0-0-0-0-0-0-0-0-0-0-0-0-0-0-0-0-0-0-0-0-0-0-0-0-0-0-0-0-0-
[mavros_node-1] [ERROR] [1782299807.457795114] [mavros.sys]: FCU: EVENT 9077977 with args -255-255-255-255-7-0-0-0-0-0-0-0-0-0-0-0-0-0-0-0-0-0-0-0-0-0-0-0-0-0-0-0-0-0-0-0-0-0-0-0-
[mavros_node-1] [ERROR] [1782299807.458177175] [mavros.sys]: FCU: EVENT 11464574 with args -0-64-0-0-20-0-0-0-0-0-0-0-0-0-0-0-0-0-0-0-0-0-0-0-0-0-0-0-0-0-0-0-0-0-0-0-0-0-0-0-
[mavros_node-1] [ERROR] [1782299807.458523307] [mavros.sys]: FCU: EVENT 13835193 with args -124-0-126-0-17-0-0-0-0-0-0-0-0-0-0-0-0-0-0-0-0-0-0-0-0-0-0-0-0-0-0-0-0-0-0-0-0-0-0-0-
[mavros_node-1] [ERROR] [1782299807.458821017] [mavros.sys]: FCU: EVENT 10011251 with args -56-0-0-0-24-0-0-0-0-0-0-0-0-0-0-0-0-0-0-0-0-0-0-0-0-0-0-0-0-0-0-0-0-0-0-0-0-0-0-0-
[mavros_node-1] [INFO] [1782299807.459210244] [mavros.sys]: FCU: EVENT 377561 with args -8-0-0-0-20-0-0-0-0-0-0-0-0-0-0-0-0-0-0-0-0-0-0-0-0-0-0-0-0-0-0-0-0-0-0-0-0-0-0-0-
[mavros_node-1] [INFO] [1782299807.459552177] [mavros.sys]: FCU: EVENT 79408 with args -32-0-0-0-20-0-0-0-0-0-0-0-0-0-0-0-0-0-0-0-0-0-0-0-0-0-0-0-0-0-0-0-0-0-0-0-0-0-0-0-
[mavros_node-1] [INFO] [1782299807.459861621] [mavros.sys]: FCU: EVENT 6801787 with args -255-255-255-255-12-0-0-0-0-0-0-0-0-0-0-0-0-0-0-0-0-0-0-0-0-0-0-0-0-0-0-0-0-0-0-0-0-0-0-0-
[mavros_node-1] [WARN] [1782299807.462043071] [mavros.sys]: FCU: UNK(8): EVENT 1914663 with args -0-130-0-2-48-0-0-0-0-0-0-0-0-0-0-0-0-0-0-0-0-0-0-0-0-0-0-0-0-0-0-0-0-0-0-0-0-0-0-0-
[mavros_node-1] [WARN] [1782299808.460772459] [mavros.cmd]: CMD: Unexpected command 520, result 3
[mavros_node-1] [WARN] [1782299809.452322262] [mavros.sys]: VER: broadcast request timeout, retries left 4
[mavros_node-1] [WARN] [1782299809.510182260] [mavros.sys]: FCU: UNK(8): EVENT 11047904 with args -0-128-0-18-1-0-0-0-0-0-0-0-0-131-191-1-128-0-0-0-0-0-0-0-0-0-0-0-0-0-0-0-0-0-0-0-0-0-0-0-
[mavros_node-1] [ERROR] [1782299809.510686657] [mavros.sys]: FCU: EVENT 9077977 with args -255-255-255-255-7-0-0-0-0-0-0-0-0-0-0-0-0-0-0-0-0-0-0-0-0-0-0-0-0-0-0-0-0-0-0-0-0-0-0-0-
[mavros_node-1] [ERROR] [1782299809.510998378] [mavros.sys]: FCU: EVENT 11464574 with args -0-64-0-0-20-0-0-0-0-0-0-0-0-0-0-0-0-0-0-0-0-0-0-0-0-0-0-0-0-0-0-0-0-0-0-0-0-0-0-0-
[mavros_node-1] [ERROR] [1782299809.511093409] [mavros.sys]: FCU: EVENT 13835193 with args -124-0-126-0-17-0-0-0-0-0-0-0-0-0-0-0-0-0-0-0-0-0-0-0-0-0-0-0-0-0-0-0-0-0-0-0-0-0-0-0-
[mavros_node-1] [ERROR] [1782299809.513723706] [mavros.sys]: FCU: EVENT 10011251 with args -56-0-0-0-24-0-0-0-0-0-0-0-0-0-0-0-0-0-0-0-0-0-0-0-0-0-0-0-0-0-0-0-0-0-0-0-0-0-0-0-
[mavros_node-1] [INFO] [1782299809.514152294] [mavros.sys]: FCU: EVENT 377561 with args -8-0-0-0-20-0-0-0-0-0-0-0-0-0-0-0-0-0-0-0-0-0-0-0-0-0-0-0-0-0-0-0-0-0-0-0-0-0-0-0-
[mavros_node-1] [INFO] [1782299809.514343907] [mavros.sys]: FCU: EVENT 79408 with args -32-0-0-0-20-0-0-0-0-0-0-0-0-0-0-0-0-0-0-0-0-0-0-0-0-0-0-0-0-0-0-0-0-0-0-0-0-0-0-0-
[mavros_node-1] [INFO] [1782299809.514488142] [mavros.sys]: FCU: EVENT 6801787 with args -255-255-255-255-12-0-0-0-0-0-0-0-0-0-0-0-0-0-0-0-0-0-0-0-0-0-0-0-0-0-0-0-0-0-0-0-0-0-0-0-
[mavros_node-1] [WARN] [1782299809.514597641] [mavros.sys]: FCU: UNK(8): EVENT 1914663 with args -0-130-0-2-48-0-0-0-0-0-0-0-0-0-0-0-0-0-0-0-0-0-0-0-0-0-0-0-0-0-0-0-0-0-0-0-0-0-0-0-
[mavros_node-1] [WARN] [1782299810.453449882] [mavros.sys]: VER: broadcast request timeout, retries left 3
[mavros_node-1] [ERROR] [1782299811.465493453] [mavros.sys]: VER: command plugin service call failed!
[mavros_node-1] [WARN] [1782299811.465609110] [mavros.sys]: VER: unicast request timeout, retries left 2
[mavros_node-1] [WARN] [1782299811.603532317] [mavros.sys]: FCU: UNK(8): EVENT 11047904 with args -0-128-0-16-1-0-0-0-0-0-0-0-0-199-191-127-128-0-0-0-0-0-0-0-0-0-0-0-0-0-0-0-0-0-0-0-0-0-0-0-
[mavros_node-1] [ERROR] [1782299811.604236399] [mavros.sys]: FCU: EVENT 9077977 with args -255-255-255-255-7-0-0-0-0-0-0-0-0-0-0-0-0-0-0-0-0-0-0-0-0-0-0-0-0-0-0-0-0-0-0-0-0-0-0-0-
[mavros_node-1] [ERROR] [1782299811.604342874] [mavros.sys]: FCU: EVENT 11464574 with args -0-64-0-0-20-0-0-0-0-0-0-0-0-0-0-0-0-0-0-0-0-0-0-0-0-0-0-0-0-0-0-0-0-0-0-0-0-0-0-0-
[mavros_node-1] [ERROR] [1782299811.604366971] [mavros.sys]: FCU: EVENT 10011251 with args -56-0-0-0-24-0-0-0-0-0-0-0-0-0-0-0-0-0-0-0-0-0-0-0-0-0-0-0-0-0-0-0-0-0-0-0-0-0-0-0-
[mavros_node-1] [INFO] [1782299811.604761285] [mavros.sys]: FCU: EVENT 377561 with args -8-0-0-0-20-0-0-0-0-0-0-0-0-0-0-0-0-0-0-0-0-0-0-0-0-0-0-0-0-0-0-0-0-0-0-0-0-0-0-0-
[mavros_node-1] [INFO] [1782299811.605193824] [mavros.sys]: FCU: EVENT 79408 with args -32-0-0-0-20-0-0-0-0-0-0-0-0-0-0-0-0-0-0-0-0-0-0-0-0-0-0-0-0-0-0-0-0-0-0-0-0-0-0-0-
[mavros_node-1] [INFO] [1782299811.605278412] [mavros.sys]: FCU: EVENT 6801787 with args -255-255-255-255-12-0-0-0-0-0-0-0-0-0-0-0-0-0-0-0-0-0-0-0-0-0-0-0-0-0-0-0-0-0-0-0-0-0-0-0-
[mavros_node-1] [WARN] [1782299811.605646647] [mavros.sys]: FCU: UNK(8): EVENT 1914663 with args -0-130-0-2-48-0-0-0-0-0-0-0-0-0-0-0-0-0-0-0-0-0-0-0-0-0-0-0-0-0-0-0-0-0-0-0-0-0-0-0-
[mavros_node-1] [ERROR] [1782299812.467804421] [mavros.sys]: VER: command plugin service call failed!
[mavros_node-1] [WARN] [1782299812.467911419] [mavros.sys]: VER: unicast request timeout, retries left 1
[mavros_node-1] [ERROR] [1782299813.454982387] [mavros.sys]: VER: command plugin service call failed!
[mavros_node-1] [WARN] [1782299813.455382798] [mavros.sys]: VER: unicast request timeout, retries left 0
[mavros_node-1] [WARN] [1782299813.642882480] [mavros.sys]: FCU: UNK(8): EVENT 11047904 with args -0-128-0-0-1-0-0-0-0-0-0-0-0-199-255-127-128-0-0-0-0-0-0-0-0-0-0-0-0-0-0-0-0-0-0-0-0-0-0-0-
[mavros_node-1] [ERROR] [1782299813.643172273] [mavros.sys]: FCU: EVENT 9077977 with args -255-255-255-255-7-0-0-0-0-0-0-0-0-0-0-0-0-0-0-0-0-0-0-0-0-0-0-0-0-0-0-0-0-0-0-0-0-0-0-0-
[mavros_node-1] [ERROR] [1782299813.644171311] [mavros.sys]: FCU: EVENT 10011251 with args -56-0-0-0-24-0-0-0-0-0-0-0-0-0-0-0-0-0-0-0-0-0-0-0-0-0-0-0-0-0-0-0-0-0-0-0-0-0-0-0-
[mavros_node-1] [INFO] [1782299813.644319296] [mavros.sys]: FCU: EVENT 377561 with args -8-0-0-0-20-0-0-0-0-0-0-0-0-0-0-0-0-0-0-0-0-0-0-0-0-0-0-0-0-0-0-0-0-0-0-0-0-0-0-0-
[mavros_node-1] [INFO] [1782299813.644427932] [mavros.sys]: FCU: EVENT 79408 with args -32-0-0-0-20-0-0-0-0-0-0-0-0-0-0-0-0-0-0-0-0-0-0-0-0-0-0-0-0-0-0-0-0-0-0-0-0-0-0-0-
[mavros_node-1] [INFO] [1782299813.644580085] [mavros.sys]: FCU: EVENT 6801787 with args -255-255-255-255-12-0-0-0-0-0-0-0-0-0-0-0-0-0-0-0-0-0-0-0-0-0-0-0-0-0-0-0-0-0-0-0-0-0-0-0-
[mavros_node-1] [WARN] [1782299813.645662550] [mavros.sys]: FCU: UNK(8): EVENT 1914663 with args -0-130-0-2-48-0-0-0-0-0-0-0-0-0-0-0-0-0-0-0-0-0-0-0-0-0-0-0-0-0-0-0-0-0-0-0-0-0-0-0-
[mavros_node-1] [ERROR] [1782299814.465996274] [mavros.sys]: VER: command plugin service call failed!
[mavros_node-1] [WARN] [1782299814.466586457] [mavros.sys]: VER: your FCU don't support AUTOPILOT_VERSION, switched to default capabilities
[mavros_node-1] [INFO] [1782299817.447568554] [mavros.home_position]: HP: requesting home position
[mavros_node-1] [INFO] [1782299822.448844228] [mavros.mission]: WP: mission received
[mavros_node-1] [INFO] [1782299827.451022380] [mavros.rallypoint]: RP: mission received
[mavros_node-1] [INFO] [1782299832.449108350] [mavros.geofence]: GF: mission received
