Flight run directory: /home/robot/ws_offboard_control/flight_records/20260624/flight_20260624_191639
Parameter snapshot: /home/robot/ws_offboard_control/flight_records/20260624/flight_20260624_191639/snapshot
Recording rosbag to: /home/robot/ws_offboard_control/flight_records/20260624/flight_20260624_191639/rosbag
Press Ctrl+C in this terminal to stop recording.
stdin is not a terminal device. Keyboard handling disabled.[INFO] [1782299818.481005687] [rosbag2_recorder]: Press SPACE for pausing/resuming
[INFO] [1782299818.482326425] [rosbag2_storage]: Opened database '/home/robot/ws_offboard_control/flight_records/20260624/flight_20260624_191639/rosbag/rosbag_0.db3' for READ_WRITE.
[INFO] [1782299818.484355089] [rosbag2_recorder]: Listening for topics...
[INFO] [1782299818.484368755] [rosbag2_recorder]: Event publisher thread: Starting
[INFO] [1782299818.487891192] [rosbag2_recorder]: Subscribed to topic '/minipc_mavros_offboard/mpc_setpoint_debug'
[INFO] [1782299818.489421646] [rosbag2_recorder]: Subscribed to topic '/path'
[INFO] [1782299818.491443538] [rosbag2_recorder]: Subscribed to topic '/mavros/vision_pose/pose_cov'
[INFO] [1782299818.492298065] [rosbag2_recorder]: Subscribed to topic '/mavros/setpoint_raw/local'
[INFO] [1782299818.493660311] [rosbag2_recorder]: Subscribed to topic '/cloud_registered'
[INFO] [1782299818.495553765] [rosbag2_recorder]: Subscribed to topic '/Odometry/guarded'
[INFO] [1782299818.500513186] [rosbag2_recorder]: Subscribed to topic '/Odometry'
[INFO] [1782299818.500744603] [rosbag2_recorder]: Recording...
[INFO] [1782299818.708799358] [rosbag2_recorder]: Subscribed to topic '/mavros/local_position/pose'
[INFO] [1782299818.709506325] [rosbag2_recorder]: Subscribed to topic '/mavros/local_position/odom'
[INFO] [1782299818.710058583] [rosbag2_recorder]: Subscribed to topic '/mavros/setpoint_raw/target_local'
[INFO] [1782299818.710601252] [rosbag2_recorder]: Subscribed to topic '/mavros/state'
