Flight run directory: /home/robot/ws_offboard_control/flight_records/20260624/flight_20260624_182747
Parameter snapshot: /home/robot/ws_offboard_control/flight_records/20260624/flight_20260624_182747/snapshot
Recording rosbag to: /home/robot/ws_offboard_control/flight_records/20260624/flight_20260624_182747/rosbag
Press Ctrl+C in this terminal to stop recording.
stdin is not a terminal device. Keyboard handling disabled.[INFO] [1782296885.189278101] [rosbag2_recorder]: Press SPACE for pausing/resuming
[INFO] [1782296885.190872015] [rosbag2_storage]: Opened database '/home/robot/ws_offboard_control/flight_records/20260624/flight_20260624_182747/rosbag/rosbag_0.db3' for READ_WRITE.
[INFO] [1782296885.192879686] [rosbag2_recorder]: Listening for topics...
[INFO] [1782296885.192901488] [rosbag2_recorder]: Event publisher thread: Starting
[INFO] [1782296885.194833271] [rosbag2_recorder]: Subscribed to topic '/minipc_mavros_offboard/mpc_setpoint_debug'
[INFO] [1782296885.195355958] [rosbag2_recorder]: Subscribed to topic '/mavros/setpoint_raw/local'
[INFO] [1782296885.195432549] [rosbag2_recorder]: Recording...
[INFO] [1782296885.299041447] [rosbag2_recorder]: Subscribed to topic '/Odometry'
[INFO] [1782296885.300643542] [rosbag2_recorder]: Subscribed to topic '/Odometry/guarded'
[INFO] [1782296885.302626734] [rosbag2_recorder]: Subscribed to topic '/cloud_registered'
[INFO] [1782296885.304841830] [rosbag2_recorder]: Subscribed to topic '/mavros/vision_pose/pose_cov'
[INFO] [1782296885.307025298] [rosbag2_recorder]: Subscribed to topic '/path'
[INFO] [1782296885.418290317] [rosbag2_recorder]: Subscribed to topic '/mavros/local_position/pose'
[INFO] [1782296885.420307590] [rosbag2_recorder]: Subscribed to topic '/mavros/local_position/odom'
[INFO] [1782296885.421844889] [rosbag2_recorder]: Subscribed to topic '/mavros/setpoint_raw/target_local'
[INFO] [1782296885.423312143] [rosbag2_recorder]: Subscribed to topic '/mavros/state'
