Flight run directory: /home/robot/ws_offboard_control/flight_records/20260624/flight_20260624_192804
Parameter snapshot: /home/robot/ws_offboard_control/flight_records/20260624/flight_20260624_192804/snapshot
Recording rosbag to: /home/robot/ws_offboard_control/flight_records/20260624/flight_20260624_192804/rosbag
Press Ctrl+C in this terminal to stop recording.
stdin is not a terminal device. Keyboard handling disabled.[INFO] [1782300502.518039466] [rosbag2_recorder]: Press SPACE for pausing/resuming
[INFO] [1782300502.519675008] [rosbag2_storage]: Opened database '/home/robot/ws_offboard_control/flight_records/20260624/flight_20260624_192804/rosbag/rosbag_0.db3' for READ_WRITE.
[INFO] [1782300502.523538509] [rosbag2_recorder]: Listening for topics...
[INFO] [1782300502.523573326] [rosbag2_recorder]: Event publisher thread: Starting
[INFO] [1782300502.529572695] [rosbag2_recorder]: Subscribed to topic '/minipc_mavros_offboard/mpc_setpoint_debug'
[INFO] [1782300502.533508890] [rosbag2_recorder]: Subscribed to topic '/path'
[INFO] [1782300502.536155831] [rosbag2_recorder]: Subscribed to topic '/mavros/vision_pose/pose_cov'
[INFO] [1782300502.538627661] [rosbag2_recorder]: Subscribed to topic '/mavros/setpoint_raw/local'
[INFO] [1782300502.541795195] [rosbag2_recorder]: Subscribed to topic '/cloud_registered'
[INFO] [1782300502.544150975] [rosbag2_recorder]: Subscribed to topic '/Odometry/guarded'
[INFO] [1782300502.546225995] [rosbag2_recorder]: Subscribed to topic '/Odometry'
[INFO] [1782300502.546464826] [rosbag2_recorder]: Recording...
[INFO] [1782300502.654092191] [rosbag2_recorder]: Subscribed to topic '/mavros/local_position/pose'
[INFO] [1782300502.657915426] [rosbag2_recorder]: Subscribed to topic '/mavros/local_position/odom'
[INFO] [1782300503.601964902] [rosbag2_recorder]: Subscribed to topic '/mavros/setpoint_raw/target_local'
[INFO] [1782300503.603593349] [rosbag2_recorder]: Subscribed to topic '/mavros/state'
