[INFO] [1782300496.269321938] [minipc_mavros_offboard]: Started minipc_mavros_offboard with arm_only=False, takeoff_height_m=0.8, hover_seconds=10.0, offboard_stabilize_seconds=20.0, use_rc_offboard=True, hold_after_arm_reject=True, ignore_z_in_arm_only=True, debug_hold_after_mode_drop=True, recent_pose_samples=30, require_vision_pose=True, vision_freshness_s=1.0, lift_only_seconds=2.5, z_ramp_seconds=2.0, target_xyz=(0.0, 1.0, -0.5), xy_move_unlock_height_m=0.5, yaw_deg=0.0, auto_land=False, land_on_offboard_loss=True, offboard_land=True, offboard_land_speed_mps=0.1, offboard_land_auto_handoff_height_m=0.1, target_reached_tolerance_m=0.15, landed_hold_seconds=0.0, drift_guard_enabled=True, drift_warning_m=0.2, drift_land_m=0.3, drift_emergency_m=0.5, legacy_max_horizontal_drift_m=0.5, mavros_state_freshness_s=1.5, control_mode=ramp
[INFO] [1782300496.302884202] [minipc_mavros_offboard]: Waiting for MAVROS connection
[INFO] [1782300498.055201043] [minipc_mavros_offboard]: Waiting for MAVROS local odometry before arming
[INFO] [1782300498.056568040] [minipc_mavros_offboard]: Averaged MAVROS local odometry at lock x=0.03, y=-0.01, z=-0.02
[INFO] [1782300498.057119804] [minipc_mavros_offboard]: Target setpoint locked to ENU for MAVROS local setpoint x=1.03, y=-0.01, z_start=-0.02, z_final=0.48
[INFO] [1782300498.100140984] [minipc_mavros_offboard]: Streaming pre-arm MAVROS setpoints
[INFO] [1782300503.100380285] [minipc_mavros_offboard]: Streaming setpoints and waiting for RC to switch OFFBOARD
[INFO] [1782300510.000869839] [minipc_mavros_offboard]: OFFBOARD reported by MAVROS state
[INFO] [1782300530.050168324] [minipc_mavros_offboard]: Arming vehicle
[INFO] [1782300530.051546577] [minipc_mavros_offboard]: Requested arming
[INFO] [1782300530.101739548] [minipc_mavros_offboard]: Locked hold yaw to current MAVROS local yaw -0.0 deg
[INFO] [1782300530.150714421] [minipc_mavros_offboard]: Holding MAVROS setpoint
[FATAL] [1782300530.151379323] [minipc_mavros_offboard]: Horizontal error emergency threshold exceeded: error=1.00 m >= emergency=0.50 m. Manual takeover recommended immediately.
[WARN] [1782300530.151858377] [minipc_mavros_offboard]: Horizontal error warning: error=1.00 m >= warning=0.20 m
[ERROR] [1782300530.152288573] [minipc_mavros_offboard]: Horizontal drift guard triggered: error=1.00 m >= limit=0.30 m. Automatic landing on drift is disabled; continuing to publish setpoints.
[INFO] [1782300530.153201772] [minipc_mavros_offboard]: Vehicle left armed/OFFBOARD state; continuing debug hold
[INFO] [1782300530.153662490] [minipc_mavros_offboard]: Debug hold after OFFBOARD/armed drop: connected=True, armed=False, guided=False, manual_input=False, mode=OFFBOARD
[INFO] [1782300530.200401815] [minipc_mavros_offboard]: Holding MAVROS setpoint
[INFO] [1782300530.201104796] [minipc_mavros_offboard]: Vehicle left armed/OFFBOARD state; continuing debug hold
[INFO] [1782300530.201323085] [minipc_mavros_offboard]: Debug hold after OFFBOARD/armed drop: connected=True, armed=False, guided=False, manual_input=False, mode=OFFBOARD
[INFO] [1782300530.257731359] [minipc_mavros_offboard]: Holding MAVROS setpoint
[INFO] [1782300530.261700022] [minipc_mavros_offboard]: Vehicle left armed/OFFBOARD state; continuing debug hold
[INFO] [1782300530.262743609] [minipc_mavros_offboard]: Debug hold after OFFBOARD/armed drop: connected=True, armed=False, guided=False, manual_input=False, mode=OFFBOARD
[INFO] [1782300530.300328831] [minipc_mavros_offboard]: Holding MAVROS setpoint
[INFO] [1782300530.301547048] [minipc_mavros_offboard]: Vehicle left armed/OFFBOARD state; continuing debug hold
[INFO] [1782300530.301811404] [minipc_mavros_offboard]: Debug hold after OFFBOARD/armed drop: connected=True, armed=False, guided=False, manual_input=False, mode=OFFBOARD
[INFO] [1782300530.350034263] [minipc_mavros_offboard]: Holding MAVROS setpoint
[INFO] [1782300530.350737760] [minipc_mavros_offboard]: Vehicle left armed/OFFBOARD state; continuing debug hold
[INFO] [1782300530.350958108] [minipc_mavros_offboard]: Debug hold after OFFBOARD/armed drop: connected=True, armed=False, guided=False, manual_input=False, mode=OFFBOARD
[INFO] [1782300530.401583344] [minipc_mavros_offboard]: Holding MAVROS setpoint
[INFO] [1782300530.404009206] [minipc_mavros_offboard]: Vehicle left armed/OFFBOARD state; continuing debug hold
[INFO] [1782300530.404712867] [minipc_mavros_offboard]: Debug hold after OFFBOARD/armed drop: connected=True, armed=False, guided=False, manual_input=False, mode=OFFBOARD
[INFO] [1782300530.450675165] [minipc_mavros_offboard]: Holding MAVROS setpoint
[INFO] [1782300530.451871644] [minipc_mavros_offboard]: Vehicle left armed/OFFBOARD state; continuing debug hold
[INFO] [1782300530.452339989] [minipc_mavros_offboard]: Debug hold after OFFBOARD/armed drop: connected=True, armed=False, guided=False, manual_input=False, mode=OFFBOARD
[INFO] [1782300530.501195489] [minipc_mavros_offboard]: Holding MAVROS setpoint
[INFO] [1782300530.503573877] [minipc_mavros_offboard]: Vehicle left armed/OFFBOARD state; continuing debug hold
[INFO] [1782300530.504204383] [minipc_mavros_offboard]: Debug hold after OFFBOARD/armed drop: connected=True, armed=False, guided=False, manual_input=False, mode=OFFBOARD
[INFO] [1782300530.550751351] [minipc_mavros_offboard]: Holding MAVROS setpoint
[INFO] [1782300530.551664092] [minipc_mavros_offboard]: Vehicle left armed/OFFBOARD state; continuing debug hold
[INFO] [1782300530.551846060] [minipc_mavros_offboard]: Debug hold after OFFBOARD/armed drop: connected=True, armed=False, guided=False, manual_input=False, mode=OFFBOARD
[INFO] [1782300530.600722737] [minipc_mavros_offboard]: Holding MAVROS setpoint
[INFO] [1782300530.601487499] [minipc_mavros_offboard]: Vehicle left armed/OFFBOARD state; continuing debug hold
[INFO] [1782300530.601710261] [minipc_mavros_offboard]: Debug hold after OFFBOARD/armed drop: connected=True, armed=False, guided=False, manual_input=False, mode=OFFBOARD
[INFO] [1782300530.652657028] [minipc_mavros_offboard]: Holding MAVROS setpoint
[INFO] [1782300530.656629469] [minipc_mavros_offboard]: Vehicle left armed/OFFBOARD state; continuing debug hold
[INFO] [1782300530.657662674] [minipc_mavros_offboard]: Debug hold after OFFBOARD/armed drop: connected=True, armed=False, guided=False, manual_input=False, mode=OFFBOARD
[INFO] [1782300530.700683577] [minipc_mavros_offboard]: Holding MAVROS setpoint
[INFO] [1782300530.702314973] [minipc_mavros_offboard]: Vehicle left armed/OFFBOARD state; continuing debug hold
[INFO] [1782300530.702795493] [minipc_mavros_offboard]: Debug hold after OFFBOARD/armed drop: connected=True, armed=False, guided=False, manual_input=False, mode=OFFBOARD
[INFO] [1782300530.750735753] [minipc_mavros_offboard]: Holding MAVROS setpoint
[INFO] [1782300530.752170270] [minipc_mavros_offboard]: Vehicle left armed/OFFBOARD state; continuing debug hold
[INFO] [1782300530.752758590] [minipc_mavros_offboard]: Debug hold after OFFBOARD/armed drop: connected=True, armed=False, guided=False, manual_input=False, mode=OFFBOARD
[INFO] [1782300530.800577745] [minipc_mavros_offboard]: Holding MAVROS setpoint
[INFO] [1782300530.802067883] [minipc_mavros_offboard]: Vehicle left armed/OFFBOARD state; continuing debug hold
[INFO] [1782300530.802378398] [minipc_mavros_offboard]: Debug hold after OFFBOARD/armed drop: connected=True, armed=False, guided=False, manual_input=False, mode=OFFBOARD
[INFO] [1782300530.849932703] [minipc_mavros_offboard]: Holding MAVROS setpoint
[INFO] [1782300530.850475249] [minipc_mavros_offboard]: Vehicle left armed/OFFBOARD state; continuing debug hold
[INFO] [1782300530.850692251] [minipc_mavros_offboard]: Debug hold after OFFBOARD/armed drop: connected=True, armed=False, guided=False, manual_input=False, mode=OFFBOARD
[INFO] [1782300530.900406058] [minipc_mavros_offboard]: Holding MAVROS setpoint
[INFO] [1782300530.901984817] [minipc_mavros_offboard]: Vehicle left armed/OFFBOARD state; continuing debug hold
[INFO] [1782300530.902233884] [minipc_mavros_offboard]: Debug hold after OFFBOARD/armed drop: connected=True, armed=False, guided=False, manual_input=False, mode=OFFBOARD
[INFO] [1782300530.949659976] [minipc_mavros_offboard]: Holding MAVROS setpoint
