Flight run directory: /home/robot/ws_offboard_control/flight_records/20260624/flight_20260624_183206
Parameter snapshot: /home/robot/ws_offboard_control/flight_records/20260624/flight_20260624_183206/snapshot
Recording rosbag to: /home/robot/ws_offboard_control/flight_records/20260624/flight_20260624_183206/rosbag
Press Ctrl+C in this terminal to stop recording.
stdin is not a terminal device. Keyboard handling disabled.[INFO] [1782297144.617708076] [rosbag2_recorder]: Press SPACE for pausing/resuming
[INFO] [1782297144.620282418] [rosbag2_storage]: Opened database '/home/robot/ws_offboard_control/flight_records/20260624/flight_20260624_183206/rosbag/rosbag_0.db3' for READ_WRITE.
[INFO] [1782297144.622678710] [rosbag2_recorder]: Listening for topics...
[INFO] [1782297144.622690152] [rosbag2_recorder]: Event publisher thread: Starting
[INFO] [1782297144.625992252] [rosbag2_recorder]: Subscribed to topic '/path'
[INFO] [1782297144.628042805] [rosbag2_recorder]: Subscribed to topic '/mavros/vision_pose/pose_cov'
[INFO] [1782297144.629928499] [rosbag2_recorder]: Subscribed to topic '/cloud_registered'
[INFO] [1782297144.631097035] [rosbag2_recorder]: Subscribed to topic '/Odometry'
[INFO] [1782297144.631232252] [rosbag2_recorder]: Recording...
[INFO] [1782297145.044010167] [rosbag2_recorder]: Subscribed to topic '/mavros/local_position/pose'
[INFO] [1782297145.051095872] [rosbag2_recorder]: Subscribed to topic '/mavros/local_position/odom'
[INFO] [1782297145.267215078] [rosbag2_recorder]: Subscribed to topic '/mavros/setpoint_raw/target_local'
[INFO] [1782297145.269473518] [rosbag2_recorder]: Subscribed to topic '/mavros/state'
[INFO] [1782297145.380973492] [rosbag2_recorder]: Subscribed to topic '/Odometry/guarded'
[INFO] [1782297145.383249103] [rosbag2_recorder]: Subscribed to topic '/mavros/setpoint_raw/local'
[INFO] [1782297145.385490221] [rosbag2_recorder]: Subscribed to topic '/minipc_mavros_offboard/mpc_setpoint_debug'
