Flight run directory: /home/robot/ws_offboard_control/flight_records/20260624/flight_20260624_163951
Parameter snapshot: /home/robot/ws_offboard_control/flight_records/20260624/flight_20260624_163951/snapshot
Recording rosbag to: /home/robot/ws_offboard_control/flight_records/20260624/flight_20260624_163951/rosbag
Press Ctrl+C in this terminal to stop recording.
stdin is not a terminal device. Keyboard handling disabled.[INFO] [1782290409.420749273] [rosbag2_recorder]: Press SPACE for pausing/resuming
[INFO] [1782290409.423140712] [rosbag2_storage]: Opened database '/home/robot/ws_offboard_control/flight_records/20260624/flight_20260624_163951/rosbag/rosbag_0.db3' for READ_WRITE.
[INFO] [1782290409.426872967] [rosbag2_recorder]: Listening for topics...
[INFO] [1782290409.426879763] [rosbag2_recorder]: Event publisher thread: Starting
[INFO] [1782290409.432317738] [rosbag2_recorder]: Subscribed to topic '/path'
[INFO] [1782290409.447372851] [rosbag2_recorder]: Subscribed to topic '/minipc_mavros_offboard/mpc_setpoint_debug'
[INFO] [1782290409.448438444] [rosbag2_recorder]: Subscribed to topic '/mavros/setpoint_raw/local'
[INFO] [1782290409.450837321] [rosbag2_recorder]: Subscribed to topic '/cloud_registered'
[INFO] [1782290409.452295787] [rosbag2_recorder]: Subscribed to topic '/Odometry/guarded'
[INFO] [1782290409.453511932] [rosbag2_recorder]: Subscribed to topic '/Odometry'
[INFO] [1782290409.453647286] [rosbag2_recorder]: Recording...
[INFO] [1782290409.557802623] [rosbag2_recorder]: Subscribed to topic '/mavros/local_position/pose'
[INFO] [1782290409.558532761] [rosbag2_recorder]: Subscribed to topic '/mavros/local_position/odom'
[INFO] [1782290409.868852432] [rosbag2_recorder]: Subscribed to topic '/mavros/setpoint_raw/target_local'
[INFO] [1782290410.504920053] [rosbag2_recorder]: Subscribed to topic '/mavros/vision_pose/pose_cov'
[INFO] [1782290410.719232015] [rosbag2_recorder]: Subscribed to topic '/mavros/state'
