[INFO] [1782290403.049144905] [minipc_mavros_offboard]: Started minipc_mavros_offboard with arm_only=False, takeoff_height_m=0.8, hover_seconds=10.0, offboard_stabilize_seconds=20.0, use_rc_offboard=True, hold_after_arm_reject=True, ignore_z_in_arm_only=True, debug_hold_after_mode_drop=True, recent_pose_samples=30, require_vision_pose=True, vision_freshness_s=1.0, lift_only_seconds=2.5, z_ramp_seconds=2.0, target_xyz=(0.0, 0.0, -1.0), yaw_deg=0.0, auto_land=False, land_on_offboard_loss=True, offboard_land=True, offboard_land_speed_mps=0.1, offboard_land_auto_handoff_height_m=0.1, target_reached_tolerance_m=0.15, landed_hold_seconds=0.0, drift_guard_enabled=True, drift_warning_m=0.2, drift_land_m=0.3, drift_emergency_m=0.5, legacy_max_horizontal_drift_m=0.5, control_mode=ramp
[INFO] [1782290403.085813250] [minipc_mavros_offboard]: Waiting for MAVROS connection
[INFO] [1782290405.336114177] [minipc_mavros_offboard]: Waiting for MAVROS local odometry before arming
[INFO] [1782290405.336919113] [minipc_mavros_offboard]: Averaged MAVROS local odometry at lock x=0.02, y=-0.01, z=-0.02
[INFO] [1782290405.337215148] [minipc_mavros_offboard]: Target setpoint locked to ENU for MAVROS local setpoint x=0.02, y=-0.01, z_start=-0.02, z_final=0.98
[INFO] [1782290405.386699653] [minipc_mavros_offboard]: Streaming pre-arm MAVROS setpoints
[INFO] [1782290410.386395090] [minipc_mavros_offboard]: Streaming setpoints and waiting for RC to switch OFFBOARD
[INFO] [1782290420.439713243] [minipc_mavros_offboard]: OFFBOARD reported by MAVROS state
[INFO] [1782290421.436199506] [minipc_mavros_offboard]: OFFBOARD reported by MAVROS state
[INFO] [1782290432.437501515] [minipc_mavros_offboard]: OFFBOARD reported by MAVROS state
[INFO] [1782290433.436787378] [minipc_mavros_offboard]: OFFBOARD reported by MAVROS state
[INFO] [1782290434.436701544] [minipc_mavros_offboard]: OFFBOARD reported by MAVROS state
[INFO] [1782290435.437637426] [minipc_mavros_offboard]: OFFBOARD reported by MAVROS state
[INFO] [1782290436.437617330] [minipc_mavros_offboard]: OFFBOARD reported by MAVROS state
[INFO] [1782290437.437239934] [minipc_mavros_offboard]: OFFBOARD reported by MAVROS state
[INFO] [1782290438.436621617] [minipc_mavros_offboard]: OFFBOARD reported by MAVROS state
[INFO] [1782290439.436680808] [minipc_mavros_offboard]: OFFBOARD reported by MAVROS state
[INFO] [1782290440.437789777] [minipc_mavros_offboard]: OFFBOARD reported by MAVROS state
[INFO] [1782290441.436080343] [minipc_mavros_offboard]: OFFBOARD reported by MAVROS state
[INFO] [1782290442.437525611] [minipc_mavros_offboard]: OFFBOARD reported by MAVROS state
[INFO] [1782290443.436921983] [minipc_mavros_offboard]: OFFBOARD reported by MAVROS state
[INFO] [1782290444.436535216] [minipc_mavros_offboard]: OFFBOARD reported by MAVROS state
[INFO] [1782290445.437030763] [minipc_mavros_offboard]: OFFBOARD reported by MAVROS state
[INFO] [1782290446.436707624] [minipc_mavros_offboard]: OFFBOARD reported by MAVROS state
[INFO] [1782290447.437063260] [minipc_mavros_offboard]: OFFBOARD reported by MAVROS state
[INFO] [1782290448.438710699] [minipc_mavros_offboard]: OFFBOARD reported by MAVROS state
[INFO] [1782290449.436506666] [minipc_mavros_offboard]: OFFBOARD reported by MAVROS state
[INFO] [1782290450.487165344] [minipc_mavros_offboard]: OFFBOARD reported by MAVROS state
[INFO] [1782290451.436026852] [minipc_mavros_offboard]: OFFBOARD reported by MAVROS state
[INFO] [1782290452.435957526] [minipc_mavros_offboard]: OFFBOARD reported by MAVROS state
[INFO] [1782290453.436994320] [minipc_mavros_offboard]: OFFBOARD reported by MAVROS state
[INFO] [1782290454.439045879] [minipc_mavros_offboard]: OFFBOARD reported by MAVROS state
[INFO] [1782290455.437011908] [minipc_mavros_offboard]: OFFBOARD reported by MAVROS state
[INFO] [1782290456.435937577] [minipc_mavros_offboard]: OFFBOARD reported by MAVROS state
[INFO] [1782290457.487180003] [minipc_mavros_offboard]: OFFBOARD reported by MAVROS state
[INFO] [1782290458.486187849] [minipc_mavros_offboard]: OFFBOARD reported by MAVROS state
[INFO] [1782290459.435926559] [minipc_mavros_offboard]: OFFBOARD reported by MAVROS state
[INFO] [1782290460.437734129] [minipc_mavros_offboard]: OFFBOARD reported by MAVROS state
[INFO] [1782290461.436824138] [minipc_mavros_offboard]: OFFBOARD reported by MAVROS state
[INFO] [1782290462.436309356] [minipc_mavros_offboard]: OFFBOARD reported by MAVROS state
[INFO] [1782290463.487081545] [minipc_mavros_offboard]: OFFBOARD reported by MAVROS state
[INFO] [1782290464.438010706] [minipc_mavros_offboard]: OFFBOARD reported by MAVROS state
[INFO] [1782290465.488308302] [minipc_mavros_offboard]: OFFBOARD reported by MAVROS state
[INFO] [1782290466.437027805] [minipc_mavros_offboard]: OFFBOARD reported by MAVROS state
[INFO] [1782290467.486037778] [minipc_mavros_offboard]: OFFBOARD reported by MAVROS state
[INFO] [1782290468.436606423] [minipc_mavros_offboard]: OFFBOARD reported by MAVROS state
[INFO] [1782290469.487556834] [minipc_mavros_offboard]: OFFBOARD reported by MAVROS state
[INFO] [1782290470.487482776] [minipc_mavros_offboard]: OFFBOARD reported by MAVROS state
[INFO] [1782290471.486398992] [minipc_mavros_offboard]: OFFBOARD reported by MAVROS state
[INFO] [1782290472.487020407] [minipc_mavros_offboard]: OFFBOARD reported by MAVROS state
[INFO] [1782290473.485774590] [minipc_mavros_offboard]: OFFBOARD reported by MAVROS state
[INFO] [1782290474.487045826] [minipc_mavros_offboard]: OFFBOARD reported by MAVROS state
[INFO] [1782290475.487431837] [minipc_mavros_offboard]: OFFBOARD reported by MAVROS state
[INFO] [1782290476.486494428] [minipc_mavros_offboard]: OFFBOARD reported by MAVROS state
[INFO] [1782290477.486444244] [minipc_mavros_offboard]: OFFBOARD reported by MAVROS state
[INFO] [1782290478.487484823] [minipc_mavros_offboard]: OFFBOARD reported by MAVROS state
[INFO] [1782290479.486219405] [minipc_mavros_offboard]: OFFBOARD reported by MAVROS state
[INFO] [1782290480.493106481] [minipc_mavros_offboard]: OFFBOARD reported by MAVROS state
[INFO] [1782290481.486399233] [minipc_mavros_offboard]: OFFBOARD reported by MAVROS state
[INFO] [1782290482.490064045] [minipc_mavros_offboard]: OFFBOARD reported by MAVROS state
[INFO] [1782290483.486481034] [minipc_mavros_offboard]: OFFBOARD reported by MAVROS state
[INFO] [1782290484.486969132] [minipc_mavros_offboard]: OFFBOARD reported by MAVROS state
[INFO] [1782290485.488907924] [minipc_mavros_offboard]: OFFBOARD reported by MAVROS state
[INFO] [1782290486.488019727] [minipc_mavros_offboard]: OFFBOARD reported by MAVROS state
[INFO] [1782290487.486756594] [minipc_mavros_offboard]: OFFBOARD reported by MAVROS state
[INFO] [1782290488.486470084] [minipc_mavros_offboard]: OFFBOARD reported by MAVROS state
[INFO] [1782290489.486065525] [minipc_mavros_offboard]: OFFBOARD reported by MAVROS state
[INFO] [1782290490.486974896] [minipc_mavros_offboard]: OFFBOARD reported by MAVROS state
[INFO] [1782290491.487681306] [minipc_mavros_offboard]: OFFBOARD reported by MAVROS state
[INFO] [1782290492.486451623] [minipc_mavros_offboard]: OFFBOARD reported by MAVROS state
[INFO] [1782290493.487531955] [minipc_mavros_offboard]: OFFBOARD reported by MAVROS state
[INFO] [1782290494.486686166] [minipc_mavros_offboard]: OFFBOARD reported by MAVROS state
[INFO] [1782290495.487347594] [minipc_mavros_offboard]: OFFBOARD reported by MAVROS state
[INFO] [1782290496.486107224] [minipc_mavros_offboard]: OFFBOARD reported by MAVROS state
[INFO] [1782290497.486028209] [minipc_mavros_offboard]: OFFBOARD reported by MAVROS state
[INFO] [1782290498.486654843] [minipc_mavros_offboard]: OFFBOARD reported by MAVROS state
[INFO] [1782290499.487038297] [minipc_mavros_offboard]: OFFBOARD reported by MAVROS state
[INFO] [1782290500.486838526] [minipc_mavros_offboard]: OFFBOARD reported by MAVROS state
[INFO] [1782290501.487675865] [minipc_mavros_offboard]: OFFBOARD reported by MAVROS state
[INFO] [1782290502.486583469] [minipc_mavros_offboard]: OFFBOARD reported by MAVROS state
[INFO] [1782290503.486334221] [minipc_mavros_offboard]: OFFBOARD reported by MAVROS state
[INFO] [1782290504.486036511] [minipc_mavros_offboard]: OFFBOARD reported by MAVROS state
[INFO] [1782290505.486426862] [minipc_mavros_offboard]: OFFBOARD reported by MAVROS state
[INFO] [1782290506.487134492] [minipc_mavros_offboard]: OFFBOARD reported by MAVROS state
[INFO] [1782290507.486537793] [minipc_mavros_offboard]: OFFBOARD reported by MAVROS state
[INFO] [1782290508.485945324] [minipc_mavros_offboard]: OFFBOARD reported by MAVROS state
[INFO] [1782290509.485957776] [minipc_mavros_offboard]: OFFBOARD reported by MAVROS state
[INFO] [1782290755.436452820] [minipc_mavros_offboard]: OFFBOARD reported by MAVROS state
