Flight run directory: /home/robot/ws_offboard_control/flight_records/20260624/flight_20260624_165416
Parameter snapshot: /home/robot/ws_offboard_control/flight_records/20260624/flight_20260624_165416/snapshot
Recording rosbag to: /home/robot/ws_offboard_control/flight_records/20260624/flight_20260624_165416/rosbag
Press Ctrl+C in this terminal to stop recording.
stdin is not a terminal device. Keyboard handling disabled.[INFO] [1782291273.843810914] [rosbag2_recorder]: Press SPACE for pausing/resuming
[INFO] [1782291273.845590404] [rosbag2_storage]: Opened database '/home/robot/ws_offboard_control/flight_records/20260624/flight_20260624_165416/rosbag/rosbag_0.db3' for READ_WRITE.
[INFO] [1782291273.847865663] [rosbag2_recorder]: Listening for topics...
[INFO] [1782291273.847886753] [rosbag2_recorder]: Event publisher thread: Starting
[INFO] [1782291273.851775717] [rosbag2_recorder]: Subscribed to topic '/minipc_mavros_offboard/mpc_setpoint_debug'
[INFO] [1782291273.853687785] [rosbag2_recorder]: Subscribed to topic '/path'
[INFO] [1782291273.855465359] [rosbag2_recorder]: Subscribed to topic '/mavros/vision_pose/pose_cov'
[INFO] [1782291273.856082928] [rosbag2_recorder]: Subscribed to topic '/mavros/setpoint_raw/local'
[INFO] [1782291273.857050306] [rosbag2_recorder]: Subscribed to topic '/cloud_registered'
[INFO] [1782291273.857712739] [rosbag2_recorder]: Subscribed to topic '/Odometry/guarded'
[INFO] [1782291273.858493674] [rosbag2_recorder]: Subscribed to topic '/Odometry'
[INFO] [1782291273.858601659] [rosbag2_recorder]: Recording...
[INFO] [1782291274.168824886] [rosbag2_recorder]: Subscribed to topic '/mavros/local_position/pose'
[INFO] [1782291274.170028825] [rosbag2_recorder]: Subscribed to topic '/mavros/local_position/odom'
[INFO] [1782291274.170853475] [rosbag2_recorder]: Subscribed to topic '/mavros/setpoint_raw/target_local'
[INFO] [1782291274.274644897] [rosbag2_recorder]: Subscribed to topic '/mavros/state'
