[INFO] [1782291267.777615137] [minipc_mavros_offboard]: Started minipc_mavros_offboard with arm_only=False, takeoff_height_m=0.8, hover_seconds=10.0, offboard_stabilize_seconds=20.0, use_rc_offboard=True, hold_after_arm_reject=True, ignore_z_in_arm_only=True, debug_hold_after_mode_drop=True, recent_pose_samples=30, require_vision_pose=True, vision_freshness_s=1.0, lift_only_seconds=2.5, z_ramp_seconds=2.0, target_xyz=(0.0, 0.0, -1.0), yaw_deg=0.0, auto_land=False, land_on_offboard_loss=True, offboard_land=True, offboard_land_speed_mps=0.1, offboard_land_auto_handoff_height_m=0.1, target_reached_tolerance_m=0.15, landed_hold_seconds=0.0, drift_guard_enabled=True, drift_warning_m=0.2, drift_land_m=0.3, drift_emergency_m=0.5, legacy_max_horizontal_drift_m=0.5, mavros_state_freshness_s=1.5, control_mode=ramp
[INFO] [1782291267.813260631] [minipc_mavros_offboard]: Waiting for MAVROS connection
[INFO] [1782291271.263677157] [minipc_mavros_offboard]: Waiting for MAVROS local odometry before arming
[INFO] [1782291271.264251072] [minipc_mavros_offboard]: Averaged MAVROS local odometry at lock x=-0.07, y=0.01, z=-0.04
[INFO] [1782291271.264489117] [minipc_mavros_offboard]: Target setpoint locked to ENU for MAVROS local setpoint x=-0.07, y=0.01, z_start=-0.04, z_final=0.96
[INFO] [1782291271.313599458] [minipc_mavros_offboard]: Streaming pre-arm MAVROS setpoints
[INFO] [1782291276.313878758] [minipc_mavros_offboard]: Streaming setpoints and waiting for RC to switch OFFBOARD
[INFO] [1782291282.564059098] [minipc_mavros_offboard]: OFFBOARD reported by MAVROS state
[INFO] [1782291285.764507455] [minipc_mavros_offboard]: OFFBOARD reported by MAVROS state
[INFO] [1782291305.817034625] [minipc_mavros_offboard]: Arming vehicle
[INFO] [1782291305.820610223] [minipc_mavros_offboard]: Requested arming
[INFO] [1782291305.964104362] [minipc_mavros_offboard]: Holding MAVROS setpoint
[INFO] [1782291305.965215304] [minipc_mavros_offboard]: Vehicle left armed/OFFBOARD state; continuing debug hold
[INFO] [1782291305.965716088] [minipc_mavros_offboard]: Debug hold after OFFBOARD/armed drop: connected=True, armed=False, guided=False, manual_input=False, mode=OFFBOARD
[INFO] [1782291306.013894869] [minipc_mavros_offboard]: Holding MAVROS setpoint
[INFO] [1782291306.015856053] [minipc_mavros_offboard]: Vehicle left armed/OFFBOARD state; continuing debug hold
[INFO] [1782291306.016569962] [minipc_mavros_offboard]: Debug hold after OFFBOARD/armed drop: connected=True, armed=False, guided=False, manual_input=False, mode=OFFBOARD
[INFO] [1782291306.064008788] [minipc_mavros_offboard]: Holding MAVROS setpoint
[INFO] [1782291306.065418018] [minipc_mavros_offboard]: Vehicle left armed/OFFBOARD state; continuing debug hold
[INFO] [1782291306.065790981] [minipc_mavros_offboard]: Debug hold after OFFBOARD/armed drop: connected=True, armed=False, guided=False, manual_input=False, mode=OFFBOARD
[INFO] [1782291306.113614366] [minipc_mavros_offboard]: Holding MAVROS setpoint
[INFO] [1782291306.114399473] [minipc_mavros_offboard]: Vehicle left armed/OFFBOARD state; continuing debug hold
[INFO] [1782291306.114599871] [minipc_mavros_offboard]: Debug hold after OFFBOARD/armed drop: connected=True, armed=False, guided=False, manual_input=False, mode=OFFBOARD
[INFO] [1782291306.163613868] [minipc_mavros_offboard]: Holding MAVROS setpoint
[INFO] [1782291306.164557010] [minipc_mavros_offboard]: Vehicle left armed/OFFBOARD state; continuing debug hold
[INFO] [1782291306.165017357] [minipc_mavros_offboard]: Debug hold after OFFBOARD/armed drop: connected=True, armed=False, guided=False, manual_input=False, mode=OFFBOARD
[INFO] [1782291306.226106689] [minipc_mavros_offboard]: Holding MAVROS setpoint
[INFO] [1782291306.228856513] [minipc_mavros_offboard]: Vehicle left armed/OFFBOARD state; continuing debug hold
[INFO] [1782291306.229540832] [minipc_mavros_offboard]: Debug hold after OFFBOARD/armed drop: connected=True, armed=False, guided=True, manual_input=False, mode=AUTO.LOITER
[INFO] [1782291306.263799602] [minipc_mavros_offboard]: Holding MAVROS setpoint
[INFO] [1782291306.264982596] [minipc_mavros_offboard]: Vehicle left armed/OFFBOARD state; continuing debug hold
[INFO] [1782291306.265252771] [minipc_mavros_offboard]: Debug hold after OFFBOARD/armed drop: connected=True, armed=False, guided=True, manual_input=False, mode=AUTO.LOITER
[INFO] [1782291306.313695403] [minipc_mavros_offboard]: Holding MAVROS setpoint
[INFO] [1782291306.315975328] [minipc_mavros_offboard]: Vehicle left armed/OFFBOARD state; continuing debug hold
[INFO] [1782291306.316404028] [minipc_mavros_offboard]: Debug hold after OFFBOARD/armed drop: connected=True, armed=False, guided=True, manual_input=False, mode=AUTO.LOITER
[INFO] [1782291306.364059229] [minipc_mavros_offboard]: Holding MAVROS setpoint
[INFO] [1782291306.366175558] [minipc_mavros_offboard]: Vehicle left armed/OFFBOARD state; continuing debug hold
[INFO] [1782291306.366691391] [minipc_mavros_offboard]: Debug hold after OFFBOARD/armed drop: connected=True, armed=False, guided=True, manual_input=False, mode=AUTO.LOITER
[INFO] [1782291306.414400086] [minipc_mavros_offboard]: Holding MAVROS setpoint
[INFO] [1782291306.416145288] [minipc_mavros_offboard]: Vehicle left armed/OFFBOARD state; continuing debug hold
[INFO] [1782291306.416982725] [minipc_mavros_offboard]: Debug hold after OFFBOARD/armed drop: connected=True, armed=False, guided=True, manual_input=False, mode=AUTO.LOITER
[INFO] [1782291306.464348267] [minipc_mavros_offboard]: Holding MAVROS setpoint
[INFO] [1782291306.465628062] [minipc_mavros_offboard]: Vehicle left armed/OFFBOARD state; continuing debug hold
[INFO] [1782291306.466185014] [minipc_mavros_offboard]: Debug hold after OFFBOARD/armed drop: connected=True, armed=False, guided=False, manual_input=False, mode=OFFBOARD
[INFO] [1782291306.513727572] [minipc_mavros_offboard]: Holding MAVROS setpoint
[INFO] [1782291306.515206270] [minipc_mavros_offboard]: Vehicle left armed/OFFBOARD state; continuing debug hold
[INFO] [1782291306.515736871] [minipc_mavros_offboard]: Debug hold after OFFBOARD/armed drop: connected=True, armed=False, guided=False, manual_input=False, mode=OFFBOARD
[INFO] [1782291306.564547070] [minipc_mavros_offboard]: Holding MAVROS setpoint
[INFO] [1782291306.566437479] [minipc_mavros_offboard]: Vehicle left armed/OFFBOARD state; continuing debug hold
[INFO] [1782291306.567551794] [minipc_mavros_offboard]: Debug hold after OFFBOARD/armed drop: connected=True, armed=False, guided=False, manual_input=False, mode=OFFBOARD
[INFO] [1782291306.614099057] [minipc_mavros_offboard]: Holding MAVROS setpoint
[WARN] [1782291309.369231292] [minipc_mavros_offboard]: Horizontal error warning: error=0.20 m >= warning=0.20 m
[INFO] [1782291315.817082940] [minipc_mavros_offboard]: Target reached; starting hover timer before landing
[INFO] [1782291325.914978137] [minipc_mavros_offboard]: Landing with OFFBOARD position setpoints
[INFO] [1782291325.919926739] [minipc_mavros_offboard]: Starting OFFBOARD controlled landing: z_start=0.91, z_end=-0.04, speed=0.10 m/s
[INFO] [1782291332.921363515] [minipc_mavros_offboard]: OFFBOARD landing reached AUTO.LAND handoff height; requesting AUTO.LAND
[INFO] [1782291332.965384614] [minipc_mavros_offboard]: Landing
[INFO] [1782291332.968819456] [minipc_mavros_offboard]: Requested AUTO.LAND mode
[INFO] [1782291333.064961679] [minipc_mavros_offboard]: MAVROS offboard control completed; stopping node
