[INFO] [1781688459.367850049] [minipc_mavros_offboard]: Started minipc_mavros_offboard with arm_only=False, takeoff_height_m=0.8, hover_seconds=10.0, offboard_stabilize_seconds=20.0, use_rc_offboard=True, hold_after_arm_reject=True, ignore_z_in_arm_only=True, debug_hold_after_mode_drop=True, recent_pose_samples=30, require_vision_pose=True, vision_freshness_s=1.0, lift_only_seconds=2.5, z_ramp_seconds=2.0, target_xyz=(0.0, 0.0, -0.5), yaw_deg=0.0, auto_land=False, drift_guard_enabled=True, drift_warning_m=0.2, drift_land_m=0.3, drift_emergency_m=0.5, legacy_max_horizontal_drift_m=0.5
[INFO] [1781688459.400927392] [minipc_mavros_offboard]: Waiting for MAVROS connection
[INFO] [1781688460.099327825] [minipc_mavros_offboard]: Waiting for MAVROS local odometry before arming
[INFO] [1781688460.151104712] [minipc_mavros_offboard]: Averaged MAVROS local odometry at lock x=0.00, y=-0.01, z=-0.02
[INFO] [1781688460.151712271] [minipc_mavros_offboard]: Target setpoint locked to ENU for MAVROS local setpoint x=0.00, y=-0.01, z_start=-0.02, z_final=0.48
[INFO] [1781688460.199013335] [minipc_mavros_offboard]: Streaming pre-arm MAVROS setpoints
[INFO] [1781688465.199754648] [minipc_mavros_offboard]: Streaming setpoints and waiting for RC to switch OFFBOARD
[INFO] [1781688469.053238657] [minipc_mavros_offboard]: OFFBOARD reported by MAVROS state
[INFO] [1781688489.149571497] [minipc_mavros_offboard]: Arming vehicle
[INFO] [1781688489.151156237] [minipc_mavros_offboard]: Requested arming
[INFO] [1781688489.249087161] [minipc_mavros_offboard]: Holding MAVROS setpoint
[INFO] [1781688489.250193823] [minipc_mavros_offboard]: Vehicle left armed/OFFBOARD state; continuing debug hold
[INFO] [1781688489.250701301] [minipc_mavros_offboard]: Debug hold after OFFBOARD/armed drop: connected=True, armed=False, guided=False, manual_input=False, mode=OFFBOARD
[INFO] [1781688489.298982377] [minipc_mavros_offboard]: Holding MAVROS setpoint
[INFO] [1781688489.299705359] [minipc_mavros_offboard]: Vehicle left armed/OFFBOARD state; continuing debug hold
[INFO] [1781688489.300302329] [minipc_mavros_offboard]: Debug hold after OFFBOARD/armed drop: connected=True, armed=False, guided=False, manual_input=False, mode=OFFBOARD
[INFO] [1781688489.349617452] [minipc_mavros_offboard]: Holding MAVROS setpoint
[INFO] [1781688489.350937540] [minipc_mavros_offboard]: Vehicle left armed/OFFBOARD state; continuing debug hold
[INFO] [1781688489.351418914] [minipc_mavros_offboard]: Debug hold after OFFBOARD/armed drop: connected=True, armed=False, guided=False, manual_input=False, mode=OFFBOARD
[INFO] [1781688489.399186109] [minipc_mavros_offboard]: Holding MAVROS setpoint
[INFO] [1781688489.400043819] [minipc_mavros_offboard]: Vehicle left armed/OFFBOARD state; continuing debug hold
[INFO] [1781688489.400244385] [minipc_mavros_offboard]: Debug hold after OFFBOARD/armed drop: connected=True, armed=False, guided=False, manual_input=False, mode=OFFBOARD
[INFO] [1781688489.449500230] [minipc_mavros_offboard]: Holding MAVROS setpoint
[INFO] [1781688489.450826424] [minipc_mavros_offboard]: Vehicle left armed/OFFBOARD state; continuing debug hold
[INFO] [1781688489.451392317] [minipc_mavros_offboard]: Debug hold after OFFBOARD/armed drop: connected=True, armed=False, guided=False, manual_input=False, mode=OFFBOARD
[INFO] [1781688489.500214260] [minipc_mavros_offboard]: Holding MAVROS setpoint
[INFO] [1781688489.502148603] [minipc_mavros_offboard]: Vehicle left armed/OFFBOARD state; continuing debug hold
[INFO] [1781688489.502666916] [minipc_mavros_offboard]: Debug hold after OFFBOARD/armed drop: connected=True, armed=False, guided=False, manual_input=False, mode=OFFBOARD
[INFO] [1781688489.549604510] [minipc_mavros_offboard]: Holding MAVROS setpoint
[INFO] [1781688489.550569916] [minipc_mavros_offboard]: Vehicle left armed/OFFBOARD state; continuing debug hold
[INFO] [1781688489.551033525] [minipc_mavros_offboard]: Debug hold after OFFBOARD/armed drop: connected=True, armed=False, guided=False, manual_input=False, mode=OFFBOARD
[INFO] [1781688489.599564001] [minipc_mavros_offboard]: Holding MAVROS setpoint
[INFO] [1781688489.600172050] [minipc_mavros_offboard]: Vehicle left armed/OFFBOARD state; continuing debug hold
[INFO] [1781688489.600377752] [minipc_mavros_offboard]: Debug hold after OFFBOARD/armed drop: connected=True, armed=False, guided=False, manual_input=False, mode=OFFBOARD
[INFO] [1781688489.652805104] [minipc_mavros_offboard]: Holding MAVROS setpoint
[INFO] [1781688489.655010673] [minipc_mavros_offboard]: Vehicle left armed/OFFBOARD state; continuing debug hold
[INFO] [1781688489.655554707] [minipc_mavros_offboard]: Debug hold after OFFBOARD/armed drop: connected=True, armed=False, guided=False, manual_input=False, mode=OFFBOARD
[INFO] [1781688489.699536111] [minipc_mavros_offboard]: Holding MAVROS setpoint
[INFO] [1781688489.700680476] [minipc_mavros_offboard]: Vehicle left armed/OFFBOARD state; continuing debug hold
[INFO] [1781688489.701213267] [minipc_mavros_offboard]: Debug hold after OFFBOARD/armed drop: connected=True, armed=False, guided=False, manual_input=False, mode=OFFBOARD
[INFO] [1781688489.749379500] [minipc_mavros_offboard]: Holding MAVROS setpoint
[INFO] [1781688489.750253839] [minipc_mavros_offboard]: Vehicle left armed/OFFBOARD state; continuing debug hold
[INFO] [1781688489.750653088] [minipc_mavros_offboard]: Debug hold after OFFBOARD/armed drop: connected=True, armed=False, guided=False, manual_input=False, mode=OFFBOARD
[INFO] [1781688489.800909767] [minipc_mavros_offboard]: Holding MAVROS setpoint
[INFO] [1781688489.802804005] [minipc_mavros_offboard]: Vehicle left armed/OFFBOARD state; continuing debug hold
[INFO] [1781688489.803172952] [minipc_mavros_offboard]: Debug hold after OFFBOARD/armed drop: connected=True, armed=False, guided=False, manual_input=False, mode=OFFBOARD
[INFO] [1781688489.849248410] [minipc_mavros_offboard]: Holding MAVROS setpoint
[INFO] [1781688489.850342893] [minipc_mavros_offboard]: Vehicle left armed/OFFBOARD state; continuing debug hold
[INFO] [1781688489.850599386] [minipc_mavros_offboard]: Debug hold after OFFBOARD/armed drop: connected=True, armed=False, guided=False, manual_input=False, mode=OFFBOARD
[INFO] [1781688489.898952003] [minipc_mavros_offboard]: Holding MAVROS setpoint
[INFO] [1781688489.899414504] [minipc_mavros_offboard]: Vehicle left armed/OFFBOARD state; continuing debug hold
[INFO] [1781688489.899620083] [minipc_mavros_offboard]: Debug hold after OFFBOARD/armed drop: connected=True, armed=False, guided=False, manual_input=False, mode=OFFBOARD
[INFO] [1781688489.948894826] [minipc_mavros_offboard]: Holding MAVROS setpoint
[INFO] [1781688489.949567305] [minipc_mavros_offboard]: Vehicle left armed/OFFBOARD state; continuing debug hold
[INFO] [1781688489.949843626] [minipc_mavros_offboard]: Debug hold after OFFBOARD/armed drop: connected=True, armed=False, guided=False, manual_input=False, mode=OFFBOARD
[INFO] [1781688489.999632516] [minipc_mavros_offboard]: Holding MAVROS setpoint
[INFO] [1781688490.000710312] [minipc_mavros_offboard]: Vehicle left armed/OFFBOARD state; continuing debug hold
[INFO] [1781688490.001202176] [minipc_mavros_offboard]: Debug hold after OFFBOARD/armed drop: connected=True, armed=False, guided=False, manual_input=False, mode=OFFBOARD
[INFO] [1781688490.049240663] [minipc_mavros_offboard]: Holding MAVROS setpoint
[WARN] [1781688494.599077312] [minipc_mavros_offboard]: Horizontal error warning: error=0.20 m >= warning=0.20 m
[INFO] [1781688499.252571994] [minipc_mavros_offboard]: Hover timeout reached; continuing to hold setpoint until OFFBOARD/armed state changes or node is interrupted
[ERROR] [1781688515.451198626] [minipc_mavros_offboard]: Horizontal drift guard triggered: error=0.30 m >= limit=0.30 m. Automatic landing on drift is disabled; continuing to publish setpoints.
[INFO] [1781688516.050019902] [minipc_mavros_offboard]: Vehicle left armed/OFFBOARD state; continuing debug hold
[INFO] [1781688516.050316099] [minipc_mavros_offboard]: Debug hold after OFFBOARD/armed drop: connected=True, armed=True, guided=False, manual_input=True, mode=ALTCTL
[INFO] [1781688516.099227843] [minipc_mavros_offboard]: Holding MAVROS setpoint
[FATAL] [1781688516.099680173] [minipc_mavros_offboard]: Horizontal error emergency threshold exceeded: error=0.51 m >= emergency=0.50 m. Manual takeover recommended immediately.
[INFO] [1781688516.100346737] [minipc_mavros_offboard]: Vehicle left armed/OFFBOARD state; continuing debug hold
[INFO] [1781688516.100741659] [minipc_mavros_offboard]: Debug hold after OFFBOARD/armed drop: connected=True, armed=True, guided=False, manual_input=True, mode=ALTCTL
[INFO] [1781688516.149343600] [minipc_mavros_offboard]: Holding MAVROS setpoint
[INFO] [1781688516.150190946] [minipc_mavros_offboard]: Vehicle left armed/OFFBOARD state; continuing debug hold
[INFO] [1781688516.150623416] [minipc_mavros_offboard]: Debug hold after OFFBOARD/armed drop: connected=True, armed=True, guided=False, manual_input=True, mode=ALTCTL
[INFO] [1781688516.199555124] [minipc_mavros_offboard]: Holding MAVROS setpoint
[INFO] [1781688516.200522381] [minipc_mavros_offboard]: Vehicle left armed/OFFBOARD state; continuing debug hold
[INFO] [1781688516.200763441] [minipc_mavros_offboard]: Debug hold after OFFBOARD/armed drop: connected=True, armed=True, guided=False, manual_input=True, mode=ALTCTL
[INFO] [1781688516.249436641] [minipc_mavros_offboard]: Holding MAVROS setpoint
[INFO] [1781688516.250554395] [minipc_mavros_offboard]: Vehicle left armed/OFFBOARD state; continuing debug hold
[INFO] [1781688516.250971177] [minipc_mavros_offboard]: Debug hold after OFFBOARD/armed drop: connected=True, armed=True, guided=False, manual_input=True, mode=ALTCTL
[INFO] [1781688516.300115777] [minipc_mavros_offboard]: Holding MAVROS setpoint
[INFO] [1781688516.300882990] [minipc_mavros_offboard]: Vehicle left armed/OFFBOARD state; continuing debug hold
[INFO] [1781688516.301190885] [minipc_mavros_offboard]: Debug hold after OFFBOARD/armed drop: connected=True, armed=True, guided=False, manual_input=True, mode=ALTCTL
[INFO] [1781688516.351238881] [minipc_mavros_offboard]: Holding MAVROS setpoint
[INFO] [1781688516.353327531] [minipc_mavros_offboard]: Vehicle left armed/OFFBOARD state; continuing debug hold
[INFO] [1781688516.353645168] [minipc_mavros_offboard]: Debug hold after OFFBOARD/armed drop: connected=True, armed=True, guided=False, manual_input=True, mode=ALTCTL
[INFO] [1781688516.399709204] [minipc_mavros_offboard]: Holding MAVROS setpoint
[INFO] [1781688516.400659605] [minipc_mavros_offboard]: Vehicle left armed/OFFBOARD state; continuing debug hold
[INFO] [1781688516.401132297] [minipc_mavros_offboard]: Debug hold after OFFBOARD/armed drop: connected=True, armed=True, guided=False, manual_input=True, mode=ALTCTL
[INFO] [1781688516.449314975] [minipc_mavros_offboard]: Holding MAVROS setpoint
[INFO] [1781688516.450153579] [minipc_mavros_offboard]: Vehicle left armed/OFFBOARD state; continuing debug hold
[INFO] [1781688516.450567000] [minipc_mavros_offboard]: Debug hold after OFFBOARD/armed drop: connected=True, armed=True, guided=False, manual_input=True, mode=ALTCTL
[INFO] [1781688516.499459355] [minipc_mavros_offboard]: Holding MAVROS setpoint
[INFO] [1781688516.500332378] [minipc_mavros_offboard]: Vehicle left armed/OFFBOARD state; continuing debug hold
[INFO] [1781688516.500791353] [minipc_mavros_offboard]: Debug hold after OFFBOARD/armed drop: connected=True, armed=True, guided=False, manual_input=True, mode=ALTCTL
[INFO] [1781688516.549622551] [minipc_mavros_offboard]: Holding MAVROS setpoint
[INFO] [1781688516.550699943] [minipc_mavros_offboard]: Vehicle left armed/OFFBOARD state; continuing debug hold
[INFO] [1781688516.551172146] [minipc_mavros_offboard]: Debug hold after OFFBOARD/armed drop: connected=True, armed=True, guided=False, manual_input=True, mode=ALTCTL
[INFO] [1781688516.599176892] [minipc_mavros_offboard]: Holding MAVROS setpoint
[INFO] [1781688516.599891329] [minipc_mavros_offboard]: Vehicle left armed/OFFBOARD state; continuing debug hold
[INFO] [1781688516.600303020] [minipc_mavros_offboard]: Debug hold after OFFBOARD/armed drop: connected=True, armed=True, guided=False, manual_input=True, mode=ALTCTL
[INFO] [1781688516.649225542] [minipc_mavros_offboard]: Holding MAVROS setpoint
[INFO] [1781688516.649802319] [minipc_mavros_offboard]: Vehicle left armed/OFFBOARD state; continuing debug hold
[INFO] [1781688516.650038957] [minipc_mavros_offboard]: Debug hold after OFFBOARD/armed drop: connected=True, armed=True, guided=False, manual_input=True, mode=ALTCTL
[INFO] [1781688516.701566783] [minipc_mavros_offboard]: Holding MAVROS setpoint
[INFO] [1781688516.704946054] [minipc_mavros_offboard]: Vehicle left armed/OFFBOARD state; continuing debug hold
[INFO] [1781688516.706202437] [minipc_mavros_offboard]: Debug hold after OFFBOARD/armed drop: connected=True, armed=True, guided=False, manual_input=True, mode=ALTCTL
[INFO] [1781688516.749535168] [minipc_mavros_offboard]: Holding MAVROS setpoint
[INFO] [1781688516.750531670] [minipc_mavros_offboard]: Vehicle left armed/OFFBOARD state; continuing debug hold
[INFO] [1781688516.751007222] [minipc_mavros_offboard]: Debug hold after OFFBOARD/armed drop: connected=True, armed=True, guided=False, manual_input=True, mode=ALTCTL
[INFO] [1781688516.799298393] [minipc_mavros_offboard]: Holding MAVROS setpoint
[INFO] [1781688516.800448833] [minipc_mavros_offboard]: Vehicle left armed/OFFBOARD state; continuing debug hold
[INFO] [1781688516.800866206] [minipc_mavros_offboard]: Debug hold after OFFBOARD/armed drop: connected=True, armed=True, guided=False, manual_input=True, mode=ALTCTL
[INFO] [1781688516.850018238] [minipc_mavros_offboard]: Holding MAVROS setpoint
[INFO] [1781688516.852811159] [minipc_mavros_offboard]: Vehicle left armed/OFFBOARD state; continuing debug hold
[INFO] [1781688516.854487600] [minipc_mavros_offboard]: Debug hold after OFFBOARD/armed drop: connected=True, armed=True, guided=False, manual_input=True, mode=ALTCTL
[INFO] [1781688516.899060804] [minipc_mavros_offboard]: Holding MAVROS setpoint
[INFO] [1781688516.899616931] [minipc_mavros_offboard]: Vehicle left armed/OFFBOARD state; continuing debug hold
[INFO] [1781688516.899838656] [minipc_mavros_offboard]: Debug hold after OFFBOARD/armed drop: connected=True, armed=True, guided=False, manual_input=True, mode=ALTCTL
[INFO] [1781688516.949165591] [minipc_mavros_offboard]: Holding MAVROS setpoint
[INFO] [1781688516.950129359] [minipc_mavros_offboard]: Vehicle left armed/OFFBOARD state; continuing debug hold
[INFO] [1781688516.950321048] [minipc_mavros_offboard]: Debug hold after OFFBOARD/armed drop: connected=True, armed=True, guided=False, manual_input=True, mode=ALTCTL
[INFO] [1781688516.999562664] [minipc_mavros_offboard]: Holding MAVROS setpoint
[INFO] [1781688517.000514926] [minipc_mavros_offboard]: Vehicle left armed/OFFBOARD state; continuing debug hold
[INFO] [1781688517.000758846] [minipc_mavros_offboard]: Debug hold after OFFBOARD/armed drop: connected=True, armed=True, guided=False, manual_input=True, mode=ALTCTL
[INFO] [1781688517.049226632] [minipc_mavros_offboard]: Holding MAVROS setpoint
[INFO] [1781688517.049941183] [minipc_mavros_offboard]: Vehicle left armed/OFFBOARD state; continuing debug hold
[INFO] [1781688517.050163315] [minipc_mavros_offboard]: Debug hold after OFFBOARD/armed drop: connected=True, armed=False, guided=False, manual_input=False, mode=OFFBOARD
[INFO] [1781688517.099399723] [minipc_mavros_offboard]: Holding MAVROS setpoint
[INFO] [1781688517.100219493] [minipc_mavros_offboard]: Vehicle left armed/OFFBOARD state; continuing debug hold
[INFO] [1781688517.100636958] [minipc_mavros_offboard]: Debug hold after OFFBOARD/armed drop: connected=True, armed=False, guided=False, manual_input=False, mode=OFFBOARD
[INFO] [1781688517.150745374] [minipc_mavros_offboard]: Holding MAVROS setpoint
[INFO] [1781688517.153164247] [minipc_mavros_offboard]: Vehicle left armed/OFFBOARD state; continuing debug hold
[INFO] [1781688517.154042265] [minipc_mavros_offboard]: Debug hold after OFFBOARD/armed drop: connected=True, armed=False, guided=False, manual_input=False, mode=OFFBOARD
[INFO] [1781688517.199288769] [minipc_mavros_offboard]: Holding MAVROS setpoint
[INFO] [1781688517.199908528] [minipc_mavros_offboard]: Vehicle left armed/OFFBOARD state; continuing debug hold
[INFO] [1781688517.200118845] [minipc_mavros_offboard]: Debug hold after OFFBOARD/armed drop: connected=True, armed=False, guided=False, manual_input=False, mode=OFFBOARD
[INFO] [1781688517.249502114] [minipc_mavros_offboard]: Holding MAVROS setpoint
[INFO] [1781688517.250491744] [minipc_mavros_offboard]: Vehicle left armed/OFFBOARD state; continuing debug hold
[INFO] [1781688517.250983267] [minipc_mavros_offboard]: Debug hold after OFFBOARD/armed drop: connected=True, armed=False, guided=False, manual_input=False, mode=OFFBOARD
[INFO] [1781688517.299897750] [minipc_mavros_offboard]: Holding MAVROS setpoint
[INFO] [1781688517.301314964] [minipc_mavros_offboard]: Vehicle left armed/OFFBOARD state; continuing debug hold
[INFO] [1781688517.301693419] [minipc_mavros_offboard]: Debug hold after OFFBOARD/armed drop: connected=True, armed=False, guided=False, manual_input=False, mode=OFFBOARD
[INFO] [1781688517.349329307] [minipc_mavros_offboard]: Holding MAVROS setpoint
[INFO] [1781688517.350227262] [minipc_mavros_offboard]: Vehicle left armed/OFFBOARD state; continuing debug hold
[INFO] [1781688517.350446898] [minipc_mavros_offboard]: Debug hold after OFFBOARD/armed drop: connected=True, armed=False, guided=False, manual_input=False, mode=OFFBOARD
[INFO] [1781688517.398989412] [minipc_mavros_offboard]: Holding MAVROS setpoint
[INFO] [1781688517.399522812] [minipc_mavros_offboard]: Vehicle left armed/OFFBOARD state; continuing debug hold
[INFO] [1781688517.399709868] [minipc_mavros_offboard]: Debug hold after OFFBOARD/armed drop: connected=True, armed=False, guided=False, manual_input=False, mode=OFFBOARD
[INFO] [1781688517.449216451] [minipc_mavros_offboard]: Holding MAVROS setpoint
[INFO] [1781688517.449976432] [minipc_mavros_offboard]: Vehicle left armed/OFFBOARD state; continuing debug hold
[INFO] [1781688517.450187219] [minipc_mavros_offboard]: Debug hold after OFFBOARD/armed drop: connected=True, armed=False, guided=False, manual_input=False, mode=OFFBOARD
[INFO] [1781688517.501015803] [minipc_mavros_offboard]: Holding MAVROS setpoint
[INFO] [1781688517.504242044] [minipc_mavros_offboard]: Vehicle left armed/OFFBOARD state; continuing debug hold
[INFO] [1781688517.505486848] [minipc_mavros_offboard]: Debug hold after OFFBOARD/armed drop: connected=True, armed=False, guided=False, manual_input=False, mode=OFFBOARD
[INFO] [1781688517.549659246] [minipc_mavros_offboard]: Holding MAVROS setpoint
[INFO] [1781688517.550298799] [minipc_mavros_offboard]: Vehicle left armed/OFFBOARD state; continuing debug hold
[INFO] [1781688517.550501546] [minipc_mavros_offboard]: Debug hold after OFFBOARD/armed drop: connected=True, armed=False, guided=False, manual_input=False, mode=OFFBOARD
[INFO] [1781688517.598968477] [minipc_mavros_offboard]: Holding MAVROS setpoint
[INFO] [1781688517.599457434] [minipc_mavros_offboard]: Vehicle left armed/OFFBOARD state; continuing debug hold
[INFO] [1781688517.599625535] [minipc_mavros_offboard]: Debug hold after OFFBOARD/armed drop: connected=True, armed=False, guided=False, manual_input=False, mode=OFFBOARD
[INFO] [1781688517.649550083] [minipc_mavros_offboard]: Holding MAVROS setpoint
[INFO] [1781688517.650471855] [minipc_mavros_offboard]: Vehicle left armed/OFFBOARD state; continuing debug hold
[INFO] [1781688517.650913568] [minipc_mavros_offboard]: Debug hold after OFFBOARD/armed drop: connected=True, armed=False, guided=False, manual_input=False, mode=OFFBOARD
[INFO] [1781688517.699949743] [minipc_mavros_offboard]: Holding MAVROS setpoint
[INFO] [1781688517.715243121] [minipc_mavros_offboard]: Vehicle left armed/OFFBOARD state; continuing debug hold
[INFO] [1781688517.715637004] [minipc_mavros_offboard]: Debug hold after OFFBOARD/armed drop: connected=True, armed=False, guided=False, manual_input=False, mode=OFFBOARD
[INFO] [1781688517.749640722] [minipc_mavros_offboard]: Holding MAVROS setpoint
[INFO] [1781688517.750629304] [minipc_mavros_offboard]: Vehicle left armed/OFFBOARD state; continuing debug hold
[INFO] [1781688517.751110911] [minipc_mavros_offboard]: Debug hold after OFFBOARD/armed drop: connected=True, armed=False, guided=False, manual_input=False, mode=OFFBOARD
[INFO] [1781688517.799151821] [minipc_mavros_offboard]: Holding MAVROS setpoint
[INFO] [1781688517.799830509] [minipc_mavros_offboard]: Vehicle left armed/OFFBOARD state; continuing debug hold
[INFO] [1781688517.800045868] [minipc_mavros_offboard]: Debug hold after OFFBOARD/armed drop: connected=True, armed=False, guided=False, manual_input=False, mode=OFFBOARD
[INFO] [1781688517.851745486] [minipc_mavros_offboard]: Holding MAVROS setpoint
[INFO] [1781688517.854395516] [minipc_mavros_offboard]: Vehicle left armed/OFFBOARD state; continuing debug hold
[INFO] [1781688517.855383749] [minipc_mavros_offboard]: Debug hold after OFFBOARD/armed drop: connected=True, armed=False, guided=False, manual_input=False, mode=OFFBOARD
[INFO] [1781688517.899210054] [minipc_mavros_offboard]: Holding MAVROS setpoint
[INFO] [1781688517.899895176] [minipc_mavros_offboard]: Vehicle left armed/OFFBOARD state; continuing debug hold
[INFO] [1781688517.900091315] [minipc_mavros_offboard]: Debug hold after OFFBOARD/armed drop: connected=True, armed=False, guided=False, manual_input=False, mode=OFFBOARD
[INFO] [1781688517.949420863] [minipc_mavros_offboard]: Holding MAVROS setpoint
[INFO] [1781688517.950158240] [minipc_mavros_offboard]: Vehicle left armed/OFFBOARD state; continuing debug hold
[INFO] [1781688517.950579183] [minipc_mavros_offboard]: Debug hold after OFFBOARD/armed drop: connected=True, armed=False, guided=False, manual_input=False, mode=OFFBOARD
[INFO] [1781688517.999596575] [minipc_mavros_offboard]: Holding MAVROS setpoint
[INFO] [1781688518.000190942] [minipc_mavros_offboard]: Vehicle left armed/OFFBOARD state; continuing debug hold
[INFO] [1781688518.000414864] [minipc_mavros_offboard]: Debug hold after OFFBOARD/armed drop: connected=True, armed=False, guided=False, manual_input=False, mode=OFFBOARD
[INFO] [1781688518.050380572] [minipc_mavros_offboard]: Holding MAVROS setpoint
[INFO] [1781688518.051155334] [minipc_mavros_offboard]: Vehicle left armed/OFFBOARD state; continuing debug hold
[INFO] [1781688518.051430197] [minipc_mavros_offboard]: Debug hold after OFFBOARD/armed drop: connected=True, armed=False, guided=False, manual_input=False, mode=OFFBOARD
[INFO] [1781688518.099284705] [minipc_mavros_offboard]: Holding MAVROS setpoint
[INFO] [1781688518.100074922] [minipc_mavros_offboard]: Vehicle left armed/OFFBOARD state; continuing debug hold
[INFO] [1781688518.100483202] [minipc_mavros_offboard]: Debug hold after OFFBOARD/armed drop: connected=True, armed=False, guided=False, manual_input=False, mode=OFFBOARD
[INFO] [1781688518.149328541] [minipc_mavros_offboard]: Holding MAVROS setpoint
[INFO] [1781688518.150049355] [minipc_mavros_offboard]: Vehicle left armed/OFFBOARD state; continuing debug hold
[INFO] [1781688518.150251107] [minipc_mavros_offboard]: Debug hold after OFFBOARD/armed drop: connected=True, armed=False, guided=False, manual_input=False, mode=OFFBOARD
[INFO] [1781688518.200774171] [minipc_mavros_offboard]: Holding MAVROS setpoint
[INFO] [1781688518.203695157] [minipc_mavros_offboard]: Vehicle left armed/OFFBOARD state; continuing debug hold
[INFO] [1781688518.204778241] [minipc_mavros_offboard]: Debug hold after OFFBOARD/armed drop: connected=True, armed=False, guided=False, manual_input=False, mode=OFFBOARD
[INFO] [1781688518.249329549] [minipc_mavros_offboard]: Holding MAVROS setpoint
[INFO] [1781688518.250243138] [minipc_mavros_offboard]: Vehicle left armed/OFFBOARD state; continuing debug hold
[INFO] [1781688518.250473257] [minipc_mavros_offboard]: Debug hold after OFFBOARD/armed drop: connected=True, armed=False, guided=False, manual_input=False, mode=OFFBOARD
[INFO] [1781688518.299272078] [minipc_mavros_offboard]: Holding MAVROS setpoint
[INFO] [1781688518.299789234] [minipc_mavros_offboard]: Vehicle left armed/OFFBOARD state; continuing debug hold
[INFO] [1781688518.300093398] [minipc_mavros_offboard]: Debug hold after OFFBOARD/armed drop: connected=True, armed=False, guided=False, manual_input=False, mode=OFFBOARD
[INFO] [1781688518.350707938] [minipc_mavros_offboard]: Holding MAVROS setpoint
[INFO] [1781688518.353096492] [minipc_mavros_offboard]: Vehicle left armed/OFFBOARD state; continuing debug hold
[INFO] [1781688518.354073112] [minipc_mavros_offboard]: Debug hold after OFFBOARD/armed drop: connected=True, armed=False, guided=False, manual_input=False, mode=OFFBOARD
[INFO] [1781688518.399500482] [minipc_mavros_offboard]: Holding MAVROS setpoint
[INFO] [1781688518.400435396] [minipc_mavros_offboard]: Vehicle left armed/OFFBOARD state; continuing debug hold
[INFO] [1781688518.400886093] [minipc_mavros_offboard]: Debug hold after OFFBOARD/armed drop: connected=True, armed=False, guided=False, manual_input=False, mode=OFFBOARD
[INFO] [1781688518.448975095] [minipc_mavros_offboard]: Holding MAVROS setpoint
[INFO] [1781688518.449560056] [minipc_mavros_offboard]: Vehicle left armed/OFFBOARD state; continuing debug hold
[INFO] [1781688518.449729345] [minipc_mavros_offboard]: Debug hold after OFFBOARD/armed drop: connected=True, armed=False, guided=False, manual_input=False, mode=OFFBOARD
[INFO] [1781688518.499277782] [minipc_mavros_offboard]: Holding MAVROS setpoint
[INFO] [1781688518.500024945] [minipc_mavros_offboard]: Vehicle left armed/OFFBOARD state; continuing debug hold
[INFO] [1781688518.500327061] [minipc_mavros_offboard]: Debug hold after OFFBOARD/armed drop: connected=True, armed=False, guided=False, manual_input=False, mode=OFFBOARD
[INFO] [1781688518.550250541] [minipc_mavros_offboard]: Holding MAVROS setpoint
[INFO] [1781688518.552161962] [minipc_mavros_offboard]: Vehicle left armed/OFFBOARD state; continuing debug hold
[INFO] [1781688518.552582298] [minipc_mavros_offboard]: Debug hold after OFFBOARD/armed drop: connected=True, armed=False, guided=False, manual_input=False, mode=OFFBOARD
[INFO] [1781688518.599720130] [minipc_mavros_offboard]: Holding MAVROS setpoint
[INFO] [1781688518.600772379] [minipc_mavros_offboard]: Vehicle left armed/OFFBOARD state; continuing debug hold
[INFO] [1781688518.601253967] [minipc_mavros_offboard]: Debug hold after OFFBOARD/armed drop: connected=True, armed=False, guided=False, manual_input=False, mode=OFFBOARD
[INFO] [1781688518.649480563] [minipc_mavros_offboard]: Holding MAVROS setpoint
[INFO] [1781688518.650141113] [minipc_mavros_offboard]: Vehicle left armed/OFFBOARD state; continuing debug hold
[INFO] [1781688518.650554434] [minipc_mavros_offboard]: Debug hold after OFFBOARD/armed drop: connected=True, armed=False, guided=False, manual_input=False, mode=OFFBOARD
[INFO] [1781688518.699249776] [minipc_mavros_offboard]: Holding MAVROS setpoint
[INFO] [1781688518.699968376] [minipc_mavros_offboard]: Vehicle left armed/OFFBOARD state; continuing debug hold
[INFO] [1781688518.700242402] [minipc_mavros_offboard]: Debug hold after OFFBOARD/armed drop: connected=True, armed=False, guided=False, manual_input=False, mode=OFFBOARD
[INFO] [1781688518.749375833] [minipc_mavros_offboard]: Holding MAVROS setpoint
[INFO] [1781688518.750389229] [minipc_mavros_offboard]: Vehicle left armed/OFFBOARD state; continuing debug hold
[INFO] [1781688518.750595965] [minipc_mavros_offboard]: Debug hold after OFFBOARD/armed drop: connected=True, armed=False, guided=False, manual_input=False, mode=OFFBOARD
[INFO] [1781688518.799369460] [minipc_mavros_offboard]: Holding MAVROS setpoint
[INFO] [1781688518.800411740] [minipc_mavros_offboard]: Vehicle left armed/OFFBOARD state; continuing debug hold
[INFO] [1781688518.800846665] [minipc_mavros_offboard]: Debug hold after OFFBOARD/armed drop: connected=True, armed=False, guided=False, manual_input=False, mode=OFFBOARD
[INFO] [1781688518.849725463] [minipc_mavros_offboard]: Holding MAVROS setpoint
[INFO] [1781688518.850457144] [minipc_mavros_offboard]: Vehicle left armed/OFFBOARD state; continuing debug hold
[INFO] [1781688518.850708043] [minipc_mavros_offboard]: Debug hold after OFFBOARD/armed drop: connected=True, armed=False, guided=False, manual_input=False, mode=OFFBOARD
[INFO] [1781688518.899512491] [minipc_mavros_offboard]: Holding MAVROS setpoint
[INFO] [1781688518.900508535] [minipc_mavros_offboard]: Vehicle left armed/OFFBOARD state; continuing debug hold
[INFO] [1781688518.900983492] [minipc_mavros_offboard]: Debug hold after OFFBOARD/armed drop: connected=True, armed=False, guided=False, manual_input=False, mode=OFFBOARD
[INFO] [1781688518.949023837] [minipc_mavros_offboard]: Holding MAVROS setpoint
[INFO] [1781688518.949578100] [minipc_mavros_offboard]: Vehicle left armed/OFFBOARD state; continuing debug hold
[INFO] [1781688518.949771829] [minipc_mavros_offboard]: Debug hold after OFFBOARD/armed drop: connected=True, armed=False, guided=False, manual_input=False, mode=OFFBOARD
[INFO] [1781688518.999225371] [minipc_mavros_offboard]: Holding MAVROS setpoint
[INFO] [1781688518.999843979] [minipc_mavros_offboard]: Vehicle left armed/OFFBOARD state; continuing debug hold
[INFO] [1781688519.000076995] [minipc_mavros_offboard]: Debug hold after OFFBOARD/armed drop: connected=True, armed=False, guided=False, manual_input=False, mode=OFFBOARD
[INFO] [1781688519.049777904] [minipc_mavros_offboard]: Holding MAVROS setpoint
[INFO] [1781688519.050646980] [minipc_mavros_offboard]: Vehicle left armed/OFFBOARD state; continuing debug hold
[INFO] [1781688519.051184017] [minipc_mavros_offboard]: Debug hold after OFFBOARD/armed drop: connected=True, armed=False, guided=False, manual_input=False, mode=OFFBOARD
[INFO] [1781688519.101573894] [minipc_mavros_offboard]: Holding MAVROS setpoint
[INFO] [1781688519.103301964] [minipc_mavros_offboard]: Vehicle left armed/OFFBOARD state; continuing debug hold
[INFO] [1781688519.103756148] [minipc_mavros_offboard]: Debug hold after OFFBOARD/armed drop: connected=True, armed=False, guided=False, manual_input=False, mode=OFFBOARD
[INFO] [1781688519.149378089] [minipc_mavros_offboard]: Holding MAVROS setpoint
[INFO] [1781688519.150215794] [minipc_mavros_offboard]: Vehicle left armed/OFFBOARD state; continuing debug hold
[INFO] [1781688519.150429313] [minipc_mavros_offboard]: Debug hold after OFFBOARD/armed drop: connected=True, armed=False, guided=False, manual_input=False, mode=OFFBOARD
[INFO] [1781688519.199122674] [minipc_mavros_offboard]: Holding MAVROS setpoint
[INFO] [1781688519.199664373] [minipc_mavros_offboard]: Vehicle left armed/OFFBOARD state; continuing debug hold
[INFO] [1781688519.199845776] [minipc_mavros_offboard]: Debug hold after OFFBOARD/armed drop: connected=True, armed=False, guided=False, manual_input=False, mode=OFFBOARD
[INFO] [1781688519.249214232] [minipc_mavros_offboard]: Holding MAVROS setpoint
[INFO] [1781688519.249999586] [minipc_mavros_offboard]: Vehicle left armed/OFFBOARD state; continuing debug hold
[INFO] [1781688519.250381472] [minipc_mavros_offboard]: Debug hold after OFFBOARD/armed drop: connected=True, armed=False, guided=False, manual_input=False, mode=OFFBOARD
[INFO] [1781688519.299919448] [minipc_mavros_offboard]: Holding MAVROS setpoint
[INFO] [1781688519.301155484] [minipc_mavros_offboard]: Vehicle left armed/OFFBOARD state; continuing debug hold
[INFO] [1781688519.301507545] [minipc_mavros_offboard]: Debug hold after OFFBOARD/armed drop: connected=True, armed=False, guided=False, manual_input=False, mode=OFFBOARD
[INFO] [1781688519.350800673] [minipc_mavros_offboard]: Holding MAVROS setpoint
[INFO] [1781688519.352762178] [minipc_mavros_offboard]: Vehicle left armed/OFFBOARD state; continuing debug hold
[INFO] [1781688519.353369205] [minipc_mavros_offboard]: Debug hold after OFFBOARD/armed drop: connected=True, armed=False, guided=False, manual_input=False, mode=OFFBOARD
[INFO] [1781688519.400925251] [minipc_mavros_offboard]: Holding MAVROS setpoint
[INFO] [1781688519.403711014] [minipc_mavros_offboard]: Vehicle left armed/OFFBOARD state; continuing debug hold
[INFO] [1781688519.404547234] [minipc_mavros_offboard]: Debug hold after OFFBOARD/armed drop: connected=True, armed=False, guided=False, manual_input=False, mode=OFFBOARD
[INFO] [1781688519.449222960] [minipc_mavros_offboard]: Holding MAVROS setpoint
[INFO] [1781688519.450017849] [minipc_mavros_offboard]: Vehicle left armed/OFFBOARD state; continuing debug hold
[INFO] [1781688519.450217995] [minipc_mavros_offboard]: Debug hold after OFFBOARD/armed drop: connected=True, armed=False, guided=False, manual_input=False, mode=OFFBOARD
[INFO] [1781688519.499102683] [minipc_mavros_offboard]: Holding MAVROS setpoint
[INFO] [1781688519.499917906] [minipc_mavros_offboard]: Vehicle left armed/OFFBOARD state; continuing debug hold
[INFO] [1781688519.500370511] [minipc_mavros_offboard]: Debug hold after OFFBOARD/armed drop: connected=True, armed=False, guided=False, manual_input=False, mode=OFFBOARD
[INFO] [1781688519.551068413] [minipc_mavros_offboard]: Holding MAVROS setpoint
[INFO] [1781688519.553475879] [minipc_mavros_offboard]: Vehicle left armed/OFFBOARD state; continuing debug hold
[INFO] [1781688519.553930606] [minipc_mavros_offboard]: Debug hold after OFFBOARD/armed drop: connected=True, armed=False, guided=False, manual_input=False, mode=OFFBOARD
[INFO] [1781688519.600880891] [minipc_mavros_offboard]: Holding MAVROS setpoint
[INFO] [1781688519.602905290] [minipc_mavros_offboard]: Vehicle left armed/OFFBOARD state; continuing debug hold
[INFO] [1781688519.603425452] [minipc_mavros_offboard]: Debug hold after OFFBOARD/armed drop: connected=True, armed=False, guided=False, manual_input=False, mode=OFFBOARD
[INFO] [1781688519.649278113] [minipc_mavros_offboard]: Holding MAVROS setpoint
[INFO] [1781688519.650140250] [minipc_mavros_offboard]: Vehicle left armed/OFFBOARD state; continuing debug hold
[INFO] [1781688519.650414305] [minipc_mavros_offboard]: Debug hold after OFFBOARD/armed drop: connected=True, armed=False, guided=False, manual_input=False, mode=OFFBOARD
[INFO] [1781688519.699203836] [minipc_mavros_offboard]: Holding MAVROS setpoint
[INFO] [1781688519.699783809] [minipc_mavros_offboard]: Vehicle left armed/OFFBOARD state; continuing debug hold
[INFO] [1781688519.699971555] [minipc_mavros_offboard]: Debug hold after OFFBOARD/armed drop: connected=True, armed=False, guided=False, manual_input=False, mode=OFFBOARD
[INFO] [1781688519.750602750] [minipc_mavros_offboard]: Holding MAVROS setpoint
[INFO] [1781688519.753677454] [minipc_mavros_offboard]: Vehicle left armed/OFFBOARD state; continuing debug hold
[INFO] [1781688519.755316999] [minipc_mavros_offboard]: Debug hold after OFFBOARD/armed drop: connected=True, armed=False, guided=False, manual_input=False, mode=OFFBOARD
[INFO] [1781688519.799095685] [minipc_mavros_offboard]: Holding MAVROS setpoint
[INFO] [1781688519.799676743] [minipc_mavros_offboard]: Vehicle left armed/OFFBOARD state; continuing debug hold
[INFO] [1781688519.799988101] [minipc_mavros_offboard]: Debug hold after OFFBOARD/armed drop: connected=True, armed=False, guided=False, manual_input=False, mode=OFFBOARD
[INFO] [1781688519.849725158] [minipc_mavros_offboard]: Holding MAVROS setpoint
[INFO] [1781688519.851567977] [minipc_mavros_offboard]: Vehicle left armed/OFFBOARD state; continuing debug hold
[INFO] [1781688519.851830662] [minipc_mavros_offboard]: Debug hold after OFFBOARD/armed drop: connected=True, armed=False, guided=False, manual_input=False, mode=OFFBOARD
[INFO] [1781688519.899052163] [minipc_mavros_offboard]: Holding MAVROS setpoint
[INFO] [1781688519.899981177] [minipc_mavros_offboard]: Vehicle left armed/OFFBOARD state; continuing debug hold
[INFO] [1781688519.900503659] [minipc_mavros_offboard]: Debug hold after OFFBOARD/armed drop: connected=True, armed=False, guided=False, manual_input=False, mode=OFFBOARD
[INFO] [1781688519.949417240] [minipc_mavros_offboard]: Holding MAVROS setpoint
[INFO] [1781688519.950026040] [minipc_mavros_offboard]: Vehicle left armed/OFFBOARD state; continuing debug hold
[INFO] [1781688519.950266659] [minipc_mavros_offboard]: Debug hold after OFFBOARD/armed drop: connected=True, armed=False, guided=False, manual_input=False, mode=OFFBOARD
[INFO] [1781688520.001494635] [minipc_mavros_offboard]: Holding MAVROS setpoint
[INFO] [1781688520.004129181] [minipc_mavros_offboard]: Vehicle left armed/OFFBOARD state; continuing debug hold
[INFO] [1781688520.004763857] [minipc_mavros_offboard]: Debug hold after OFFBOARD/armed drop: connected=True, armed=False, guided=False, manual_input=False, mode=OFFBOARD
[INFO] [1781688520.049460383] [minipc_mavros_offboard]: Holding MAVROS setpoint
[INFO] [1781688520.050124084] [minipc_mavros_offboard]: Vehicle left armed/OFFBOARD state; continuing debug hold
[INFO] [1781688520.050348757] [minipc_mavros_offboard]: Debug hold after OFFBOARD/armed drop: connected=True, armed=False, guided=False, manual_input=False, mode=OFFBOARD
[INFO] [1781688520.099216938] [minipc_mavros_offboard]: Holding MAVROS setpoint
[INFO] [1781688520.099734384] [minipc_mavros_offboard]: Vehicle left armed/OFFBOARD state; continuing debug hold
[INFO] [1781688520.099907474] [minipc_mavros_offboard]: Debug hold after OFFBOARD/armed drop: connected=True, armed=False, guided=False, manual_input=False, mode=OFFBOARD
[INFO] [1781688520.149334979] [minipc_mavros_offboard]: Holding MAVROS setpoint
[INFO] [1781688520.149927047] [minipc_mavros_offboard]: Vehicle left armed/OFFBOARD state; continuing debug hold
[INFO] [1781688520.150130936] [minipc_mavros_offboard]: Debug hold after OFFBOARD/armed drop: connected=True, armed=False, guided=False, manual_input=False, mode=OFFBOARD
[INFO] [1781688520.200852534] [minipc_mavros_offboard]: Holding MAVROS setpoint
[INFO] [1781688520.203433298] [minipc_mavros_offboard]: Vehicle left armed/OFFBOARD state; continuing debug hold
[INFO] [1781688520.204154255] [minipc_mavros_offboard]: Debug hold after OFFBOARD/armed drop: connected=True, armed=False, guided=False, manual_input=False, mode=OFFBOARD
[INFO] [1781688520.249751158] [minipc_mavros_offboard]: Holding MAVROS setpoint
[INFO] [1781688520.250984720] [minipc_mavros_offboard]: Vehicle left armed/OFFBOARD state; continuing debug hold
[INFO] [1781688520.251487300] [minipc_mavros_offboard]: Debug hold after OFFBOARD/armed drop: connected=True, armed=False, guided=False, manual_input=False, mode=OFFBOARD
[INFO] [1781688520.299360523] [minipc_mavros_offboard]: Holding MAVROS setpoint
[INFO] [1781688520.300152725] [minipc_mavros_offboard]: Vehicle left armed/OFFBOARD state; continuing debug hold
[INFO] [1781688520.300579913] [minipc_mavros_offboard]: Debug hold after OFFBOARD/armed drop: connected=True, armed=False, guided=False, manual_input=False, mode=OFFBOARD
[INFO] [1781688520.349944560] [minipc_mavros_offboard]: Holding MAVROS setpoint
[INFO] [1781688520.350752989] [minipc_mavros_offboard]: Vehicle left armed/OFFBOARD state; continuing debug hold
[INFO] [1781688520.351195747] [minipc_mavros_offboard]: Debug hold after OFFBOARD/armed drop: connected=True, armed=False, guided=False, manual_input=False, mode=OFFBOARD
[INFO] [1781688520.399530967] [minipc_mavros_offboard]: Holding MAVROS setpoint
[INFO] [1781688520.400500979] [minipc_mavros_offboard]: Vehicle left armed/OFFBOARD state; continuing debug hold
[INFO] [1781688520.400863042] [minipc_mavros_offboard]: Debug hold after OFFBOARD/armed drop: connected=True, armed=False, guided=False, manual_input=False, mode=OFFBOARD
[INFO] [1781688520.449396613] [minipc_mavros_offboard]: Holding MAVROS setpoint
[INFO] [1781688520.450121763] [minipc_mavros_offboard]: Vehicle left armed/OFFBOARD state; continuing debug hold
[INFO] [1781688520.450309960] [minipc_mavros_offboard]: Debug hold after OFFBOARD/armed drop: connected=True, armed=False, guided=False, manual_input=False, mode=OFFBOARD
[INFO] [1781688520.499589639] [minipc_mavros_offboard]: Holding MAVROS setpoint
[INFO] [1781688520.500263798] [minipc_mavros_offboard]: Vehicle left armed/OFFBOARD state; continuing debug hold
[INFO] [1781688520.500488951] [minipc_mavros_offboard]: Debug hold after OFFBOARD/armed drop: connected=True, armed=False, guided=False, manual_input=False, mode=OFFBOARD
[INFO] [1781688520.551303974] [minipc_mavros_offboard]: Holding MAVROS setpoint
[INFO] [1781688520.554572241] [minipc_mavros_offboard]: Vehicle left armed/OFFBOARD state; continuing debug hold
[INFO] [1781688520.554955506] [minipc_mavros_offboard]: Debug hold after OFFBOARD/armed drop: connected=True, armed=False, guided=False, manual_input=False, mode=OFFBOARD
[INFO] [1781688520.599639554] [minipc_mavros_offboard]: Holding MAVROS setpoint
[INFO] [1781688520.600664227] [minipc_mavros_offboard]: Vehicle left armed/OFFBOARD state; continuing debug hold
[INFO] [1781688520.601150885] [minipc_mavros_offboard]: Debug hold after OFFBOARD/armed drop: connected=True, armed=False, guided=False, manual_input=False, mode=OFFBOARD
[INFO] [1781688520.649271861] [minipc_mavros_offboard]: Holding MAVROS setpoint
[INFO] [1781688520.650029641] [minipc_mavros_offboard]: Vehicle left armed/OFFBOARD state; continuing debug hold
[INFO] [1781688520.650291207] [minipc_mavros_offboard]: Debug hold after OFFBOARD/armed drop: connected=True, armed=False, guided=False, manual_input=False, mode=OFFBOARD
[INFO] [1781688520.700922597] [minipc_mavros_offboard]: Holding MAVROS setpoint
[INFO] [1781688520.702024928] [minipc_mavros_offboard]: Vehicle left armed/OFFBOARD state; continuing debug hold
[INFO] [1781688520.702478707] [minipc_mavros_offboard]: Debug hold after OFFBOARD/armed drop: connected=True, armed=False, guided=False, manual_input=False, mode=OFFBOARD
[INFO] [1781688520.749494466] [minipc_mavros_offboard]: Holding MAVROS setpoint
[INFO] [1781688520.750488515] [minipc_mavros_offboard]: Vehicle left armed/OFFBOARD state; continuing debug hold
[INFO] [1781688520.750972104] [minipc_mavros_offboard]: Debug hold after OFFBOARD/armed drop: connected=True, armed=False, guided=False, manual_input=False, mode=OFFBOARD
[INFO] [1781688520.801869668] [minipc_mavros_offboard]: Holding MAVROS setpoint
[INFO] [1781688520.805096925] [minipc_mavros_offboard]: Vehicle left armed/OFFBOARD state; continuing debug hold
[INFO] [1781688520.806660147] [minipc_mavros_offboard]: Debug hold after OFFBOARD/armed drop: connected=True, armed=False, guided=False, manual_input=False, mode=OFFBOARD
[INFO] [1781688520.849596295] [minipc_mavros_offboard]: Holding MAVROS setpoint
[INFO] [1781688520.850608582] [minipc_mavros_offboard]: Vehicle left armed/OFFBOARD state; continuing debug hold
[INFO] [1781688520.851083681] [minipc_mavros_offboard]: Debug hold after OFFBOARD/armed drop: connected=True, armed=False, guided=False, manual_input=False, mode=OFFBOARD
[INFO] [1781688520.899330764] [minipc_mavros_offboard]: Holding MAVROS setpoint
[INFO] [1781688520.900094831] [minipc_mavros_offboard]: Vehicle left armed/OFFBOARD state; continuing debug hold
[INFO] [1781688520.900542656] [minipc_mavros_offboard]: Debug hold after OFFBOARD/armed drop: connected=True, armed=False, guided=False, manual_input=False, mode=OFFBOARD
[INFO] [1781688520.949346658] [minipc_mavros_offboard]: Holding MAVROS setpoint
[INFO] [1781688520.950224123] [minipc_mavros_offboard]: Vehicle left armed/OFFBOARD state; continuing debug hold
[INFO] [1781688520.950674183] [minipc_mavros_offboard]: Debug hold after OFFBOARD/armed drop: connected=True, armed=False, guided=False, manual_input=False, mode=OFFBOARD
[INFO] [1781688521.000419590] [minipc_mavros_offboard]: Holding MAVROS setpoint
[INFO] [1781688521.003245400] [minipc_mavros_offboard]: Vehicle left armed/OFFBOARD state; continuing debug hold
[INFO] [1781688521.005215150] [minipc_mavros_offboard]: Debug hold after OFFBOARD/armed drop: connected=True, armed=False, guided=False, manual_input=False, mode=OFFBOARD
[INFO] [1781688521.049660980] [minipc_mavros_offboard]: Holding MAVROS setpoint
[INFO] [1781688521.050855288] [minipc_mavros_offboard]: Vehicle left armed/OFFBOARD state; continuing debug hold
[INFO] [1781688521.051315527] [minipc_mavros_offboard]: Debug hold after OFFBOARD/armed drop: connected=True, armed=False, guided=False, manual_input=False, mode=OFFBOARD
[INFO] [1781688521.099312722] [minipc_mavros_offboard]: Holding MAVROS setpoint
[INFO] [1781688521.099820908] [minipc_mavros_offboard]: Vehicle left armed/OFFBOARD state; continuing debug hold
[INFO] [1781688521.100028714] [minipc_mavros_offboard]: Debug hold after OFFBOARD/armed drop: connected=True, armed=False, guided=False, manual_input=False, mode=OFFBOARD
[INFO] [1781688521.149419957] [minipc_mavros_offboard]: Holding MAVROS setpoint
[INFO] [1781688521.150248580] [minipc_mavros_offboard]: Vehicle left armed/OFFBOARD state; continuing debug hold
[INFO] [1781688521.150702256] [minipc_mavros_offboard]: Debug hold after OFFBOARD/armed drop: connected=True, armed=False, guided=False, manual_input=False, mode=OFFBOARD
[INFO] [1781688521.199724134] [minipc_mavros_offboard]: Holding MAVROS setpoint
[INFO] [1781688521.202027683] [minipc_mavros_offboard]: Vehicle left armed/OFFBOARD state; continuing debug hold
[INFO] [1781688521.203318639] [minipc_mavros_offboard]: Debug hold after OFFBOARD/armed drop: connected=True, armed=False, guided=False, manual_input=False, mode=OFFBOARD
[INFO] [1781688521.249154981] [minipc_mavros_offboard]: Holding MAVROS setpoint
[INFO] [1781688521.249810906] [minipc_mavros_offboard]: Vehicle left armed/OFFBOARD state; continuing debug hold
[INFO] [1781688521.249999891] [minipc_mavros_offboard]: Debug hold after OFFBOARD/armed drop: connected=True, armed=False, guided=False, manual_input=False, mode=OFFBOARD
[INFO] [1781688521.299408313] [minipc_mavros_offboard]: Holding MAVROS setpoint
[INFO] [1781688521.300227367] [minipc_mavros_offboard]: Vehicle left armed/OFFBOARD state; continuing debug hold
[INFO] [1781688521.300659685] [minipc_mavros_offboard]: Debug hold after OFFBOARD/armed drop: connected=True, armed=False, guided=False, manual_input=False, mode=OFFBOARD
[INFO] [1781688521.350638289] [minipc_mavros_offboard]: Holding MAVROS setpoint
[INFO] [1781688521.353375702] [minipc_mavros_offboard]: Vehicle left armed/OFFBOARD state; continuing debug hold
[INFO] [1781688521.354402544] [minipc_mavros_offboard]: Debug hold after OFFBOARD/armed drop: connected=True, armed=False, guided=False, manual_input=False, mode=OFFBOARD
[INFO] [1781688521.399265888] [minipc_mavros_offboard]: Holding MAVROS setpoint
[INFO] [1781688521.399956965] [minipc_mavros_offboard]: Vehicle left armed/OFFBOARD state; continuing debug hold
[INFO] [1781688521.400150129] [minipc_mavros_offboard]: Debug hold after OFFBOARD/armed drop: connected=True, armed=False, guided=False, manual_input=False, mode=OFFBOARD
[INFO] [1781688521.448987035] [minipc_mavros_offboard]: Holding MAVROS setpoint
[INFO] [1781688521.449574204] [minipc_mavros_offboard]: Vehicle left armed/OFFBOARD state; continuing debug hold
[INFO] [1781688521.449762328] [minipc_mavros_offboard]: Debug hold after OFFBOARD/armed drop: connected=True, armed=False, guided=False, manual_input=False, mode=OFFBOARD
[INFO] [1781688521.499463046] [minipc_mavros_offboard]: Holding MAVROS setpoint
[INFO] [1781688521.500480595] [minipc_mavros_offboard]: Vehicle left armed/OFFBOARD state; continuing debug hold
[INFO] [1781688521.500934821] [minipc_mavros_offboard]: Debug hold after OFFBOARD/armed drop: connected=True, armed=False, guided=False, manual_input=False, mode=OFFBOARD
[INFO] [1781688521.550406793] [minipc_mavros_offboard]: Holding MAVROS setpoint
[INFO] [1781688521.552818323] [minipc_mavros_offboard]: Vehicle left armed/OFFBOARD state; continuing debug hold
[INFO] [1781688521.553260650] [minipc_mavros_offboard]: Debug hold after OFFBOARD/armed drop: connected=True, armed=False, guided=False, manual_input=False, mode=OFFBOARD
[INFO] [1781688521.599428969] [minipc_mavros_offboard]: Holding MAVROS setpoint
[INFO] [1781688521.600439554] [minipc_mavros_offboard]: Vehicle left armed/OFFBOARD state; continuing debug hold
[INFO] [1781688521.600885253] [minipc_mavros_offboard]: Debug hold after OFFBOARD/armed drop: connected=True, armed=False, guided=False, manual_input=False, mode=OFFBOARD
[INFO] [1781688521.649078020] [minipc_mavros_offboard]: Holding MAVROS setpoint
[INFO] [1781688521.649637847] [minipc_mavros_offboard]: Vehicle left armed/OFFBOARD state; continuing debug hold
[INFO] [1781688521.649842799] [minipc_mavros_offboard]: Debug hold after OFFBOARD/armed drop: connected=True, armed=False, guided=False, manual_input=False, mode=OFFBOARD
[INFO] [1781688521.699318745] [minipc_mavros_offboard]: Holding MAVROS setpoint
[INFO] [1781688521.700196826] [minipc_mavros_offboard]: Vehicle left armed/OFFBOARD state; continuing debug hold
[INFO] [1781688521.700417634] [minipc_mavros_offboard]: Debug hold after OFFBOARD/armed drop: connected=True, armed=False, guided=False, manual_input=False, mode=OFFBOARD
[INFO] [1781688521.749646853] [minipc_mavros_offboard]: Holding MAVROS setpoint
[INFO] [1781688521.750700032] [minipc_mavros_offboard]: Vehicle left armed/OFFBOARD state; continuing debug hold
[INFO] [1781688521.751152287] [minipc_mavros_offboard]: Debug hold after OFFBOARD/armed drop: connected=True, armed=False, guided=False, manual_input=False, mode=OFFBOARD
[INFO] [1781688521.799500947] [minipc_mavros_offboard]: Holding MAVROS setpoint
[INFO] [1781688521.800423692] [minipc_mavros_offboard]: Vehicle left armed/OFFBOARD state; continuing debug hold
[INFO] [1781688521.800925676] [minipc_mavros_offboard]: Debug hold after OFFBOARD/armed drop: connected=True, armed=False, guided=False, manual_input=False, mode=OFFBOARD
[INFO] [1781688521.849463897] [minipc_mavros_offboard]: Holding MAVROS setpoint
[INFO] [1781688521.850464605] [minipc_mavros_offboard]: Vehicle left armed/OFFBOARD state; continuing debug hold
[INFO] [1781688521.850984276] [minipc_mavros_offboard]: Debug hold after OFFBOARD/armed drop: connected=True, armed=False, guided=False, manual_input=False, mode=OFFBOARD
[INFO] [1781688521.899094778] [minipc_mavros_offboard]: Holding MAVROS setpoint
[INFO] [1781688521.899770676] [minipc_mavros_offboard]: Vehicle left armed/OFFBOARD state; continuing debug hold
[INFO] [1781688521.899959525] [minipc_mavros_offboard]: Debug hold after OFFBOARD/armed drop: connected=True, armed=False, guided=False, manual_input=False, mode=OFFBOARD
[INFO] [1781688521.949181455] [minipc_mavros_offboard]: Holding MAVROS setpoint
[INFO] [1781688521.949690891] [minipc_mavros_offboard]: Vehicle left armed/OFFBOARD state; continuing debug hold
[INFO] [1781688521.949893718] [minipc_mavros_offboard]: Debug hold after OFFBOARD/armed drop: connected=True, armed=False, guided=False, manual_input=False, mode=OFFBOARD
[INFO] [1781688522.000814705] [minipc_mavros_offboard]: Holding MAVROS setpoint
[INFO] [1781688522.003346068] [minipc_mavros_offboard]: Vehicle left armed/OFFBOARD state; continuing debug hold
[INFO] [1781688522.003716984] [minipc_mavros_offboard]: Debug hold after OFFBOARD/armed drop: connected=True, armed=False, guided=False, manual_input=False, mode=OFFBOARD
[INFO] [1781688522.049613754] [minipc_mavros_offboard]: Holding MAVROS setpoint
[INFO] [1781688522.050655612] [minipc_mavros_offboard]: Vehicle left armed/OFFBOARD state; continuing debug hold
[INFO] [1781688522.051093327] [minipc_mavros_offboard]: Debug hold after OFFBOARD/armed drop: connected=True, armed=False, guided=False, manual_input=False, mode=OFFBOARD
[INFO] [1781688522.099274831] [minipc_mavros_offboard]: Holding MAVROS setpoint
[INFO] [1781688522.100033704] [minipc_mavros_offboard]: Vehicle left armed/OFFBOARD state; continuing debug hold
[INFO] [1781688522.100463444] [minipc_mavros_offboard]: Debug hold after OFFBOARD/armed drop: connected=True, armed=False, guided=False, manual_input=False, mode=OFFBOARD
[INFO] [1781688522.149331838] [minipc_mavros_offboard]: Holding MAVROS setpoint
[INFO] [1781688522.149860905] [minipc_mavros_offboard]: Vehicle left armed/OFFBOARD state; continuing debug hold
[INFO] [1781688522.150133622] [minipc_mavros_offboard]: Debug hold after OFFBOARD/armed drop: connected=True, armed=False, guided=False, manual_input=False, mode=OFFBOARD
[INFO] [1781688522.201148118] [minipc_mavros_offboard]: Holding MAVROS setpoint
[INFO] [1781688522.203565402] [minipc_mavros_offboard]: Vehicle left armed/OFFBOARD state; continuing debug hold
[INFO] [1781688522.204228295] [minipc_mavros_offboard]: Debug hold after OFFBOARD/armed drop: connected=True, armed=False, guided=False, manual_input=False, mode=OFFBOARD
[INFO] [1781688522.249555710] [minipc_mavros_offboard]: Holding MAVROS setpoint
[INFO] [1781688522.250357670] [minipc_mavros_offboard]: Vehicle left armed/OFFBOARD state; continuing debug hold
[INFO] [1781688522.250543601] [minipc_mavros_offboard]: Debug hold after OFFBOARD/armed drop: connected=True, armed=False, guided=False, manual_input=False, mode=OFFBOARD
[INFO] [1781688522.299178521] [minipc_mavros_offboard]: Holding MAVROS setpoint
[INFO] [1781688522.299878114] [minipc_mavros_offboard]: Vehicle left armed/OFFBOARD state; continuing debug hold
[INFO] [1781688522.300239154] [minipc_mavros_offboard]: Debug hold after OFFBOARD/armed drop: connected=True, armed=False, guided=False, manual_input=False, mode=OFFBOARD
[INFO] [1781688522.350482374] [minipc_mavros_offboard]: Holding MAVROS setpoint
[INFO] [1781688522.352766873] [minipc_mavros_offboard]: Vehicle left armed/OFFBOARD state; continuing debug hold
[INFO] [1781688522.353178901] [minipc_mavros_offboard]: Debug hold after OFFBOARD/armed drop: connected=True, armed=False, guided=False, manual_input=False, mode=OFFBOARD
[INFO] [1781688522.399818304] [minipc_mavros_offboard]: Holding MAVROS setpoint
[INFO] [1781688522.400751814] [minipc_mavros_offboard]: Vehicle left armed/OFFBOARD state; continuing debug hold
[INFO] [1781688522.401167582] [minipc_mavros_offboard]: Debug hold after OFFBOARD/armed drop: connected=True, armed=False, guided=False, manual_input=False, mode=OFFBOARD
[INFO] [1781688522.449309320] [minipc_mavros_offboard]: Holding MAVROS setpoint
[INFO] [1781688522.450116115] [minipc_mavros_offboard]: Vehicle left armed/OFFBOARD state; continuing debug hold
[INFO] [1781688522.450542979] [minipc_mavros_offboard]: Debug hold after OFFBOARD/armed drop: connected=True, armed=False, guided=False, manual_input=False, mode=OFFBOARD
[INFO] [1781688522.499293828] [minipc_mavros_offboard]: Holding MAVROS setpoint
[INFO] [1781688522.500111063] [minipc_mavros_offboard]: Vehicle left armed/OFFBOARD state; continuing debug hold
[INFO] [1781688522.500532127] [minipc_mavros_offboard]: Debug hold after OFFBOARD/armed drop: connected=True, armed=False, guided=False, manual_input=False, mode=OFFBOARD
[INFO] [1781688522.551234642] [minipc_mavros_offboard]: Holding MAVROS setpoint
[INFO] [1781688522.553952577] [minipc_mavros_offboard]: Vehicle left armed/OFFBOARD state; continuing debug hold
[INFO] [1781688522.554528842] [minipc_mavros_offboard]: Debug hold after OFFBOARD/armed drop: connected=True, armed=False, guided=False, manual_input=False, mode=OFFBOARD
[INFO] [1781688522.599189609] [minipc_mavros_offboard]: Holding MAVROS setpoint
[INFO] [1781688522.599847105] [minipc_mavros_offboard]: Vehicle left armed/OFFBOARD state; continuing debug hold
[INFO] [1781688522.600085900] [minipc_mavros_offboard]: Debug hold after OFFBOARD/armed drop: connected=True, armed=False, guided=False, manual_input=False, mode=OFFBOARD
[INFO] [1781688522.648978325] [minipc_mavros_offboard]: Holding MAVROS setpoint
[INFO] [1781688522.649498299] [minipc_mavros_offboard]: Vehicle left armed/OFFBOARD state; continuing debug hold
[INFO] [1781688522.649684658] [minipc_mavros_offboard]: Debug hold after OFFBOARD/armed drop: connected=True, armed=False, guided=False, manual_input=False, mode=OFFBOARD
[INFO] [1781688522.698918211] [minipc_mavros_offboard]: Holding MAVROS setpoint
[INFO] [1781688522.699481130] [minipc_mavros_offboard]: Vehicle left armed/OFFBOARD state; continuing debug hold
[INFO] [1781688522.699744080] [minipc_mavros_offboard]: Debug hold after OFFBOARD/armed drop: connected=True, armed=False, guided=False, manual_input=False, mode=OFFBOARD
[INFO] [1781688522.748996211] [minipc_mavros_offboard]: Holding MAVROS setpoint
[INFO] [1781688522.749880202] [minipc_mavros_offboard]: Vehicle left armed/OFFBOARD state; continuing debug hold
[INFO] [1781688522.750374961] [minipc_mavros_offboard]: Debug hold after OFFBOARD/armed drop: connected=True, armed=False, guided=False, manual_input=False, mode=OFFBOARD
[INFO] [1781688522.799433360] [minipc_mavros_offboard]: Holding MAVROS setpoint
[INFO] [1781688522.800360411] [minipc_mavros_offboard]: Vehicle left armed/OFFBOARD state; continuing debug hold
[INFO] [1781688522.800688925] [minipc_mavros_offboard]: Debug hold after OFFBOARD/armed drop: connected=True, armed=False, guided=False, manual_input=False, mode=OFFBOARD
[INFO] [1781688522.849097724] [minipc_mavros_offboard]: Holding MAVROS setpoint
[INFO] [1781688522.849788304] [minipc_mavros_offboard]: Vehicle left armed/OFFBOARD state; continuing debug hold
[INFO] [1781688522.849990458] [minipc_mavros_offboard]: Debug hold after OFFBOARD/armed drop: connected=True, armed=False, guided=False, manual_input=False, mode=OFFBOARD
[INFO] [1781688522.899462402] [minipc_mavros_offboard]: Holding MAVROS setpoint
[INFO] [1781688522.900516595] [minipc_mavros_offboard]: Vehicle left armed/OFFBOARD state; continuing debug hold
[INFO] [1781688522.900933901] [minipc_mavros_offboard]: Debug hold after OFFBOARD/armed drop: connected=True, armed=False, guided=False, manual_input=False, mode=OFFBOARD
[INFO] [1781688522.949053706] [minipc_mavros_offboard]: Holding MAVROS setpoint
[INFO] [1781688522.949715037] [minipc_mavros_offboard]: Vehicle left armed/OFFBOARD state; continuing debug hold
[INFO] [1781688522.949947920] [minipc_mavros_offboard]: Debug hold after OFFBOARD/armed drop: connected=True, armed=False, guided=False, manual_input=False, mode=OFFBOARD
[INFO] [1781688522.999344741] [minipc_mavros_offboard]: Holding MAVROS setpoint
[INFO] [1781688523.000240744] [minipc_mavros_offboard]: Vehicle left armed/OFFBOARD state; continuing debug hold
[INFO] [1781688523.000691612] [minipc_mavros_offboard]: Debug hold after OFFBOARD/armed drop: connected=True, armed=False, guided=False, manual_input=False, mode=OFFBOARD
[INFO] [1781688523.049838904] [minipc_mavros_offboard]: Holding MAVROS setpoint
[INFO] [1781688523.055631637] [minipc_mavros_offboard]: Vehicle left armed/OFFBOARD state; continuing debug hold
[INFO] [1781688523.056307056] [minipc_mavros_offboard]: Debug hold after OFFBOARD/armed drop: connected=True, armed=False, guided=False, manual_input=False, mode=OFFBOARD
[INFO] [1781688523.099584365] [minipc_mavros_offboard]: Holding MAVROS setpoint
[INFO] [1781688523.100582593] [minipc_mavros_offboard]: Vehicle left armed/OFFBOARD state; continuing debug hold
[INFO] [1781688523.101033943] [minipc_mavros_offboard]: Debug hold after OFFBOARD/armed drop: connected=True, armed=False, guided=False, manual_input=False, mode=OFFBOARD
[INFO] [1781688523.149381835] [minipc_mavros_offboard]: Holding MAVROS setpoint
[INFO] [1781688523.150669928] [minipc_mavros_offboard]: Vehicle left armed/OFFBOARD state; continuing debug hold
[INFO] [1781688523.151420380] [minipc_mavros_offboard]: Debug hold after OFFBOARD/armed drop: connected=True, armed=False, guided=False, manual_input=False, mode=OFFBOARD
[INFO] [1781688523.200699887] [minipc_mavros_offboard]: Holding MAVROS setpoint
[INFO] [1781688523.202840094] [minipc_mavros_offboard]: Vehicle left armed/OFFBOARD state; continuing debug hold
[INFO] [1781688523.203275117] [minipc_mavros_offboard]: Debug hold after OFFBOARD/armed drop: connected=True, armed=False, guided=False, manual_input=False, mode=OFFBOARD
[INFO] [1781688523.249629100] [minipc_mavros_offboard]: Holding MAVROS setpoint
[INFO] [1781688523.250757531] [minipc_mavros_offboard]: Vehicle left armed/OFFBOARD state; continuing debug hold
[INFO] [1781688523.251239702] [minipc_mavros_offboard]: Debug hold after OFFBOARD/armed drop: connected=True, armed=False, guided=False, manual_input=False, mode=OFFBOARD
[INFO] [1781688523.299270095] [minipc_mavros_offboard]: Holding MAVROS setpoint
[INFO] [1781688523.300064683] [minipc_mavros_offboard]: Vehicle left armed/OFFBOARD state; continuing debug hold
[INFO] [1781688523.300496330] [minipc_mavros_offboard]: Debug hold after OFFBOARD/armed drop: connected=True, armed=False, guided=False, manual_input=False, mode=OFFBOARD
[INFO] [1781688523.349660047] [minipc_mavros_offboard]: Holding MAVROS setpoint
[INFO] [1781688523.350378031] [minipc_mavros_offboard]: Vehicle left armed/OFFBOARD state; continuing debug hold
[INFO] [1781688523.350568067] [minipc_mavros_offboard]: Debug hold after OFFBOARD/armed drop: connected=True, armed=False, guided=False, manual_input=False, mode=OFFBOARD
[INFO] [1781688523.399731746] [minipc_mavros_offboard]: Holding MAVROS setpoint
[INFO] [1781688523.400793132] [minipc_mavros_offboard]: Vehicle left armed/OFFBOARD state; continuing debug hold
[INFO] [1781688523.401331112] [minipc_mavros_offboard]: Debug hold after OFFBOARD/armed drop: connected=True, armed=False, guided=False, manual_input=False, mode=OFFBOARD
[INFO] [1781688523.449247180] [minipc_mavros_offboard]: Holding MAVROS setpoint
[INFO] [1781688523.450086394] [minipc_mavros_offboard]: Vehicle left armed/OFFBOARD state; continuing debug hold
[INFO] [1781688523.450295169] [minipc_mavros_offboard]: Debug hold after OFFBOARD/armed drop: connected=True, armed=False, guided=False, manual_input=False, mode=OFFBOARD
[INFO] [1781688523.499320067] [minipc_mavros_offboard]: Holding MAVROS setpoint
[INFO] [1781688523.500094006] [minipc_mavros_offboard]: Vehicle left armed/OFFBOARD state; continuing debug hold
[INFO] [1781688523.500511737] [minipc_mavros_offboard]: Debug hold after OFFBOARD/armed drop: connected=True, armed=False, guided=False, manual_input=False, mode=OFFBOARD
[INFO] [1781688523.550799831] [minipc_mavros_offboard]: Holding MAVROS setpoint
[INFO] [1781688523.552521991] [minipc_mavros_offboard]: Vehicle left armed/OFFBOARD state; continuing debug hold
[INFO] [1781688523.552755879] [minipc_mavros_offboard]: Debug hold after OFFBOARD/armed drop: connected=True, armed=False, guided=False, manual_input=False, mode=OFFBOARD
[INFO] [1781688523.599343236] [minipc_mavros_offboard]: Holding MAVROS setpoint
[INFO] [1781688523.600079427] [minipc_mavros_offboard]: Vehicle left armed/OFFBOARD state; continuing debug hold
[INFO] [1781688523.600495686] [minipc_mavros_offboard]: Debug hold after OFFBOARD/armed drop: connected=True, armed=False, guided=False, manual_input=False, mode=OFFBOARD
                                                                                                                                                                                                                                                                                                                                                                                                                                                                                                                                                                                                                                                                                                                                                                                                                                                                                                                                                                                                                                                                                                                                                                                                                                                                                                                                                                                                                                                                                                                                                                                                                                                                                                                                                                                                                                                                                                                                                                                                                                                                                                                                                                                                                                                                                                                                                                                                            