[INFO] [launch]: All log files can be found below /home/robot/.ros/log/2026-06-17-14-18-52-189608-robot-3646
[INFO] [launch]: Default logging verbosity is set to INFO
[INFO] [mavros_node-1]: process started with pid [3657]
[INFO] [fastlio_odometry_guard-2]: process started with pid [3659]
[INFO] [fastlio_mavros_vision_bridge-3]: process started with pid [3661]
[INFO] [static_transform_publisher-4]: process started with pid [3663]
[INFO] [static_transform_publisher-5]: process started with pid [3665]
[INFO] [static_transform_publisher-6]: process started with pid [3667]
[INFO] [static_transform_publisher-7]: process started with pid [3669]
[fastlio_mavros_vision_bridge-3] [INFO] [1781677132.286937973] [fastlio_mavros_vision_bridge]: Bridging /Odometry/guarded -> /mavros/vision_pose/pose_cov for MAVROS vision input
[fastlio_odometry_guard-2] [INFO] [1781677132.296617746] [fastlio_odometry_guard]: Guarding odometry /Odometry -> /Odometry/guarded (jump=0.30m, xy=0.20m, z=0.10m, speed=1.20m/s)
[static_transform_publisher-7] [INFO] [1781677132.299881883] [body_to_body_frd]: Spinning until stopped - publishing transform
[static_transform_publisher-7] translation: ('0.000000', '0.000000', '0.000000')
[static_transform_publisher-7] rotation: ('1.000000', '0.000000', '0.000000', '0.000000')
[static_transform_publisher-7] from 'body' to 'body_frd'
[static_transform_publisher-4] [INFO] [1781677132.300153046] [odom_to_camera_init]: Spinning until stopped - publishing transform
[static_transform_publisher-4] translation: ('0.000000', '0.000000', '0.000000')
[static_transform_publisher-4] rotation: ('0.000000', '0.000000', '0.000000', '1.000000')
[static_transform_publisher-4] from 'odom' to 'camera_init'
[mavros_node-1] [INFO] [1781677132.300707745] [mavros.mavros_node]: Starting mavros_node container
[mavros_node-1] [INFO] [1781677132.300761663] [mavros.mavros_node]: FCU URL: serial:///dev/ttyUSB0:921600?ids=255,190
[mavros_node-1] [INFO] [1781677132.300766726] [mavros.mavros_node]: GCS URL: 
[mavros_node-1] [INFO] [1781677132.300769366] [mavros.mavros_node]: UAS Prefix: /uas1
[mavros_node-1] [INFO] [1781677132.300771895] [mavros.mavros_node]: Starting mavros router node
[static_transform_publisher-5] [INFO] [1781677132.301013275] [base_link_to_body]: Spinning until stopped - publishing transform
[static_transform_publisher-5] translation: ('0.000000', '0.000000', '0.000000')
[static_transform_publisher-5] rotation: ('0.000000', '0.000000', '0.000000', '1.000000')
[static_transform_publisher-5] from 'base_link' to 'body'
[static_transform_publisher-6] [INFO] [1781677132.302243365] [camera_init_to_camera_init_ned]: Spinning until stopped - publishing transform
[static_transform_publisher-6] translation: ('0.000000', '0.000000', '0.000000')
[static_transform_publisher-6] rotation: ('1.000000', '0.000000', '0.000000', '0.000000')
[static_transform_publisher-6] from 'camera_init' to 'camera_init_ned'
[mavros_node-1] [INFO] [1781677132.309274201] [mavros.mavros_router]: Built-in SIMD instructions: SSE, SSE2
[mavros_node-1] [INFO] [1781677132.309311600] [mavros.mavros_router]: Built-in MAVLink package version: 2026.3.3
[mavros_node-1] [INFO] [1781677132.309327577] [mavros.mavros_router]: Known MAVLink dialects: common ardupilotmega ASLUAV AVSSUAS all csAirLink cubepilot development icarous loweheiser marsh matrixpilot paparazzi standard stemstudios storm32 uAvionix ualberta
[mavros_node-1] [INFO] [1781677132.309337367] [mavros.mavros_router]: MAVROS Router started
[mavros_node-1] [INFO] [1781677132.309430071] [mavros.mavros_node]: Starting mavros uas node
[mavros_node-1] [INFO] [1781677132.341961976] [mavros.mavros_router]: Requested to add endpoint: type: 0, url: serial:///dev/ttyUSB0:921600?ids=255,190
[mavros_node-1] [INFO] [1781677132.342020952] [mavros.mavros_router]: Endpoint link[1000] created
[mavros_node-1] [INFO] [1781677132.343078732] [mavros.mavros_router]: link[1000] opened successfully
[mavros_node-1] [INFO] [1781677132.343103499] [mavros.mavros_router]: Requested to add endpoint: type: 2, url: /uas1
[mavros_node-1] [INFO] [1781677132.343122924] [mavros.mavros_router]: Endpoint link[1001] created
[mavros_node-1] [INFO] [1781677132.346513999] [mavros.mavros_router]: link[1001] opened successfully
[mavros_node-1] [INFO] [1781677132.347759128] [mavros.mavros_router]: link[1000] detected remote address 229.140
[mavros_node-1] [INFO] [1781677132.349838977] [mavros.mavros_router]: link[1000] detected remote address 1.1
[mavros_node-1] [INFO] [1781677132.352089658] [mavros.mavros]: UAS Executor started, threads: 16
[mavros_node-1] [INFO] [1781677132.369271407] [mavros.mavros]: Plugin actuator_control created
[mavros_node-1] [INFO] [1781677132.369312264] [mavros.mavros]: Plugin actuator_control initialized
[mavros_node-1] [INFO] [1781677132.388147629] [mavros.mavros]: Plugin adsb created
[mavros_node-1] [INFO] [1781677132.388181359] [mavros.mavros]: Plugin adsb initialized
[mavros_node-1] [INFO] [1781677132.391857732] [mavros.mavros]: Plugin altitude created
[mavros_node-1] [INFO] [1781677132.391909802] [mavros.mavros]: Plugin altitude initialized
[mavros_node-1] [INFO] [1781677132.396930861] [mavros.mavros]: Plugin cam_imu_sync created
[mavros_node-1] [INFO] [1781677132.396987353] [mavros.mavros]: Plugin cam_imu_sync initialized
[mavros_node-1] [INFO] [1781677132.402244434] [mavros.mavros]: Plugin camera created
[mavros_node-1] [INFO] [1781677132.402281964] [mavros.mavros]: Plugin camera initialized
[mavros_node-1] [INFO] [1781677132.405419538] [mavros.mavros]: Plugin cellular_status created
[mavros_node-1] [INFO] [1781677132.405468360] [mavros.mavros]: Plugin cellular_status initialized
[mavros_node-1] [INFO] [1781677132.410681479] [mavros.mavros]: Plugin command created
[mavros_node-1] [INFO] [1781677132.410723839] [mavros.mavros]: Plugin command initialized
[mavros_node-1] [INFO] [1781677132.413656673] [mavros.mavros]: Plugin companion_process_status created
[mavros_node-1] [INFO] [1781677132.413689935] [mavros.mavros]: Plugin companion_process_status initialized
[mavros_node-1] [INFO] [1781677132.417388934] [mavros.mavros]: Plugin debug_value created
[mavros_node-1] [INFO] [1781677132.417429146] [mavros.mavros]: Plugin debug_value initialized
[mavros_node-1] [INFO] [1781677132.417434181] [mavros.mavros]: Plugin distance_sensor ignored
[mavros_node-1] [INFO] [1781677132.421841738] [mavros.mavros]: Plugin esc_status created
[mavros_node-1] [INFO] [1781677132.421892198] [mavros.mavros]: Plugin esc_status initialized
[mavros_node-1] [INFO] [1781677132.425551464] [mavros.mavros]: Plugin esc_telemetry created
[mavros_node-1] [INFO] [1781677132.425597353] [mavros.mavros]: Plugin esc_telemetry initialized
[mavros_node-1] [INFO] [1781677132.430888958] [mavros.mavros]: Plugin fake_gps created
[mavros_node-1] [INFO] [1781677132.430918293] [mavros.mavros]: Plugin fake_gps initialized
[mavros_node-1] [INFO] [1781677132.440851349] [mavros.mavros]: Plugin ftp created
[mavros_node-1] [INFO] [1781677132.440902855] [mavros.mavros]: Plugin ftp initialized
[mavros_node-1] [INFO] [1781677132.449115043] [mavros.mavros]: Plugin geofence created
[mavros_node-1] [INFO] [1781677132.449163119] [mavros.mavros]: Plugin geofence initialized
[mavros_node-1] [INFO] [1781677132.459403681] [mavros.mavros]: Plugin gimbal_control created
[mavros_node-1] [INFO] [1781677132.459444928] [mavros.mavros]: Plugin gimbal_control initialized
[mavros_node-1] [INFO] [1781677132.468231911] [mavros.mavros]: Plugin global_position created
[mavros_node-1] [INFO] [1781677132.468280328] [mavros.mavros]: Plugin global_position initialized
[mavros_node-1] [INFO] [1781677132.472767851] [mavros.mavros]: Plugin gps_input created
[mavros_node-1] [INFO] [1781677132.472816250] [mavros.mavros]: Plugin gps_input initialized
[mavros_node-1] [INFO] [1781677132.478685648] [mavros.mavros]: Plugin gps_rtk created
[mavros_node-1] [INFO] [1781677132.478722993] [mavros.mavros]: Plugin gps_rtk initialized
[mavros_node-1] [INFO] [1781677132.484275769] [mavros.mavros]: Plugin gps_status created
[mavros_node-1] [INFO] [1781677132.484320237] [mavros.mavros]: Plugin gps_status initialized
[mavros_node-1] [INFO] [1781677132.489537816] [mavros.mavros]: Plugin guided_target created
[mavros_node-1] [INFO] [1781677132.489574654] [mavros.mavros]: Plugin guided_target initialized
[mavros_node-1] [INFO] [1781677132.497544998] [mavros.mavros]: Plugin hil created
[mavros_node-1] [INFO] [1781677132.497584324] [mavros.mavros]: Plugin hil initialized
[mavros_node-1] [INFO] [1781677132.503375202] [mavros.mavros]: Plugin home_position created
[mavros_node-1] [INFO] [1781677132.503415448] [mavros.mavros]: Plugin home_position initialized
[mavros_node-1] [INFO] [1781677132.510590978] [mavros.mavros]: Plugin imu created
[mavros_node-1] [INFO] [1781677132.510655196] [mavros.mavros]: Plugin imu initialized
[mavros_node-1] [INFO] [1781677132.517911586] [mavros.mavros]: Plugin landing_target created
[mavros_node-1] [INFO] [1781677132.517957872] [mavros.mavros]: Plugin landing_target initialized
[mavros_node-1] [INFO] [1781677132.525882033] [mavros.mavros]: Plugin local_position created
[mavros_node-1] [INFO] [1781677132.525938105] [mavros.mavros]: Plugin local_position initialized
[mavros_node-1] [INFO] [1781677132.533975981] [mavros.mavros]: Plugin log_transfer created
[mavros_node-1] [INFO] [1781677132.534018715] [mavros.mavros]: Plugin log_transfer initialized
[mavros_node-1] [INFO] [1781677132.540589380] [mavros.mavros]: Plugin mag_calibration_status created
[mavros_node-1] [INFO] [1781677132.540669696] [mavros.mavros]: Plugin mag_calibration_status initialized
[mavros_node-1] [INFO] [1781677132.546818821] [mavros.mavros]: Plugin manual_control created
[mavros_node-1] [INFO] [1781677132.546862744] [mavros.mavros]: Plugin manual_control initialized
[mavros_node-1] [INFO] [1781677132.553235062] [mavros.mavros]: Plugin mocap_pose_estimate created
[mavros_node-1] [INFO] [1781677132.553282285] [mavros.mavros]: Plugin mocap_pose_estimate initialized
[mavros_node-1] [INFO] [1781677132.562594947] [mavros.mavros]: Plugin mount_control created
[mavros_node-1] [INFO] [1781677132.562650404] [mavros.mavros]: Plugin mount_control initialized
[mavros_node-1] [INFO] [1781677132.569773262] [mavros.mavros]: Plugin nav_controller_output created
[mavros_node-1] [INFO] [1781677132.569830185] [mavros.mavros]: Plugin nav_controller_output initialized
[mavros_node-1] [INFO] [1781677132.576742647] [mavros.mavros]: Plugin obstacle_distance created
[mavros_node-1] [INFO] [1781677132.576788619] [mavros.mavros]: Plugin obstacle_distance initialized
[mavros_node-1] [INFO] [1781677132.584108562] [mavros.mavros]: Plugin obstacle_distance_3d created
[mavros_node-1] [INFO] [1781677132.584160962] [mavros.mavros]: Plugin obstacle_distance_3d initialized
[mavros_node-1] [INFO] [1781677132.593327621] [mavros.mavros]: Plugin odometry created
[mavros_node-1] [INFO] [1781677132.593385397] [mavros.mavros]: Plugin odometry initialized
[mavros_node-1] [INFO] [1781677132.604645880] [mavros.mavros]: Plugin onboard_computer_status created
[mavros_node-1] [INFO] [1781677132.604729779] [mavros.mavros]: Plugin onboard_computer_status initialized
[mavros_node-1] [INFO] [1781677132.623257686] [mavros.mavros]: Plugin open_drone_id created
[mavros_node-1] [INFO] [1781677132.623308119] [mavros.mavros]: Plugin open_drone_id initialized
[mavros_node-1] [INFO] [1781677132.636113487] [mavros.mavros]: Plugin optical_flow created
[mavros_node-1] [INFO] [1781677132.636171613] [mavros.mavros]: Plugin optical_flow initialized
[mavros_node-1] [INFO] [1781677132.645163853] [mavros.mavros]: Plugin param created
[mavros_node-1] [INFO] [1781677132.645215643] [mavros.mavros]: Plugin param initialized
[mavros_node-1] [INFO] [1781677132.654083592] [mavros.mavros]: Plugin play_tune created
[mavros_node-1] [INFO] [1781677132.654130572] [mavros.mavros]: Plugin play_tune initialized
[mavros_node-1] [INFO] [1781677132.667103686] [mavros.mavros]: Plugin px4flow created
[mavros_node-1] [INFO] [1781677132.667203981] [mavros.mavros]: Plugin px4flow initialized
[mavros_node-1] [INFO] [1781677132.687034030] [mavros.mavros]: Plugin rallypoint created
[mavros_node-1] [INFO] [1781677132.687124792] [mavros.mavros]: Plugin rallypoint initialized
[mavros_node-1] [INFO] [1781677132.687152290] [mavros.mavros]: Plugin rangefinder ignored
[mavros_node-1] [INFO] [1781677132.698155514] [mavros.mavros]: Plugin rc_io created
[mavros_node-1] [INFO] [1781677132.698207036] [mavros.mavros]: Plugin rc_io initialized
[mavros_node-1] [INFO] [1781677132.707224859] [mavros.mavros]: Plugin setpoint_accel created
[mavros_node-1] [INFO] [1781677132.707272920] [mavros.mavros]: Plugin setpoint_accel initialized
[mavros_node-1] [INFO] [1781677132.718484277] [mavros.mavros]: Plugin setpoint_attitude created
[mavros_node-1] [INFO] [1781677132.718540491] [mavros.mavros]: Plugin setpoint_attitude initialized
[mavros_node-1] [INFO] [1781677132.730615475] [mavros.mavros]: Plugin setpoint_position created
[mavros_node-1] [INFO] [1781677132.730661657] [mavros.mavros]: Plugin setpoint_position initialized
[mavros_node-1] [INFO] [1781677132.744013501] [mavros.mavros]: Plugin setpoint_raw created
[mavros_node-1] [INFO] [1781677132.744083262] [mavros.mavros]: Plugin setpoint_raw initialized
[mavros_node-1] [INFO] [1781677132.757625598] [mavros.mavros]: Plugin setpoint_trajectory created
[mavros_node-1] [INFO] [1781677132.757668072] [mavros.mavros]: Plugin setpoint_trajectory initialized
[mavros_node-1] [INFO] [1781677132.768061253] [mavros.mavros]: Plugin setpoint_velocity created
[mavros_node-1] [INFO] [1781677132.768131796] [mavros.mavros]: Plugin setpoint_velocity initialized
[mavros_node-1] [INFO] [1781677132.781922406] [mavros.mavros]: Plugin sim_state created
[mavros_node-1] [INFO] [1781677132.781967450] [mavros.mavros]: Plugin sim_state initialized
[mavros_node-1] [INFO] [1781677132.838517470] [mavros.mavros]: Plugin sys_status created
[mavros_node-1] [INFO] [1781677132.838605693] [mavros.mavros]: Plugin sys_status initialized
[mavros_node-1] [INFO] [1781677132.869145584] [mavros.time]: TM: Timesync mode: MAVLINK
[mavros_node-1] [INFO] [1781677132.874393344] [mavros.mavros]: Plugin sys_time created
[mavros_node-1] [INFO] [1781677132.874459367] [mavros.mavros]: Plugin sys_time initialized
[mavros_node-1] [INFO] [1781677132.899684579] [mavros.mavros]: Plugin tdr_radio created
[mavros_node-1] [INFO] [1781677132.899766327] [mavros.mavros]: Plugin tdr_radio initialized
[mavros_node-1] [INFO] [1781677132.912401564] [mavros.mavros]: Plugin terrain created
[mavros_node-1] [INFO] [1781677132.912465966] [mavros.mavros]: Plugin terrain initialized
[mavros_node-1] [INFO] [1781677132.927187797] [mavros.mavros]: Plugin trajectory created
[mavros_node-1] [INFO] [1781677132.927315955] [mavros.mavros]: Plugin trajectory initialized
[mavros_node-1] [INFO] [1781677132.942068959] [mavros.mavros]: Plugin tunnel created
[mavros_node-1] [INFO] [1781677132.942156495] [mavros.mavros]: Plugin tunnel initialized
[mavros_node-1] [INFO] [1781677132.954562430] [mavros.mavros]: Plugin vfr_hud created
[mavros_node-1] [INFO] [1781677132.954617529] [mavros.mavros]: Plugin vfr_hud initialized
[mavros_node-1] [INFO] [1781677132.954623060] [mavros.mavros]: Plugin vibration ignored
[mavros_node-1] [INFO] [1781677132.969893247] [mavros.mavros]: Plugin vision_pose created
[mavros_node-1] [INFO] [1781677132.969939210] [mavros.mavros]: Plugin vision_pose initialized
[mavros_node-1] [INFO] [1781677132.985910786] [mavros.mavros]: Plugin vision_speed created
[mavros_node-1] [INFO] [1781677132.985949120] [mavros.mavros]: Plugin vision_speed initialized
[mavros_node-1] [INFO] [1781677133.006916219] [mavros.mavros]: Plugin waypoint created
[mavros_node-1] [INFO] [1781677133.006989210] [mavros.mavros]: Plugin waypoint initialized
[mavros_node-1] [INFO] [1781677133.006995649] [mavros.mavros]: Plugin wheel_odometry ignored
[mavros_node-1] [INFO] [1781677133.020957555] [mavros.mavros]: Plugin wind_estimation created
[mavros_node-1] [INFO] [1781677133.021021119] [mavros.mavros]: Plugin wind_estimation initialized
[mavros_node-1] [INFO] [1781677133.022678337] [mavros.mavros]: Built-in SIMD instructions: SSE, SSE2
[mavros_node-1] [INFO] [1781677133.022705005] [mavros.mavros]: Built-in MAVLink package version: 2026.3.3
[mavros_node-1] [INFO] [1781677133.022709201] [mavros.mavros]: Known MAVLink dialects: common ardupilotmega ASLUAV AVSSUAS all csAirLink cubepilot development icarous loweheiser marsh matrixpilot paparazzi standard stemstudios storm32 uAvionix ualberta
[mavros_node-1] [INFO] [1781677133.022712248] [mavros.mavros]: MAVROS UAS via /uas1 started. MY ID 255.190, TARGET ID 1.1
[mavros_node-1] [INFO] [1781677133.026786822] [mavros.imu]: IMU: High resolution IMU detected!
[mavros_node-1] [INFO] [1781677133.029473731] [mavros.imu]: IMU: Attitude quaternion IMU detected!
[mavros_node-1] [INFO] [1781677133.032254350] [mavros.mavros_router]: link[1001] detected remote address 255.190
[mavros_node-1] [INFO] [1781677133.631954944] [mavros.mavros]: CON: Got HEARTBEAT, connected. FCU: PX4 Autopilot
[mavros_node-1] [INFO] [1781677133.632033726] [mavros.mission]: WP: detected enable_partial_push: 0
[mavros_node-1] [INFO] [1781677133.646705814] [mavros.imu]: IMU: High resolution IMU detected!
[mavros_node-1] [INFO] [1781677133.648926351] [mavros.imu]: IMU: Attitude quaternion IMU detected!
[mavros_node-1] [WARN] [1781677134.641026727] [mavros.cmd]: CMD: Unexpected command 520, result 3
[mavros_node-1] [WARN] [1781677135.644714093] [mavros.sys]: VER: broadcast request timeout, retries left 4
[mavros_node-1] [WARN] [1781677136.636812389] [mavros.sys]: VER: broadcast request timeout, retries left 3
[mavros_node-1] [ERROR] [1781677137.650920123] [mavros.sys]: VER: command plugin service call failed!
[mavros_node-1] [WARN] [1781677137.650964152] [mavros.sys]: VER: unicast request timeout, retries left 2
[mavros_node-1] [ERROR] [1781677138.659964421] [mavros.sys]: VER: command plugin service call failed!
[mavros_node-1] [WARN] [1781677138.660038450] [mavros.sys]: VER: unicast request timeout, retries left 1
[mavros_node-1] [ERROR] [1781677139.647083982] [mavros.sys]: VER: command plugin service call failed!
[mavros_node-1] [WARN] [1781677139.647168138] [mavros.sys]: VER: unicast request timeout, retries left 0
[mavros_node-1] [ERROR] [1781677140.647574842] [mavros.sys]: VER: command plugin service call failed!
[mavros_node-1] [WARN] [1781677140.647630023] [mavros.sys]: VER: your FCU don't support AUTOPILOT_VERSION, switched to default capabilities
[mavros_node-1] [INFO] [1781677143.632790962] [mavros.home_position]: HP: requesting home position
[mavros_node-1] [INFO] [1781677141.624947013] [mavros.mission]: WP: mission received
[mavros_node-1] [INFO] [1781677146.623589269] [mavros.rallypoint]: RP: mission received
[mavros_node-1] [INFO] [1781677151.627671208] [mavros.geofence]: GF: mission received
