[INFO] [launch]: All log files can be found below /home/robot/.ros/log/2026-06-17-15-59-54-624975-robot-10327
[INFO] [launch]: Default logging verbosity is set to INFO
[INFO] [fastlio_mapping-1]: process started with pid [10328]
[fastlio_mapping-1] [INFO] [1781683194.778142892] [laser_mapping]: p_pre->lidar_type 1
[fastlio_mapping-1] Multi thread started 
[fastlio_mapping-1] ~~~~/home/robot/livox_mid360_env/ws_fastlio/src/fast_lio/ file opened
[fastlio_mapping-1] [INFO] [1781683194.784331153] [laser_mapping]: Node init finished.
[fastlio_mapping-1] [WARN] [1781683196.554021538] [laser_mapping]: No point, skip this scan!
[fastlio_mapping-1] 
[fastlio_mapping-1] [WARN] [1781683196.563994276] [laser_mapping]: No point, skip this scan!
[fastlio_mapping-1] 
[fastlio_mapping-1] [WARN] [1781683196.574720990] [laser_mapping]: No point, skip this scan!
[fastlio_mapping-1] 
[fastlio_mapping-1] [WARN] [1781683196.584531443] [laser_mapping]: No point, skip this scan!
[fastlio_mapping-1] 
[fastlio_mapping-1] [WARN] [1781683196.593955859] [laser_mapping]: No point, skip this scan!
[fastlio_mapping-1] 
[fastlio_mapping-1] [WARN] [1781683196.603979086] [laser_mapping]: No point, skip this scan!
[fastlio_mapping-1] 
[fastlio_mapping-1] [WARN] [1781683196.613952706] [laser_mapping]: No point, skip this scan!
[fastlio_mapping-1] 
[fastlio_mapping-1] [WARN] [1781683196.624015761] [laser_mapping]: No point, skip this scan!
[fastlio_mapping-1] 
[fastlio_mapping-1] [WARN] [1781683196.633991621] [laser_mapping]: No point, skip this scan!
[fastlio_mapping-1] 
[fastlio_mapping-1] [WARN] [1781683196.643955889] [laser_mapping]: No point, skip this scan!
[fastlio_mapping-1] 
[fastlio_mapping-1] [WARN] [1781683196.654001477] [laser_mapping]: No point, skip this scan!
[fastlio_mapping-1] 
[fastlio_mapping-1] [WARN] [1781683196.663981920] [laser_mapping]: No point, skip this scan!
[fastlio_mapping-1] 
[fastlio_mapping-1] IMU Initial Done
[fastlio_mapping-1] [WARN] [1781683196.674543139] [laser_mapping]: No point, skip this scan!
[fastlio_mapping-1] 
[fastlio_mapping-1] [INFO] [1781683196.685657794] [laser_mapping]: Initialize the map kdtree
