Flight run directory: /home/robot/ws_offboard_control/flight_records/20260624/flight_20260624_192435
Parameter snapshot: /home/robot/ws_offboard_control/flight_records/20260624/flight_20260624_192435/snapshot
Recording rosbag to: /home/robot/ws_offboard_control/flight_records/20260624/flight_20260624_192435/rosbag
Press Ctrl+C in this terminal to stop recording.
stdin is not a terminal device. Keyboard handling disabled.[INFO] [1782300292.151164836] [rosbag2_recorder]: Press SPACE for pausing/resuming
[INFO] [1782300292.153239684] [rosbag2_storage]: Opened database '/home/robot/ws_offboard_control/flight_records/20260624/flight_20260624_192435/rosbag/rosbag_0.db3' for READ_WRITE.
[INFO] [1782300292.154160969] [rosbag2_recorder]: Listening for topics...
[INFO] [1782300292.154181920] [rosbag2_recorder]: Event publisher thread: Starting
[INFO] [1782300292.154370354] [rosbag2_recorder]: Recording...
[INFO] [1782300292.258361329] [rosbag2_recorder]: Subscribed to topic '/Odometry'
[INFO] [1782300292.259789560] [rosbag2_recorder]: Subscribed to topic '/Odometry/guarded'
[INFO] [1782300292.262230558] [rosbag2_recorder]: Subscribed to topic '/cloud_registered'
[INFO] [1782300292.264672713] [rosbag2_recorder]: Subscribed to topic '/mavros/setpoint_raw/local'
[INFO] [1782300292.266328704] [rosbag2_recorder]: Subscribed to topic '/mavros/vision_pose/pose_cov'
[INFO] [1782300292.267632896] [rosbag2_recorder]: Subscribed to topic '/path'
[INFO] [1782300292.269010481] [rosbag2_recorder]: Subscribed to topic '/minipc_mavros_offboard/mpc_setpoint_debug'
[INFO] [1782300292.374294444] [rosbag2_recorder]: Subscribed to topic '/mavros/local_position/pose'
[INFO] [1782300292.376022382] [rosbag2_recorder]: Subscribed to topic '/mavros/local_position/odom'
[INFO] [1782300293.008506960] [rosbag2_recorder]: Subscribed to topic '/mavros/setpoint_raw/target_local'
[INFO] [1782300293.009688976] [rosbag2_recorder]: Subscribed to topic '/mavros/state'
