[INFO] [1782300287.290128042] [minipc_mavros_offboard]: Started minipc_mavros_offboard with arm_only=False, takeoff_height_m=0.8, hover_seconds=10.0, offboard_stabilize_seconds=20.0, use_rc_offboard=True, hold_after_arm_reject=True, ignore_z_in_arm_only=True, debug_hold_after_mode_drop=True, recent_pose_samples=30, require_vision_pose=True, vision_freshness_s=1.0, lift_only_seconds=2.5, z_ramp_seconds=2.0, target_xyz=(1.0, 0.0, -0.5), xy_move_unlock_height_m=0.5, yaw_deg=0.0, auto_land=False, land_on_offboard_loss=True, offboard_land=True, offboard_land_speed_mps=0.1, offboard_land_auto_handoff_height_m=0.1, target_reached_tolerance_m=0.15, landed_hold_seconds=0.0, drift_guard_enabled=True, drift_warning_m=0.2, drift_land_m=0.3, drift_emergency_m=0.5, legacy_max_horizontal_drift_m=0.5, mavros_state_freshness_s=1.5, control_mode=ramp
[INFO] [1782300287.316228030] [minipc_mavros_offboard]: Waiting for MAVROS connection
[INFO] [1782300288.016644759] [minipc_mavros_offboard]: Waiting for MAVROS local odometry before arming
[INFO] [1782300288.017372702] [minipc_mavros_offboard]: Averaged MAVROS local odometry at lock x=-0.00, y=0.01, z=-0.04
[INFO] [1782300288.017573540] [minipc_mavros_offboard]: Target setpoint locked to ENU for MAVROS local setpoint x=-0.00, y=1.01, z_start=-0.04, z_final=0.46
[INFO] [1782300288.066557210] [minipc_mavros_offboard]: Streaming pre-arm MAVROS setpoints
[INFO] [1782300293.067671730] [minipc_mavros_offboard]: Streaming setpoints and waiting for RC to switch OFFBOARD
[INFO] [1782300297.967273709] [minipc_mavros_offboard]: OFFBOARD reported by MAVROS state
[INFO] [1782300318.066868170] [minipc_mavros_offboard]: Arming vehicle
[INFO] [1782300318.069094936] [minipc_mavros_offboard]: Requested arming
[INFO] [1782300318.117131498] [minipc_mavros_offboard]: Locked hold yaw to current MAVROS local yaw 0.2 deg
[INFO] [1782300318.166792084] [minipc_mavros_offboard]: Holding MAVROS setpoint
[FATAL] [1782300318.167241274] [minipc_mavros_offboard]: Horizontal error emergency threshold exceeded: error=0.99 m >= emergency=0.50 m. Manual takeover recommended immediately.
[WARN] [1782300318.167452781] [minipc_mavros_offboard]: Horizontal error warning: error=0.99 m >= warning=0.20 m
[ERROR] [1782300318.167618589] [minipc_mavros_offboard]: Horizontal drift guard triggered: error=0.99 m >= limit=0.30 m. Automatic landing on drift is disabled; continuing to publish setpoints.
[INFO] [1782300318.168166670] [minipc_mavros_offboard]: Vehicle left armed/OFFBOARD state; continuing debug hold
[INFO] [1782300318.168378599] [minipc_mavros_offboard]: Debug hold after OFFBOARD/armed drop: connected=True, armed=False, guided=False, manual_input=False, mode=OFFBOARD
[INFO] [1782300318.216404931] [minipc_mavros_offboard]: Holding MAVROS setpoint
[INFO] [1782300318.217530945] [minipc_mavros_offboard]: Vehicle left armed/OFFBOARD state; continuing debug hold
[INFO] [1782300318.217976368] [minipc_mavros_offboard]: Debug hold after OFFBOARD/armed drop: connected=True, armed=False, guided=False, manual_input=False, mode=OFFBOARD
[INFO] [1782300318.266712414] [minipc_mavros_offboard]: Holding MAVROS setpoint
[INFO] [1782300318.267882592] [minipc_mavros_offboard]: Vehicle left armed/OFFBOARD state; continuing debug hold
[INFO] [1782300318.268432973] [minipc_mavros_offboard]: Debug hold after OFFBOARD/armed drop: connected=True, armed=False, guided=False, manual_input=False, mode=OFFBOARD
[INFO] [1782300318.316730599] [minipc_mavros_offboard]: Holding MAVROS setpoint
[INFO] [1782300318.318002199] [minipc_mavros_offboard]: Vehicle left armed/OFFBOARD state; continuing debug hold
[INFO] [1782300318.318650718] [minipc_mavros_offboard]: Debug hold after OFFBOARD/armed drop: connected=True, armed=False, guided=False, manual_input=False, mode=OFFBOARD
[INFO] [1782300318.366631740] [minipc_mavros_offboard]: Holding MAVROS setpoint
[INFO] [1782300318.368657962] [minipc_mavros_offboard]: Vehicle left armed/OFFBOARD state; continuing debug hold
[INFO] [1782300318.369934107] [minipc_mavros_offboard]: Debug hold after OFFBOARD/armed drop: connected=True, armed=False, guided=False, manual_input=False, mode=OFFBOARD
[INFO] [1782300318.416350283] [minipc_mavros_offboard]: Holding MAVROS setpoint
[INFO] [1782300318.417142461] [minipc_mavros_offboard]: Vehicle left armed/OFFBOARD state; continuing debug hold
[INFO] [1782300318.417632850] [minipc_mavros_offboard]: Debug hold after OFFBOARD/armed drop: connected=True, armed=False, guided=False, manual_input=False, mode=OFFBOARD
[INFO] [1782300318.466540622] [minipc_mavros_offboard]: Holding MAVROS setpoint
[INFO] [1782300318.467293149] [minipc_mavros_offboard]: Vehicle left armed/OFFBOARD state; continuing debug hold
[INFO] [1782300318.467737919] [minipc_mavros_offboard]: Debug hold after OFFBOARD/armed drop: connected=True, armed=False, guided=False, manual_input=False, mode=OFFBOARD
[INFO] [1782300318.516200869] [minipc_mavros_offboard]: Holding MAVROS setpoint
[INFO] [1782300318.517031971] [minipc_mavros_offboard]: Vehicle left armed/OFFBOARD state; continuing debug hold
[INFO] [1782300318.517273275] [minipc_mavros_offboard]: Debug hold after OFFBOARD/armed drop: connected=True, armed=False, guided=False, manual_input=False, mode=OFFBOARD
[INFO] [1782300318.566914739] [minipc_mavros_offboard]: Holding MAVROS setpoint
[INFO] [1782300318.568283248] [minipc_mavros_offboard]: Vehicle left armed/OFFBOARD state; continuing debug hold
[INFO] [1782300318.569180418] [minipc_mavros_offboard]: Debug hold after OFFBOARD/armed drop: connected=True, armed=False, guided=False, manual_input=False, mode=OFFBOARD
[INFO] [1782300318.616535888] [minipc_mavros_offboard]: Holding MAVROS setpoint
[INFO] [1782300318.617575035] [minipc_mavros_offboard]: Vehicle left armed/OFFBOARD state; continuing debug hold
[INFO] [1782300318.618128689] [minipc_mavros_offboard]: Debug hold after OFFBOARD/armed drop: connected=True, armed=False, guided=False, manual_input=False, mode=OFFBOARD
[INFO] [1782300318.667389570] [minipc_mavros_offboard]: Holding MAVROS setpoint
[INFO] [1782300318.668589594] [minipc_mavros_offboard]: Vehicle left armed/OFFBOARD state; continuing debug hold
[INFO] [1782300318.668830548] [minipc_mavros_offboard]: Debug hold after OFFBOARD/armed drop: connected=True, armed=False, guided=False, manual_input=False, mode=OFFBOARD
[INFO] [1782300318.716385910] [minipc_mavros_offboard]: Holding MAVROS setpoint
[INFO] [1782300318.717196708] [minipc_mavros_offboard]: Vehicle left armed/OFFBOARD state; continuing debug hold
[INFO] [1782300318.717467137] [minipc_mavros_offboard]: Debug hold after OFFBOARD/armed drop: connected=True, armed=False, guided=False, manual_input=False, mode=OFFBOARD
[INFO] [1782300318.766233219] [minipc_mavros_offboard]: Holding MAVROS setpoint
[INFO] [1782300318.767167103] [minipc_mavros_offboard]: Vehicle left armed/OFFBOARD state; continuing debug hold
[INFO] [1782300318.767534947] [minipc_mavros_offboard]: Debug hold after OFFBOARD/armed drop: connected=True, armed=False, guided=False, manual_input=False, mode=OFFBOARD
[INFO] [1782300318.816210355] [minipc_mavros_offboard]: Holding MAVROS setpoint
[INFO] [1782300318.816922218] [minipc_mavros_offboard]: Vehicle left armed/OFFBOARD state; continuing debug hold
[INFO] [1782300318.817274940] [minipc_mavros_offboard]: Debug hold after OFFBOARD/armed drop: connected=True, armed=False, guided=False, manual_input=False, mode=OFFBOARD
[INFO] [1782300318.868200571] [minipc_mavros_offboard]: Holding MAVROS setpoint
[INFO] [1782300318.871130931] [minipc_mavros_offboard]: Vehicle left armed/OFFBOARD state; continuing debug hold
[INFO] [1782300318.872050850] [minipc_mavros_offboard]: Debug hold after OFFBOARD/armed drop: connected=True, armed=False, guided=False, manual_input=False, mode=OFFBOARD
[INFO] [1782300318.916686316] [minipc_mavros_offboard]: Holding MAVROS setpoint
[INFO] [1782300318.917832488] [minipc_mavros_offboard]: Vehicle left armed/OFFBOARD state; continuing debug hold
[INFO] [1782300318.918322236] [minipc_mavros_offboard]: Debug hold after OFFBOARD/armed drop: connected=True, armed=False, guided=False, manual_input=False, mode=OFFBOARD
[INFO] [1782300318.966339402] [minipc_mavros_offboard]: Holding MAVROS setpoint
[INFO] [1782300369.718930327] [minipc_mavros_offboard]: Target reached; starting hover timer before landing
[INFO] [1782300379.771218176] [minipc_mavros_offboard]: Landing with OFFBOARD position setpoints
[INFO] [1782300379.774427343] [minipc_mavros_offboard]: Starting OFFBOARD controlled landing: z_start=0.43, z_end=-0.04, speed=0.10 m/s
[INFO] [1782300384.867963224] [minipc_mavros_offboard]: OFFBOARD landing reached AUTO.LAND handoff height; requesting AUTO.LAND
[INFO] [1782300384.935575029] [minipc_mavros_offboard]: Landing
[INFO] [1782300384.936952353] [minipc_mavros_offboard]: Requested AUTO.LAND mode
[INFO] [1782300385.023354229] [minipc_mavros_offboard]: MAVROS offboard control completed; stopping node
