[INFO] [launch]: All log files can be found below /home/robot/.ros/log/2026-06-17-19-47-11-315991-robot-3913
[INFO] [launch]: Default logging verbosity is set to INFO
[INFO] [mavros_node-1]: process started with pid [3914]
[INFO] [fastlio_odometry_guard-2]: process started with pid [3916]
[INFO] [fastlio_mavros_vision_bridge-3]: process started with pid [3918]
[INFO] [static_transform_publisher-4]: process started with pid [3920]
[INFO] [static_transform_publisher-5]: process started with pid [3922]
[INFO] [static_transform_publisher-6]: process started with pid [3924]
[INFO] [static_transform_publisher-7]: process started with pid [3926]
[mavros_node-1] [INFO] [1781696831.413457087] [mavros.mavros_node]: Starting mavros_node container
[mavros_node-1] [INFO] [1781696831.413567959] [mavros.mavros_node]: FCU URL: serial:///dev/ttyUSB0:921600?ids=255,190
[mavros_node-1] [INFO] [1781696831.413575240] [mavros.mavros_node]: GCS URL: 
[mavros_node-1] [INFO] [1781696831.413579388] [mavros.mavros_node]: UAS Prefix: /uas1
[mavros_node-1] [INFO] [1781696831.413582679] [mavros.mavros_node]: Starting mavros router node
[static_transform_publisher-4] [INFO] [1781696831.418002254] [odom_to_camera_init]: Spinning until stopped - publishing transform
[static_transform_publisher-4] translation: ('0.000000', '0.000000', '0.000000')
[static_transform_publisher-4] rotation: ('0.000000', '0.000000', '0.000000', '1.000000')
[static_transform_publisher-4] from 'odom' to 'camera_init'
[fastlio_mavros_vision_bridge-3] [INFO] [1781696831.418912686] [fastlio_mavros_vision_bridge]: Bridging /Odometry/guarded -> /mavros/vision_pose/pose_cov for MAVROS vision input
[static_transform_publisher-5] [INFO] [1781696831.419331022] [base_link_to_body]: Spinning until stopped - publishing transform
[static_transform_publisher-5] translation: ('0.000000', '0.000000', '0.000000')
[static_transform_publisher-5] rotation: ('0.000000', '0.000000', '0.000000', '1.000000')
[static_transform_publisher-5] from 'base_link' to 'body'
[fastlio_odometry_guard-2] [INFO] [1781696831.420530854] [fastlio_odometry_guard]: Guarding odometry /Odometry -> /Odometry/guarded (jump=0.30m, xy=0.20m, z=0.10m, speed=1.20m/s)
[static_transform_publisher-6] [INFO] [1781696831.420653866] [camera_init_to_camera_init_ned]: Spinning until stopped - publishing transform
[static_transform_publisher-6] translation: ('0.000000', '0.000000', '0.000000')
[static_transform_publisher-6] rotation: ('1.000000', '0.000000', '0.000000', '0.000000')
[static_transform_publisher-6] from 'camera_init' to 'camera_init_ned'
[static_transform_publisher-7] [INFO] [1781696831.421466877] [body_to_body_frd]: Spinning until stopped - publishing transform
[static_transform_publisher-7] translation: ('0.000000', '0.000000', '0.000000')
[static_transform_publisher-7] rotation: ('1.000000', '0.000000', '0.000000', '0.000000')
[static_transform_publisher-7] from 'body' to 'body_frd'
[mavros_node-1] [INFO] [1781696831.423695449] [mavros.mavros_router]: Built-in SIMD instructions: SSE, SSE2
[mavros_node-1] [INFO] [1781696831.423714859] [mavros.mavros_router]: Built-in MAVLink package version: 2026.3.3
[mavros_node-1] [INFO] [1781696831.423721597] [mavros.mavros_router]: Known MAVLink dialects: common ardupilotmega ASLUAV AVSSUAS all csAirLink cubepilot development icarous loweheiser marsh matrixpilot paparazzi standard stemstudios storm32 uAvionix ualberta
[mavros_node-1] [INFO] [1781696831.423724527] [mavros.mavros_router]: MAVROS Router started
[mavros_node-1] [INFO] [1781696831.423781424] [mavros.mavros_node]: Starting mavros uas node
[mavros_node-1] [INFO] [1781696831.453343513] [mavros.mavros_router]: Requested to add endpoint: type: 0, url: serial:///dev/ttyUSB0:921600?ids=255,190
[mavros_node-1] [INFO] [1781696831.453378699] [mavros.mavros_router]: Endpoint link[1000] created
[mavros_node-1] [INFO] [1781696831.454244694] [mavros.mavros_router]: link[1000] opened successfully
[mavros_node-1] [INFO] [1781696831.454253700] [mavros.mavros_router]: Requested to add endpoint: type: 2, url: /uas1
[mavros_node-1] [INFO] [1781696831.454262041] [mavros.mavros_router]: Endpoint link[1001] created
[mavros_node-1] [INFO] [1781696831.456981653] [mavros.mavros_router]: link[1001] opened successfully
[mavros_node-1] [INFO] [1781696831.461990320] [mavros.mavros_router]: link[1000] detected remote address 191.138
[mavros_node-1] [INFO] [1781696831.463425370] [mavros.mavros]: UAS Executor started, threads: 16
[mavros_node-1] [INFO] [1781696831.463483999] [mavros.mavros_router]: link[1000] detected remote address 1.1
[mavros_node-1] [INFO] [1781696831.478803580] [mavros.mavros]: Plugin actuator_control created
[mavros_node-1] [INFO] [1781696831.478844058] [mavros.mavros]: Plugin actuator_control initialized
[mavros_node-1] [INFO] [1781696831.496379837] [mavros.mavros]: Plugin adsb created
[mavros_node-1] [INFO] [1781696831.496414542] [mavros.mavros]: Plugin adsb initialized
[mavros_node-1] [INFO] [1781696831.499811734] [mavros.mavros]: Plugin altitude created
[mavros_node-1] [INFO] [1781696831.499844384] [mavros.mavros]: Plugin altitude initialized
[mavros_node-1] [INFO] [1781696831.502775790] [mavros.mavros]: Plugin cam_imu_sync created
[mavros_node-1] [INFO] [1781696831.502806386] [mavros.mavros]: Plugin cam_imu_sync initialized
[mavros_node-1] [INFO] [1781696831.505832262] [mavros.mavros]: Plugin camera created
[mavros_node-1] [INFO] [1781696831.505866108] [mavros.mavros]: Plugin camera initialized
[mavros_node-1] [INFO] [1781696831.509057848] [mavros.mavros]: Plugin cellular_status created
[mavros_node-1] [INFO] [1781696831.509104171] [mavros.mavros]: Plugin cellular_status initialized
[mavros_node-1] [INFO] [1781696831.514436536] [mavros.mavros]: Plugin command created
[mavros_node-1] [INFO] [1781696831.514470776] [mavros.mavros]: Plugin command initialized
[mavros_node-1] [INFO] [1781696831.517520760] [mavros.mavros]: Plugin companion_process_status created
[mavros_node-1] [INFO] [1781696831.517550925] [mavros.mavros]: Plugin companion_process_status initialized
[mavros_node-1] [INFO] [1781696831.521635707] [mavros.mavros]: Plugin debug_value created
[mavros_node-1] [INFO] [1781696831.521674412] [mavros.mavros]: Plugin debug_value initialized
[mavros_node-1] [INFO] [1781696831.521679423] [mavros.mavros]: Plugin distance_sensor ignored
[mavros_node-1] [INFO] [1781696831.527566649] [mavros.mavros]: Plugin esc_status created
[mavros_node-1] [INFO] [1781696831.527603841] [mavros.mavros]: Plugin esc_status initialized
[mavros_node-1] [INFO] [1781696831.531090527] [mavros.mavros]: Plugin esc_telemetry created
[mavros_node-1] [INFO] [1781696831.531130103] [mavros.mavros]: Plugin esc_telemetry initialized
[mavros_node-1] [INFO] [1781696831.536682543] [mavros.mavros]: Plugin fake_gps created
[mavros_node-1] [INFO] [1781696831.536712578] [mavros.mavros]: Plugin fake_gps initialized
[mavros_node-1] [INFO] [1781696831.543679370] [mavros.mavros]: Plugin ftp created
[mavros_node-1] [INFO] [1781696831.543716665] [mavros.mavros]: Plugin ftp initialized
[mavros_node-1] [INFO] [1781696831.549325838] [mavros.mavros]: Plugin geofence created
[mavros_node-1] [INFO] [1781696831.549376400] [mavros.mavros]: Plugin geofence initialized
[mavros_node-1] [INFO] [1781696831.557074262] [mavros.mavros]: Plugin gimbal_control created
[mavros_node-1] [INFO] [1781696831.557120741] [mavros.mavros]: Plugin gimbal_control initialized
[mavros_node-1] [INFO] [1781696831.565840630] [mavros.mavros]: Plugin global_position created
[mavros_node-1] [INFO] [1781696831.565889530] [mavros.mavros]: Plugin global_position initialized
[mavros_node-1] [INFO] [1781696831.570561898] [mavros.mavros]: Plugin gps_input created
[mavros_node-1] [INFO] [1781696831.570612699] [mavros.mavros]: Plugin gps_input initialized
[mavros_node-1] [INFO] [1781696831.575768176] [mavros.mavros]: Plugin gps_rtk created
[mavros_node-1] [INFO] [1781696831.575813289] [mavros.mavros]: Plugin gps_rtk initialized
[mavros_node-1] [INFO] [1781696831.581175332] [mavros.mavros]: Plugin gps_status created
[mavros_node-1] [INFO] [1781696831.581218391] [mavros.mavros]: Plugin gps_status initialized
[mavros_node-1] [INFO] [1781696831.586338647] [mavros.mavros]: Plugin guided_target created
[mavros_node-1] [INFO] [1781696831.586390700] [mavros.mavros]: Plugin guided_target initialized
[mavros_node-1] [INFO] [1781696831.593124037] [mavros.mavros]: Plugin hil created
[mavros_node-1] [INFO] [1781696831.593165032] [mavros.mavros]: Plugin hil initialized
[mavros_node-1] [INFO] [1781696831.600387007] [mavros.mavros]: Plugin home_position created
[mavros_node-1] [INFO] [1781696831.600428098] [mavros.mavros]: Plugin home_position initialized
[mavros_node-1] [INFO] [1781696831.607631753] [mavros.mavros]: Plugin imu created
[mavros_node-1] [INFO] [1781696831.607679133] [mavros.mavros]: Plugin imu initialized
[mavros_node-1] [INFO] [1781696831.615553831] [mavros.mavros]: Plugin landing_target created
[mavros_node-1] [INFO] [1781696831.615606164] [mavros.mavros]: Plugin landing_target initialized
[mavros_node-1] [INFO] [1781696831.624683406] [mavros.mavros]: Plugin local_position created
[mavros_node-1] [INFO] [1781696831.624722766] [mavros.mavros]: Plugin local_position initialized
[mavros_node-1] [INFO] [1781696831.632734793] [mavros.mavros]: Plugin log_transfer created
[mavros_node-1] [INFO] [1781696831.632779931] [mavros.mavros]: Plugin log_transfer initialized
[mavros_node-1] [INFO] [1781696831.638679360] [mavros.mavros]: Plugin mag_calibration_status created
[mavros_node-1] [INFO] [1781696831.638726541] [mavros.mavros]: Plugin mag_calibration_status initialized
[mavros_node-1] [INFO] [1781696831.645203813] [mavros.mavros]: Plugin manual_control created
[mavros_node-1] [INFO] [1781696831.645243897] [mavros.mavros]: Plugin manual_control initialized
[mavros_node-1] [INFO] [1781696831.651684259] [mavros.mavros]: Plugin mocap_pose_estimate created
[mavros_node-1] [INFO] [1781696831.651721969] [mavros.mavros]: Plugin mocap_pose_estimate initialized
[mavros_node-1] [INFO] [1781696831.659703085] [mavros.mavros]: Plugin mount_control created
[mavros_node-1] [INFO] [1781696831.659752687] [mavros.mavros]: Plugin mount_control initialized
[mavros_node-1] [INFO] [1781696831.666620049] [mavros.mavros]: Plugin nav_controller_output created
[mavros_node-1] [INFO] [1781696831.666706317] [mavros.mavros]: Plugin nav_controller_output initialized
[mavros_node-1] [INFO] [1781696831.673699095] [mavros.mavros]: Plugin obstacle_distance created
[mavros_node-1] [INFO] [1781696831.673752837] [mavros.mavros]: Plugin obstacle_distance initialized
[mavros_node-1] [INFO] [1781696831.680795075] [mavros.mavros]: Plugin obstacle_distance_3d created
[mavros_node-1] [INFO] [1781696831.680835112] [mavros.mavros]: Plugin obstacle_distance_3d initialized
[mavros_node-1] [INFO] [1781696831.689164497] [mavros.mavros]: Plugin odometry created
[mavros_node-1] [INFO] [1781696831.689209501] [mavros.mavros]: Plugin odometry initialized
[mavros_node-1] [INFO] [1781696831.696923963] [mavros.mavros]: Plugin onboard_computer_status created
[mavros_node-1] [INFO] [1781696831.696976565] [mavros.mavros]: Plugin onboard_computer_status initialized
[mavros_node-1] [INFO] [1781696831.707343649] [mavros.mavros]: Plugin open_drone_id created
[mavros_node-1] [INFO] [1781696831.707385225] [mavros.mavros]: Plugin open_drone_id initialized
[mavros_node-1] [INFO] [1781696831.716652606] [mavros.mavros]: Plugin optical_flow created
[mavros_node-1] [INFO] [1781696831.716698795] [mavros.mavros]: Plugin optical_flow initialized
[mavros_node-1] [INFO] [1781696831.724578392] [mavros.mavros]: Plugin param created
[mavros_node-1] [INFO] [1781696831.724624844] [mavros.mavros]: Plugin param initialized
[mavros_node-1] [INFO] [1781696831.732479103] [mavros.mavros]: Plugin play_tune created
[mavros_node-1] [INFO] [1781696831.732525848] [mavros.mavros]: Plugin play_tune initialized
[mavros_node-1] [INFO] [1781696831.742497730] [mavros.mavros]: Plugin px4flow created
[mavros_node-1] [INFO] [1781696831.742545600] [mavros.mavros]: Plugin px4flow initialized
[mavros_node-1] [INFO] [1781696831.753324731] [mavros.mavros]: Plugin rallypoint created
[mavros_node-1] [INFO] [1781696831.753403614] [mavros.mavros]: Plugin rallypoint initialized
[mavros_node-1] [INFO] [1781696831.753442408] [mavros.mavros]: Plugin rangefinder ignored
[mavros_node-1] [INFO] [1781696831.763072218] [mavros.mavros]: Plugin rc_io created
[mavros_node-1] [INFO] [1781696831.763146018] [mavros.mavros]: Plugin rc_io initialized
[mavros_node-1] [INFO] [1781696831.772465122] [mavros.mavros]: Plugin setpoint_accel created
[mavros_node-1] [INFO] [1781696831.772553331] [mavros.mavros]: Plugin setpoint_accel initialized
[mavros_node-1] [INFO] [1781696831.783672873] [mavros.mavros]: Plugin setpoint_attitude created
[mavros_node-1] [INFO] [1781696831.783736439] [mavros.mavros]: Plugin setpoint_attitude initialized
[mavros_node-1] [INFO] [1781696831.795180903] [mavros.mavros]: Plugin setpoint_position created
[mavros_node-1] [INFO] [1781696831.795236739] [mavros.mavros]: Plugin setpoint_position initialized
[mavros_node-1] [INFO] [1781696831.808114801] [mavros.mavros]: Plugin setpoint_raw created
[mavros_node-1] [INFO] [1781696831.808177608] [mavros.mavros]: Plugin setpoint_raw initialized
[mavros_node-1] [INFO] [1781696831.820860927] [mavros.mavros]: Plugin setpoint_trajectory created
[mavros_node-1] [INFO] [1781696831.820904543] [mavros.mavros]: Plugin setpoint_trajectory initialized
[mavros_node-1] [INFO] [1781696831.831421885] [mavros.mavros]: Plugin setpoint_velocity created
[mavros_node-1] [INFO] [1781696831.831533340] [mavros.mavros]: Plugin setpoint_velocity initialized
[mavros_node-1] [INFO] [1781696831.843698983] [mavros.mavros]: Plugin sim_state created
[mavros_node-1] [INFO] [1781696831.843745649] [mavros.mavros]: Plugin sim_state initialized
[mavros_node-1] [INFO] [1781696831.862984243] [mavros.mavros]: Plugin sys_status created
[mavros_node-1] [INFO] [1781696831.863058282] [mavros.mavros]: Plugin sys_status initialized
[mavros_node-1] [INFO] [1781696831.873601003] [mavros.time]: TM: Timesync mode: MAVLINK
[mavros_node-1] [INFO] [1781696831.876662478] [mavros.mavros]: Plugin sys_time created
[mavros_node-1] [INFO] [1781696831.876722854] [mavros.mavros]: Plugin sys_time initialized
[mavros_node-1] [INFO] [1781696831.888531885] [mavros.mavros]: Plugin tdr_radio created
[mavros_node-1] [INFO] [1781696831.888591324] [mavros.mavros]: Plugin tdr_radio initialized
[mavros_node-1] [INFO] [1781696831.900007971] [mavros.mavros]: Plugin terrain created
[mavros_node-1] [INFO] [1781696831.900099173] [mavros.mavros]: Plugin terrain initialized
[mavros_node-1] [INFO] [1781696831.913281345] [mavros.mavros]: Plugin trajectory created
[mavros_node-1] [INFO] [1781696831.913325352] [mavros.mavros]: Plugin trajectory initialized
[mavros_node-1] [INFO] [1781696831.925400158] [mavros.mavros]: Plugin tunnel created
[mavros_node-1] [INFO] [1781696831.925452329] [mavros.mavros]: Plugin tunnel initialized
[mavros_node-1] [INFO] [1781696831.937335511] [mavros.mavros]: Plugin vfr_hud created
[mavros_node-1] [INFO] [1781696831.937407339] [mavros.mavros]: Plugin vfr_hud initialized
[mavros_node-1] [INFO] [1781696831.937413197] [mavros.mavros]: Plugin vibration ignored
[mavros_node-1] [INFO] [1781696831.950871536] [mavros.mavros]: Plugin vision_pose created
[mavros_node-1] [INFO] [1781696831.950907614] [mavros.mavros]: Plugin vision_pose initialized
[mavros_node-1] [INFO] [1781696831.964879286] [mavros.mavros]: Plugin vision_speed created
[mavros_node-1] [INFO] [1781696831.964960887] [mavros.mavros]: Plugin vision_speed initialized
[mavros_node-1] [INFO] [1781696831.983149471] [mavros.mavros]: Plugin waypoint created
[mavros_node-1] [INFO] [1781696831.983232120] [mavros.mavros]: Plugin waypoint initialized
[mavros_node-1] [INFO] [1781696831.983238769] [mavros.mavros]: Plugin wheel_odometry ignored
[mavros_node-1] [INFO] [1781696831.995688413] [mavros.mavros]: Plugin wind_estimation created
[mavros_node-1] [INFO] [1781696831.995836439] [mavros.mavros]: Plugin wind_estimation initialized
[mavros_node-1] [INFO] [1781696831.997411258] [mavros.mavros]: Built-in SIMD instructions: SSE, SSE2
[mavros_node-1] [INFO] [1781696831.997434043] [mavros.mavros]: Built-in MAVLink package version: 2026.3.3
[mavros_node-1] [INFO] [1781696831.997437892] [mavros.mavros]: Known MAVLink dialects: common ardupilotmega ASLUAV AVSSUAS all csAirLink cubepilot development icarous loweheiser marsh matrixpilot paparazzi standard stemstudios storm32 uAvionix ualberta
[mavros_node-1] [INFO] [1781696831.997440901] [mavros.mavros]: MAVROS UAS via /uas1 started. MY ID 255.190, TARGET ID 1.1
[mavros_node-1] [INFO] [1781696832.001573465] [mavros.imu]: IMU: High resolution IMU detected!
[mavros_node-1] [INFO] [1781696832.004193920] [mavros.imu]: IMU: Attitude quaternion IMU detected!
[mavros_node-1] [INFO] [1781696832.049994126] [mavros.mavros_router]: link[1001] detected remote address 255.190
[mavros_node-1] [INFO] [1781696832.649647865] [mavros.mavros]: CON: Got HEARTBEAT, connected. FCU: PX4 Autopilot
[mavros_node-1] [INFO] [1781696832.649772867] [mavros.mission]: WP: detected enable_partial_push: 0
[mavros_node-1] [INFO] [1781696832.662109472] [mavros.imu]: IMU: Attitude quaternion IMU detected!
[mavros_node-1] [INFO] [1781696832.663311804] [mavros.imu]: IMU: High resolution IMU detected!
[mavros_node-1] [WARN] [1781696833.662461436] [mavros.cmd]: CMD: Unexpected command 520, result 3
[mavros_node-1] [WARN] [1781696834.655880996] [mavros.sys]: VER: broadcast request timeout, retries left 4
[mavros_node-1] [WARN] [1781696835.661335396] [mavros.sys]: VER: broadcast request timeout, retries left 3
[mavros_node-1] [ERROR] [1781696836.660947459] [mavros.sys]: VER: command plugin service call failed!
[mavros_node-1] [WARN] [1781696836.661001918] [mavros.sys]: VER: unicast request timeout, retries left 2
[mavros_node-1] [ERROR] [1781696837.685543294] [mavros.sys]: VER: command plugin service call failed!
[mavros_node-1] [WARN] [1781696837.685605675] [mavros.sys]: VER: unicast request timeout, retries left 1
[mavros_node-1] [ERROR] [1781696838.660778690] [mavros.sys]: VER: command plugin service call failed!
[mavros_node-1] [WARN] [1781696838.660831203] [mavros.sys]: VER: unicast request timeout, retries left 0
[mavros_node-1] [ERROR] [1781696839.661292850] [mavros.sys]: VER: command plugin service call failed!
[mavros_node-1] [WARN] [1781696839.661346850] [mavros.sys]: VER: your FCU don't support AUTOPILOT_VERSION, switched to default capabilities
[mavros_node-1] [INFO] [1781696842.650215793] [mavros.home_position]: HP: requesting home position
[mavros_node-1] [INFO] [1781696847.571695929] [mavros.mission]: WP: mission received
[mavros_node-1] [INFO] [1781696852.505803516] [mavros.rallypoint]: RP: mission received
[mavros_node-1] [INFO] [1781696857.470299371] [mavros.geofence]: GF: mission received
[mavros_node-1] [INFO] [1781696951.233340674] [mavros.mavros_router]: link[1000] removed stale remote address 191.0
[mavros_node-1] [INFO] [1781696951.233391312] [mavros.mavros_router]: link[1000] removed stale remote address 191.138
