[INFO] [launch]: All log files can be found below /home/robot/.ros/log/2026-06-17-17-49-26-540606-robot-3815
[INFO] [launch]: Default logging verbosity is set to INFO
[INFO] [fastlio_mapping-1]: process started with pid [3816]
[fastlio_mapping-1] [INFO] [1781689766.708928115] [laser_mapping]: p_pre->lidar_type 1
[fastlio_mapping-1] Multi thread started 
[fastlio_mapping-1] ~~~~/home/robot/livox_mid360_env/ws_fastlio/src/fast_lio/ file opened
[fastlio_mapping-1] [INFO] [1781689766.718420666] [laser_mapping]: Node init finished.
[fastlio_mapping-1] [WARN] [1781689768.638951153] [laser_mapping]: No point, skip this scan!
[fastlio_mapping-1] 
[fastlio_mapping-1] [WARN] [1781689768.649046874] [laser_mapping]: No point, skip this scan!
[fastlio_mapping-1] 
[fastlio_mapping-1] [WARN] [1781689768.658678177] [laser_mapping]: No point, skip this scan!
[fastlio_mapping-1] 
[fastlio_mapping-1] [WARN] [1781689768.669219471] [laser_mapping]: No point, skip this scan!
[fastlio_mapping-1] 
[fastlio_mapping-1] IMU Initial Done
[fastlio_mapping-1] [WARN] [1781689768.678215181] [laser_mapping]: No point, skip this scan!
[fastlio_mapping-1] 
[fastlio_mapping-1] [INFO] [1781689768.690460721] [laser_mapping]: Initialize the map kdtree
[fastlio_mapping-1] lidar loop back, clear buffer
